-- Install configuration: ""
-- Execute custom install script
-- Up-to-date symlink: /home/chienle/Desktop/skid_robot_v2/install/microstrain_inertial_examples/share/microstrain_inertial_examples/launch/cv7_gnss_ins_launch.py
-- Up-to-date symlink: /home/chienle/Desktop/skid_robot_v2/install/microstrain_inertial_examples/share/microstrain_inertial_examples/launch/cv7_ins_launch.py
-- Up-to-date symlink: /home/chienle/Desktop/skid_robot_v2/install/microstrain_inertial_examples/share/microstrain_inertial_examples/launch/cv7_ins_nmea_aux_launch.py
-- Up-to-date symlink: /home/chienle/Desktop/skid_robot_v2/install/microstrain_inertial_examples/share/microstrain_inertial_examples/launch/cv7_launch.py
-- Up-to-date symlink: /home/chienle/Desktop/skid_robot_v2/install/microstrain_inertial_examples/share/microstrain_inertial_examples/launch/gq7_launch.py
-- Up-to-date symlink: /home/chienle/Desktop/skid_robot_v2/install/microstrain_inertial_examples/share/microstrain_inertial_examples/launch/gx5_15_launch.py
-- Up-to-date symlink: /home/chienle/Desktop/skid_robot_v2/install/microstrain_inertial_examples/share/microstrain_inertial_examples/launch/gx5_25_launch.py
-- Up-to-date symlink: /home/chienle/Desktop/skid_robot_v2/install/microstrain_inertial_examples/share/microstrain_inertial_examples/launch/gx5_45_launch.py
-- Up-to-date symlink: /home/chienle/Desktop/skid_robot_v2/install/microstrain_inertial_examples/share/microstrain_inertial_examples/config/cv7/cv7.yml
-- Up-to-date symlink: /home/chienle/Desktop/skid_robot_v2/install/microstrain_inertial_examples/share/microstrain_inertial_examples/config/cv7/display.rviz
-- Up-to-date symlink: /home/chienle/Desktop/skid_robot_v2/install/microstrain_inertial_examples/share/microstrain_inertial_examples/config/cv7_gnss_ins/cv7_gnss_ins.yml
-- Up-to-date symlink: /home/chienle/Desktop/skid_robot_v2/install/microstrain_inertial_examples/share/microstrain_inertial_examples/config/cv7_gnss_ins/display.rviz
-- Up-to-date symlink: /home/chienle/Desktop/skid_robot_v2/install/microstrain_inertial_examples/share/microstrain_inertial_examples/config/cv7_ins/cv7_ins.yml
-- Up-to-date symlink: /home/chienle/Desktop/skid_robot_v2/install/microstrain_inertial_examples/share/microstrain_inertial_examples/config/cv7_ins/display.rviz
-- Up-to-date symlink: /home/chienle/Desktop/skid_robot_v2/install/microstrain_inertial_examples/share/microstrain_inertial_examples/config/cv7_ins_nmea_aux/cv7_ins.yml
-- Up-to-date symlink: /home/chienle/Desktop/skid_robot_v2/install/microstrain_inertial_examples/share/microstrain_inertial_examples/config/cv7_ins_nmea_aux/display.rviz
-- Up-to-date symlink: /home/chienle/Desktop/skid_robot_v2/install/microstrain_inertial_examples/share/microstrain_inertial_examples/config/gq7/display.rviz
-- Up-to-date symlink: /home/chienle/Desktop/skid_robot_v2/install/microstrain_inertial_examples/share/microstrain_inertial_examples/config/gq7/gq7.yml
-- Up-to-date symlink: /home/chienle/Desktop/skid_robot_v2/install/microstrain_inertial_examples/share/microstrain_inertial_examples/config/gx5_15/display.rviz
-- Up-to-date symlink: /home/chienle/Desktop/skid_robot_v2/install/microstrain_inertial_examples/share/microstrain_inertial_examples/config/gx5_15/gx5_15.yml
-- Up-to-date symlink: /home/chienle/Desktop/skid_robot_v2/install/microstrain_inertial_examples/share/microstrain_inertial_examples/config/gx5_25/display.rviz
-- Up-to-date symlink: /home/chienle/Desktop/skid_robot_v2/install/microstrain_inertial_examples/share/microstrain_inertial_examples/config/gx5_25/gx5_25.yml
-- Up-to-date symlink: /home/chienle/Desktop/skid_robot_v2/install/microstrain_inertial_examples/share/microstrain_inertial_examples/config/gx5_45/display.rviz
-- Up-to-date symlink: /home/chienle/Desktop/skid_robot_v2/install/microstrain_inertial_examples/share/microstrain_inertial_examples/config/gx5_45/gx5_45.yml
-- Up-to-date symlink: /home/chienle/Desktop/skid_robot_v2/install/microstrain_inertial_examples/share/ament_index/resource_index/package_run_dependencies/microstrain_inertial_examples
-- Up-to-date symlink: /home/chienle/Desktop/skid_robot_v2/install/microstrain_inertial_examples/share/ament_index/resource_index/parent_prefix_path/microstrain_inertial_examples
-- Up-to-date symlink: /home/chienle/Desktop/skid_robot_v2/install/microstrain_inertial_examples/share/microstrain_inertial_examples/environment/ament_prefix_path.sh
-- Up-to-date symlink: /home/chienle/Desktop/skid_robot_v2/install/microstrain_inertial_examples/share/microstrain_inertial_examples/environment/ament_prefix_path.dsv
-- Up-to-date symlink: /home/chienle/Desktop/skid_robot_v2/install/microstrain_inertial_examples/share/microstrain_inertial_examples/environment/path.sh
-- Up-to-date symlink: /home/chienle/Desktop/skid_robot_v2/install/microstrain_inertial_examples/share/microstrain_inertial_examples/environment/path.dsv
-- Up-to-date symlink: /home/chienle/Desktop/skid_robot_v2/install/microstrain_inertial_examples/share/microstrain_inertial_examples/local_setup.bash
-- Up-to-date symlink: /home/chienle/Desktop/skid_robot_v2/install/microstrain_inertial_examples/share/microstrain_inertial_examples/local_setup.sh
-- Up-to-date symlink: /home/chienle/Desktop/skid_robot_v2/install/microstrain_inertial_examples/share/microstrain_inertial_examples/local_setup.zsh
-- Up-to-date symlink: /home/chienle/Desktop/skid_robot_v2/install/microstrain_inertial_examples/share/microstrain_inertial_examples/local_setup.dsv
-- Symlinking: /home/chienle/Desktop/skid_robot_v2/install/microstrain_inertial_examples/share/microstrain_inertial_examples/package.dsv
-- Up-to-date symlink: /home/chienle/Desktop/skid_robot_v2/install/microstrain_inertial_examples/share/ament_index/resource_index/packages/microstrain_inertial_examples
-- Up-to-date symlink: /home/chienle/Desktop/skid_robot_v2/install/microstrain_inertial_examples/share/microstrain_inertial_examples/cmake/microstrain_inertial_examplesConfig.cmake
-- Up-to-date symlink: /home/chienle/Desktop/skid_robot_v2/install/microstrain_inertial_examples/share/microstrain_inertial_examples/cmake/microstrain_inertial_examplesConfig-version.cmake
-- Up-to-date symlink: /home/chienle/Desktop/skid_robot_v2/install/microstrain_inertial_examples/share/microstrain_inertial_examples/package.xml
