[0.011s] Invoking command in '/home/chienle/Desktop/skid_robot_v2/build/velodyne_pointcloud': AMENT_PREFIX_PATH=/home/chienle/Desktop/skid_robot_v2/install/velodyne_msgs:${AMENT_PREFIX_PATH} CMAKE_PREFIX_PATH=/home/chienle/Desktop/skid_robot_v2/install/velodyne_msgs:/opt/ros/humble LD_LIBRARY_PATH=/home/chienle/Desktop/skid_robot_v2/install/velodyne_msgs/lib:/usr/lib/x86_64-linux-gnu/gazebo-11/plugins:/opt/ros/humble/opt/rviz_ogre_vendor/lib:/opt/ros/humble/lib/x86_64-linux-gnu:/opt/ros/humble/lib:/usr/lib/x86_64-linux-gnu/gazebo-11/plugins PYTHONPATH=/home/chienle/Desktop/skid_robot_v2/install/velodyne_msgs/local/lib/python3.10/dist-packages:${PYTHONPATH} /usr/bin/cmake /home/chienle/Desktop/skid_robot_v2/src/hardware/velodyne/velodyne_pointcloud -DAMENT_CMAKE_SYMLINK_INSTALL=1 -DCMAKE_INSTALL_PREFIX=/home/chienle/Desktop/skid_robot_v2/install/velodyne_pointcloud
[0.072s] -- The C compiler identification is GNU 11.4.0
[0.130s] -- The CXX compiler identification is GNU 11.4.0
[0.137s] -- Detecting C compiler ABI info
[0.211s] -- Detecting C compiler ABI info - done
[0.219s] -- Check for working C compiler: /usr/bin/cc - skipped
[0.219s] -- Detecting C compile features
[0.220s] -- Detecting C compile features - done
[0.223s] -- Detecting CXX compiler ABI info
[0.311s] -- Detecting CXX compiler ABI info - done
[0.319s] -- Check for working CXX compiler: /usr/bin/c++ - skipped
[0.319s] -- Detecting CXX compile features
[0.320s] -- Detecting CXX compile features - done
[0.322s] -- Found ament_cmake: 1.3.14 (/opt/ros/humble/share/ament_cmake/cmake)
[0.478s] -- Found Python3: /usr/bin/python3 (found version "3.10.12") found components: Interpreter 
[0.544s] -- Override CMake install command with custom implementation using symlinks instead of copying resources
[0.576s] -- Found angles: 1.15.0 (/opt/ros/humble/share/angles/cmake)
[0.579s] -- Found diagnostic_updater: 4.0.6 (/opt/ros/humble/share/diagnostic_updater/cmake)
[0.621s] -- Found rosidl_generator_c: 3.1.8 (/opt/ros/humble/share/rosidl_generator_c/cmake)
[0.626s] -- Found rosidl_adapter: 3.1.8 (/opt/ros/humble/share/rosidl_adapter/cmake)
[0.635s] -- Found rosidl_generator_cpp: 3.1.8 (/opt/ros/humble/share/rosidl_generator_cpp/cmake)
[0.648s] -- Using all available rosidl_typesupport_c: rosidl_typesupport_fastrtps_c;rosidl_typesupport_introspection_c
[0.664s] -- Using all available rosidl_typesupport_cpp: rosidl_typesupport_fastrtps_cpp;rosidl_typesupport_introspection_cpp
[0.742s] -- Found rmw_implementation_cmake: 6.1.2 (/opt/ros/humble/share/rmw_implementation_cmake/cmake)
[0.745s] -- Found rmw_cyclonedds_cpp: 1.3.4 (/opt/ros/humble/share/rmw_cyclonedds_cpp/cmake)
[0.766s] -- Using RMW implementation 'rmw_cyclonedds_cpp' as default
[0.775s] -- Looking for pthread.h
[0.854s] -- Looking for pthread.h - found
[0.855s] -- Performing Test CMAKE_HAVE_LIBC_PTHREAD
[0.941s] -- Performing Test CMAKE_HAVE_LIBC_PTHREAD - Success
[0.943s] -- Found Threads: TRUE  
[1.004s] -- Found geometry_msgs: 4.9.1 (/opt/ros/humble/share/geometry_msgs/cmake)
[1.020s] -- Found message_filters: 4.3.14 (/opt/ros/humble/share/message_filters/cmake)
[1.042s] -- Checking for module 'eigen3'
[1.058s] --   Found eigen3, version 3.4.0
[1.100s] -- Found Eigen: /usr/include/eigen3 (Required is at least version "3.1") 
[1.100s] -- Eigen found (include: /usr/include/eigen3, version: 3.4.0)
[1.134s] -- Found Boost: /usr/lib/x86_64-linux-gnu/cmake/Boost-1.74.0/BoostConfig.cmake (found suitable version "1.74.0", minimum required is "1.65.0") found components: system filesystem date_time iostreams serialization 
[1.136s] -- looking for PCL_COMMON
[1.138s] -- Found PCL_COMMON: /usr/lib/x86_64-linux-gnu/libpcl_common.so  
[1.138s] -- Found PCL: pcl_common;Boost::system;Boost::filesystem;Boost::date_time;Boost::iostreams;Boost::serialization  
[1.141s] -- Found rclcpp_components: 16.0.18 (/opt/ros/humble/share/rclcpp_components/cmake)
[1.175s] -- Found sensor_msgs: 4.9.1 (/opt/ros/humble/share/sensor_msgs/cmake)
[1.199s] -- Found tf2: 0.25.19 (/opt/ros/humble/share/tf2/cmake)
[1.204s] -- Found tf2_ros: 0.25.19 (/opt/ros/humble/share/tf2_ros/cmake)
[1.279s] -- Found velodyne_msgs: 2.5.1 (/home/chienle/Desktop/skid_robot_v2/install/velodyne_msgs/share/velodyne_msgs/cmake)
[1.303s] -- Found ament_lint_auto: 0.12.15 (/opt/ros/humble/share/ament_lint_auto/cmake)
[1.411s] -- Found gtest sources under '/opt/ros/humble/src/gtest_vendor': C++ tests using 'Google Test' will be built
[1.424s] -- Added test 'copyright' to check source files copyright and LICENSE
[1.426s] -- Added test 'cppcheck' to perform static code analysis on C / C++ code
[1.427s] -- Configured cppcheck include dirs: $<BUILD_INTERFACE:/home/chienle/Desktop/skid_robot_v2/src/hardware/velodyne/velodyne_pointcloud/include>
[1.427s] -- Configured cppcheck exclude dirs and/or files: 
[1.429s] -- Added test 'cpplint' to check C / C++ code against the Google style
[1.429s] -- Configured cpplint exclude dirs and/or files: 
[1.430s] -- Added test 'flake8' to check Python code syntax and style conventions
[1.431s] -- Added test 'lint_cmake' to check CMake code style
[1.431s] -- Added test 'pep257' to check Python code against some of the docstring style conventions in PEP 257
[1.434s] -- Added test 'uncrustify' to check C / C++ code style
[1.434s] -- Configured uncrustify additional arguments: 
[1.439s] -- Configuring done
[1.485s] -- Generating done
[1.502s] -- Build files have been written to: /home/chienle/Desktop/skid_robot_v2/build/velodyne_pointcloud
[1.515s] Invoked command in '/home/chienle/Desktop/skid_robot_v2/build/velodyne_pointcloud' returned '0': AMENT_PREFIX_PATH=/home/chienle/Desktop/skid_robot_v2/install/velodyne_msgs:${AMENT_PREFIX_PATH} CMAKE_PREFIX_PATH=/home/chienle/Desktop/skid_robot_v2/install/velodyne_msgs:/opt/ros/humble LD_LIBRARY_PATH=/home/chienle/Desktop/skid_robot_v2/install/velodyne_msgs/lib:/usr/lib/x86_64-linux-gnu/gazebo-11/plugins:/opt/ros/humble/opt/rviz_ogre_vendor/lib:/opt/ros/humble/lib/x86_64-linux-gnu:/opt/ros/humble/lib:/usr/lib/x86_64-linux-gnu/gazebo-11/plugins PYTHONPATH=/home/chienle/Desktop/skid_robot_v2/install/velodyne_msgs/local/lib/python3.10/dist-packages:${PYTHONPATH} /usr/bin/cmake /home/chienle/Desktop/skid_robot_v2/src/hardware/velodyne/velodyne_pointcloud -DAMENT_CMAKE_SYMLINK_INSTALL=1 -DCMAKE_INSTALL_PREFIX=/home/chienle/Desktop/skid_robot_v2/install/velodyne_pointcloud
[1.517s] Invoking command in '/home/chienle/Desktop/skid_robot_v2/build/velodyne_pointcloud': AMENT_PREFIX_PATH=/home/chienle/Desktop/skid_robot_v2/install/velodyne_msgs:${AMENT_PREFIX_PATH} CMAKE_PREFIX_PATH=/home/chienle/Desktop/skid_robot_v2/install/velodyne_msgs:/opt/ros/humble LD_LIBRARY_PATH=/home/chienle/Desktop/skid_robot_v2/install/velodyne_msgs/lib:/usr/lib/x86_64-linux-gnu/gazebo-11/plugins:/opt/ros/humble/opt/rviz_ogre_vendor/lib:/opt/ros/humble/lib/x86_64-linux-gnu:/opt/ros/humble/lib:/usr/lib/x86_64-linux-gnu/gazebo-11/plugins PYTHONPATH=/home/chienle/Desktop/skid_robot_v2/install/velodyne_msgs/local/lib/python3.10/dist-packages:${PYTHONPATH} /usr/bin/cmake --build /home/chienle/Desktop/skid_robot_v2/build/velodyne_pointcloud -- -j20 -l20
[1.583s] [  5%] [32mBuilding CXX object CMakeFiles/velodyne_rawdata.dir/src/lib/calibration.cpp.o[0m
[1.583s] [ 11%] [32mBuilding CXX object CMakeFiles/velodyne_cloud_types.dir/src/lib/pointcloudXYZIRT.cpp.o[0m
[1.584s] [ 16%] [32mBuilding CXX object gtest/CMakeFiles/gtest.dir/src/gtest-all.cc.o[0m
[1.584s] [ 22%] [32mBuilding CXX object CMakeFiles/velodyne_cloud_types.dir/src/lib/organized_cloudXYZIRT.cpp.o[0m
[1.585s] [ 27%] [32mBuilding CXX object CMakeFiles/velodyne_rawdata.dir/src/lib/rawdata.cpp.o[0m
[1.586s] [ 33%] [32mBuilding CXX object gtest/CMakeFiles/gtest_main.dir/src/gtest_main.cc.o[0m
[2.420s] [ 38%] [32m[1mLinking CXX static library libgtest_main.a[0m
[2.471s] [ 38%] Built target gtest_main
[5.719s] [ 44%] [32m[1mLinking CXX static library libgtest.a[0m
[5.815s] [ 44%] Built target gtest
[5.850s] [ 50%] [32mBuilding CXX object tests/CMakeFiles/test_row_step.dir/test_row_step.cpp.o[0m
[8.020s] [ 55%] [32m[1mLinking CXX shared library libvelodyne_rawdata.so[0m
[8.099s] [ 61%] [32m[1mLinking CXX shared library libvelodyne_cloud_types.so[0m
[8.232s] [ 61%] Built target velodyne_rawdata
[8.262s] [ 66%] [32mBuilding CXX object tests/CMakeFiles/test_calibration.dir/test_calibration.cpp.o[0m
[8.283s] [ 66%] Built target velodyne_cloud_types
[8.313s] [ 72%] [32mBuilding CXX object CMakeFiles/transform.dir/src/conversions/transform.cpp.o[0m
[9.799s] [ 77%] [32m[1mLinking CXX executable test_calibration[0m
[10.085s] [ 77%] Built target test_calibration
[12.797s] [ 83%] [32m[1mLinking CXX executable test_row_step[0m
[13.101s] [ 83%] Built target test_row_step
[20.650s] [ 88%] [32m[1mLinking CXX shared library libtransform.so[0m
[21.218s] [ 88%] Built target transform
[21.245s] [ 94%] [32mBuilding CXX object CMakeFiles/velodyne_transform_node.dir/src/conversions/transform_node.cpp.o[0m
[26.237s] [100%] [32m[1mLinking CXX executable velodyne_transform_node[0m
[26.552s] [100%] Built target velodyne_transform_node
[26.567s] Invoked command in '/home/chienle/Desktop/skid_robot_v2/build/velodyne_pointcloud' returned '0': AMENT_PREFIX_PATH=/home/chienle/Desktop/skid_robot_v2/install/velodyne_msgs:${AMENT_PREFIX_PATH} CMAKE_PREFIX_PATH=/home/chienle/Desktop/skid_robot_v2/install/velodyne_msgs:/opt/ros/humble LD_LIBRARY_PATH=/home/chienle/Desktop/skid_robot_v2/install/velodyne_msgs/lib:/usr/lib/x86_64-linux-gnu/gazebo-11/plugins:/opt/ros/humble/opt/rviz_ogre_vendor/lib:/opt/ros/humble/lib/x86_64-linux-gnu:/opt/ros/humble/lib:/usr/lib/x86_64-linux-gnu/gazebo-11/plugins PYTHONPATH=/home/chienle/Desktop/skid_robot_v2/install/velodyne_msgs/local/lib/python3.10/dist-packages:${PYTHONPATH} /usr/bin/cmake --build /home/chienle/Desktop/skid_robot_v2/build/velodyne_pointcloud -- -j20 -l20
[26.569s] Invoking command in '/home/chienle/Desktop/skid_robot_v2/build/velodyne_pointcloud': AMENT_PREFIX_PATH=/home/chienle/Desktop/skid_robot_v2/install/velodyne_msgs:${AMENT_PREFIX_PATH} CMAKE_PREFIX_PATH=/home/chienle/Desktop/skid_robot_v2/install/velodyne_msgs:/opt/ros/humble LD_LIBRARY_PATH=/home/chienle/Desktop/skid_robot_v2/install/velodyne_msgs/lib:/usr/lib/x86_64-linux-gnu/gazebo-11/plugins:/opt/ros/humble/opt/rviz_ogre_vendor/lib:/opt/ros/humble/lib/x86_64-linux-gnu:/opt/ros/humble/lib:/usr/lib/x86_64-linux-gnu/gazebo-11/plugins PYTHONPATH=/home/chienle/Desktop/skid_robot_v2/install/velodyne_msgs/local/lib/python3.10/dist-packages:${PYTHONPATH} /usr/bin/cmake --install /home/chienle/Desktop/skid_robot_v2/build/velodyne_pointcloud
[26.578s] -- Install configuration: ""
[26.578s] -- Execute custom install script
[26.579s] -- Symlinking: /home/chienle/Desktop/skid_robot_v2/install/velodyne_pointcloud/lib/velodyne_pointcloud/velodyne_transform_node
[26.592s] -- Symlinking: /home/chienle/Desktop/skid_robot_v2/install/velodyne_pointcloud/include/velodyne_pointcloud/calibration.hpp
[26.604s] -- Symlinking: /home/chienle/Desktop/skid_robot_v2/install/velodyne_pointcloud/include/velodyne_pointcloud/datacontainerbase.hpp
[26.616s] -- Symlinking: /home/chienle/Desktop/skid_robot_v2/install/velodyne_pointcloud/include/velodyne_pointcloud/organized_cloudXYZIRT.hpp
[26.629s] -- Symlinking: /home/chienle/Desktop/skid_robot_v2/install/velodyne_pointcloud/include/velodyne_pointcloud/pointcloudXYZIRT.hpp
[26.639s] -- Symlinking: /home/chienle/Desktop/skid_robot_v2/install/velodyne_pointcloud/include/velodyne_pointcloud/rawdata.hpp
[26.650s] -- Symlinking: /home/chienle/Desktop/skid_robot_v2/install/velodyne_pointcloud/include/velodyne_pointcloud/transform.hpp
[26.660s] -- Symlinking: /home/chienle/Desktop/skid_robot_v2/install/velodyne_pointcloud/share/velodyne_pointcloud/config/VLP16-velodyne_transform_node-params.yaml
[26.671s] -- Symlinking: /home/chienle/Desktop/skid_robot_v2/install/velodyne_pointcloud/share/velodyne_pointcloud/config/VLP32C-velodyne_transform_node-params.yaml
[26.681s] -- Symlinking: /home/chienle/Desktop/skid_robot_v2/install/velodyne_pointcloud/share/velodyne_pointcloud/config/VLS128-velodyne_transform_node-params.yaml
[26.692s] -- Symlinking: /home/chienle/Desktop/skid_robot_v2/install/velodyne_pointcloud/share/velodyne_pointcloud/launch/velodyne_transform_node-VLP16-composed-launch.py
[26.702s] -- Symlinking: /home/chienle/Desktop/skid_robot_v2/install/velodyne_pointcloud/share/velodyne_pointcloud/launch/velodyne_transform_node-VLP16-launch.py
[26.712s] -- Symlinking: /home/chienle/Desktop/skid_robot_v2/install/velodyne_pointcloud/share/velodyne_pointcloud/launch/velodyne_transform_node-VLP32C-composed-launch.py
[26.723s] -- Symlinking: /home/chienle/Desktop/skid_robot_v2/install/velodyne_pointcloud/share/velodyne_pointcloud/launch/velodyne_transform_node-VLP32C-launch.py
[26.734s] -- Symlinking: /home/chienle/Desktop/skid_robot_v2/install/velodyne_pointcloud/share/velodyne_pointcloud/launch/velodyne_transform_node-VLS128-composed-launch.py
[26.744s] -- Symlinking: /home/chienle/Desktop/skid_robot_v2/install/velodyne_pointcloud/share/velodyne_pointcloud/launch/velodyne_transform_node-VLS128-launch.py
[26.754s] -- Symlinking: /home/chienle/Desktop/skid_robot_v2/install/velodyne_pointcloud/share/velodyne_pointcloud/params/32db.yaml
[26.766s] -- Symlinking: /home/chienle/Desktop/skid_robot_v2/install/velodyne_pointcloud/share/velodyne_pointcloud/params/64e_s2.1-sztaki.yaml
[26.777s] -- Symlinking: /home/chienle/Desktop/skid_robot_v2/install/velodyne_pointcloud/share/velodyne_pointcloud/params/64e_s3-xiesc.yaml
[26.789s] -- Symlinking: /home/chienle/Desktop/skid_robot_v2/install/velodyne_pointcloud/share/velodyne_pointcloud/params/64e_utexas.yaml
[26.799s] -- Symlinking: /home/chienle/Desktop/skid_robot_v2/install/velodyne_pointcloud/share/velodyne_pointcloud/params/VLP16_hires_db.yaml
[26.810s] -- Symlinking: /home/chienle/Desktop/skid_robot_v2/install/velodyne_pointcloud/share/velodyne_pointcloud/params/VLP16db.yaml
[26.821s] -- Symlinking: /home/chienle/Desktop/skid_robot_v2/install/velodyne_pointcloud/share/velodyne_pointcloud/params/VLS128.yaml
[26.831s] -- Symlinking: /home/chienle/Desktop/skid_robot_v2/install/velodyne_pointcloud/share/velodyne_pointcloud/params/VeloView-VLP-32C.yaml
[26.843s] -- Symlinking: /home/chienle/Desktop/skid_robot_v2/install/velodyne_pointcloud/share/velodyne_pointcloud/params/issue_84_float_intensities.yaml
[26.854s] -- Symlinking: /home/chienle/Desktop/skid_robot_v2/install/velodyne_pointcloud/share/velodyne_pointcloud/params/rviz_points.vcg
[26.865s] -- Symlinking: /home/chienle/Desktop/skid_robot_v2/install/velodyne_pointcloud/share/velodyne_pointcloud/environment/library_path.sh
[26.876s] -- Symlinking: /home/chienle/Desktop/skid_robot_v2/install/velodyne_pointcloud/share/velodyne_pointcloud/environment/library_path.dsv
[26.887s] -- Symlinking: /home/chienle/Desktop/skid_robot_v2/install/velodyne_pointcloud/share/ament_index/resource_index/package_run_dependencies/velodyne_pointcloud
[26.898s] -- Symlinking: /home/chienle/Desktop/skid_robot_v2/install/velodyne_pointcloud/share/ament_index/resource_index/parent_prefix_path/velodyne_pointcloud
[26.910s] -- Symlinking: /home/chienle/Desktop/skid_robot_v2/install/velodyne_pointcloud/share/velodyne_pointcloud/environment/ament_prefix_path.sh
[26.921s] -- Symlinking: /home/chienle/Desktop/skid_robot_v2/install/velodyne_pointcloud/share/velodyne_pointcloud/environment/ament_prefix_path.dsv
[26.932s] -- Symlinking: /home/chienle/Desktop/skid_robot_v2/install/velodyne_pointcloud/share/velodyne_pointcloud/environment/path.sh
[26.943s] -- Symlinking: /home/chienle/Desktop/skid_robot_v2/install/velodyne_pointcloud/share/velodyne_pointcloud/environment/path.dsv
[26.954s] -- Symlinking: /home/chienle/Desktop/skid_robot_v2/install/velodyne_pointcloud/share/velodyne_pointcloud/local_setup.bash
[26.964s] -- Symlinking: /home/chienle/Desktop/skid_robot_v2/install/velodyne_pointcloud/share/velodyne_pointcloud/local_setup.sh
[26.975s] -- Symlinking: /home/chienle/Desktop/skid_robot_v2/install/velodyne_pointcloud/share/velodyne_pointcloud/local_setup.zsh
[26.986s] -- Symlinking: /home/chienle/Desktop/skid_robot_v2/install/velodyne_pointcloud/share/velodyne_pointcloud/local_setup.dsv
[26.997s] -- Symlinking: /home/chienle/Desktop/skid_robot_v2/install/velodyne_pointcloud/share/velodyne_pointcloud/package.dsv
[27.008s] -- Symlinking: /home/chienle/Desktop/skid_robot_v2/install/velodyne_pointcloud/share/ament_index/resource_index/packages/velodyne_pointcloud
[27.019s] -- Symlinking: /home/chienle/Desktop/skid_robot_v2/install/velodyne_pointcloud/share/ament_index/resource_index/rclcpp_components/velodyne_pointcloud
[27.030s] -- Symlinking: /home/chienle/Desktop/skid_robot_v2/install/velodyne_pointcloud/share/velodyne_pointcloud/cmake/ament_cmake_export_include_directories-extras.cmake
[27.042s] -- Symlinking: /home/chienle/Desktop/skid_robot_v2/install/velodyne_pointcloud/share/velodyne_pointcloud/cmake/ament_cmake_export_dependencies-extras.cmake
[27.053s] -- Symlinking: /home/chienle/Desktop/skid_robot_v2/install/velodyne_pointcloud/share/velodyne_pointcloud/cmake/ament_cmake_export_libraries-extras.cmake
[27.063s] -- Symlinking: /home/chienle/Desktop/skid_robot_v2/install/velodyne_pointcloud/share/velodyne_pointcloud/cmake/ament_cmake_export_targets-extras.cmake
[27.074s] -- Symlinking: /home/chienle/Desktop/skid_robot_v2/install/velodyne_pointcloud/share/velodyne_pointcloud/cmake/velodyne_pointcloudConfig.cmake
[27.086s] -- Symlinking: /home/chienle/Desktop/skid_robot_v2/install/velodyne_pointcloud/share/velodyne_pointcloud/cmake/velodyne_pointcloudConfig-version.cmake
[27.097s] -- Symlinking: /home/chienle/Desktop/skid_robot_v2/install/velodyne_pointcloud/share/velodyne_pointcloud/package.xml
[27.108s] -- Installing: /home/chienle/Desktop/skid_robot_v2/install/velodyne_pointcloud/lib/libvelodyne_cloud_types.so
[27.109s] -- Set runtime path of "/home/chienle/Desktop/skid_robot_v2/install/velodyne_pointcloud/lib/libvelodyne_cloud_types.so" to ""
[27.110s] -- Installing: /home/chienle/Desktop/skid_robot_v2/install/velodyne_pointcloud/lib/libvelodyne_rawdata.so
[27.111s] -- Set runtime path of "/home/chienle/Desktop/skid_robot_v2/install/velodyne_pointcloud/lib/libvelodyne_rawdata.so" to ""
[27.111s] -- Installing: /home/chienle/Desktop/skid_robot_v2/install/velodyne_pointcloud/lib/libtransform.so
[27.122s] -- Set runtime path of "/home/chienle/Desktop/skid_robot_v2/install/velodyne_pointcloud/lib/libtransform.so" to ""
[27.122s] -- Installing: /home/chienle/Desktop/skid_robot_v2/install/velodyne_pointcloud/share/velodyne_pointcloud/cmake/velodyne_pointcloudExport.cmake
[27.122s] -- Installing: /home/chienle/Desktop/skid_robot_v2/install/velodyne_pointcloud/share/velodyne_pointcloud/cmake/velodyne_pointcloudExport-noconfig.cmake
[27.125s] Invoked command in '/home/chienle/Desktop/skid_robot_v2/build/velodyne_pointcloud' returned '0': AMENT_PREFIX_PATH=/home/chienle/Desktop/skid_robot_v2/install/velodyne_msgs:${AMENT_PREFIX_PATH} CMAKE_PREFIX_PATH=/home/chienle/Desktop/skid_robot_v2/install/velodyne_msgs:/opt/ros/humble LD_LIBRARY_PATH=/home/chienle/Desktop/skid_robot_v2/install/velodyne_msgs/lib:/usr/lib/x86_64-linux-gnu/gazebo-11/plugins:/opt/ros/humble/opt/rviz_ogre_vendor/lib:/opt/ros/humble/lib/x86_64-linux-gnu:/opt/ros/humble/lib:/usr/lib/x86_64-linux-gnu/gazebo-11/plugins PYTHONPATH=/home/chienle/Desktop/skid_robot_v2/install/velodyne_msgs/local/lib/python3.10/dist-packages:${PYTHONPATH} /usr/bin/cmake --install /home/chienle/Desktop/skid_robot_v2/build/velodyne_pointcloud
