[0.706s] Invoking command in '/home/chienle/Desktop/skid_robot_v2/build/bringup': PYTHONPATH=/home/chienle/Desktop/skid_robot_v2/build/bringup/prefix_override:/usr/lib/python3/dist-packages/colcon_core/task/python/colcon_distutils_commands:/home/chienle/Desktop/skid_robot_v2/install/bringup/lib/python3.10/site-packages:${PYTHONPATH} /usr/bin/python3 -W ignore:setup.py install is deprecated -W ignore:easy_install command is deprecated setup.py develop --editable --build-directory /home/chienle/Desktop/skid_robot_v2/build/bringup/build --no-deps symlink_data
[0.960s] running develop
[1.115s] running egg_info
[1.115s] creating bringup.egg-info
[1.115s] writing bringup.egg-info/PKG-INFO
[1.115s] writing dependency_links to bringup.egg-info/dependency_links.txt
[1.115s] writing entry points to bringup.egg-info/entry_points.txt
[1.115s] writing requirements to bringup.egg-info/requires.txt
[1.115s] writing top-level names to bringup.egg-info/top_level.txt
[1.115s] writing manifest file 'bringup.egg-info/SOURCES.txt'
[1.116s] reading manifest file 'bringup.egg-info/SOURCES.txt'
[1.116s] writing manifest file 'bringup.egg-info/SOURCES.txt'
[1.118s] running build_ext
[1.118s] Creating /home/chienle/Desktop/skid_robot_v2/install/bringup/lib/python3.10/site-packages/bringup.egg-link (link to .)
[1.119s] 
[1.119s] Installed /home/chienle/Desktop/skid_robot_v2/build/bringup
[1.119s] running symlink_data
[1.119s] creating /home/chienle/Desktop/skid_robot_v2/install/bringup/share/ament_index
[1.119s] creating /home/chienle/Desktop/skid_robot_v2/install/bringup/share/ament_index/resource_index
[1.120s] creating /home/chienle/Desktop/skid_robot_v2/install/bringup/share/ament_index/resource_index/packages
[1.120s] symbolically linking /home/chienle/Desktop/skid_robot_v2/build/bringup/resource/bringup -> /home/chienle/Desktop/skid_robot_v2/install/bringup/share/ament_index/resource_index/packages
[1.120s] symbolically linking /home/chienle/Desktop/skid_robot_v2/build/bringup/package.xml -> /home/chienle/Desktop/skid_robot_v2/install/bringup/share/bringup
[1.120s] creating /home/chienle/Desktop/skid_robot_v2/install/bringup/share/bringup/launch
[1.120s] symbolically linking /home/chienle/Desktop/skid_robot_v2/build/bringup/launch/bringup_launch.py -> /home/chienle/Desktop/skid_robot_v2/install/bringup/share/bringup/launch
[1.148s] Invoked command in '/home/chienle/Desktop/skid_robot_v2/build/bringup' returned '0': PYTHONPATH=/home/chienle/Desktop/skid_robot_v2/build/bringup/prefix_override:/usr/lib/python3/dist-packages/colcon_core/task/python/colcon_distutils_commands:/home/chienle/Desktop/skid_robot_v2/install/bringup/lib/python3.10/site-packages:${PYTHONPATH} /usr/bin/python3 -W ignore:setup.py install is deprecated -W ignore:easy_install command is deprecated setup.py develop --editable --build-directory /home/chienle/Desktop/skid_robot_v2/build/bringup/build --no-deps symlink_data
