[0.021s] Invoking command in '/home/chienle/Desktop/skid_robot_v2/build/velodyne': AMENT_PREFIX_PATH=/home/chienle/Desktop/skid_robot_v2/install/velodyne_pointcloud:/home/chienle/Desktop/skid_robot_v2/install/velodyne_driver:/home/chienle/Desktop/skid_robot_v2/install/velodyne_msgs:/home/chienle/Desktop/skid_robot_v2/install/velodyne_laserscan:${AMENT_PREFIX_PATH} CMAKE_PREFIX_PATH=/home/chienle/Desktop/skid_robot_v2/install/velodyne_pointcloud:/home/chienle/Desktop/skid_robot_v2/install/velodyne_driver:/home/chienle/Desktop/skid_robot_v2/install/velodyne_msgs:/home/chienle/Desktop/skid_robot_v2/install/velodyne_laserscan:/opt/ros/humble LD_LIBRARY_PATH=/home/chienle/Desktop/skid_robot_v2/install/velodyne_pointcloud/lib:/home/chienle/Desktop/skid_robot_v2/install/velodyne_driver/lib:/home/chienle/Desktop/skid_robot_v2/install/velodyne_msgs/lib:/home/chienle/Desktop/skid_robot_v2/install/velodyne_laserscan/lib:/usr/lib/x86_64-linux-gnu/gazebo-11/plugins:/opt/ros/humble/opt/rviz_ogre_vendor/lib:/opt/ros/humble/lib/x86_64-linux-gnu:/opt/ros/humble/lib:/usr/lib/x86_64-linux-gnu/gazebo-11/plugins PYTHONPATH=/home/chienle/Desktop/skid_robot_v2/install/velodyne_msgs/local/lib/python3.10/dist-packages:${PYTHONPATH} /usr/bin/cmake /home/chienle/Desktop/skid_robot_v2/src/hardware/velodyne/velodyne -DAMENT_CMAKE_SYMLINK_INSTALL=1 -DCMAKE_INSTALL_PREFIX=/home/chienle/Desktop/skid_robot_v2/install/velodyne
[0.097s] -- The C compiler identification is GNU 11.4.0
[0.171s] -- The CXX compiler identification is GNU 11.4.0
[0.181s] -- Detecting C compiler ABI info
[0.280s] -- Detecting C compiler ABI info - done
[0.291s] -- Check for working C compiler: /usr/bin/cc - skipped
[0.291s] -- Detecting C compile features
[0.291s] -- Detecting C compile features - done
[0.296s] -- Detecting CXX compiler ABI info
[0.412s] -- Detecting CXX compiler ABI info - done
[0.423s] -- Check for working CXX compiler: /usr/bin/c++ - skipped
[0.423s] -- Detecting CXX compile features
[0.424s] -- Detecting CXX compile features - done
[0.427s] -- Found ament_cmake: 1.3.14 (/opt/ros/humble/share/ament_cmake/cmake)
[0.624s] -- Found Python3: /usr/bin/python3 (found version "3.10.12") found components: Interpreter 
[0.698s] -- Override CMake install command with custom implementation using symlinks instead of copying resources
[0.817s] -- Configuring done
[0.820s] -- Generating done
[0.822s] -- Build files have been written to: /home/chienle/Desktop/skid_robot_v2/build/velodyne
[0.827s] Invoked command in '/home/chienle/Desktop/skid_robot_v2/build/velodyne' returned '0': AMENT_PREFIX_PATH=/home/chienle/Desktop/skid_robot_v2/install/velodyne_pointcloud:/home/chienle/Desktop/skid_robot_v2/install/velodyne_driver:/home/chienle/Desktop/skid_robot_v2/install/velodyne_msgs:/home/chienle/Desktop/skid_robot_v2/install/velodyne_laserscan:${AMENT_PREFIX_PATH} CMAKE_PREFIX_PATH=/home/chienle/Desktop/skid_robot_v2/install/velodyne_pointcloud:/home/chienle/Desktop/skid_robot_v2/install/velodyne_driver:/home/chienle/Desktop/skid_robot_v2/install/velodyne_msgs:/home/chienle/Desktop/skid_robot_v2/install/velodyne_laserscan:/opt/ros/humble LD_LIBRARY_PATH=/home/chienle/Desktop/skid_robot_v2/install/velodyne_pointcloud/lib:/home/chienle/Desktop/skid_robot_v2/install/velodyne_driver/lib:/home/chienle/Desktop/skid_robot_v2/install/velodyne_msgs/lib:/home/chienle/Desktop/skid_robot_v2/install/velodyne_laserscan/lib:/usr/lib/x86_64-linux-gnu/gazebo-11/plugins:/opt/ros/humble/opt/rviz_ogre_vendor/lib:/opt/ros/humble/lib/x86_64-linux-gnu:/opt/ros/humble/lib:/usr/lib/x86_64-linux-gnu/gazebo-11/plugins PYTHONPATH=/home/chienle/Desktop/skid_robot_v2/install/velodyne_msgs/local/lib/python3.10/dist-packages:${PYTHONPATH} /usr/bin/cmake /home/chienle/Desktop/skid_robot_v2/src/hardware/velodyne/velodyne -DAMENT_CMAKE_SYMLINK_INSTALL=1 -DCMAKE_INSTALL_PREFIX=/home/chienle/Desktop/skid_robot_v2/install/velodyne
[0.829s] Invoking command in '/home/chienle/Desktop/skid_robot_v2/build/velodyne': AMENT_PREFIX_PATH=/home/chienle/Desktop/skid_robot_v2/install/velodyne_pointcloud:/home/chienle/Desktop/skid_robot_v2/install/velodyne_driver:/home/chienle/Desktop/skid_robot_v2/install/velodyne_msgs:/home/chienle/Desktop/skid_robot_v2/install/velodyne_laserscan:${AMENT_PREFIX_PATH} CMAKE_PREFIX_PATH=/home/chienle/Desktop/skid_robot_v2/install/velodyne_pointcloud:/home/chienle/Desktop/skid_robot_v2/install/velodyne_driver:/home/chienle/Desktop/skid_robot_v2/install/velodyne_msgs:/home/chienle/Desktop/skid_robot_v2/install/velodyne_laserscan:/opt/ros/humble LD_LIBRARY_PATH=/home/chienle/Desktop/skid_robot_v2/install/velodyne_pointcloud/lib:/home/chienle/Desktop/skid_robot_v2/install/velodyne_driver/lib:/home/chienle/Desktop/skid_robot_v2/install/velodyne_msgs/lib:/home/chienle/Desktop/skid_robot_v2/install/velodyne_laserscan/lib:/usr/lib/x86_64-linux-gnu/gazebo-11/plugins:/opt/ros/humble/opt/rviz_ogre_vendor/lib:/opt/ros/humble/lib/x86_64-linux-gnu:/opt/ros/humble/lib:/usr/lib/x86_64-linux-gnu/gazebo-11/plugins PYTHONPATH=/home/chienle/Desktop/skid_robot_v2/install/velodyne_msgs/local/lib/python3.10/dist-packages:${PYTHONPATH} /usr/bin/cmake --build /home/chienle/Desktop/skid_robot_v2/build/velodyne -- -j20 -l20
[0.880s] Invoked command in '/home/chienle/Desktop/skid_robot_v2/build/velodyne' returned '0': AMENT_PREFIX_PATH=/home/chienle/Desktop/skid_robot_v2/install/velodyne_pointcloud:/home/chienle/Desktop/skid_robot_v2/install/velodyne_driver:/home/chienle/Desktop/skid_robot_v2/install/velodyne_msgs:/home/chienle/Desktop/skid_robot_v2/install/velodyne_laserscan:${AMENT_PREFIX_PATH} CMAKE_PREFIX_PATH=/home/chienle/Desktop/skid_robot_v2/install/velodyne_pointcloud:/home/chienle/Desktop/skid_robot_v2/install/velodyne_driver:/home/chienle/Desktop/skid_robot_v2/install/velodyne_msgs:/home/chienle/Desktop/skid_robot_v2/install/velodyne_laserscan:/opt/ros/humble LD_LIBRARY_PATH=/home/chienle/Desktop/skid_robot_v2/install/velodyne_pointcloud/lib:/home/chienle/Desktop/skid_robot_v2/install/velodyne_driver/lib:/home/chienle/Desktop/skid_robot_v2/install/velodyne_msgs/lib:/home/chienle/Desktop/skid_robot_v2/install/velodyne_laserscan/lib:/usr/lib/x86_64-linux-gnu/gazebo-11/plugins:/opt/ros/humble/opt/rviz_ogre_vendor/lib:/opt/ros/humble/lib/x86_64-linux-gnu:/opt/ros/humble/lib:/usr/lib/x86_64-linux-gnu/gazebo-11/plugins PYTHONPATH=/home/chienle/Desktop/skid_robot_v2/install/velodyne_msgs/local/lib/python3.10/dist-packages:${PYTHONPATH} /usr/bin/cmake --build /home/chienle/Desktop/skid_robot_v2/build/velodyne -- -j20 -l20
[0.881s] Invoking command in '/home/chienle/Desktop/skid_robot_v2/build/velodyne': AMENT_PREFIX_PATH=/home/chienle/Desktop/skid_robot_v2/install/velodyne_pointcloud:/home/chienle/Desktop/skid_robot_v2/install/velodyne_driver:/home/chienle/Desktop/skid_robot_v2/install/velodyne_msgs:/home/chienle/Desktop/skid_robot_v2/install/velodyne_laserscan:${AMENT_PREFIX_PATH} CMAKE_PREFIX_PATH=/home/chienle/Desktop/skid_robot_v2/install/velodyne_pointcloud:/home/chienle/Desktop/skid_robot_v2/install/velodyne_driver:/home/chienle/Desktop/skid_robot_v2/install/velodyne_msgs:/home/chienle/Desktop/skid_robot_v2/install/velodyne_laserscan:/opt/ros/humble LD_LIBRARY_PATH=/home/chienle/Desktop/skid_robot_v2/install/velodyne_pointcloud/lib:/home/chienle/Desktop/skid_robot_v2/install/velodyne_driver/lib:/home/chienle/Desktop/skid_robot_v2/install/velodyne_msgs/lib:/home/chienle/Desktop/skid_robot_v2/install/velodyne_laserscan/lib:/usr/lib/x86_64-linux-gnu/gazebo-11/plugins:/opt/ros/humble/opt/rviz_ogre_vendor/lib:/opt/ros/humble/lib/x86_64-linux-gnu:/opt/ros/humble/lib:/usr/lib/x86_64-linux-gnu/gazebo-11/plugins PYTHONPATH=/home/chienle/Desktop/skid_robot_v2/install/velodyne_msgs/local/lib/python3.10/dist-packages:${PYTHONPATH} /usr/bin/cmake --install /home/chienle/Desktop/skid_robot_v2/build/velodyne
[0.891s] -- Install configuration: ""
[0.892s] -- Execute custom install script
[0.894s] -- Symlinking: /home/chienle/Desktop/skid_robot_v2/install/velodyne/share/velodyne/launch/velodyne-all-nodes-VLP16-composed-launch.py
[0.905s] -- Symlinking: /home/chienle/Desktop/skid_robot_v2/install/velodyne/share/velodyne/launch/velodyne-all-nodes-VLP16-launch.py
[0.916s] -- Symlinking: /home/chienle/Desktop/skid_robot_v2/install/velodyne/share/velodyne/launch/velodyne-all-nodes-VLP32C-composed-launch.py
[0.927s] -- Symlinking: /home/chienle/Desktop/skid_robot_v2/install/velodyne/share/velodyne/launch/velodyne-all-nodes-VLP32C-launch.py
[0.938s] -- Symlinking: /home/chienle/Desktop/skid_robot_v2/install/velodyne/share/velodyne/launch/velodyne-all-nodes-VLS128-composed-launch.py
[0.949s] -- Symlinking: /home/chienle/Desktop/skid_robot_v2/install/velodyne/share/velodyne/launch/velodyne-all-nodes-VLS128-launch.py
[0.961s] -- Symlinking: /home/chienle/Desktop/skid_robot_v2/install/velodyne/share/ament_index/resource_index/package_run_dependencies/velodyne
[0.972s] -- Symlinking: /home/chienle/Desktop/skid_robot_v2/install/velodyne/share/ament_index/resource_index/parent_prefix_path/velodyne
[0.983s] -- Symlinking: /home/chienle/Desktop/skid_robot_v2/install/velodyne/share/velodyne/environment/ament_prefix_path.sh
[0.995s] -- Symlinking: /home/chienle/Desktop/skid_robot_v2/install/velodyne/share/velodyne/environment/ament_prefix_path.dsv
[1.007s] -- Symlinking: /home/chienle/Desktop/skid_robot_v2/install/velodyne/share/velodyne/environment/path.sh
[1.017s] -- Symlinking: /home/chienle/Desktop/skid_robot_v2/install/velodyne/share/velodyne/environment/path.dsv
[1.028s] -- Symlinking: /home/chienle/Desktop/skid_robot_v2/install/velodyne/share/velodyne/local_setup.bash
[1.040s] -- Symlinking: /home/chienle/Desktop/skid_robot_v2/install/velodyne/share/velodyne/local_setup.sh
[1.051s] -- Symlinking: /home/chienle/Desktop/skid_robot_v2/install/velodyne/share/velodyne/local_setup.zsh
[1.062s] -- Symlinking: /home/chienle/Desktop/skid_robot_v2/install/velodyne/share/velodyne/local_setup.dsv
[1.073s] -- Symlinking: /home/chienle/Desktop/skid_robot_v2/install/velodyne/share/velodyne/package.dsv
[1.084s] -- Symlinking: /home/chienle/Desktop/skid_robot_v2/install/velodyne/share/ament_index/resource_index/packages/velodyne
[1.095s] -- Symlinking: /home/chienle/Desktop/skid_robot_v2/install/velodyne/share/velodyne/cmake/velodyneConfig.cmake
[1.106s] -- Symlinking: /home/chienle/Desktop/skid_robot_v2/install/velodyne/share/velodyne/cmake/velodyneConfig-version.cmake
[1.117s] -- Symlinking: /home/chienle/Desktop/skid_robot_v2/install/velodyne/share/velodyne/package.xml
[1.131s] Invoked command in '/home/chienle/Desktop/skid_robot_v2/build/velodyne' returned '0': AMENT_PREFIX_PATH=/home/chienle/Desktop/skid_robot_v2/install/velodyne_pointcloud:/home/chienle/Desktop/skid_robot_v2/install/velodyne_driver:/home/chienle/Desktop/skid_robot_v2/install/velodyne_msgs:/home/chienle/Desktop/skid_robot_v2/install/velodyne_laserscan:${AMENT_PREFIX_PATH} CMAKE_PREFIX_PATH=/home/chienle/Desktop/skid_robot_v2/install/velodyne_pointcloud:/home/chienle/Desktop/skid_robot_v2/install/velodyne_driver:/home/chienle/Desktop/skid_robot_v2/install/velodyne_msgs:/home/chienle/Desktop/skid_robot_v2/install/velodyne_laserscan:/opt/ros/humble LD_LIBRARY_PATH=/home/chienle/Desktop/skid_robot_v2/install/velodyne_pointcloud/lib:/home/chienle/Desktop/skid_robot_v2/install/velodyne_driver/lib:/home/chienle/Desktop/skid_robot_v2/install/velodyne_msgs/lib:/home/chienle/Desktop/skid_robot_v2/install/velodyne_laserscan/lib:/usr/lib/x86_64-linux-gnu/gazebo-11/plugins:/opt/ros/humble/opt/rviz_ogre_vendor/lib:/opt/ros/humble/lib/x86_64-linux-gnu:/opt/ros/humble/lib:/usr/lib/x86_64-linux-gnu/gazebo-11/plugins PYTHONPATH=/home/chienle/Desktop/skid_robot_v2/install/velodyne_msgs/local/lib/python3.10/dist-packages:${PYTHONPATH} /usr/bin/cmake --install /home/chienle/Desktop/skid_robot_v2/build/velodyne
