[0.091s] DEBUG:colcon:Command line arguments: ['/usr/bin/colcon', 'build', '--packages-select', 'bringup']
[0.091s] DEBUG:colcon:Parsed command line arguments: Namespace(log_base=None, log_level=None, verb_name='build', build_base='build', install_base='install', merge_install=False, symlink_install=False, test_result_base=None, continue_on_error=False, executor='parallel', parallel_workers=20, event_handlers=None, ignore_user_meta=False, metas=['./colcon.meta'], base_paths=['.'], packages_ignore=None, packages_ignore_regex=None, paths=None, packages_up_to=None, packages_up_to_regex=None, packages_above=None, packages_above_and_dependencies=None, packages_above_depth=None, packages_select_by_dep=None, packages_skip_by_dep=None, packages_skip_up_to=None, packages_select_build_failed=False, packages_skip_build_finished=False, packages_select_test_failures=False, packages_skip_test_passed=False, packages_select=['bringup'], packages_skip=None, packages_select_regex=None, packages_skip_regex=None, packages_start=None, packages_end=None, allow_overriding=[], cmake_args=None, cmake_target=None, cmake_target_skip_unavailable=False, cmake_clean_cache=False, cmake_clean_first=False, cmake_force_configure=False, ament_cmake_args=None, catkin_cmake_args=None, catkin_skip_building_tests=False, verb_parser=<colcon_defaults.argument_parser.defaults.DefaultArgumentsDecorator object at 0x75e0ca089150>, verb_extension=<colcon_core.verb.build.BuildVerb object at 0x75e0ca088c40>, main=<bound method BuildVerb.main of <colcon_core.verb.build.BuildVerb object at 0x75e0ca088c40>>)
[0.199s] Level 1:colcon.colcon_core.package_discovery:discover_packages(colcon_meta) check parameters
[0.199s] Level 1:colcon.colcon_core.package_discovery:discover_packages(recursive) check parameters
[0.199s] Level 1:colcon.colcon_core.package_discovery:discover_packages(ignore) check parameters
[0.199s] Level 1:colcon.colcon_core.package_discovery:discover_packages(path) check parameters
[0.199s] Level 1:colcon.colcon_core.package_discovery:discover_packages(colcon_meta) discover
[0.200s] Level 1:colcon.colcon_core.package_discovery:discover_packages(recursive) discover
[0.200s] INFO:colcon.colcon_core.package_discovery:Crawling recursively for packages in '/home/chienle/Desktop/skid_robot_v2'
[0.200s] Level 1:colcon.colcon_core.package_identification:_identify(.) by extensions ['ignore', 'ignore_ament_install']
[0.200s] Level 1:colcon.colcon_core.package_identification:_identify(.) by extension 'ignore'
[0.200s] Level 1:colcon.colcon_core.package_identification:_identify(.) by extension 'ignore_ament_install'
[0.200s] Level 1:colcon.colcon_core.package_identification:_identify(.) by extensions ['colcon_pkg']
[0.200s] Level 1:colcon.colcon_core.package_identification:_identify(.) by extension 'colcon_pkg'
[0.200s] Level 1:colcon.colcon_core.package_identification:_identify(.) by extensions ['colcon_meta']
[0.200s] Level 1:colcon.colcon_core.package_identification:_identify(.) by extension 'colcon_meta'
[0.200s] Level 1:colcon.colcon_core.package_identification:_identify(.) by extensions ['ros']
[0.200s] Level 1:colcon.colcon_core.package_identification:_identify(.) by extension 'ros'
[0.207s] Level 1:colcon.colcon_core.package_identification:_identify(.) by extensions ['cmake', 'python']
[0.207s] Level 1:colcon.colcon_core.package_identification:_identify(.) by extension 'cmake'
[0.207s] Level 1:colcon.colcon_core.package_identification:_identify(.) by extension 'python'
[0.207s] Level 1:colcon.colcon_core.package_identification:_identify(.) by extensions ['python_setup_py']
[0.207s] Level 1:colcon.colcon_core.package_identification:_identify(.) by extension 'python_setup_py'
[0.208s] Level 1:colcon.colcon_core.package_identification:_identify(build) by extensions ['ignore', 'ignore_ament_install']
[0.208s] Level 1:colcon.colcon_core.package_identification:_identify(build) by extension 'ignore'
[0.208s] Level 1:colcon.colcon_core.package_identification:_identify(build) ignored
[0.208s] Level 1:colcon.colcon_core.package_identification:_identify(install) by extensions ['ignore', 'ignore_ament_install']
[0.208s] Level 1:colcon.colcon_core.package_identification:_identify(install) by extension 'ignore'
[0.208s] Level 1:colcon.colcon_core.package_identification:_identify(install) ignored
[0.208s] Level 1:colcon.colcon_core.package_identification:_identify(log) by extensions ['ignore', 'ignore_ament_install']
[0.208s] Level 1:colcon.colcon_core.package_identification:_identify(log) by extension 'ignore'
[0.208s] Level 1:colcon.colcon_core.package_identification:_identify(log) ignored
[0.208s] Level 1:colcon.colcon_core.package_identification:_identify(src) by extensions ['ignore', 'ignore_ament_install']
[0.208s] Level 1:colcon.colcon_core.package_identification:_identify(src) by extension 'ignore'
[0.208s] Level 1:colcon.colcon_core.package_identification:_identify(src) by extension 'ignore_ament_install'
[0.208s] Level 1:colcon.colcon_core.package_identification:_identify(src) by extensions ['colcon_pkg']
[0.208s] Level 1:colcon.colcon_core.package_identification:_identify(src) by extension 'colcon_pkg'
[0.208s] Level 1:colcon.colcon_core.package_identification:_identify(src) by extensions ['colcon_meta']
[0.208s] Level 1:colcon.colcon_core.package_identification:_identify(src) by extension 'colcon_meta'
[0.208s] Level 1:colcon.colcon_core.package_identification:_identify(src) by extensions ['ros']
[0.208s] Level 1:colcon.colcon_core.package_identification:_identify(src) by extension 'ros'
[0.208s] Level 1:colcon.colcon_core.package_identification:_identify(src) by extensions ['cmake', 'python']
[0.208s] Level 1:colcon.colcon_core.package_identification:_identify(src) by extension 'cmake'
[0.208s] Level 1:colcon.colcon_core.package_identification:_identify(src) by extension 'python'
[0.208s] Level 1:colcon.colcon_core.package_identification:_identify(src) by extensions ['python_setup_py']
[0.208s] Level 1:colcon.colcon_core.package_identification:_identify(src) by extension 'python_setup_py'
[0.208s] Level 1:colcon.colcon_core.package_identification:_identify(src/bringup) by extensions ['ignore', 'ignore_ament_install']
[0.208s] Level 1:colcon.colcon_core.package_identification:_identify(src/bringup) by extension 'ignore'
[0.208s] Level 1:colcon.colcon_core.package_identification:_identify(src/bringup) by extension 'ignore_ament_install'
[0.208s] Level 1:colcon.colcon_core.package_identification:_identify(src/bringup) by extensions ['colcon_pkg']
[0.208s] Level 1:colcon.colcon_core.package_identification:_identify(src/bringup) by extension 'colcon_pkg'
[0.208s] Level 1:colcon.colcon_core.package_identification:_identify(src/bringup) by extensions ['colcon_meta']
[0.208s] Level 1:colcon.colcon_core.package_identification:_identify(src/bringup) by extension 'colcon_meta'
[0.208s] Level 1:colcon.colcon_core.package_identification:_identify(src/bringup) by extensions ['ros']
[0.208s] Level 1:colcon.colcon_core.package_identification:_identify(src/bringup) by extension 'ros'
[0.210s] DEBUG:colcon.colcon_core.package_identification:Package 'src/bringup' with type 'ros.ament_python' and name 'bringup'
[0.210s] Level 1:colcon.colcon_core.package_identification:_identify(src/description) by extensions ['ignore', 'ignore_ament_install']
[0.210s] Level 1:colcon.colcon_core.package_identification:_identify(src/description) by extension 'ignore'
[0.210s] Level 1:colcon.colcon_core.package_identification:_identify(src/description) by extension 'ignore_ament_install'
[0.210s] Level 1:colcon.colcon_core.package_identification:_identify(src/description) by extensions ['colcon_pkg']
[0.210s] Level 1:colcon.colcon_core.package_identification:_identify(src/description) by extension 'colcon_pkg'
[0.210s] Level 1:colcon.colcon_core.package_identification:_identify(src/description) by extensions ['colcon_meta']
[0.210s] Level 1:colcon.colcon_core.package_identification:_identify(src/description) by extension 'colcon_meta'
[0.210s] Level 1:colcon.colcon_core.package_identification:_identify(src/description) by extensions ['ros']
[0.210s] Level 1:colcon.colcon_core.package_identification:_identify(src/description) by extension 'ros'
[0.211s] DEBUG:colcon.colcon_core.package_identification:Package 'src/description' with type 'ros.ament_python' and name 'simulation'
[0.211s] Level 1:colcon.colcon_core.package_identification:_identify(src/hardware) by extensions ['ignore', 'ignore_ament_install']
[0.211s] Level 1:colcon.colcon_core.package_identification:_identify(src/hardware) by extension 'ignore'
[0.211s] Level 1:colcon.colcon_core.package_identification:_identify(src/hardware) by extension 'ignore_ament_install'
[0.211s] Level 1:colcon.colcon_core.package_identification:_identify(src/hardware) by extensions ['colcon_pkg']
[0.211s] Level 1:colcon.colcon_core.package_identification:_identify(src/hardware) by extension 'colcon_pkg'
[0.211s] Level 1:colcon.colcon_core.package_identification:_identify(src/hardware) by extensions ['colcon_meta']
[0.211s] Level 1:colcon.colcon_core.package_identification:_identify(src/hardware) by extension 'colcon_meta'
[0.211s] Level 1:colcon.colcon_core.package_identification:_identify(src/hardware) by extensions ['ros']
[0.211s] Level 1:colcon.colcon_core.package_identification:_identify(src/hardware) by extension 'ros'
[0.211s] Level 1:colcon.colcon_core.package_identification:_identify(src/hardware) by extensions ['cmake', 'python']
[0.211s] Level 1:colcon.colcon_core.package_identification:_identify(src/hardware) by extension 'cmake'
[0.211s] Level 1:colcon.colcon_core.package_identification:_identify(src/hardware) by extension 'python'
[0.211s] Level 1:colcon.colcon_core.package_identification:_identify(src/hardware) by extensions ['python_setup_py']
[0.211s] Level 1:colcon.colcon_core.package_identification:_identify(src/hardware) by extension 'python_setup_py'
[0.211s] Level 1:colcon.colcon_core.package_identification:_identify(src/hardware/low_control) by extensions ['ignore', 'ignore_ament_install']
[0.211s] Level 1:colcon.colcon_core.package_identification:_identify(src/hardware/low_control) by extension 'ignore'
[0.211s] Level 1:colcon.colcon_core.package_identification:_identify(src/hardware/low_control) by extension 'ignore_ament_install'
[0.211s] Level 1:colcon.colcon_core.package_identification:_identify(src/hardware/low_control) by extensions ['colcon_pkg']
[0.211s] Level 1:colcon.colcon_core.package_identification:_identify(src/hardware/low_control) by extension 'colcon_pkg'
[0.211s] Level 1:colcon.colcon_core.package_identification:_identify(src/hardware/low_control) by extensions ['colcon_meta']
[0.211s] Level 1:colcon.colcon_core.package_identification:_identify(src/hardware/low_control) by extension 'colcon_meta'
[0.211s] Level 1:colcon.colcon_core.package_identification:_identify(src/hardware/low_control) by extensions ['ros']
[0.211s] Level 1:colcon.colcon_core.package_identification:_identify(src/hardware/low_control) by extension 'ros'
[0.216s] DEBUG:colcon.colcon_core.package_identification:Package 'src/hardware/low_control' with type 'ros.ament_python' and name 'low_control'
[0.216s] Level 1:colcon.colcon_core.package_identification:_identify(src/hardware/microstrain_inertial) by extensions ['ignore', 'ignore_ament_install']
[0.216s] Level 1:colcon.colcon_core.package_identification:_identify(src/hardware/microstrain_inertial) by extension 'ignore'
[0.216s] Level 1:colcon.colcon_core.package_identification:_identify(src/hardware/microstrain_inertial) by extension 'ignore_ament_install'
[0.216s] Level 1:colcon.colcon_core.package_identification:_identify(src/hardware/microstrain_inertial) by extensions ['colcon_pkg']
[0.217s] Level 1:colcon.colcon_core.package_identification:_identify(src/hardware/microstrain_inertial) by extension 'colcon_pkg'
[0.217s] Level 1:colcon.colcon_core.package_identification:_identify(src/hardware/microstrain_inertial) by extensions ['colcon_meta']
[0.217s] Level 1:colcon.colcon_core.package_identification:_identify(src/hardware/microstrain_inertial) by extension 'colcon_meta'
[0.217s] Level 1:colcon.colcon_core.package_identification:_identify(src/hardware/microstrain_inertial) by extensions ['ros']
[0.217s] Level 1:colcon.colcon_core.package_identification:_identify(src/hardware/microstrain_inertial) by extension 'ros'
[0.217s] Level 1:colcon.colcon_core.package_identification:_identify(src/hardware/microstrain_inertial) by extensions ['cmake', 'python']
[0.217s] Level 1:colcon.colcon_core.package_identification:_identify(src/hardware/microstrain_inertial) by extension 'cmake'
[0.217s] Level 1:colcon.colcon_core.package_identification:_identify(src/hardware/microstrain_inertial) by extension 'python'
[0.217s] Level 1:colcon.colcon_core.package_identification:_identify(src/hardware/microstrain_inertial) by extensions ['python_setup_py']
[0.217s] Level 1:colcon.colcon_core.package_identification:_identify(src/hardware/microstrain_inertial) by extension 'python_setup_py'
[0.217s] Level 1:colcon.colcon_core.package_identification:_identify(src/hardware/microstrain_inertial/microstrain_inertial_description) by extensions ['ignore', 'ignore_ament_install']
[0.217s] Level 1:colcon.colcon_core.package_identification:_identify(src/hardware/microstrain_inertial/microstrain_inertial_description) by extension 'ignore'
[0.217s] Level 1:colcon.colcon_core.package_identification:_identify(src/hardware/microstrain_inertial/microstrain_inertial_description) by extension 'ignore_ament_install'
[0.217s] Level 1:colcon.colcon_core.package_identification:_identify(src/hardware/microstrain_inertial/microstrain_inertial_description) by extensions ['colcon_pkg']
[0.217s] Level 1:colcon.colcon_core.package_identification:_identify(src/hardware/microstrain_inertial/microstrain_inertial_description) by extension 'colcon_pkg'
[0.217s] Level 1:colcon.colcon_core.package_identification:_identify(src/hardware/microstrain_inertial/microstrain_inertial_description) by extensions ['colcon_meta']
[0.217s] Level 1:colcon.colcon_core.package_identification:_identify(src/hardware/microstrain_inertial/microstrain_inertial_description) by extension 'colcon_meta'
[0.217s] Level 1:colcon.colcon_core.package_identification:_identify(src/hardware/microstrain_inertial/microstrain_inertial_description) by extensions ['ros']
[0.217s] Level 1:colcon.colcon_core.package_identification:_identify(src/hardware/microstrain_inertial/microstrain_inertial_description) by extension 'ros'
[0.217s] DEBUG:colcon.colcon_core.package_identification:Package 'src/hardware/microstrain_inertial/microstrain_inertial_description' with type 'ros.ament_cmake' and name 'microstrain_inertial_description'
[0.217s] Level 1:colcon.colcon_core.package_identification:_identify(src/hardware/microstrain_inertial/microstrain_inertial_driver) by extensions ['ignore', 'ignore_ament_install']
[0.217s] Level 1:colcon.colcon_core.package_identification:_identify(src/hardware/microstrain_inertial/microstrain_inertial_driver) by extension 'ignore'
[0.217s] Level 1:colcon.colcon_core.package_identification:_identify(src/hardware/microstrain_inertial/microstrain_inertial_driver) by extension 'ignore_ament_install'
[0.218s] Level 1:colcon.colcon_core.package_identification:_identify(src/hardware/microstrain_inertial/microstrain_inertial_driver) by extensions ['colcon_pkg']
[0.218s] Level 1:colcon.colcon_core.package_identification:_identify(src/hardware/microstrain_inertial/microstrain_inertial_driver) by extension 'colcon_pkg'
[0.218s] Level 1:colcon.colcon_core.package_identification:_identify(src/hardware/microstrain_inertial/microstrain_inertial_driver) by extensions ['colcon_meta']
[0.218s] Level 1:colcon.colcon_core.package_identification:_identify(src/hardware/microstrain_inertial/microstrain_inertial_driver) by extension 'colcon_meta'
[0.218s] Level 1:colcon.colcon_core.package_identification:_identify(src/hardware/microstrain_inertial/microstrain_inertial_driver) by extensions ['ros']
[0.218s] Level 1:colcon.colcon_core.package_identification:_identify(src/hardware/microstrain_inertial/microstrain_inertial_driver) by extension 'ros'
[0.219s] DEBUG:colcon.colcon_core.package_identification:Package 'src/hardware/microstrain_inertial/microstrain_inertial_driver' with type 'ros.ament_cmake' and name 'microstrain_inertial_driver'
[0.219s] Level 1:colcon.colcon_core.package_identification:_identify(src/hardware/microstrain_inertial/microstrain_inertial_examples) by extensions ['ignore', 'ignore_ament_install']
[0.219s] Level 1:colcon.colcon_core.package_identification:_identify(src/hardware/microstrain_inertial/microstrain_inertial_examples) by extension 'ignore'
[0.219s] Level 1:colcon.colcon_core.package_identification:_identify(src/hardware/microstrain_inertial/microstrain_inertial_examples) by extension 'ignore_ament_install'
[0.219s] Level 1:colcon.colcon_core.package_identification:_identify(src/hardware/microstrain_inertial/microstrain_inertial_examples) by extensions ['colcon_pkg']
[0.219s] Level 1:colcon.colcon_core.package_identification:_identify(src/hardware/microstrain_inertial/microstrain_inertial_examples) by extension 'colcon_pkg'
[0.219s] Level 1:colcon.colcon_core.package_identification:_identify(src/hardware/microstrain_inertial/microstrain_inertial_examples) by extensions ['colcon_meta']
[0.219s] Level 1:colcon.colcon_core.package_identification:_identify(src/hardware/microstrain_inertial/microstrain_inertial_examples) by extension 'colcon_meta'
[0.219s] Level 1:colcon.colcon_core.package_identification:_identify(src/hardware/microstrain_inertial/microstrain_inertial_examples) by extensions ['ros']
[0.219s] Level 1:colcon.colcon_core.package_identification:_identify(src/hardware/microstrain_inertial/microstrain_inertial_examples) by extension 'ros'
[0.219s] DEBUG:colcon.colcon_core.package_identification:Package 'src/hardware/microstrain_inertial/microstrain_inertial_examples' with type 'ros.ament_cmake' and name 'microstrain_inertial_examples'
[0.219s] Level 1:colcon.colcon_core.package_identification:_identify(src/hardware/microstrain_inertial/microstrain_inertial_msgs) by extensions ['ignore', 'ignore_ament_install']
[0.219s] Level 1:colcon.colcon_core.package_identification:_identify(src/hardware/microstrain_inertial/microstrain_inertial_msgs) by extension 'ignore'
[0.219s] Level 1:colcon.colcon_core.package_identification:_identify(src/hardware/microstrain_inertial/microstrain_inertial_msgs) by extension 'ignore_ament_install'
[0.220s] Level 1:colcon.colcon_core.package_identification:_identify(src/hardware/microstrain_inertial/microstrain_inertial_msgs) by extensions ['colcon_pkg']
[0.220s] Level 1:colcon.colcon_core.package_identification:_identify(src/hardware/microstrain_inertial/microstrain_inertial_msgs) by extension 'colcon_pkg'
[0.220s] Level 1:colcon.colcon_core.package_identification:_identify(src/hardware/microstrain_inertial/microstrain_inertial_msgs) by extensions ['colcon_meta']
[0.220s] Level 1:colcon.colcon_core.package_identification:_identify(src/hardware/microstrain_inertial/microstrain_inertial_msgs) by extension 'colcon_meta'
[0.220s] Level 1:colcon.colcon_core.package_identification:_identify(src/hardware/microstrain_inertial/microstrain_inertial_msgs) by extensions ['ros']
[0.220s] Level 1:colcon.colcon_core.package_identification:_identify(src/hardware/microstrain_inertial/microstrain_inertial_msgs) by extension 'ros'
[0.220s] DEBUG:colcon.colcon_core.package_identification:Package 'src/hardware/microstrain_inertial/microstrain_inertial_msgs' with type 'ros.ament_cmake' and name 'microstrain_inertial_msgs'
[0.220s] Level 1:colcon.colcon_core.package_identification:_identify(src/hardware/microstrain_inertial/microstrain_inertial_rqt) by extensions ['ignore', 'ignore_ament_install']
[0.220s] Level 1:colcon.colcon_core.package_identification:_identify(src/hardware/microstrain_inertial/microstrain_inertial_rqt) by extension 'ignore'
[0.220s] Level 1:colcon.colcon_core.package_identification:_identify(src/hardware/microstrain_inertial/microstrain_inertial_rqt) by extension 'ignore_ament_install'
[0.220s] Level 1:colcon.colcon_core.package_identification:_identify(src/hardware/microstrain_inertial/microstrain_inertial_rqt) by extensions ['colcon_pkg']
[0.220s] Level 1:colcon.colcon_core.package_identification:_identify(src/hardware/microstrain_inertial/microstrain_inertial_rqt) by extension 'colcon_pkg'
[0.220s] Level 1:colcon.colcon_core.package_identification:_identify(src/hardware/microstrain_inertial/microstrain_inertial_rqt) by extensions ['colcon_meta']
[0.220s] Level 1:colcon.colcon_core.package_identification:_identify(src/hardware/microstrain_inertial/microstrain_inertial_rqt) by extension 'colcon_meta'
[0.220s] Level 1:colcon.colcon_core.package_identification:_identify(src/hardware/microstrain_inertial/microstrain_inertial_rqt) by extensions ['ros']
[0.220s] Level 1:colcon.colcon_core.package_identification:_identify(src/hardware/microstrain_inertial/microstrain_inertial_rqt) by extension 'ros'
[0.221s] DEBUG:colcon.colcon_core.package_identification:Package 'src/hardware/microstrain_inertial/microstrain_inertial_rqt' with type 'ros.ament_python' and name 'microstrain_inertial_rqt'
[0.221s] Level 1:colcon.colcon_core.package_identification:_identify(src/hardware/velodyne) by extensions ['ignore', 'ignore_ament_install']
[0.221s] Level 1:colcon.colcon_core.package_identification:_identify(src/hardware/velodyne) by extension 'ignore'
[0.221s] Level 1:colcon.colcon_core.package_identification:_identify(src/hardware/velodyne) by extension 'ignore_ament_install'
[0.221s] Level 1:colcon.colcon_core.package_identification:_identify(src/hardware/velodyne) by extensions ['colcon_pkg']
[0.221s] Level 1:colcon.colcon_core.package_identification:_identify(src/hardware/velodyne) by extension 'colcon_pkg'
[0.221s] Level 1:colcon.colcon_core.package_identification:_identify(src/hardware/velodyne) by extensions ['colcon_meta']
[0.221s] Level 1:colcon.colcon_core.package_identification:_identify(src/hardware/velodyne) by extension 'colcon_meta'
[0.221s] Level 1:colcon.colcon_core.package_identification:_identify(src/hardware/velodyne) by extensions ['ros']
[0.221s] Level 1:colcon.colcon_core.package_identification:_identify(src/hardware/velodyne) by extension 'ros'
[0.221s] Level 1:colcon.colcon_core.package_identification:_identify(src/hardware/velodyne) by extensions ['cmake', 'python']
[0.221s] Level 1:colcon.colcon_core.package_identification:_identify(src/hardware/velodyne) by extension 'cmake'
[0.221s] Level 1:colcon.colcon_core.package_identification:_identify(src/hardware/velodyne) by extension 'python'
[0.221s] Level 1:colcon.colcon_core.package_identification:_identify(src/hardware/velodyne) by extensions ['python_setup_py']
[0.221s] Level 1:colcon.colcon_core.package_identification:_identify(src/hardware/velodyne) by extension 'python_setup_py'
[0.221s] Level 1:colcon.colcon_core.package_identification:_identify(src/hardware/velodyne/velodyne) by extensions ['ignore', 'ignore_ament_install']
[0.221s] Level 1:colcon.colcon_core.package_identification:_identify(src/hardware/velodyne/velodyne) by extension 'ignore'
[0.221s] Level 1:colcon.colcon_core.package_identification:_identify(src/hardware/velodyne/velodyne) by extension 'ignore_ament_install'
[0.221s] Level 1:colcon.colcon_core.package_identification:_identify(src/hardware/velodyne/velodyne) by extensions ['colcon_pkg']
[0.221s] Level 1:colcon.colcon_core.package_identification:_identify(src/hardware/velodyne/velodyne) by extension 'colcon_pkg'
[0.221s] Level 1:colcon.colcon_core.package_identification:_identify(src/hardware/velodyne/velodyne) by extensions ['colcon_meta']
[0.221s] Level 1:colcon.colcon_core.package_identification:_identify(src/hardware/velodyne/velodyne) by extension 'colcon_meta'
[0.222s] Level 1:colcon.colcon_core.package_identification:_identify(src/hardware/velodyne/velodyne) by extensions ['ros']
[0.222s] Level 1:colcon.colcon_core.package_identification:_identify(src/hardware/velodyne/velodyne) by extension 'ros'
[0.222s] DEBUG:colcon.colcon_core.package_identification:Package 'src/hardware/velodyne/velodyne' with type 'ros.ament_cmake' and name 'velodyne'
[0.222s] Level 1:colcon.colcon_core.package_identification:_identify(src/hardware/velodyne/velodyne_driver) by extensions ['ignore', 'ignore_ament_install']
[0.222s] Level 1:colcon.colcon_core.package_identification:_identify(src/hardware/velodyne/velodyne_driver) by extension 'ignore'
[0.222s] Level 1:colcon.colcon_core.package_identification:_identify(src/hardware/velodyne/velodyne_driver) by extension 'ignore_ament_install'
[0.222s] Level 1:colcon.colcon_core.package_identification:_identify(src/hardware/velodyne/velodyne_driver) by extensions ['colcon_pkg']
[0.222s] Level 1:colcon.colcon_core.package_identification:_identify(src/hardware/velodyne/velodyne_driver) by extension 'colcon_pkg'
[0.222s] Level 1:colcon.colcon_core.package_identification:_identify(src/hardware/velodyne/velodyne_driver) by extensions ['colcon_meta']
[0.222s] Level 1:colcon.colcon_core.package_identification:_identify(src/hardware/velodyne/velodyne_driver) by extension 'colcon_meta'
[0.222s] Level 1:colcon.colcon_core.package_identification:_identify(src/hardware/velodyne/velodyne_driver) by extensions ['ros']
[0.222s] Level 1:colcon.colcon_core.package_identification:_identify(src/hardware/velodyne/velodyne_driver) by extension 'ros'
[0.223s] DEBUG:colcon.colcon_core.package_identification:Package 'src/hardware/velodyne/velodyne_driver' with type 'ros.ament_cmake' and name 'velodyne_driver'
[0.223s] Level 1:colcon.colcon_core.package_identification:_identify(src/hardware/velodyne/velodyne_laserscan) by extensions ['ignore', 'ignore_ament_install']
[0.223s] Level 1:colcon.colcon_core.package_identification:_identify(src/hardware/velodyne/velodyne_laserscan) by extension 'ignore'
[0.223s] Level 1:colcon.colcon_core.package_identification:_identify(src/hardware/velodyne/velodyne_laserscan) by extension 'ignore_ament_install'
[0.223s] Level 1:colcon.colcon_core.package_identification:_identify(src/hardware/velodyne/velodyne_laserscan) by extensions ['colcon_pkg']
[0.223s] Level 1:colcon.colcon_core.package_identification:_identify(src/hardware/velodyne/velodyne_laserscan) by extension 'colcon_pkg'
[0.223s] Level 1:colcon.colcon_core.package_identification:_identify(src/hardware/velodyne/velodyne_laserscan) by extensions ['colcon_meta']
[0.223s] Level 1:colcon.colcon_core.package_identification:_identify(src/hardware/velodyne/velodyne_laserscan) by extension 'colcon_meta'
[0.223s] Level 1:colcon.colcon_core.package_identification:_identify(src/hardware/velodyne/velodyne_laserscan) by extensions ['ros']
[0.223s] Level 1:colcon.colcon_core.package_identification:_identify(src/hardware/velodyne/velodyne_laserscan) by extension 'ros'
[0.224s] DEBUG:colcon.colcon_core.package_identification:Package 'src/hardware/velodyne/velodyne_laserscan' with type 'ros.ament_cmake' and name 'velodyne_laserscan'
[0.224s] Level 1:colcon.colcon_core.package_identification:_identify(src/hardware/velodyne/velodyne_msgs) by extensions ['ignore', 'ignore_ament_install']
[0.224s] Level 1:colcon.colcon_core.package_identification:_identify(src/hardware/velodyne/velodyne_msgs) by extension 'ignore'
[0.224s] Level 1:colcon.colcon_core.package_identification:_identify(src/hardware/velodyne/velodyne_msgs) by extension 'ignore_ament_install'
[0.224s] Level 1:colcon.colcon_core.package_identification:_identify(src/hardware/velodyne/velodyne_msgs) by extensions ['colcon_pkg']
[0.224s] Level 1:colcon.colcon_core.package_identification:_identify(src/hardware/velodyne/velodyne_msgs) by extension 'colcon_pkg'
[0.224s] Level 1:colcon.colcon_core.package_identification:_identify(src/hardware/velodyne/velodyne_msgs) by extensions ['colcon_meta']
[0.224s] Level 1:colcon.colcon_core.package_identification:_identify(src/hardware/velodyne/velodyne_msgs) by extension 'colcon_meta'
[0.224s] Level 1:colcon.colcon_core.package_identification:_identify(src/hardware/velodyne/velodyne_msgs) by extensions ['ros']
[0.224s] Level 1:colcon.colcon_core.package_identification:_identify(src/hardware/velodyne/velodyne_msgs) by extension 'ros'
[0.224s] DEBUG:colcon.colcon_core.package_identification:Package 'src/hardware/velodyne/velodyne_msgs' with type 'ros.ament_cmake' and name 'velodyne_msgs'
[0.224s] Level 1:colcon.colcon_core.package_identification:_identify(src/hardware/velodyne/velodyne_pointcloud) by extensions ['ignore', 'ignore_ament_install']
[0.224s] Level 1:colcon.colcon_core.package_identification:_identify(src/hardware/velodyne/velodyne_pointcloud) by extension 'ignore'
[0.224s] Level 1:colcon.colcon_core.package_identification:_identify(src/hardware/velodyne/velodyne_pointcloud) by extension 'ignore_ament_install'
[0.224s] Level 1:colcon.colcon_core.package_identification:_identify(src/hardware/velodyne/velodyne_pointcloud) by extensions ['colcon_pkg']
[0.224s] Level 1:colcon.colcon_core.package_identification:_identify(src/hardware/velodyne/velodyne_pointcloud) by extension 'colcon_pkg'
[0.224s] Level 1:colcon.colcon_core.package_identification:_identify(src/hardware/velodyne/velodyne_pointcloud) by extensions ['colcon_meta']
[0.224s] Level 1:colcon.colcon_core.package_identification:_identify(src/hardware/velodyne/velodyne_pointcloud) by extension 'colcon_meta'
[0.225s] Level 1:colcon.colcon_core.package_identification:_identify(src/hardware/velodyne/velodyne_pointcloud) by extensions ['ros']
[0.225s] Level 1:colcon.colcon_core.package_identification:_identify(src/hardware/velodyne/velodyne_pointcloud) by extension 'ros'
[0.225s] DEBUG:colcon.colcon_core.package_identification:Package 'src/hardware/velodyne/velodyne_pointcloud' with type 'ros.ament_cmake' and name 'velodyne_pointcloud'
[0.225s] Level 1:colcon.colcon_core.package_identification:_identify(src/localization) by extensions ['ignore', 'ignore_ament_install']
[0.225s] Level 1:colcon.colcon_core.package_identification:_identify(src/localization) by extension 'ignore'
[0.226s] Level 1:colcon.colcon_core.package_identification:_identify(src/localization) by extension 'ignore_ament_install'
[0.226s] Level 1:colcon.colcon_core.package_identification:_identify(src/localization) by extensions ['colcon_pkg']
[0.226s] Level 1:colcon.colcon_core.package_identification:_identify(src/localization) by extension 'colcon_pkg'
[0.226s] Level 1:colcon.colcon_core.package_identification:_identify(src/localization) by extensions ['colcon_meta']
[0.226s] Level 1:colcon.colcon_core.package_identification:_identify(src/localization) by extension 'colcon_meta'
[0.226s] Level 1:colcon.colcon_core.package_identification:_identify(src/localization) by extensions ['ros']
[0.226s] Level 1:colcon.colcon_core.package_identification:_identify(src/localization) by extension 'ros'
[0.226s] Level 1:colcon.colcon_core.package_identification:_identify(src/localization) by extensions ['cmake', 'python']
[0.226s] Level 1:colcon.colcon_core.package_identification:_identify(src/localization) by extension 'cmake'
[0.226s] Level 1:colcon.colcon_core.package_identification:_identify(src/localization) by extension 'python'
[0.226s] Level 1:colcon.colcon_core.package_identification:_identify(src/localization) by extensions ['python_setup_py']
[0.226s] Level 1:colcon.colcon_core.package_identification:_identify(src/localization) by extension 'python_setup_py'
[0.226s] Level 1:colcon.colcon_core.package_identification:_identify(src/localization/ekf) by extensions ['ignore', 'ignore_ament_install']
[0.226s] Level 1:colcon.colcon_core.package_identification:_identify(src/localization/ekf) by extension 'ignore'
[0.226s] Level 1:colcon.colcon_core.package_identification:_identify(src/localization/ekf) by extension 'ignore_ament_install'
[0.226s] Level 1:colcon.colcon_core.package_identification:_identify(src/localization/ekf) by extensions ['colcon_pkg']
[0.226s] Level 1:colcon.colcon_core.package_identification:_identify(src/localization/ekf) by extension 'colcon_pkg'
[0.226s] Level 1:colcon.colcon_core.package_identification:_identify(src/localization/ekf) by extensions ['colcon_meta']
[0.226s] Level 1:colcon.colcon_core.package_identification:_identify(src/localization/ekf) by extension 'colcon_meta'
[0.226s] Level 1:colcon.colcon_core.package_identification:_identify(src/localization/ekf) by extensions ['ros']
[0.226s] Level 1:colcon.colcon_core.package_identification:_identify(src/localization/ekf) by extension 'ros'
[0.226s] DEBUG:colcon.colcon_core.package_identification:Package 'src/localization/ekf' with type 'ros.ament_python' and name 'ekf'
[0.226s] Level 1:colcon.colcon_core.package_identification:_identify(src/localization/odom) by extensions ['ignore', 'ignore_ament_install']
[0.226s] Level 1:colcon.colcon_core.package_identification:_identify(src/localization/odom) by extension 'ignore'
[0.226s] Level 1:colcon.colcon_core.package_identification:_identify(src/localization/odom) by extension 'ignore_ament_install'
[0.226s] Level 1:colcon.colcon_core.package_identification:_identify(src/localization/odom) by extensions ['colcon_pkg']
[0.226s] Level 1:colcon.colcon_core.package_identification:_identify(src/localization/odom) by extension 'colcon_pkg'
[0.227s] Level 1:colcon.colcon_core.package_identification:_identify(src/localization/odom) by extensions ['colcon_meta']
[0.227s] Level 1:colcon.colcon_core.package_identification:_identify(src/localization/odom) by extension 'colcon_meta'
[0.227s] Level 1:colcon.colcon_core.package_identification:_identify(src/localization/odom) by extensions ['ros']
[0.227s] Level 1:colcon.colcon_core.package_identification:_identify(src/localization/odom) by extension 'ros'
[0.227s] DEBUG:colcon.colcon_core.package_identification:Package 'src/localization/odom' with type 'ros.ament_python' and name 'odom'
[0.227s] Level 1:colcon.colcon_core.package_identification:_identify(src/mapping) by extensions ['ignore', 'ignore_ament_install']
[0.227s] Level 1:colcon.colcon_core.package_identification:_identify(src/mapping) by extension 'ignore'
[0.227s] Level 1:colcon.colcon_core.package_identification:_identify(src/mapping) by extension 'ignore_ament_install'
[0.227s] Level 1:colcon.colcon_core.package_identification:_identify(src/mapping) by extensions ['colcon_pkg']
[0.227s] Level 1:colcon.colcon_core.package_identification:_identify(src/mapping) by extension 'colcon_pkg'
[0.227s] Level 1:colcon.colcon_core.package_identification:_identify(src/mapping) by extensions ['colcon_meta']
[0.227s] Level 1:colcon.colcon_core.package_identification:_identify(src/mapping) by extension 'colcon_meta'
[0.227s] Level 1:colcon.colcon_core.package_identification:_identify(src/mapping) by extensions ['ros']
[0.227s] Level 1:colcon.colcon_core.package_identification:_identify(src/mapping) by extension 'ros'
[0.227s] DEBUG:colcon.colcon_core.package_identification:Package 'src/mapping' with type 'ros.ament_python' and name 'mapping'
[0.228s] Level 1:colcon.colcon_core.package_identification:_identify(src/teleop) by extensions ['ignore', 'ignore_ament_install']
[0.228s] Level 1:colcon.colcon_core.package_identification:_identify(src/teleop) by extension 'ignore'
[0.228s] Level 1:colcon.colcon_core.package_identification:_identify(src/teleop) by extension 'ignore_ament_install'
[0.228s] Level 1:colcon.colcon_core.package_identification:_identify(src/teleop) by extensions ['colcon_pkg']
[0.228s] Level 1:colcon.colcon_core.package_identification:_identify(src/teleop) by extension 'colcon_pkg'
[0.228s] Level 1:colcon.colcon_core.package_identification:_identify(src/teleop) by extensions ['colcon_meta']
[0.228s] Level 1:colcon.colcon_core.package_identification:_identify(src/teleop) by extension 'colcon_meta'
[0.228s] Level 1:colcon.colcon_core.package_identification:_identify(src/teleop) by extensions ['ros']
[0.228s] Level 1:colcon.colcon_core.package_identification:_identify(src/teleop) by extension 'ros'
[0.228s] Level 1:colcon.colcon_core.package_identification:_identify(src/teleop) by extensions ['cmake', 'python']
[0.228s] Level 1:colcon.colcon_core.package_identification:_identify(src/teleop) by extension 'cmake'
[0.228s] Level 1:colcon.colcon_core.package_identification:_identify(src/teleop) by extension 'python'
[0.228s] Level 1:colcon.colcon_core.package_identification:_identify(src/teleop) by extensions ['python_setup_py']
[0.228s] Level 1:colcon.colcon_core.package_identification:_identify(src/teleop) by extension 'python_setup_py'
[0.228s] Level 1:colcon.colcon_core.package_identification:_identify(src/teleop/mc6c) by extensions ['ignore', 'ignore_ament_install']
[0.228s] Level 1:colcon.colcon_core.package_identification:_identify(src/teleop/mc6c) by extension 'ignore'
[0.228s] Level 1:colcon.colcon_core.package_identification:_identify(src/teleop/mc6c) by extension 'ignore_ament_install'
[0.228s] Level 1:colcon.colcon_core.package_identification:_identify(src/teleop/mc6c) by extensions ['colcon_pkg']
[0.228s] Level 1:colcon.colcon_core.package_identification:_identify(src/teleop/mc6c) by extension 'colcon_pkg'
[0.228s] Level 1:colcon.colcon_core.package_identification:_identify(src/teleop/mc6c) by extensions ['colcon_meta']
[0.228s] Level 1:colcon.colcon_core.package_identification:_identify(src/teleop/mc6c) by extension 'colcon_meta'
[0.228s] Level 1:colcon.colcon_core.package_identification:_identify(src/teleop/mc6c) by extensions ['ros']
[0.228s] Level 1:colcon.colcon_core.package_identification:_identify(src/teleop/mc6c) by extension 'ros'
[0.228s] Level 1:colcon.colcon_core.package_identification:_identify(src/teleop/mc6c) by extensions ['cmake', 'python']
[0.228s] Level 1:colcon.colcon_core.package_identification:_identify(src/teleop/mc6c) by extension 'cmake'
[0.228s] Level 1:colcon.colcon_core.package_identification:_identify(src/teleop/mc6c) by extension 'python'
[0.228s] Level 1:colcon.colcon_core.package_identification:_identify(src/teleop/mc6c) by extensions ['python_setup_py']
[0.228s] Level 1:colcon.colcon_core.package_identification:_identify(src/teleop/mc6c) by extension 'python_setup_py'
[0.228s] Level 1:colcon.colcon_core.package_identification:_identify(src/teleop/mc6c/__pycache__) by extensions ['ignore', 'ignore_ament_install']
[0.228s] Level 1:colcon.colcon_core.package_identification:_identify(src/teleop/mc6c/__pycache__) by extension 'ignore'
[0.228s] Level 1:colcon.colcon_core.package_identification:_identify(src/teleop/mc6c/__pycache__) by extension 'ignore_ament_install'
[0.228s] Level 1:colcon.colcon_core.package_identification:_identify(src/teleop/mc6c/__pycache__) by extensions ['colcon_pkg']
[0.228s] Level 1:colcon.colcon_core.package_identification:_identify(src/teleop/mc6c/__pycache__) by extension 'colcon_pkg'
[0.228s] Level 1:colcon.colcon_core.package_identification:_identify(src/teleop/mc6c/__pycache__) by extensions ['colcon_meta']
[0.228s] Level 1:colcon.colcon_core.package_identification:_identify(src/teleop/mc6c/__pycache__) by extension 'colcon_meta'
[0.228s] Level 1:colcon.colcon_core.package_identification:_identify(src/teleop/mc6c/__pycache__) by extensions ['ros']
[0.228s] Level 1:colcon.colcon_core.package_identification:_identify(src/teleop/mc6c/__pycache__) by extension 'ros'
[0.229s] Level 1:colcon.colcon_core.package_identification:_identify(src/teleop/mc6c/__pycache__) by extensions ['cmake', 'python']
[0.229s] Level 1:colcon.colcon_core.package_identification:_identify(src/teleop/mc6c/__pycache__) by extension 'cmake'
[0.229s] Level 1:colcon.colcon_core.package_identification:_identify(src/teleop/mc6c/__pycache__) by extension 'python'
[0.229s] Level 1:colcon.colcon_core.package_identification:_identify(src/teleop/mc6c/__pycache__) by extensions ['python_setup_py']
[0.229s] Level 1:colcon.colcon_core.package_identification:_identify(src/teleop/mc6c/__pycache__) by extension 'python_setup_py'
[0.229s] Level 1:colcon.colcon_core.package_identification:_identify(src/teleop/ps3) by extensions ['ignore', 'ignore_ament_install']
[0.229s] Level 1:colcon.colcon_core.package_identification:_identify(src/teleop/ps3) by extension 'ignore'
[0.229s] Level 1:colcon.colcon_core.package_identification:_identify(src/teleop/ps3) by extension 'ignore_ament_install'
[0.229s] Level 1:colcon.colcon_core.package_identification:_identify(src/teleop/ps3) by extensions ['colcon_pkg']
[0.229s] Level 1:colcon.colcon_core.package_identification:_identify(src/teleop/ps3) by extension 'colcon_pkg'
[0.229s] Level 1:colcon.colcon_core.package_identification:_identify(src/teleop/ps3) by extensions ['colcon_meta']
[0.229s] Level 1:colcon.colcon_core.package_identification:_identify(src/teleop/ps3) by extension 'colcon_meta'
[0.229s] Level 1:colcon.colcon_core.package_identification:_identify(src/teleop/ps3) by extensions ['ros']
[0.229s] Level 1:colcon.colcon_core.package_identification:_identify(src/teleop/ps3) by extension 'ros'
[0.229s] DEBUG:colcon.colcon_core.package_identification:Package 'src/teleop/ps3' with type 'ros.ament_python' and name 'ps3'
[0.229s] Level 1:colcon.colcon_core.package_discovery:discover_packages(recursive) using defaults
[0.229s] Level 1:colcon.colcon_core.package_discovery:discover_packages(ignore) discover
[0.229s] Level 1:colcon.colcon_core.package_discovery:discover_packages(ignore) using defaults
[0.229s] Level 1:colcon.colcon_core.package_discovery:discover_packages(path) discover
[0.229s] Level 1:colcon.colcon_core.package_discovery:discover_packages(path) using defaults
[0.244s] INFO:colcon.colcon_core.package_selection:Skipping not selected package 'ekf' in 'src/localization/ekf'
[0.244s] INFO:colcon.colcon_core.package_selection:Skipping not selected package 'low_control' in 'src/hardware/low_control'
[0.244s] INFO:colcon.colcon_core.package_selection:Skipping not selected package 'mapping' in 'src/mapping'
[0.244s] INFO:colcon.colcon_core.package_selection:Skipping not selected package 'microstrain_inertial_description' in 'src/hardware/microstrain_inertial/microstrain_inertial_description'
[0.244s] INFO:colcon.colcon_core.package_selection:Skipping not selected package 'microstrain_inertial_msgs' in 'src/hardware/microstrain_inertial/microstrain_inertial_msgs'
[0.244s] INFO:colcon.colcon_core.package_selection:Skipping not selected package 'odom' in 'src/localization/odom'
[0.244s] INFO:colcon.colcon_core.package_selection:Skipping not selected package 'ps3' in 'src/teleop/ps3'
[0.244s] INFO:colcon.colcon_core.package_selection:Skipping not selected package 'simulation' in 'src/description'
[0.244s] INFO:colcon.colcon_core.package_selection:Skipping not selected package 'velodyne_laserscan' in 'src/hardware/velodyne/velodyne_laserscan'
[0.244s] INFO:colcon.colcon_core.package_selection:Skipping not selected package 'velodyne_msgs' in 'src/hardware/velodyne/velodyne_msgs'
[0.244s] INFO:colcon.colcon_core.package_selection:Skipping not selected package 'microstrain_inertial_driver' in 'src/hardware/microstrain_inertial/microstrain_inertial_driver'
[0.244s] INFO:colcon.colcon_core.package_selection:Skipping not selected package 'microstrain_inertial_rqt' in 'src/hardware/microstrain_inertial/microstrain_inertial_rqt'
[0.244s] INFO:colcon.colcon_core.package_selection:Skipping not selected package 'velodyne_driver' in 'src/hardware/velodyne/velodyne_driver'
[0.244s] INFO:colcon.colcon_core.package_selection:Skipping not selected package 'velodyne_pointcloud' in 'src/hardware/velodyne/velodyne_pointcloud'
[0.244s] INFO:colcon.colcon_core.package_selection:Skipping not selected package 'microstrain_inertial_examples' in 'src/hardware/microstrain_inertial/microstrain_inertial_examples'
[0.244s] INFO:colcon.colcon_core.package_selection:Skipping not selected package 'velodyne' in 'src/hardware/velodyne/velodyne'
[0.245s] Level 1:colcon.colcon_core.package_discovery:discover_packages(prefix_path) check parameters
[0.245s] Level 1:colcon.colcon_core.package_discovery:discover_packages(prefix_path) discover
[0.246s] DEBUG:colcon.colcon_installed_package_information.package_discovery:Found 17 installed packages in /home/chienle/Desktop/skid_robot_v2/install
[0.247s] DEBUG:colcon.colcon_installed_package_information.package_discovery:Found 447 installed packages in /opt/ros/humble
[0.249s] Level 1:colcon.colcon_core.package_discovery:discover_packages(prefix_path) using defaults
[0.279s] Level 5:colcon.colcon_core.verb:set package 'bringup' build argument 'cmake_args' from command line to 'None'
[0.280s] Level 5:colcon.colcon_core.verb:set package 'bringup' build argument 'cmake_target' from command line to 'None'
[0.280s] Level 5:colcon.colcon_core.verb:set package 'bringup' build argument 'cmake_target_skip_unavailable' from command line to 'False'
[0.280s] Level 5:colcon.colcon_core.verb:set package 'bringup' build argument 'cmake_clean_cache' from command line to 'False'
[0.280s] Level 5:colcon.colcon_core.verb:set package 'bringup' build argument 'cmake_clean_first' from command line to 'False'
[0.280s] Level 5:colcon.colcon_core.verb:set package 'bringup' build argument 'cmake_force_configure' from command line to 'False'
[0.280s] Level 5:colcon.colcon_core.verb:set package 'bringup' build argument 'ament_cmake_args' from command line to 'None'
[0.280s] Level 5:colcon.colcon_core.verb:set package 'bringup' build argument 'catkin_cmake_args' from command line to 'None'
[0.280s] Level 5:colcon.colcon_core.verb:set package 'bringup' build argument 'catkin_skip_building_tests' from command line to 'False'
[0.280s] DEBUG:colcon.colcon_core.verb:Building package 'bringup' with the following arguments: {'ament_cmake_args': None, 'build_base': '/home/chienle/Desktop/skid_robot_v2/build/bringup', 'catkin_cmake_args': None, 'catkin_skip_building_tests': False, 'cmake_args': None, 'cmake_clean_cache': False, 'cmake_clean_first': False, 'cmake_force_configure': False, 'cmake_target': None, 'cmake_target_skip_unavailable': False, 'install_base': '/home/chienle/Desktop/skid_robot_v2/install/bringup', 'merge_install': False, 'path': '/home/chienle/Desktop/skid_robot_v2/src/bringup', 'symlink_install': False, 'test_result_base': None}
[0.280s] INFO:colcon.colcon_core.executor:Executing jobs using 'parallel' executor
[0.280s] DEBUG:colcon.colcon_parallel_executor.executor.parallel:run_until_complete
[0.281s] INFO:colcon.colcon_ros.task.ament_python.build:Building ROS package in '/home/chienle/Desktop/skid_robot_v2/src/bringup' with build type 'ament_python'
[0.281s] Level 1:colcon.colcon_core.shell:create_environment_hook('bringup', 'ament_prefix_path')
[0.282s] INFO:colcon.colcon_core.plugin_system:Skipping extension 'colcon_core.shell.bat': Not used on non-Windows systems
[0.282s] INFO:colcon.colcon_core.shell:Creating environment hook '/home/chienle/Desktop/skid_robot_v2/install/bringup/share/bringup/hook/ament_prefix_path.ps1'
[0.283s] INFO:colcon.colcon_core.shell:Creating environment descriptor '/home/chienle/Desktop/skid_robot_v2/install/bringup/share/bringup/hook/ament_prefix_path.dsv'
[0.283s] INFO:colcon.colcon_core.shell:Creating environment hook '/home/chienle/Desktop/skid_robot_v2/install/bringup/share/bringup/hook/ament_prefix_path.sh'
[0.283s] INFO:colcon.colcon_core.shell:Skip shell extension 'powershell' for command environment: Not usable outside of PowerShell
[0.283s] DEBUG:colcon.colcon_core.shell:Skip shell extension 'dsv' for command environment
[0.464s] INFO:colcon.colcon_core.task.python.build:Building Python package in '/home/chienle/Desktop/skid_robot_v2/src/bringup'
[0.464s] INFO:colcon.colcon_core.shell:Skip shell extension 'powershell' for command environment: Not usable outside of PowerShell
[0.464s] DEBUG:colcon.colcon_core.shell:Skip shell extension 'dsv' for command environment
[0.700s] DEBUG:colcon.colcon_core.event_handler.log_command:Invoking command in '/home/chienle/Desktop/skid_robot_v2/src/bringup': PYTHONPATH=/home/chienle/Desktop/skid_robot_v2/build/bringup/prefix_override:/usr/lib/python3/dist-packages/colcon_core/task/python/colcon_distutils_commands:/home/chienle/Desktop/skid_robot_v2/install/bringup/lib/python3.10/site-packages:${PYTHONPATH} /usr/bin/python3 -W ignore:setup.py install is deprecated -W ignore:easy_install command is deprecated setup.py egg_info --egg-base ../../build/bringup build --build-base /home/chienle/Desktop/skid_robot_v2/build/bringup/build install --record /home/chienle/Desktop/skid_robot_v2/build/bringup/install.log --single-version-externally-managed install_data
[0.898s] DEBUG:colcon.colcon_core.event_handler.log_command:Invoked command in '/home/chienle/Desktop/skid_robot_v2/src/bringup' returned '0': PYTHONPATH=/home/chienle/Desktop/skid_robot_v2/build/bringup/prefix_override:/usr/lib/python3/dist-packages/colcon_core/task/python/colcon_distutils_commands:/home/chienle/Desktop/skid_robot_v2/install/bringup/lib/python3.10/site-packages:${PYTHONPATH} /usr/bin/python3 -W ignore:setup.py install is deprecated -W ignore:easy_install command is deprecated setup.py egg_info --egg-base ../../build/bringup build --build-base /home/chienle/Desktop/skid_robot_v2/build/bringup/build install --record /home/chienle/Desktop/skid_robot_v2/build/bringup/install.log --single-version-externally-managed install_data
[0.900s] Level 1:colcon.colcon_core.environment:checking '/home/chienle/Desktop/skid_robot_v2/install/bringup' for CMake module files
[0.901s] Level 1:colcon.colcon_core.environment:checking '/home/chienle/Desktop/skid_robot_v2/install/bringup' for CMake config files
[0.901s] Level 1:colcon.colcon_core.environment:checking '/home/chienle/Desktop/skid_robot_v2/install/bringup/lib'
[0.901s] Level 1:colcon.colcon_core.environment:checking '/home/chienle/Desktop/skid_robot_v2/install/bringup/bin'
[0.901s] Level 1:colcon.colcon_core.environment:checking '/home/chienle/Desktop/skid_robot_v2/install/bringup/lib/pkgconfig/bringup.pc'
[0.902s] Level 1:colcon.colcon_core.environment:checking '/home/chienle/Desktop/skid_robot_v2/install/bringup/lib/python3.10/site-packages'
[0.902s] Level 1:colcon.colcon_core.shell:create_environment_hook('bringup', 'pythonpath')
[0.902s] INFO:colcon.colcon_core.shell:Creating environment hook '/home/chienle/Desktop/skid_robot_v2/install/bringup/share/bringup/hook/pythonpath.ps1'
[0.902s] INFO:colcon.colcon_core.shell:Creating environment descriptor '/home/chienle/Desktop/skid_robot_v2/install/bringup/share/bringup/hook/pythonpath.dsv'
[0.903s] INFO:colcon.colcon_core.shell:Creating environment hook '/home/chienle/Desktop/skid_robot_v2/install/bringup/share/bringup/hook/pythonpath.sh'
[0.904s] Level 1:colcon.colcon_core.environment:checking '/home/chienle/Desktop/skid_robot_v2/install/bringup/bin'
[0.904s] Level 1:colcon.colcon_core.environment:create_environment_scripts_only(bringup)
[0.904s] INFO:colcon.colcon_core.shell:Creating package script '/home/chienle/Desktop/skid_robot_v2/install/bringup/share/bringup/package.ps1'
[0.905s] INFO:colcon.colcon_core.shell:Creating package descriptor '/home/chienle/Desktop/skid_robot_v2/install/bringup/share/bringup/package.dsv'
[0.905s] INFO:colcon.colcon_core.shell:Creating package script '/home/chienle/Desktop/skid_robot_v2/install/bringup/share/bringup/package.sh'
[0.906s] INFO:colcon.colcon_core.shell:Creating package script '/home/chienle/Desktop/skid_robot_v2/install/bringup/share/bringup/package.bash'
[0.907s] INFO:colcon.colcon_core.shell:Creating package script '/home/chienle/Desktop/skid_robot_v2/install/bringup/share/bringup/package.zsh'
[0.907s] Level 1:colcon.colcon_core.environment:create_file_with_runtime_dependencies(/home/chienle/Desktop/skid_robot_v2/install/bringup/share/colcon-core/packages/bringup)
[0.908s] DEBUG:colcon.colcon_parallel_executor.executor.parallel:closing loop
[0.908s] DEBUG:colcon.colcon_parallel_executor.executor.parallel:loop closed
[0.908s] DEBUG:colcon.colcon_parallel_executor.executor.parallel:run_until_complete finished with '0'
[0.908s] DEBUG:colcon.colcon_core.event_reactor:joining thread
[0.911s] INFO:colcon.colcon_core.plugin_system:Skipping extension 'colcon_notification.desktop_notification.terminal_notifier': Not used on non-Darwin systems
[0.911s] INFO:colcon.colcon_core.plugin_system:Skipping extension 'colcon_notification.desktop_notification.win32': Not used on non-Windows systems
[0.911s] INFO:colcon.colcon_notification.desktop_notification:Sending desktop notification using 'notify2'
[0.920s] DEBUG:colcon.colcon_core.event_reactor:joined thread
[0.920s] INFO:colcon.colcon_core.shell:Creating prefix script '/home/chienle/Desktop/skid_robot_v2/install/local_setup.ps1'
[0.921s] INFO:colcon.colcon_core.shell:Creating prefix util module '/home/chienle/Desktop/skid_robot_v2/install/_local_setup_util_ps1.py'
[0.923s] INFO:colcon.colcon_core.shell:Creating prefix chain script '/home/chienle/Desktop/skid_robot_v2/install/setup.ps1'
[0.924s] INFO:colcon.colcon_core.shell:Creating prefix script '/home/chienle/Desktop/skid_robot_v2/install/local_setup.sh'
[0.925s] INFO:colcon.colcon_core.shell:Creating prefix util module '/home/chienle/Desktop/skid_robot_v2/install/_local_setup_util_sh.py'
[0.925s] INFO:colcon.colcon_core.shell:Creating prefix chain script '/home/chienle/Desktop/skid_robot_v2/install/setup.sh'
[0.927s] INFO:colcon.colcon_core.shell:Creating prefix script '/home/chienle/Desktop/skid_robot_v2/install/local_setup.bash'
[0.928s] INFO:colcon.colcon_core.shell:Creating prefix chain script '/home/chienle/Desktop/skid_robot_v2/install/setup.bash'
[0.929s] INFO:colcon.colcon_core.shell:Creating prefix script '/home/chienle/Desktop/skid_robot_v2/install/local_setup.zsh'
[0.930s] INFO:colcon.colcon_core.shell:Creating prefix chain script '/home/chienle/Desktop/skid_robot_v2/install/setup.zsh'
