[0.068s] DEBUG:colcon:Command line arguments: ['/usr/bin/colcon', 'build', '--packages-select', 'ekf', 'odom']
[0.068s] DEBUG:colcon:Parsed command line arguments: Namespace(log_base=None, log_level=None, verb_name='build', build_base='build', install_base='install', merge_install=False, symlink_install=False, test_result_base=None, continue_on_error=False, executor='parallel', parallel_workers=20, event_handlers=None, ignore_user_meta=False, metas=['./colcon.meta'], base_paths=['.'], packages_ignore=None, packages_ignore_regex=None, paths=None, packages_up_to=None, packages_up_to_regex=None, packages_above=None, packages_above_and_dependencies=None, packages_above_depth=None, packages_select_by_dep=None, packages_skip_by_dep=None, packages_skip_up_to=None, packages_select_build_failed=False, packages_skip_build_finished=False, packages_select_test_failures=False, packages_skip_test_passed=False, packages_select=['ekf', 'odom'], packages_skip=None, packages_select_regex=None, packages_skip_regex=None, packages_start=None, packages_end=None, allow_overriding=[], cmake_args=None, cmake_target=None, cmake_target_skip_unavailable=False, cmake_clean_cache=False, cmake_clean_first=False, cmake_force_configure=False, ament_cmake_args=None, catkin_cmake_args=None, catkin_skip_building_tests=False, verb_parser=<colcon_defaults.argument_parser.defaults.DefaultArgumentsDecorator object at 0x70f780591180>, verb_extension=<colcon_core.verb.build.BuildVerb object at 0x70f780590c70>, main=<bound method BuildVerb.main of <colcon_core.verb.build.BuildVerb object at 0x70f780590c70>>)
[0.176s] Level 1:colcon.colcon_core.package_discovery:discover_packages(colcon_meta) check parameters
[0.176s] Level 1:colcon.colcon_core.package_discovery:discover_packages(recursive) check parameters
[0.176s] Level 1:colcon.colcon_core.package_discovery:discover_packages(ignore) check parameters
[0.176s] Level 1:colcon.colcon_core.package_discovery:discover_packages(path) check parameters
[0.176s] Level 1:colcon.colcon_core.package_discovery:discover_packages(colcon_meta) discover
[0.176s] Level 1:colcon.colcon_core.package_discovery:discover_packages(recursive) discover
[0.176s] INFO:colcon.colcon_core.package_discovery:Crawling recursively for packages in '/home/chienle/Desktop/skid_robot_v2'
[0.176s] Level 1:colcon.colcon_core.package_identification:_identify(.) by extensions ['ignore', 'ignore_ament_install']
[0.176s] Level 1:colcon.colcon_core.package_identification:_identify(.) by extension 'ignore'
[0.176s] Level 1:colcon.colcon_core.package_identification:_identify(.) by extension 'ignore_ament_install'
[0.177s] Level 1:colcon.colcon_core.package_identification:_identify(.) by extensions ['colcon_pkg']
[0.177s] Level 1:colcon.colcon_core.package_identification:_identify(.) by extension 'colcon_pkg'
[0.177s] Level 1:colcon.colcon_core.package_identification:_identify(.) by extensions ['colcon_meta']
[0.177s] Level 1:colcon.colcon_core.package_identification:_identify(.) by extension 'colcon_meta'
[0.177s] Level 1:colcon.colcon_core.package_identification:_identify(.) by extensions ['ros']
[0.177s] Level 1:colcon.colcon_core.package_identification:_identify(.) by extension 'ros'
[0.184s] Level 1:colcon.colcon_core.package_identification:_identify(.) by extensions ['cmake', 'python']
[0.184s] Level 1:colcon.colcon_core.package_identification:_identify(.) by extension 'cmake'
[0.184s] Level 1:colcon.colcon_core.package_identification:_identify(.) by extension 'python'
[0.184s] Level 1:colcon.colcon_core.package_identification:_identify(.) by extensions ['python_setup_py']
[0.184s] Level 1:colcon.colcon_core.package_identification:_identify(.) by extension 'python_setup_py'
[0.184s] Level 1:colcon.colcon_core.package_identification:_identify(build) by extensions ['ignore', 'ignore_ament_install']
[0.184s] Level 1:colcon.colcon_core.package_identification:_identify(build) by extension 'ignore'
[0.184s] Level 1:colcon.colcon_core.package_identification:_identify(build) ignored
[0.184s] Level 1:colcon.colcon_core.package_identification:_identify(install) by extensions ['ignore', 'ignore_ament_install']
[0.184s] Level 1:colcon.colcon_core.package_identification:_identify(install) by extension 'ignore'
[0.184s] Level 1:colcon.colcon_core.package_identification:_identify(install) ignored
[0.185s] Level 1:colcon.colcon_core.package_identification:_identify(log) by extensions ['ignore', 'ignore_ament_install']
[0.185s] Level 1:colcon.colcon_core.package_identification:_identify(log) by extension 'ignore'
[0.185s] Level 1:colcon.colcon_core.package_identification:_identify(log) ignored
[0.185s] Level 1:colcon.colcon_core.package_identification:_identify(src) by extensions ['ignore', 'ignore_ament_install']
[0.185s] Level 1:colcon.colcon_core.package_identification:_identify(src) by extension 'ignore'
[0.185s] Level 1:colcon.colcon_core.package_identification:_identify(src) by extension 'ignore_ament_install'
[0.185s] Level 1:colcon.colcon_core.package_identification:_identify(src) by extensions ['colcon_pkg']
[0.185s] Level 1:colcon.colcon_core.package_identification:_identify(src) by extension 'colcon_pkg'
[0.185s] Level 1:colcon.colcon_core.package_identification:_identify(src) by extensions ['colcon_meta']
[0.185s] Level 1:colcon.colcon_core.package_identification:_identify(src) by extension 'colcon_meta'
[0.185s] Level 1:colcon.colcon_core.package_identification:_identify(src) by extensions ['ros']
[0.185s] Level 1:colcon.colcon_core.package_identification:_identify(src) by extension 'ros'
[0.185s] Level 1:colcon.colcon_core.package_identification:_identify(src) by extensions ['cmake', 'python']
[0.185s] Level 1:colcon.colcon_core.package_identification:_identify(src) by extension 'cmake'
[0.185s] Level 1:colcon.colcon_core.package_identification:_identify(src) by extension 'python'
[0.185s] Level 1:colcon.colcon_core.package_identification:_identify(src) by extensions ['python_setup_py']
[0.185s] Level 1:colcon.colcon_core.package_identification:_identify(src) by extension 'python_setup_py'
[0.185s] Level 1:colcon.colcon_core.package_identification:_identify(src/bringup) by extensions ['ignore', 'ignore_ament_install']
[0.185s] Level 1:colcon.colcon_core.package_identification:_identify(src/bringup) by extension 'ignore'
[0.185s] Level 1:colcon.colcon_core.package_identification:_identify(src/bringup) by extension 'ignore_ament_install'
[0.185s] Level 1:colcon.colcon_core.package_identification:_identify(src/bringup) by extensions ['colcon_pkg']
[0.185s] Level 1:colcon.colcon_core.package_identification:_identify(src/bringup) by extension 'colcon_pkg'
[0.185s] Level 1:colcon.colcon_core.package_identification:_identify(src/bringup) by extensions ['colcon_meta']
[0.185s] Level 1:colcon.colcon_core.package_identification:_identify(src/bringup) by extension 'colcon_meta'
[0.185s] Level 1:colcon.colcon_core.package_identification:_identify(src/bringup) by extensions ['ros']
[0.185s] Level 1:colcon.colcon_core.package_identification:_identify(src/bringup) by extension 'ros'
[0.187s] DEBUG:colcon.colcon_core.package_identification:Package 'src/bringup' with type 'ros.ament_python' and name 'bringup'
[0.187s] Level 1:colcon.colcon_core.package_identification:_identify(src/description) by extensions ['ignore', 'ignore_ament_install']
[0.187s] Level 1:colcon.colcon_core.package_identification:_identify(src/description) by extension 'ignore'
[0.187s] Level 1:colcon.colcon_core.package_identification:_identify(src/description) by extension 'ignore_ament_install'
[0.187s] Level 1:colcon.colcon_core.package_identification:_identify(src/description) by extensions ['colcon_pkg']
[0.187s] Level 1:colcon.colcon_core.package_identification:_identify(src/description) by extension 'colcon_pkg'
[0.187s] Level 1:colcon.colcon_core.package_identification:_identify(src/description) by extensions ['colcon_meta']
[0.187s] Level 1:colcon.colcon_core.package_identification:_identify(src/description) by extension 'colcon_meta'
[0.187s] Level 1:colcon.colcon_core.package_identification:_identify(src/description) by extensions ['ros']
[0.187s] Level 1:colcon.colcon_core.package_identification:_identify(src/description) by extension 'ros'
[0.187s] DEBUG:colcon.colcon_core.package_identification:Package 'src/description' with type 'ros.ament_python' and name 'simulation'
[0.187s] Level 1:colcon.colcon_core.package_identification:_identify(src/hardware) by extensions ['ignore', 'ignore_ament_install']
[0.187s] Level 1:colcon.colcon_core.package_identification:_identify(src/hardware) by extension 'ignore'
[0.187s] Level 1:colcon.colcon_core.package_identification:_identify(src/hardware) by extension 'ignore_ament_install'
[0.187s] Level 1:colcon.colcon_core.package_identification:_identify(src/hardware) by extensions ['colcon_pkg']
[0.187s] Level 1:colcon.colcon_core.package_identification:_identify(src/hardware) by extension 'colcon_pkg'
[0.187s] Level 1:colcon.colcon_core.package_identification:_identify(src/hardware) by extensions ['colcon_meta']
[0.187s] Level 1:colcon.colcon_core.package_identification:_identify(src/hardware) by extension 'colcon_meta'
[0.188s] Level 1:colcon.colcon_core.package_identification:_identify(src/hardware) by extensions ['ros']
[0.188s] Level 1:colcon.colcon_core.package_identification:_identify(src/hardware) by extension 'ros'
[0.188s] Level 1:colcon.colcon_core.package_identification:_identify(src/hardware) by extensions ['cmake', 'python']
[0.188s] Level 1:colcon.colcon_core.package_identification:_identify(src/hardware) by extension 'cmake'
[0.188s] Level 1:colcon.colcon_core.package_identification:_identify(src/hardware) by extension 'python'
[0.188s] Level 1:colcon.colcon_core.package_identification:_identify(src/hardware) by extensions ['python_setup_py']
[0.188s] Level 1:colcon.colcon_core.package_identification:_identify(src/hardware) by extension 'python_setup_py'
[0.188s] Level 1:colcon.colcon_core.package_identification:_identify(src/hardware/low_control) by extensions ['ignore', 'ignore_ament_install']
[0.188s] Level 1:colcon.colcon_core.package_identification:_identify(src/hardware/low_control) by extension 'ignore'
[0.188s] Level 1:colcon.colcon_core.package_identification:_identify(src/hardware/low_control) by extension 'ignore_ament_install'
[0.188s] Level 1:colcon.colcon_core.package_identification:_identify(src/hardware/low_control) by extensions ['colcon_pkg']
[0.188s] Level 1:colcon.colcon_core.package_identification:_identify(src/hardware/low_control) by extension 'colcon_pkg'
[0.188s] Level 1:colcon.colcon_core.package_identification:_identify(src/hardware/low_control) by extensions ['colcon_meta']
[0.188s] Level 1:colcon.colcon_core.package_identification:_identify(src/hardware/low_control) by extension 'colcon_meta'
[0.188s] Level 1:colcon.colcon_core.package_identification:_identify(src/hardware/low_control) by extensions ['ros']
[0.188s] Level 1:colcon.colcon_core.package_identification:_identify(src/hardware/low_control) by extension 'ros'
[0.193s] DEBUG:colcon.colcon_core.package_identification:Package 'src/hardware/low_control' with type 'ros.ament_python' and name 'low_control'
[0.193s] Level 1:colcon.colcon_core.package_identification:_identify(src/hardware/microstrain_inertial) by extensions ['ignore', 'ignore_ament_install']
[0.193s] Level 1:colcon.colcon_core.package_identification:_identify(src/hardware/microstrain_inertial) by extension 'ignore'
[0.193s] Level 1:colcon.colcon_core.package_identification:_identify(src/hardware/microstrain_inertial) by extension 'ignore_ament_install'
[0.193s] Level 1:colcon.colcon_core.package_identification:_identify(src/hardware/microstrain_inertial) by extensions ['colcon_pkg']
[0.193s] Level 1:colcon.colcon_core.package_identification:_identify(src/hardware/microstrain_inertial) by extension 'colcon_pkg'
[0.193s] Level 1:colcon.colcon_core.package_identification:_identify(src/hardware/microstrain_inertial) by extensions ['colcon_meta']
[0.193s] Level 1:colcon.colcon_core.package_identification:_identify(src/hardware/microstrain_inertial) by extension 'colcon_meta'
[0.193s] Level 1:colcon.colcon_core.package_identification:_identify(src/hardware/microstrain_inertial) by extensions ['ros']
[0.193s] Level 1:colcon.colcon_core.package_identification:_identify(src/hardware/microstrain_inertial) by extension 'ros'
[0.193s] Level 1:colcon.colcon_core.package_identification:_identify(src/hardware/microstrain_inertial) by extensions ['cmake', 'python']
[0.193s] Level 1:colcon.colcon_core.package_identification:_identify(src/hardware/microstrain_inertial) by extension 'cmake'
[0.193s] Level 1:colcon.colcon_core.package_identification:_identify(src/hardware/microstrain_inertial) by extension 'python'
[0.193s] Level 1:colcon.colcon_core.package_identification:_identify(src/hardware/microstrain_inertial) by extensions ['python_setup_py']
[0.193s] Level 1:colcon.colcon_core.package_identification:_identify(src/hardware/microstrain_inertial) by extension 'python_setup_py'
[0.194s] Level 1:colcon.colcon_core.package_identification:_identify(src/hardware/microstrain_inertial/microstrain_inertial_description) by extensions ['ignore', 'ignore_ament_install']
[0.194s] Level 1:colcon.colcon_core.package_identification:_identify(src/hardware/microstrain_inertial/microstrain_inertial_description) by extension 'ignore'
[0.194s] Level 1:colcon.colcon_core.package_identification:_identify(src/hardware/microstrain_inertial/microstrain_inertial_description) by extension 'ignore_ament_install'
[0.194s] Level 1:colcon.colcon_core.package_identification:_identify(src/hardware/microstrain_inertial/microstrain_inertial_description) by extensions ['colcon_pkg']
[0.194s] Level 1:colcon.colcon_core.package_identification:_identify(src/hardware/microstrain_inertial/microstrain_inertial_description) by extension 'colcon_pkg'
[0.194s] Level 1:colcon.colcon_core.package_identification:_identify(src/hardware/microstrain_inertial/microstrain_inertial_description) by extensions ['colcon_meta']
[0.194s] Level 1:colcon.colcon_core.package_identification:_identify(src/hardware/microstrain_inertial/microstrain_inertial_description) by extension 'colcon_meta'
[0.194s] Level 1:colcon.colcon_core.package_identification:_identify(src/hardware/microstrain_inertial/microstrain_inertial_description) by extensions ['ros']
[0.194s] Level 1:colcon.colcon_core.package_identification:_identify(src/hardware/microstrain_inertial/microstrain_inertial_description) by extension 'ros'
[0.194s] DEBUG:colcon.colcon_core.package_identification:Package 'src/hardware/microstrain_inertial/microstrain_inertial_description' with type 'ros.ament_cmake' and name 'microstrain_inertial_description'
[0.194s] Level 1:colcon.colcon_core.package_identification:_identify(src/hardware/microstrain_inertial/microstrain_inertial_driver) by extensions ['ignore', 'ignore_ament_install']
[0.194s] Level 1:colcon.colcon_core.package_identification:_identify(src/hardware/microstrain_inertial/microstrain_inertial_driver) by extension 'ignore'
[0.194s] Level 1:colcon.colcon_core.package_identification:_identify(src/hardware/microstrain_inertial/microstrain_inertial_driver) by extension 'ignore_ament_install'
[0.194s] Level 1:colcon.colcon_core.package_identification:_identify(src/hardware/microstrain_inertial/microstrain_inertial_driver) by extensions ['colcon_pkg']
[0.194s] Level 1:colcon.colcon_core.package_identification:_identify(src/hardware/microstrain_inertial/microstrain_inertial_driver) by extension 'colcon_pkg'
[0.194s] Level 1:colcon.colcon_core.package_identification:_identify(src/hardware/microstrain_inertial/microstrain_inertial_driver) by extensions ['colcon_meta']
[0.194s] Level 1:colcon.colcon_core.package_identification:_identify(src/hardware/microstrain_inertial/microstrain_inertial_driver) by extension 'colcon_meta'
[0.194s] Level 1:colcon.colcon_core.package_identification:_identify(src/hardware/microstrain_inertial/microstrain_inertial_driver) by extensions ['ros']
[0.194s] Level 1:colcon.colcon_core.package_identification:_identify(src/hardware/microstrain_inertial/microstrain_inertial_driver) by extension 'ros'
[0.195s] DEBUG:colcon.colcon_core.package_identification:Package 'src/hardware/microstrain_inertial/microstrain_inertial_driver' with type 'ros.ament_cmake' and name 'microstrain_inertial_driver'
[0.195s] Level 1:colcon.colcon_core.package_identification:_identify(src/hardware/microstrain_inertial/microstrain_inertial_examples) by extensions ['ignore', 'ignore_ament_install']
[0.196s] Level 1:colcon.colcon_core.package_identification:_identify(src/hardware/microstrain_inertial/microstrain_inertial_examples) by extension 'ignore'
[0.196s] Level 1:colcon.colcon_core.package_identification:_identify(src/hardware/microstrain_inertial/microstrain_inertial_examples) by extension 'ignore_ament_install'
[0.196s] Level 1:colcon.colcon_core.package_identification:_identify(src/hardware/microstrain_inertial/microstrain_inertial_examples) by extensions ['colcon_pkg']
[0.196s] Level 1:colcon.colcon_core.package_identification:_identify(src/hardware/microstrain_inertial/microstrain_inertial_examples) by extension 'colcon_pkg'
[0.196s] Level 1:colcon.colcon_core.package_identification:_identify(src/hardware/microstrain_inertial/microstrain_inertial_examples) by extensions ['colcon_meta']
[0.196s] Level 1:colcon.colcon_core.package_identification:_identify(src/hardware/microstrain_inertial/microstrain_inertial_examples) by extension 'colcon_meta'
[0.196s] Level 1:colcon.colcon_core.package_identification:_identify(src/hardware/microstrain_inertial/microstrain_inertial_examples) by extensions ['ros']
[0.196s] Level 1:colcon.colcon_core.package_identification:_identify(src/hardware/microstrain_inertial/microstrain_inertial_examples) by extension 'ros'
[0.196s] DEBUG:colcon.colcon_core.package_identification:Package 'src/hardware/microstrain_inertial/microstrain_inertial_examples' with type 'ros.ament_cmake' and name 'microstrain_inertial_examples'
[0.196s] Level 1:colcon.colcon_core.package_identification:_identify(src/hardware/microstrain_inertial/microstrain_inertial_msgs) by extensions ['ignore', 'ignore_ament_install']
[0.196s] Level 1:colcon.colcon_core.package_identification:_identify(src/hardware/microstrain_inertial/microstrain_inertial_msgs) by extension 'ignore'
[0.196s] Level 1:colcon.colcon_core.package_identification:_identify(src/hardware/microstrain_inertial/microstrain_inertial_msgs) by extension 'ignore_ament_install'
[0.196s] Level 1:colcon.colcon_core.package_identification:_identify(src/hardware/microstrain_inertial/microstrain_inertial_msgs) by extensions ['colcon_pkg']
[0.196s] Level 1:colcon.colcon_core.package_identification:_identify(src/hardware/microstrain_inertial/microstrain_inertial_msgs) by extension 'colcon_pkg'
[0.196s] Level 1:colcon.colcon_core.package_identification:_identify(src/hardware/microstrain_inertial/microstrain_inertial_msgs) by extensions ['colcon_meta']
[0.196s] Level 1:colcon.colcon_core.package_identification:_identify(src/hardware/microstrain_inertial/microstrain_inertial_msgs) by extension 'colcon_meta'
[0.196s] Level 1:colcon.colcon_core.package_identification:_identify(src/hardware/microstrain_inertial/microstrain_inertial_msgs) by extensions ['ros']
[0.196s] Level 1:colcon.colcon_core.package_identification:_identify(src/hardware/microstrain_inertial/microstrain_inertial_msgs) by extension 'ros'
[0.197s] DEBUG:colcon.colcon_core.package_identification:Package 'src/hardware/microstrain_inertial/microstrain_inertial_msgs' with type 'ros.ament_cmake' and name 'microstrain_inertial_msgs'
[0.197s] Level 1:colcon.colcon_core.package_identification:_identify(src/hardware/microstrain_inertial/microstrain_inertial_rqt) by extensions ['ignore', 'ignore_ament_install']
[0.197s] Level 1:colcon.colcon_core.package_identification:_identify(src/hardware/microstrain_inertial/microstrain_inertial_rqt) by extension 'ignore'
[0.197s] Level 1:colcon.colcon_core.package_identification:_identify(src/hardware/microstrain_inertial/microstrain_inertial_rqt) by extension 'ignore_ament_install'
[0.197s] Level 1:colcon.colcon_core.package_identification:_identify(src/hardware/microstrain_inertial/microstrain_inertial_rqt) by extensions ['colcon_pkg']
[0.197s] Level 1:colcon.colcon_core.package_identification:_identify(src/hardware/microstrain_inertial/microstrain_inertial_rqt) by extension 'colcon_pkg'
[0.197s] Level 1:colcon.colcon_core.package_identification:_identify(src/hardware/microstrain_inertial/microstrain_inertial_rqt) by extensions ['colcon_meta']
[0.197s] Level 1:colcon.colcon_core.package_identification:_identify(src/hardware/microstrain_inertial/microstrain_inertial_rqt) by extension 'colcon_meta'
[0.197s] Level 1:colcon.colcon_core.package_identification:_identify(src/hardware/microstrain_inertial/microstrain_inertial_rqt) by extensions ['ros']
[0.197s] Level 1:colcon.colcon_core.package_identification:_identify(src/hardware/microstrain_inertial/microstrain_inertial_rqt) by extension 'ros'
[0.198s] DEBUG:colcon.colcon_core.package_identification:Package 'src/hardware/microstrain_inertial/microstrain_inertial_rqt' with type 'ros.ament_python' and name 'microstrain_inertial_rqt'
[0.198s] Level 1:colcon.colcon_core.package_identification:_identify(src/hardware/velodyne) by extensions ['ignore', 'ignore_ament_install']
[0.198s] Level 1:colcon.colcon_core.package_identification:_identify(src/hardware/velodyne) by extension 'ignore'
[0.198s] Level 1:colcon.colcon_core.package_identification:_identify(src/hardware/velodyne) by extension 'ignore_ament_install'
[0.198s] Level 1:colcon.colcon_core.package_identification:_identify(src/hardware/velodyne) by extensions ['colcon_pkg']
[0.198s] Level 1:colcon.colcon_core.package_identification:_identify(src/hardware/velodyne) by extension 'colcon_pkg'
[0.198s] Level 1:colcon.colcon_core.package_identification:_identify(src/hardware/velodyne) by extensions ['colcon_meta']
[0.198s] Level 1:colcon.colcon_core.package_identification:_identify(src/hardware/velodyne) by extension 'colcon_meta'
[0.198s] Level 1:colcon.colcon_core.package_identification:_identify(src/hardware/velodyne) by extensions ['ros']
[0.198s] Level 1:colcon.colcon_core.package_identification:_identify(src/hardware/velodyne) by extension 'ros'
[0.198s] Level 1:colcon.colcon_core.package_identification:_identify(src/hardware/velodyne) by extensions ['cmake', 'python']
[0.198s] Level 1:colcon.colcon_core.package_identification:_identify(src/hardware/velodyne) by extension 'cmake'
[0.198s] Level 1:colcon.colcon_core.package_identification:_identify(src/hardware/velodyne) by extension 'python'
[0.198s] Level 1:colcon.colcon_core.package_identification:_identify(src/hardware/velodyne) by extensions ['python_setup_py']
[0.198s] Level 1:colcon.colcon_core.package_identification:_identify(src/hardware/velodyne) by extension 'python_setup_py'
[0.198s] Level 1:colcon.colcon_core.package_identification:_identify(src/hardware/velodyne/velodyne) by extensions ['ignore', 'ignore_ament_install']
[0.198s] Level 1:colcon.colcon_core.package_identification:_identify(src/hardware/velodyne/velodyne) by extension 'ignore'
[0.198s] Level 1:colcon.colcon_core.package_identification:_identify(src/hardware/velodyne/velodyne) by extension 'ignore_ament_install'
[0.198s] Level 1:colcon.colcon_core.package_identification:_identify(src/hardware/velodyne/velodyne) by extensions ['colcon_pkg']
[0.198s] Level 1:colcon.colcon_core.package_identification:_identify(src/hardware/velodyne/velodyne) by extension 'colcon_pkg'
[0.198s] Level 1:colcon.colcon_core.package_identification:_identify(src/hardware/velodyne/velodyne) by extensions ['colcon_meta']
[0.198s] Level 1:colcon.colcon_core.package_identification:_identify(src/hardware/velodyne/velodyne) by extension 'colcon_meta'
[0.198s] Level 1:colcon.colcon_core.package_identification:_identify(src/hardware/velodyne/velodyne) by extensions ['ros']
[0.198s] Level 1:colcon.colcon_core.package_identification:_identify(src/hardware/velodyne/velodyne) by extension 'ros'
[0.199s] DEBUG:colcon.colcon_core.package_identification:Package 'src/hardware/velodyne/velodyne' with type 'ros.ament_cmake' and name 'velodyne'
[0.199s] Level 1:colcon.colcon_core.package_identification:_identify(src/hardware/velodyne/velodyne_driver) by extensions ['ignore', 'ignore_ament_install']
[0.199s] Level 1:colcon.colcon_core.package_identification:_identify(src/hardware/velodyne/velodyne_driver) by extension 'ignore'
[0.199s] Level 1:colcon.colcon_core.package_identification:_identify(src/hardware/velodyne/velodyne_driver) by extension 'ignore_ament_install'
[0.199s] Level 1:colcon.colcon_core.package_identification:_identify(src/hardware/velodyne/velodyne_driver) by extensions ['colcon_pkg']
[0.199s] Level 1:colcon.colcon_core.package_identification:_identify(src/hardware/velodyne/velodyne_driver) by extension 'colcon_pkg'
[0.199s] Level 1:colcon.colcon_core.package_identification:_identify(src/hardware/velodyne/velodyne_driver) by extensions ['colcon_meta']
[0.199s] Level 1:colcon.colcon_core.package_identification:_identify(src/hardware/velodyne/velodyne_driver) by extension 'colcon_meta'
[0.199s] Level 1:colcon.colcon_core.package_identification:_identify(src/hardware/velodyne/velodyne_driver) by extensions ['ros']
[0.199s] Level 1:colcon.colcon_core.package_identification:_identify(src/hardware/velodyne/velodyne_driver) by extension 'ros'
[0.200s] DEBUG:colcon.colcon_core.package_identification:Package 'src/hardware/velodyne/velodyne_driver' with type 'ros.ament_cmake' and name 'velodyne_driver'
[0.200s] Level 1:colcon.colcon_core.package_identification:_identify(src/hardware/velodyne/velodyne_laserscan) by extensions ['ignore', 'ignore_ament_install']
[0.200s] Level 1:colcon.colcon_core.package_identification:_identify(src/hardware/velodyne/velodyne_laserscan) by extension 'ignore'
[0.200s] Level 1:colcon.colcon_core.package_identification:_identify(src/hardware/velodyne/velodyne_laserscan) by extension 'ignore_ament_install'
[0.200s] Level 1:colcon.colcon_core.package_identification:_identify(src/hardware/velodyne/velodyne_laserscan) by extensions ['colcon_pkg']
[0.200s] Level 1:colcon.colcon_core.package_identification:_identify(src/hardware/velodyne/velodyne_laserscan) by extension 'colcon_pkg'
[0.200s] Level 1:colcon.colcon_core.package_identification:_identify(src/hardware/velodyne/velodyne_laserscan) by extensions ['colcon_meta']
[0.200s] Level 1:colcon.colcon_core.package_identification:_identify(src/hardware/velodyne/velodyne_laserscan) by extension 'colcon_meta'
[0.200s] Level 1:colcon.colcon_core.package_identification:_identify(src/hardware/velodyne/velodyne_laserscan) by extensions ['ros']
[0.200s] Level 1:colcon.colcon_core.package_identification:_identify(src/hardware/velodyne/velodyne_laserscan) by extension 'ros'
[0.200s] DEBUG:colcon.colcon_core.package_identification:Package 'src/hardware/velodyne/velodyne_laserscan' with type 'ros.ament_cmake' and name 'velodyne_laserscan'
[0.200s] Level 1:colcon.colcon_core.package_identification:_identify(src/hardware/velodyne/velodyne_msgs) by extensions ['ignore', 'ignore_ament_install']
[0.200s] Level 1:colcon.colcon_core.package_identification:_identify(src/hardware/velodyne/velodyne_msgs) by extension 'ignore'
[0.200s] Level 1:colcon.colcon_core.package_identification:_identify(src/hardware/velodyne/velodyne_msgs) by extension 'ignore_ament_install'
[0.200s] Level 1:colcon.colcon_core.package_identification:_identify(src/hardware/velodyne/velodyne_msgs) by extensions ['colcon_pkg']
[0.200s] Level 1:colcon.colcon_core.package_identification:_identify(src/hardware/velodyne/velodyne_msgs) by extension 'colcon_pkg'
[0.201s] Level 1:colcon.colcon_core.package_identification:_identify(src/hardware/velodyne/velodyne_msgs) by extensions ['colcon_meta']
[0.201s] Level 1:colcon.colcon_core.package_identification:_identify(src/hardware/velodyne/velodyne_msgs) by extension 'colcon_meta'
[0.201s] Level 1:colcon.colcon_core.package_identification:_identify(src/hardware/velodyne/velodyne_msgs) by extensions ['ros']
[0.201s] Level 1:colcon.colcon_core.package_identification:_identify(src/hardware/velodyne/velodyne_msgs) by extension 'ros'
[0.201s] DEBUG:colcon.colcon_core.package_identification:Package 'src/hardware/velodyne/velodyne_msgs' with type 'ros.ament_cmake' and name 'velodyne_msgs'
[0.201s] Level 1:colcon.colcon_core.package_identification:_identify(src/hardware/velodyne/velodyne_pointcloud) by extensions ['ignore', 'ignore_ament_install']
[0.201s] Level 1:colcon.colcon_core.package_identification:_identify(src/hardware/velodyne/velodyne_pointcloud) by extension 'ignore'
[0.201s] Level 1:colcon.colcon_core.package_identification:_identify(src/hardware/velodyne/velodyne_pointcloud) by extension 'ignore_ament_install'
[0.201s] Level 1:colcon.colcon_core.package_identification:_identify(src/hardware/velodyne/velodyne_pointcloud) by extensions ['colcon_pkg']
[0.201s] Level 1:colcon.colcon_core.package_identification:_identify(src/hardware/velodyne/velodyne_pointcloud) by extension 'colcon_pkg'
[0.201s] Level 1:colcon.colcon_core.package_identification:_identify(src/hardware/velodyne/velodyne_pointcloud) by extensions ['colcon_meta']
[0.201s] Level 1:colcon.colcon_core.package_identification:_identify(src/hardware/velodyne/velodyne_pointcloud) by extension 'colcon_meta'
[0.201s] Level 1:colcon.colcon_core.package_identification:_identify(src/hardware/velodyne/velodyne_pointcloud) by extensions ['ros']
[0.201s] Level 1:colcon.colcon_core.package_identification:_identify(src/hardware/velodyne/velodyne_pointcloud) by extension 'ros'
[0.202s] DEBUG:colcon.colcon_core.package_identification:Package 'src/hardware/velodyne/velodyne_pointcloud' with type 'ros.ament_cmake' and name 'velodyne_pointcloud'
[0.202s] Level 1:colcon.colcon_core.package_identification:_identify(src/localization) by extensions ['ignore', 'ignore_ament_install']
[0.202s] Level 1:colcon.colcon_core.package_identification:_identify(src/localization) by extension 'ignore'
[0.202s] Level 1:colcon.colcon_core.package_identification:_identify(src/localization) by extension 'ignore_ament_install'
[0.202s] Level 1:colcon.colcon_core.package_identification:_identify(src/localization) by extensions ['colcon_pkg']
[0.202s] Level 1:colcon.colcon_core.package_identification:_identify(src/localization) by extension 'colcon_pkg'
[0.202s] Level 1:colcon.colcon_core.package_identification:_identify(src/localization) by extensions ['colcon_meta']
[0.202s] Level 1:colcon.colcon_core.package_identification:_identify(src/localization) by extension 'colcon_meta'
[0.202s] Level 1:colcon.colcon_core.package_identification:_identify(src/localization) by extensions ['ros']
[0.202s] Level 1:colcon.colcon_core.package_identification:_identify(src/localization) by extension 'ros'
[0.202s] Level 1:colcon.colcon_core.package_identification:_identify(src/localization) by extensions ['cmake', 'python']
[0.202s] Level 1:colcon.colcon_core.package_identification:_identify(src/localization) by extension 'cmake'
[0.203s] Level 1:colcon.colcon_core.package_identification:_identify(src/localization) by extension 'python'
[0.203s] Level 1:colcon.colcon_core.package_identification:_identify(src/localization) by extensions ['python_setup_py']
[0.203s] Level 1:colcon.colcon_core.package_identification:_identify(src/localization) by extension 'python_setup_py'
[0.203s] Level 1:colcon.colcon_core.package_identification:_identify(src/localization/ekf) by extensions ['ignore', 'ignore_ament_install']
[0.203s] Level 1:colcon.colcon_core.package_identification:_identify(src/localization/ekf) by extension 'ignore'
[0.203s] Level 1:colcon.colcon_core.package_identification:_identify(src/localization/ekf) by extension 'ignore_ament_install'
[0.203s] Level 1:colcon.colcon_core.package_identification:_identify(src/localization/ekf) by extensions ['colcon_pkg']
[0.203s] Level 1:colcon.colcon_core.package_identification:_identify(src/localization/ekf) by extension 'colcon_pkg'
[0.203s] Level 1:colcon.colcon_core.package_identification:_identify(src/localization/ekf) by extensions ['colcon_meta']
[0.203s] Level 1:colcon.colcon_core.package_identification:_identify(src/localization/ekf) by extension 'colcon_meta'
[0.203s] Level 1:colcon.colcon_core.package_identification:_identify(src/localization/ekf) by extensions ['ros']
[0.203s] Level 1:colcon.colcon_core.package_identification:_identify(src/localization/ekf) by extension 'ros'
[0.203s] DEBUG:colcon.colcon_core.package_identification:Package 'src/localization/ekf' with type 'ros.ament_python' and name 'ekf'
[0.203s] Level 1:colcon.colcon_core.package_identification:_identify(src/localization/odom) by extensions ['ignore', 'ignore_ament_install']
[0.203s] Level 1:colcon.colcon_core.package_identification:_identify(src/localization/odom) by extension 'ignore'
[0.203s] Level 1:colcon.colcon_core.package_identification:_identify(src/localization/odom) by extension 'ignore_ament_install'
[0.203s] Level 1:colcon.colcon_core.package_identification:_identify(src/localization/odom) by extensions ['colcon_pkg']
[0.203s] Level 1:colcon.colcon_core.package_identification:_identify(src/localization/odom) by extension 'colcon_pkg'
[0.203s] Level 1:colcon.colcon_core.package_identification:_identify(src/localization/odom) by extensions ['colcon_meta']
[0.203s] Level 1:colcon.colcon_core.package_identification:_identify(src/localization/odom) by extension 'colcon_meta'
[0.203s] Level 1:colcon.colcon_core.package_identification:_identify(src/localization/odom) by extensions ['ros']
[0.203s] Level 1:colcon.colcon_core.package_identification:_identify(src/localization/odom) by extension 'ros'
[0.204s] DEBUG:colcon.colcon_core.package_identification:Package 'src/localization/odom' with type 'ros.ament_python' and name 'odom'
[0.204s] Level 1:colcon.colcon_core.package_identification:_identify(src/mapping) by extensions ['ignore', 'ignore_ament_install']
[0.204s] Level 1:colcon.colcon_core.package_identification:_identify(src/mapping) by extension 'ignore'
[0.204s] Level 1:colcon.colcon_core.package_identification:_identify(src/mapping) by extension 'ignore_ament_install'
[0.204s] Level 1:colcon.colcon_core.package_identification:_identify(src/mapping) by extensions ['colcon_pkg']
[0.204s] Level 1:colcon.colcon_core.package_identification:_identify(src/mapping) by extension 'colcon_pkg'
[0.204s] Level 1:colcon.colcon_core.package_identification:_identify(src/mapping) by extensions ['colcon_meta']
[0.204s] Level 1:colcon.colcon_core.package_identification:_identify(src/mapping) by extension 'colcon_meta'
[0.204s] Level 1:colcon.colcon_core.package_identification:_identify(src/mapping) by extensions ['ros']
[0.204s] Level 1:colcon.colcon_core.package_identification:_identify(src/mapping) by extension 'ros'
[0.204s] DEBUG:colcon.colcon_core.package_identification:Package 'src/mapping' with type 'ros.ament_python' and name 'mapping'
[0.204s] Level 1:colcon.colcon_core.package_identification:_identify(src/teleop) by extensions ['ignore', 'ignore_ament_install']
[0.204s] Level 1:colcon.colcon_core.package_identification:_identify(src/teleop) by extension 'ignore'
[0.204s] Level 1:colcon.colcon_core.package_identification:_identify(src/teleop) by extension 'ignore_ament_install'
[0.204s] Level 1:colcon.colcon_core.package_identification:_identify(src/teleop) by extensions ['colcon_pkg']
[0.204s] Level 1:colcon.colcon_core.package_identification:_identify(src/teleop) by extension 'colcon_pkg'
[0.205s] Level 1:colcon.colcon_core.package_identification:_identify(src/teleop) by extensions ['colcon_meta']
[0.205s] Level 1:colcon.colcon_core.package_identification:_identify(src/teleop) by extension 'colcon_meta'
[0.205s] Level 1:colcon.colcon_core.package_identification:_identify(src/teleop) by extensions ['ros']
[0.205s] Level 1:colcon.colcon_core.package_identification:_identify(src/teleop) by extension 'ros'
[0.205s] Level 1:colcon.colcon_core.package_identification:_identify(src/teleop) by extensions ['cmake', 'python']
[0.205s] Level 1:colcon.colcon_core.package_identification:_identify(src/teleop) by extension 'cmake'
[0.205s] Level 1:colcon.colcon_core.package_identification:_identify(src/teleop) by extension 'python'
[0.205s] Level 1:colcon.colcon_core.package_identification:_identify(src/teleop) by extensions ['python_setup_py']
[0.205s] Level 1:colcon.colcon_core.package_identification:_identify(src/teleop) by extension 'python_setup_py'
[0.205s] Level 1:colcon.colcon_core.package_identification:_identify(src/teleop/mc6c) by extensions ['ignore', 'ignore_ament_install']
[0.205s] Level 1:colcon.colcon_core.package_identification:_identify(src/teleop/mc6c) by extension 'ignore'
[0.205s] Level 1:colcon.colcon_core.package_identification:_identify(src/teleop/mc6c) by extension 'ignore_ament_install'
[0.205s] Level 1:colcon.colcon_core.package_identification:_identify(src/teleop/mc6c) by extensions ['colcon_pkg']
[0.205s] Level 1:colcon.colcon_core.package_identification:_identify(src/teleop/mc6c) by extension 'colcon_pkg'
[0.205s] Level 1:colcon.colcon_core.package_identification:_identify(src/teleop/mc6c) by extensions ['colcon_meta']
[0.205s] Level 1:colcon.colcon_core.package_identification:_identify(src/teleop/mc6c) by extension 'colcon_meta'
[0.205s] Level 1:colcon.colcon_core.package_identification:_identify(src/teleop/mc6c) by extensions ['ros']
[0.205s] Level 1:colcon.colcon_core.package_identification:_identify(src/teleop/mc6c) by extension 'ros'
[0.205s] Level 1:colcon.colcon_core.package_identification:_identify(src/teleop/mc6c) by extensions ['cmake', 'python']
[0.205s] Level 1:colcon.colcon_core.package_identification:_identify(src/teleop/mc6c) by extension 'cmake'
[0.205s] Level 1:colcon.colcon_core.package_identification:_identify(src/teleop/mc6c) by extension 'python'
[0.205s] Level 1:colcon.colcon_core.package_identification:_identify(src/teleop/mc6c) by extensions ['python_setup_py']
[0.205s] Level 1:colcon.colcon_core.package_identification:_identify(src/teleop/mc6c) by extension 'python_setup_py'
[0.205s] Level 1:colcon.colcon_core.package_identification:_identify(src/teleop/mc6c/__pycache__) by extensions ['ignore', 'ignore_ament_install']
[0.205s] Level 1:colcon.colcon_core.package_identification:_identify(src/teleop/mc6c/__pycache__) by extension 'ignore'
[0.205s] Level 1:colcon.colcon_core.package_identification:_identify(src/teleop/mc6c/__pycache__) by extension 'ignore_ament_install'
[0.205s] Level 1:colcon.colcon_core.package_identification:_identify(src/teleop/mc6c/__pycache__) by extensions ['colcon_pkg']
[0.205s] Level 1:colcon.colcon_core.package_identification:_identify(src/teleop/mc6c/__pycache__) by extension 'colcon_pkg'
[0.205s] Level 1:colcon.colcon_core.package_identification:_identify(src/teleop/mc6c/__pycache__) by extensions ['colcon_meta']
[0.205s] Level 1:colcon.colcon_core.package_identification:_identify(src/teleop/mc6c/__pycache__) by extension 'colcon_meta'
[0.205s] Level 1:colcon.colcon_core.package_identification:_identify(src/teleop/mc6c/__pycache__) by extensions ['ros']
[0.205s] Level 1:colcon.colcon_core.package_identification:_identify(src/teleop/mc6c/__pycache__) by extension 'ros'
[0.205s] Level 1:colcon.colcon_core.package_identification:_identify(src/teleop/mc6c/__pycache__) by extensions ['cmake', 'python']
[0.205s] Level 1:colcon.colcon_core.package_identification:_identify(src/teleop/mc6c/__pycache__) by extension 'cmake'
[0.205s] Level 1:colcon.colcon_core.package_identification:_identify(src/teleop/mc6c/__pycache__) by extension 'python'
[0.205s] Level 1:colcon.colcon_core.package_identification:_identify(src/teleop/mc6c/__pycache__) by extensions ['python_setup_py']
[0.205s] Level 1:colcon.colcon_core.package_identification:_identify(src/teleop/mc6c/__pycache__) by extension 'python_setup_py'
[0.205s] Level 1:colcon.colcon_core.package_identification:_identify(src/teleop/ps3) by extensions ['ignore', 'ignore_ament_install']
[0.205s] Level 1:colcon.colcon_core.package_identification:_identify(src/teleop/ps3) by extension 'ignore'
[0.206s] Level 1:colcon.colcon_core.package_identification:_identify(src/teleop/ps3) by extension 'ignore_ament_install'
[0.206s] Level 1:colcon.colcon_core.package_identification:_identify(src/teleop/ps3) by extensions ['colcon_pkg']
[0.206s] Level 1:colcon.colcon_core.package_identification:_identify(src/teleop/ps3) by extension 'colcon_pkg'
[0.206s] Level 1:colcon.colcon_core.package_identification:_identify(src/teleop/ps3) by extensions ['colcon_meta']
[0.206s] Level 1:colcon.colcon_core.package_identification:_identify(src/teleop/ps3) by extension 'colcon_meta'
[0.206s] Level 1:colcon.colcon_core.package_identification:_identify(src/teleop/ps3) by extensions ['ros']
[0.206s] Level 1:colcon.colcon_core.package_identification:_identify(src/teleop/ps3) by extension 'ros'
[0.206s] DEBUG:colcon.colcon_core.package_identification:Package 'src/teleop/ps3' with type 'ros.ament_python' and name 'ps3'
[0.206s] Level 1:colcon.colcon_core.package_discovery:discover_packages(recursive) using defaults
[0.206s] Level 1:colcon.colcon_core.package_discovery:discover_packages(ignore) discover
[0.206s] Level 1:colcon.colcon_core.package_discovery:discover_packages(ignore) using defaults
[0.206s] Level 1:colcon.colcon_core.package_discovery:discover_packages(path) discover
[0.206s] Level 1:colcon.colcon_core.package_discovery:discover_packages(path) using defaults
[0.221s] INFO:colcon.colcon_core.package_selection:Skipping not selected package 'bringup' in 'src/bringup'
[0.221s] INFO:colcon.colcon_core.package_selection:Skipping not selected package 'low_control' in 'src/hardware/low_control'
[0.221s] INFO:colcon.colcon_core.package_selection:Skipping not selected package 'mapping' in 'src/mapping'
[0.221s] INFO:colcon.colcon_core.package_selection:Skipping not selected package 'microstrain_inertial_description' in 'src/hardware/microstrain_inertial/microstrain_inertial_description'
[0.221s] INFO:colcon.colcon_core.package_selection:Skipping not selected package 'microstrain_inertial_msgs' in 'src/hardware/microstrain_inertial/microstrain_inertial_msgs'
[0.221s] INFO:colcon.colcon_core.package_selection:Skipping not selected package 'ps3' in 'src/teleop/ps3'
[0.221s] INFO:colcon.colcon_core.package_selection:Skipping not selected package 'simulation' in 'src/description'
[0.221s] INFO:colcon.colcon_core.package_selection:Skipping not selected package 'velodyne_laserscan' in 'src/hardware/velodyne/velodyne_laserscan'
[0.221s] INFO:colcon.colcon_core.package_selection:Skipping not selected package 'velodyne_msgs' in 'src/hardware/velodyne/velodyne_msgs'
[0.221s] INFO:colcon.colcon_core.package_selection:Skipping not selected package 'microstrain_inertial_driver' in 'src/hardware/microstrain_inertial/microstrain_inertial_driver'
[0.221s] INFO:colcon.colcon_core.package_selection:Skipping not selected package 'microstrain_inertial_rqt' in 'src/hardware/microstrain_inertial/microstrain_inertial_rqt'
[0.221s] INFO:colcon.colcon_core.package_selection:Skipping not selected package 'velodyne_driver' in 'src/hardware/velodyne/velodyne_driver'
[0.221s] INFO:colcon.colcon_core.package_selection:Skipping not selected package 'velodyne_pointcloud' in 'src/hardware/velodyne/velodyne_pointcloud'
[0.221s] INFO:colcon.colcon_core.package_selection:Skipping not selected package 'microstrain_inertial_examples' in 'src/hardware/microstrain_inertial/microstrain_inertial_examples'
[0.221s] INFO:colcon.colcon_core.package_selection:Skipping not selected package 'velodyne' in 'src/hardware/velodyne/velodyne'
[0.221s] Level 1:colcon.colcon_core.package_discovery:discover_packages(prefix_path) check parameters
[0.221s] Level 1:colcon.colcon_core.package_discovery:discover_packages(prefix_path) discover
[0.223s] DEBUG:colcon.colcon_installed_package_information.package_discovery:Found 17 installed packages in /home/chienle/Desktop/skid_robot_v2/install
[0.224s] DEBUG:colcon.colcon_installed_package_information.package_discovery:Found 447 installed packages in /opt/ros/humble
[0.226s] Level 1:colcon.colcon_core.package_discovery:discover_packages(prefix_path) using defaults
[0.256s] Level 5:colcon.colcon_core.verb:set package 'ekf' build argument 'cmake_args' from command line to 'None'
[0.256s] Level 5:colcon.colcon_core.verb:set package 'ekf' build argument 'cmake_target' from command line to 'None'
[0.256s] Level 5:colcon.colcon_core.verb:set package 'ekf' build argument 'cmake_target_skip_unavailable' from command line to 'False'
[0.256s] Level 5:colcon.colcon_core.verb:set package 'ekf' build argument 'cmake_clean_cache' from command line to 'False'
[0.256s] Level 5:colcon.colcon_core.verb:set package 'ekf' build argument 'cmake_clean_first' from command line to 'False'
[0.256s] Level 5:colcon.colcon_core.verb:set package 'ekf' build argument 'cmake_force_configure' from command line to 'False'
[0.256s] Level 5:colcon.colcon_core.verb:set package 'ekf' build argument 'ament_cmake_args' from command line to 'None'
[0.256s] Level 5:colcon.colcon_core.verb:set package 'ekf' build argument 'catkin_cmake_args' from command line to 'None'
[0.256s] Level 5:colcon.colcon_core.verb:set package 'ekf' build argument 'catkin_skip_building_tests' from command line to 'False'
[0.256s] DEBUG:colcon.colcon_core.verb:Building package 'ekf' with the following arguments: {'ament_cmake_args': None, 'build_base': '/home/chienle/Desktop/skid_robot_v2/build/ekf', 'catkin_cmake_args': None, 'catkin_skip_building_tests': False, 'cmake_args': None, 'cmake_clean_cache': False, 'cmake_clean_first': False, 'cmake_force_configure': False, 'cmake_target': None, 'cmake_target_skip_unavailable': False, 'install_base': '/home/chienle/Desktop/skid_robot_v2/install/ekf', 'merge_install': False, 'path': '/home/chienle/Desktop/skid_robot_v2/src/localization/ekf', 'symlink_install': False, 'test_result_base': None}
[0.257s] Level 5:colcon.colcon_core.verb:set package 'odom' build argument 'cmake_args' from command line to 'None'
[0.257s] Level 5:colcon.colcon_core.verb:set package 'odom' build argument 'cmake_target' from command line to 'None'
[0.257s] Level 5:colcon.colcon_core.verb:set package 'odom' build argument 'cmake_target_skip_unavailable' from command line to 'False'
[0.257s] Level 5:colcon.colcon_core.verb:set package 'odom' build argument 'cmake_clean_cache' from command line to 'False'
[0.257s] Level 5:colcon.colcon_core.verb:set package 'odom' build argument 'cmake_clean_first' from command line to 'False'
[0.257s] Level 5:colcon.colcon_core.verb:set package 'odom' build argument 'cmake_force_configure' from command line to 'False'
[0.257s] Level 5:colcon.colcon_core.verb:set package 'odom' build argument 'ament_cmake_args' from command line to 'None'
[0.257s] Level 5:colcon.colcon_core.verb:set package 'odom' build argument 'catkin_cmake_args' from command line to 'None'
[0.257s] Level 5:colcon.colcon_core.verb:set package 'odom' build argument 'catkin_skip_building_tests' from command line to 'False'
[0.257s] DEBUG:colcon.colcon_core.verb:Building package 'odom' with the following arguments: {'ament_cmake_args': None, 'build_base': '/home/chienle/Desktop/skid_robot_v2/build/odom', 'catkin_cmake_args': None, 'catkin_skip_building_tests': False, 'cmake_args': None, 'cmake_clean_cache': False, 'cmake_clean_first': False, 'cmake_force_configure': False, 'cmake_target': None, 'cmake_target_skip_unavailable': False, 'install_base': '/home/chienle/Desktop/skid_robot_v2/install/odom', 'merge_install': False, 'path': '/home/chienle/Desktop/skid_robot_v2/src/localization/odom', 'symlink_install': False, 'test_result_base': None}
[0.257s] INFO:colcon.colcon_core.executor:Executing jobs using 'parallel' executor
[0.258s] DEBUG:colcon.colcon_parallel_executor.executor.parallel:run_until_complete
[0.258s] INFO:colcon.colcon_ros.task.ament_python.build:Building ROS package in '/home/chienle/Desktop/skid_robot_v2/src/localization/ekf' with build type 'ament_python'
[0.258s] Level 1:colcon.colcon_core.shell:create_environment_hook('ekf', 'ament_prefix_path')
[0.259s] INFO:colcon.colcon_core.plugin_system:Skipping extension 'colcon_core.shell.bat': Not used on non-Windows systems
[0.260s] INFO:colcon.colcon_core.shell:Creating environment hook '/home/chienle/Desktop/skid_robot_v2/install/ekf/share/ekf/hook/ament_prefix_path.ps1'
[0.260s] INFO:colcon.colcon_core.shell:Creating environment descriptor '/home/chienle/Desktop/skid_robot_v2/install/ekf/share/ekf/hook/ament_prefix_path.dsv'
[0.260s] INFO:colcon.colcon_core.shell:Creating environment hook '/home/chienle/Desktop/skid_robot_v2/install/ekf/share/ekf/hook/ament_prefix_path.sh'
[0.261s] INFO:colcon.colcon_core.shell:Skip shell extension 'powershell' for command environment: Not usable outside of PowerShell
[0.261s] DEBUG:colcon.colcon_core.shell:Skip shell extension 'dsv' for command environment
[0.264s] INFO:colcon.colcon_ros.task.ament_python.build:Building ROS package in '/home/chienle/Desktop/skid_robot_v2/src/localization/odom' with build type 'ament_python'
[0.264s] Level 1:colcon.colcon_core.shell:create_environment_hook('odom', 'ament_prefix_path')
[0.264s] INFO:colcon.colcon_core.shell:Creating environment hook '/home/chienle/Desktop/skid_robot_v2/install/odom/share/odom/hook/ament_prefix_path.ps1'
[0.264s] INFO:colcon.colcon_core.shell:Creating environment descriptor '/home/chienle/Desktop/skid_robot_v2/install/odom/share/odom/hook/ament_prefix_path.dsv'
[0.264s] INFO:colcon.colcon_core.shell:Creating environment hook '/home/chienle/Desktop/skid_robot_v2/install/odom/share/odom/hook/ament_prefix_path.sh'
[0.265s] INFO:colcon.colcon_core.shell:Skip shell extension 'powershell' for command environment: Not usable outside of PowerShell
[0.265s] DEBUG:colcon.colcon_core.shell:Skip shell extension 'dsv' for command environment
[0.440s] INFO:colcon.colcon_core.task.python.build:Building Python package in '/home/chienle/Desktop/skid_robot_v2/src/localization/ekf'
[0.441s] INFO:colcon.colcon_core.shell:Skip shell extension 'powershell' for command environment: Not usable outside of PowerShell
[0.441s] DEBUG:colcon.colcon_core.shell:Skip shell extension 'dsv' for command environment
[0.618s] INFO:colcon.colcon_core.task.python.build:Building Python package in '/home/chienle/Desktop/skid_robot_v2/src/localization/odom'
[0.618s] INFO:colcon.colcon_core.shell:Skip shell extension 'powershell' for command environment: Not usable outside of PowerShell
[0.618s] DEBUG:colcon.colcon_core.shell:Skip shell extension 'dsv' for command environment
[0.858s] DEBUG:colcon.colcon_core.event_handler.log_command:Invoking command in '/home/chienle/Desktop/skid_robot_v2/build/ekf': PYTHONPATH=/home/chienle/Desktop/skid_robot_v2/build/ekf/prefix_override:/usr/lib/python3/dist-packages/colcon_core/task/python/colcon_distutils_commands:/home/chienle/Desktop/skid_robot_v2/install/ekf/lib/python3.10/site-packages:${PYTHONPATH} /usr/bin/python3 -W ignore:setup.py install is deprecated -W ignore:easy_install command is deprecated setup.py develop --uninstall --editable --build-directory /home/chienle/Desktop/skid_robot_v2/build/ekf/build
[0.861s] DEBUG:colcon.colcon_core.event_handler.log_command:Invoking command in '/home/chienle/Desktop/skid_robot_v2/build/odom': PYTHONPATH=/home/chienle/Desktop/skid_robot_v2/build/odom/prefix_override:/usr/lib/python3/dist-packages/colcon_core/task/python/colcon_distutils_commands:/home/chienle/Desktop/skid_robot_v2/install/odom/lib/python3.10/site-packages:${PYTHONPATH} /usr/bin/python3 -W ignore:setup.py install is deprecated -W ignore:easy_install command is deprecated setup.py develop --uninstall --editable --build-directory /home/chienle/Desktop/skid_robot_v2/build/odom/build
[1.169s] DEBUG:colcon.colcon_core.event_handler.log_command:Invoked command in '/home/chienle/Desktop/skid_robot_v2/build/odom' returned '0': PYTHONPATH=/home/chienle/Desktop/skid_robot_v2/build/odom/prefix_override:/usr/lib/python3/dist-packages/colcon_core/task/python/colcon_distutils_commands:/home/chienle/Desktop/skid_robot_v2/install/odom/lib/python3.10/site-packages:${PYTHONPATH} /usr/bin/python3 -W ignore:setup.py install is deprecated -W ignore:easy_install command is deprecated setup.py develop --uninstall --editable --build-directory /home/chienle/Desktop/skid_robot_v2/build/odom/build
[1.170s] DEBUG:colcon.colcon_core.event_handler.log_command:Invoking command in '/home/chienle/Desktop/skid_robot_v2/src/localization/odom': PYTHONPATH=/home/chienle/Desktop/skid_robot_v2/build/odom/prefix_override:/usr/lib/python3/dist-packages/colcon_core/task/python/colcon_distutils_commands:/home/chienle/Desktop/skid_robot_v2/install/odom/lib/python3.10/site-packages:${PYTHONPATH} /usr/bin/python3 -W ignore:setup.py install is deprecated -W ignore:easy_install command is deprecated setup.py egg_info --egg-base ../../../build/odom build --build-base /home/chienle/Desktop/skid_robot_v2/build/odom/build install --record /home/chienle/Desktop/skid_robot_v2/build/odom/install.log --single-version-externally-managed install_data --force
[1.171s] DEBUG:colcon.colcon_core.event_handler.log_command:Invoked command in '/home/chienle/Desktop/skid_robot_v2/build/ekf' returned '0': PYTHONPATH=/home/chienle/Desktop/skid_robot_v2/build/ekf/prefix_override:/usr/lib/python3/dist-packages/colcon_core/task/python/colcon_distutils_commands:/home/chienle/Desktop/skid_robot_v2/install/ekf/lib/python3.10/site-packages:${PYTHONPATH} /usr/bin/python3 -W ignore:setup.py install is deprecated -W ignore:easy_install command is deprecated setup.py develop --uninstall --editable --build-directory /home/chienle/Desktop/skid_robot_v2/build/ekf/build
[1.172s] DEBUG:colcon.colcon_core.event_handler.log_command:Invoking command in '/home/chienle/Desktop/skid_robot_v2/src/localization/ekf': PYTHONPATH=/home/chienle/Desktop/skid_robot_v2/build/ekf/prefix_override:/usr/lib/python3/dist-packages/colcon_core/task/python/colcon_distutils_commands:/home/chienle/Desktop/skid_robot_v2/install/ekf/lib/python3.10/site-packages:${PYTHONPATH} /usr/bin/python3 -W ignore:setup.py install is deprecated -W ignore:easy_install command is deprecated setup.py egg_info --egg-base ../../../build/ekf build --build-base /home/chienle/Desktop/skid_robot_v2/build/ekf/build install --record /home/chienle/Desktop/skid_robot_v2/build/ekf/install.log --single-version-externally-managed install_data --force
[1.368s] DEBUG:colcon.colcon_core.event_handler.log_command:Invoked command in '/home/chienle/Desktop/skid_robot_v2/src/localization/odom' returned '0': PYTHONPATH=/home/chienle/Desktop/skid_robot_v2/build/odom/prefix_override:/usr/lib/python3/dist-packages/colcon_core/task/python/colcon_distutils_commands:/home/chienle/Desktop/skid_robot_v2/install/odom/lib/python3.10/site-packages:${PYTHONPATH} /usr/bin/python3 -W ignore:setup.py install is deprecated -W ignore:easy_install command is deprecated setup.py egg_info --egg-base ../../../build/odom build --build-base /home/chienle/Desktop/skid_robot_v2/build/odom/build install --record /home/chienle/Desktop/skid_robot_v2/build/odom/install.log --single-version-externally-managed install_data --force
[1.369s] Level 1:colcon.colcon_core.environment:checking '/home/chienle/Desktop/skid_robot_v2/install/odom' for CMake module files
[1.370s] Level 1:colcon.colcon_core.environment:checking '/home/chienle/Desktop/skid_robot_v2/install/odom' for CMake config files
[1.370s] Level 1:colcon.colcon_core.environment:checking '/home/chienle/Desktop/skid_robot_v2/install/odom/lib'
[1.370s] Level 1:colcon.colcon_core.environment:checking '/home/chienle/Desktop/skid_robot_v2/install/odom/bin'
[1.370s] Level 1:colcon.colcon_core.environment:checking '/home/chienle/Desktop/skid_robot_v2/install/odom/lib/pkgconfig/odom.pc'
[1.370s] Level 1:colcon.colcon_core.environment:checking '/home/chienle/Desktop/skid_robot_v2/install/odom/lib/python3.10/site-packages'
[1.370s] Level 1:colcon.colcon_core.shell:create_environment_hook('odom', 'pythonpath')
[1.371s] INFO:colcon.colcon_core.shell:Creating environment hook '/home/chienle/Desktop/skid_robot_v2/install/odom/share/odom/hook/pythonpath.ps1'
[1.371s] INFO:colcon.colcon_core.shell:Creating environment descriptor '/home/chienle/Desktop/skid_robot_v2/install/odom/share/odom/hook/pythonpath.dsv'
[1.371s] INFO:colcon.colcon_core.shell:Creating environment hook '/home/chienle/Desktop/skid_robot_v2/install/odom/share/odom/hook/pythonpath.sh'
[1.371s] Level 1:colcon.colcon_core.environment:checking '/home/chienle/Desktop/skid_robot_v2/install/odom/bin'
[1.371s] Level 1:colcon.colcon_core.environment:create_environment_scripts_only(odom)
[1.372s] INFO:colcon.colcon_core.shell:Creating package script '/home/chienle/Desktop/skid_robot_v2/install/odom/share/odom/package.ps1'
[1.372s] INFO:colcon.colcon_core.shell:Creating package descriptor '/home/chienle/Desktop/skid_robot_v2/install/odom/share/odom/package.dsv'
[1.372s] INFO:colcon.colcon_core.shell:Creating package script '/home/chienle/Desktop/skid_robot_v2/install/odom/share/odom/package.sh'
[1.373s] INFO:colcon.colcon_core.shell:Creating package script '/home/chienle/Desktop/skid_robot_v2/install/odom/share/odom/package.bash'
[1.373s] INFO:colcon.colcon_core.shell:Creating package script '/home/chienle/Desktop/skid_robot_v2/install/odom/share/odom/package.zsh'
[1.374s] Level 1:colcon.colcon_core.environment:create_file_with_runtime_dependencies(/home/chienle/Desktop/skid_robot_v2/install/odom/share/colcon-core/packages/odom)
[1.374s] Level 1:colcon.colcon_core.environment:checking '/home/chienle/Desktop/skid_robot_v2/install/ekf' for CMake module files
[1.375s] DEBUG:colcon.colcon_core.event_handler.log_command:Invoked command in '/home/chienle/Desktop/skid_robot_v2/src/localization/ekf' returned '0': PYTHONPATH=/home/chienle/Desktop/skid_robot_v2/build/ekf/prefix_override:/usr/lib/python3/dist-packages/colcon_core/task/python/colcon_distutils_commands:/home/chienle/Desktop/skid_robot_v2/install/ekf/lib/python3.10/site-packages:${PYTHONPATH} /usr/bin/python3 -W ignore:setup.py install is deprecated -W ignore:easy_install command is deprecated setup.py egg_info --egg-base ../../../build/ekf build --build-base /home/chienle/Desktop/skid_robot_v2/build/ekf/build install --record /home/chienle/Desktop/skid_robot_v2/build/ekf/install.log --single-version-externally-managed install_data --force
[1.375s] Level 1:colcon.colcon_core.environment:checking '/home/chienle/Desktop/skid_robot_v2/install/ekf' for CMake config files
[1.375s] Level 1:colcon.colcon_core.environment:checking '/home/chienle/Desktop/skid_robot_v2/install/ekf/lib'
[1.375s] Level 1:colcon.colcon_core.environment:checking '/home/chienle/Desktop/skid_robot_v2/install/ekf/bin'
[1.375s] Level 1:colcon.colcon_core.environment:checking '/home/chienle/Desktop/skid_robot_v2/install/ekf/lib/pkgconfig/ekf.pc'
[1.375s] Level 1:colcon.colcon_core.environment:checking '/home/chienle/Desktop/skid_robot_v2/install/ekf/lib/python3.10/site-packages'
[1.375s] Level 1:colcon.colcon_core.shell:create_environment_hook('ekf', 'pythonpath')
[1.375s] INFO:colcon.colcon_core.shell:Creating environment hook '/home/chienle/Desktop/skid_robot_v2/install/ekf/share/ekf/hook/pythonpath.ps1'
[1.376s] INFO:colcon.colcon_core.shell:Creating environment descriptor '/home/chienle/Desktop/skid_robot_v2/install/ekf/share/ekf/hook/pythonpath.dsv'
[1.376s] INFO:colcon.colcon_core.shell:Creating environment hook '/home/chienle/Desktop/skid_robot_v2/install/ekf/share/ekf/hook/pythonpath.sh'
[1.376s] Level 1:colcon.colcon_core.environment:checking '/home/chienle/Desktop/skid_robot_v2/install/ekf/bin'
[1.376s] Level 1:colcon.colcon_core.environment:create_environment_scripts_only(ekf)
[1.377s] INFO:colcon.colcon_core.shell:Creating package script '/home/chienle/Desktop/skid_robot_v2/install/ekf/share/ekf/package.ps1'
[1.377s] INFO:colcon.colcon_core.shell:Creating package descriptor '/home/chienle/Desktop/skid_robot_v2/install/ekf/share/ekf/package.dsv'
[1.377s] INFO:colcon.colcon_core.shell:Creating package script '/home/chienle/Desktop/skid_robot_v2/install/ekf/share/ekf/package.sh'
[1.377s] INFO:colcon.colcon_core.shell:Creating package script '/home/chienle/Desktop/skid_robot_v2/install/ekf/share/ekf/package.bash'
[1.377s] INFO:colcon.colcon_core.shell:Creating package script '/home/chienle/Desktop/skid_robot_v2/install/ekf/share/ekf/package.zsh'
[1.378s] Level 1:colcon.colcon_core.environment:create_file_with_runtime_dependencies(/home/chienle/Desktop/skid_robot_v2/install/ekf/share/colcon-core/packages/ekf)
[1.378s] DEBUG:colcon.colcon_parallel_executor.executor.parallel:closing loop
[1.378s] DEBUG:colcon.colcon_parallel_executor.executor.parallel:loop closed
[1.378s] DEBUG:colcon.colcon_parallel_executor.executor.parallel:run_until_complete finished with '0'
[1.378s] DEBUG:colcon.colcon_core.event_reactor:joining thread
[1.382s] INFO:colcon.colcon_core.plugin_system:Skipping extension 'colcon_notification.desktop_notification.terminal_notifier': Not used on non-Darwin systems
[1.382s] INFO:colcon.colcon_core.plugin_system:Skipping extension 'colcon_notification.desktop_notification.win32': Not used on non-Windows systems
[1.382s] INFO:colcon.colcon_notification.desktop_notification:Sending desktop notification using 'notify2'
[1.391s] DEBUG:colcon.colcon_core.event_reactor:joined thread
[1.391s] INFO:colcon.colcon_core.shell:Creating prefix script '/home/chienle/Desktop/skid_robot_v2/install/local_setup.ps1'
[1.392s] INFO:colcon.colcon_core.shell:Creating prefix util module '/home/chienle/Desktop/skid_robot_v2/install/_local_setup_util_ps1.py'
[1.392s] INFO:colcon.colcon_core.shell:Creating prefix chain script '/home/chienle/Desktop/skid_robot_v2/install/setup.ps1'
[1.393s] INFO:colcon.colcon_core.shell:Creating prefix script '/home/chienle/Desktop/skid_robot_v2/install/local_setup.sh'
[1.393s] INFO:colcon.colcon_core.shell:Creating prefix util module '/home/chienle/Desktop/skid_robot_v2/install/_local_setup_util_sh.py'
[1.394s] INFO:colcon.colcon_core.shell:Creating prefix chain script '/home/chienle/Desktop/skid_robot_v2/install/setup.sh'
[1.395s] INFO:colcon.colcon_core.shell:Creating prefix script '/home/chienle/Desktop/skid_robot_v2/install/local_setup.bash'
[1.395s] INFO:colcon.colcon_core.shell:Creating prefix chain script '/home/chienle/Desktop/skid_robot_v2/install/setup.bash'
[1.396s] INFO:colcon.colcon_core.shell:Creating prefix script '/home/chienle/Desktop/skid_robot_v2/install/local_setup.zsh'
[1.396s] INFO:colcon.colcon_core.shell:Creating prefix chain script '/home/chienle/Desktop/skid_robot_v2/install/setup.zsh'
