[0.009s] Invoking command in '/home/chienle/Desktop/skid_robot_v2/build/velodyne_laserscan': CMAKE_PREFIX_PATH=/opt/ros/humble /usr/bin/cmake --build /home/chienle/Desktop/skid_robot_v2/build/velodyne_laserscan -- -j20 -l20
[0.086s] [ 50%] Built target velodyne_laserscan
[0.120s] [100%] Built target velodyne_laserscan_node
[0.136s] Invoked command in '/home/chienle/Desktop/skid_robot_v2/build/velodyne_laserscan' returned '0': CMAKE_PREFIX_PATH=/opt/ros/humble /usr/bin/cmake --build /home/chienle/Desktop/skid_robot_v2/build/velodyne_laserscan -- -j20 -l20
[0.139s] Invoking command in '/home/chienle/Desktop/skid_robot_v2/build/velodyne_laserscan': CMAKE_PREFIX_PATH=/opt/ros/humble /usr/bin/cmake --install /home/chienle/Desktop/skid_robot_v2/build/velodyne_laserscan
[0.148s] -- Install configuration: ""
[0.149s] -- Execute custom install script
[0.150s] -- Up-to-date symlink: /home/chienle/Desktop/skid_robot_v2/install/velodyne_laserscan/lib/velodyne_laserscan/velodyne_laserscan_node
[0.150s] -- Up-to-date symlink: /home/chienle/Desktop/skid_robot_v2/install/velodyne_laserscan/include/velodyne_laserscan/velodyne_laserscan.hpp
[0.151s] -- Up-to-date symlink: /home/chienle/Desktop/skid_robot_v2/install/velodyne_laserscan/share/velodyne_laserscan/config/default-velodyne_laserscan_node-params.yaml
[0.151s] -- Up-to-date symlink: /home/chienle/Desktop/skid_robot_v2/install/velodyne_laserscan/share/velodyne_laserscan/launch/velodyne_laserscan_node-composed-launch.py
[0.151s] -- Up-to-date symlink: /home/chienle/Desktop/skid_robot_v2/install/velodyne_laserscan/share/velodyne_laserscan/launch/velodyne_laserscan_node-launch.py
[0.151s] -- Up-to-date symlink: /home/chienle/Desktop/skid_robot_v2/install/velodyne_laserscan/share/ament_index/resource_index/package_run_dependencies/velodyne_laserscan
[0.152s] -- Up-to-date symlink: /home/chienle/Desktop/skid_robot_v2/install/velodyne_laserscan/share/ament_index/resource_index/parent_prefix_path/velodyne_laserscan
[0.152s] -- Up-to-date symlink: /home/chienle/Desktop/skid_robot_v2/install/velodyne_laserscan/share/velodyne_laserscan/environment/ament_prefix_path.sh
[0.152s] -- Up-to-date symlink: /home/chienle/Desktop/skid_robot_v2/install/velodyne_laserscan/share/velodyne_laserscan/environment/ament_prefix_path.dsv
[0.152s] -- Up-to-date symlink: /home/chienle/Desktop/skid_robot_v2/install/velodyne_laserscan/share/velodyne_laserscan/environment/path.sh
[0.153s] -- Up-to-date symlink: /home/chienle/Desktop/skid_robot_v2/install/velodyne_laserscan/share/velodyne_laserscan/environment/path.dsv
[0.153s] -- Up-to-date symlink: /home/chienle/Desktop/skid_robot_v2/install/velodyne_laserscan/share/velodyne_laserscan/local_setup.bash
[0.153s] -- Up-to-date symlink: /home/chienle/Desktop/skid_robot_v2/install/velodyne_laserscan/share/velodyne_laserscan/local_setup.sh
[0.154s] -- Up-to-date symlink: /home/chienle/Desktop/skid_robot_v2/install/velodyne_laserscan/share/velodyne_laserscan/local_setup.zsh
[0.154s] -- Up-to-date symlink: /home/chienle/Desktop/skid_robot_v2/install/velodyne_laserscan/share/velodyne_laserscan/local_setup.dsv
[0.154s] -- Symlinking: /home/chienle/Desktop/skid_robot_v2/install/velodyne_laserscan/share/velodyne_laserscan/package.dsv
[0.166s] -- Up-to-date symlink: /home/chienle/Desktop/skid_robot_v2/install/velodyne_laserscan/share/ament_index/resource_index/packages/velodyne_laserscan
[0.166s] -- Up-to-date symlink: /home/chienle/Desktop/skid_robot_v2/install/velodyne_laserscan/share/ament_index/resource_index/rclcpp_components/velodyne_laserscan
[0.166s] -- Up-to-date symlink: /home/chienle/Desktop/skid_robot_v2/install/velodyne_laserscan/share/velodyne_laserscan/cmake/ament_cmake_export_include_directories-extras.cmake
[0.167s] -- Up-to-date symlink: /home/chienle/Desktop/skid_robot_v2/install/velodyne_laserscan/share/velodyne_laserscan/cmake/ament_cmake_export_targets-extras.cmake
[0.167s] -- Up-to-date symlink: /home/chienle/Desktop/skid_robot_v2/install/velodyne_laserscan/share/velodyne_laserscan/cmake/ament_cmake_export_dependencies-extras.cmake
[0.167s] -- Up-to-date symlink: /home/chienle/Desktop/skid_robot_v2/install/velodyne_laserscan/share/velodyne_laserscan/cmake/velodyne_laserscanConfig.cmake
[0.168s] -- Up-to-date symlink: /home/chienle/Desktop/skid_robot_v2/install/velodyne_laserscan/share/velodyne_laserscan/cmake/velodyne_laserscanConfig-version.cmake
[0.168s] -- Up-to-date symlink: /home/chienle/Desktop/skid_robot_v2/install/velodyne_laserscan/share/velodyne_laserscan/package.xml
[0.169s] -- Up-to-date: /home/chienle/Desktop/skid_robot_v2/install/velodyne_laserscan/lib/libvelodyne_laserscan.so
[0.169s] -- Up-to-date: /home/chienle/Desktop/skid_robot_v2/install/velodyne_laserscan/share/velodyne_laserscan/cmake/velodyne_laserscanExport.cmake
[0.169s] -- Up-to-date: /home/chienle/Desktop/skid_robot_v2/install/velodyne_laserscan/share/velodyne_laserscan/cmake/velodyne_laserscanExport-noconfig.cmake
[0.172s] Invoked command in '/home/chienle/Desktop/skid_robot_v2/build/velodyne_laserscan' returned '0': CMAKE_PREFIX_PATH=/opt/ros/humble /usr/bin/cmake --install /home/chienle/Desktop/skid_robot_v2/build/velodyne_laserscan
