[0.650s] Invoking command in '/home/chienle/Desktop/skid_robot_v2/build/microstrain_inertial_rqt': AMENT_PREFIX_PATH=/home/chienle/Desktop/skid_robot_v2/install/microstrain_inertial_msgs:${AMENT_PREFIX_PATH} CMAKE_PREFIX_PATH=/home/chienle/Desktop/skid_robot_v2/install/microstrain_inertial_msgs LD_LIBRARY_PATH=/home/chienle/Desktop/skid_robot_v2/install/microstrain_inertial_msgs/lib:/usr/lib/x86_64-linux-gnu/gazebo-11/plugins:/opt/ros/humble/opt/rviz_ogre_vendor/lib:/opt/ros/humble/lib/x86_64-linux-gnu:/opt/ros/humble/lib:/usr/lib/x86_64-linux-gnu/gazebo-11/plugins PYTHONPATH=/home/chienle/Desktop/skid_robot_v2/build/microstrain_inertial_rqt/prefix_override:/usr/lib/python3/dist-packages/colcon_core/task/python/colcon_distutils_commands:/home/chienle/Desktop/skid_robot_v2/install/microstrain_inertial_rqt/lib/python3.10/site-packages:/home/chienle/Desktop/skid_robot_v2/install/microstrain_inertial_msgs/local/lib/python3.10/dist-packages:${PYTHONPATH} /usr/bin/python3 -W ignore:setup.py install is deprecated -W ignore:easy_install command is deprecated setup.py develop --editable --build-directory /home/chienle/Desktop/skid_robot_v2/build/microstrain_inertial_rqt/build --no-deps symlink_data
[0.905s] running develop
[1.063s] running egg_info
[1.063s] creating microstrain_inertial_rqt_common/src/microstrain_inertial_rqt.egg-info
[1.063s] writing microstrain_inertial_rqt_common/src/microstrain_inertial_rqt.egg-info/PKG-INFO
[1.063s] writing dependency_links to microstrain_inertial_rqt_common/src/microstrain_inertial_rqt.egg-info/dependency_links.txt
[1.063s] writing requirements to microstrain_inertial_rqt_common/src/microstrain_inertial_rqt.egg-info/requires.txt
[1.063s] writing top-level names to microstrain_inertial_rqt_common/src/microstrain_inertial_rqt.egg-info/top_level.txt
[1.063s] writing manifest file 'microstrain_inertial_rqt_common/src/microstrain_inertial_rqt.egg-info/SOURCES.txt'
[1.067s] reading manifest file 'microstrain_inertial_rqt_common/src/microstrain_inertial_rqt.egg-info/SOURCES.txt'
[1.068s] writing manifest file 'microstrain_inertial_rqt_common/src/microstrain_inertial_rqt.egg-info/SOURCES.txt'
[1.069s] running build_ext
[1.070s] Creating /home/chienle/Desktop/skid_robot_v2/install/microstrain_inertial_rqt/lib/python3.10/site-packages/microstrain-inertial-rqt.egg-link (link to microstrain_inertial_rqt_common/src)
[1.070s] 
[1.071s] Installed /home/chienle/Desktop/skid_robot_v2/build/microstrain_inertial_rqt/microstrain_inertial_rqt_common/src
[1.071s] running symlink_data
[1.071s] creating /home/chienle/Desktop/skid_robot_v2/install/microstrain_inertial_rqt/share/ament_index
[1.071s] creating /home/chienle/Desktop/skid_robot_v2/install/microstrain_inertial_rqt/share/ament_index/resource_index
[1.071s] creating /home/chienle/Desktop/skid_robot_v2/install/microstrain_inertial_rqt/share/ament_index/resource_index/packages
[1.071s] symbolically linking /home/chienle/Desktop/skid_robot_v2/build/microstrain_inertial_rqt/resource/microstrain_inertial_rqt -> /home/chienle/Desktop/skid_robot_v2/install/microstrain_inertial_rqt/share/ament_index/resource_index/packages
[1.071s] symbolically linking /home/chienle/Desktop/skid_robot_v2/build/microstrain_inertial_rqt/package.xml -> /home/chienle/Desktop/skid_robot_v2/install/microstrain_inertial_rqt/share/microstrain_inertial_rqt
[1.071s] symbolically linking /home/chienle/Desktop/skid_robot_v2/build/microstrain_inertial_rqt/launch/quickview_launch.py -> /home/chienle/Desktop/skid_robot_v2/install/microstrain_inertial_rqt/share/microstrain_inertial_rqt
[1.071s] creating /home/chienle/Desktop/skid_robot_v2/install/microstrain_inertial_rqt/share/microstrain_inertial_rqt/microstrain_inertial_rqt_common
[1.071s] symbolically linking /home/chienle/Desktop/skid_robot_v2/build/microstrain_inertial_rqt/microstrain_inertial_rqt_common/plugin.xml -> /home/chienle/Desktop/skid_robot_v2/install/microstrain_inertial_rqt/share/microstrain_inertial_rqt/microstrain_inertial_rqt_common
[1.071s] creating /home/chienle/Desktop/skid_robot_v2/install/microstrain_inertial_rqt/share/microstrain_inertial_rqt/microstrain_inertial_rqt_common/resource
[1.072s] symbolically linking /home/chienle/Desktop/skid_robot_v2/build/microstrain_inertial_rqt/microstrain_inertial_rqt_common/resource/FilterData.ui -> /home/chienle/Desktop/skid_robot_v2/install/microstrain_inertial_rqt/share/microstrain_inertial_rqt/microstrain_inertial_rqt_common/resource
[1.072s] symbolically linking /home/chienle/Desktop/skid_robot_v2/build/microstrain_inertial_rqt/microstrain_inertial_rqt_common/resource/GQ7LED.ui -> /home/chienle/Desktop/skid_robot_v2/install/microstrain_inertial_rqt/share/microstrain_inertial_rqt/microstrain_inertial_rqt_common/resource
[1.072s] symbolically linking /home/chienle/Desktop/skid_robot_v2/build/microstrain_inertial_rqt/microstrain_inertial_rqt_common/resource/RTKStatus.ui -> /home/chienle/Desktop/skid_robot_v2/install/microstrain_inertial_rqt/share/microstrain_inertial_rqt/microstrain_inertial_rqt_common/resource
[1.072s] symbolically linking /home/chienle/Desktop/skid_robot_v2/build/microstrain_inertial_rqt/microstrain_inertial_rqt_common/resource/DeviceSelector.ui -> /home/chienle/Desktop/skid_robot_v2/install/microstrain_inertial_rqt/share/microstrain_inertial_rqt/microstrain_inertial_rqt_common/resource
[1.072s] symbolically linking /home/chienle/Desktop/skid_robot_v2/build/microstrain_inertial_rqt/microstrain_inertial_rqt_common/resource/quickview.perspective -> /home/chienle/Desktop/skid_robot_v2/install/microstrain_inertial_rqt/share/microstrain_inertial_rqt/microstrain_inertial_rqt_common/resource
[1.072s] symbolically linking /home/chienle/Desktop/skid_robot_v2/build/microstrain_inertial_rqt/microstrain_inertial_rqt_common/resource/SensorData.ui -> /home/chienle/Desktop/skid_robot_v2/install/microstrain_inertial_rqt/share/microstrain_inertial_rqt/microstrain_inertial_rqt_common/resource
[1.072s] symbolically linking /home/chienle/Desktop/skid_robot_v2/build/microstrain_inertial_rqt/microstrain_inertial_rqt_common/resource/GNSSData.ui -> /home/chienle/Desktop/skid_robot_v2/install/microstrain_inertial_rqt/share/microstrain_inertial_rqt/microstrain_inertial_rqt_common/resource
[1.072s] creating /home/chienle/Desktop/skid_robot_v2/install/microstrain_inertial_rqt/share/microstrain_inertial_rqt/microstrain_inertial_rqt_common/resource/icons
[1.072s] symbolically linking /home/chienle/Desktop/skid_robot_v2/build/microstrain_inertial_rqt/microstrain_inertial_rqt_common/resource/icons/icon-red-checked.png -> /home/chienle/Desktop/skid_robot_v2/install/microstrain_inertial_rqt/share/microstrain_inertial_rqt/microstrain_inertial_rqt_common/resource/icons
[1.072s] symbolically linking /home/chienle/Desktop/skid_robot_v2/build/microstrain_inertial_rqt/microstrain_inertial_rqt_common/resource/icons/icon-blue-checked.png -> /home/chienle/Desktop/skid_robot_v2/install/microstrain_inertial_rqt/share/microstrain_inertial_rqt/microstrain_inertial_rqt_common/resource/icons
[1.072s] symbolically linking /home/chienle/Desktop/skid_robot_v2/build/microstrain_inertial_rqt/microstrain_inertial_rqt_common/resource/icons/icon-grey-unchecked.png -> /home/chienle/Desktop/skid_robot_v2/install/microstrain_inertial_rqt/share/microstrain_inertial_rqt/microstrain_inertial_rqt_common/resource/icons
[1.072s] symbolically linking /home/chienle/Desktop/skid_robot_v2/build/microstrain_inertial_rqt/microstrain_inertial_rqt_common/resource/icons/icon-teal-unchecked.png -> /home/chienle/Desktop/skid_robot_v2/install/microstrain_inertial_rqt/share/microstrain_inertial_rqt/microstrain_inertial_rqt_common/resource/icons
[1.072s] symbolically linking /home/chienle/Desktop/skid_robot_v2/build/microstrain_inertial_rqt/microstrain_inertial_rqt_common/resource/icons/icon-blue-unchecked.png -> /home/chienle/Desktop/skid_robot_v2/install/microstrain_inertial_rqt/share/microstrain_inertial_rqt/microstrain_inertial_rqt_common/resource/icons
[1.072s] symbolically linking /home/chienle/Desktop/skid_robot_v2/build/microstrain_inertial_rqt/microstrain_inertial_rqt_common/resource/icons/icon-teal-checked.png -> /home/chienle/Desktop/skid_robot_v2/install/microstrain_inertial_rqt/share/microstrain_inertial_rqt/microstrain_inertial_rqt_common/resource/icons
[1.072s] symbolically linking /home/chienle/Desktop/skid_robot_v2/build/microstrain_inertial_rqt/microstrain_inertial_rqt_common/resource/icons/icon-green-checked.png -> /home/chienle/Desktop/skid_robot_v2/install/microstrain_inertial_rqt/share/microstrain_inertial_rqt/microstrain_inertial_rqt_common/resource/icons
[1.072s] symbolically linking /home/chienle/Desktop/skid_robot_v2/build/microstrain_inertial_rqt/microstrain_inertial_rqt_common/resource/icons/icon-red-unchecked.png -> /home/chienle/Desktop/skid_robot_v2/install/microstrain_inertial_rqt/share/microstrain_inertial_rqt/microstrain_inertial_rqt_common/resource/icons
[1.072s] symbolically linking /home/chienle/Desktop/skid_robot_v2/build/microstrain_inertial_rqt/microstrain_inertial_rqt_common/resource/icons/icon-yellow-unchecked.png -> /home/chienle/Desktop/skid_robot_v2/install/microstrain_inertial_rqt/share/microstrain_inertial_rqt/microstrain_inertial_rqt_common/resource/icons
[1.072s] symbolically linking /home/chienle/Desktop/skid_robot_v2/build/microstrain_inertial_rqt/microstrain_inertial_rqt_common/resource/icons/icon-grey-checked.png -> /home/chienle/Desktop/skid_robot_v2/install/microstrain_inertial_rqt/share/microstrain_inertial_rqt/microstrain_inertial_rqt_common/resource/icons
[1.072s] symbolically linking /home/chienle/Desktop/skid_robot_v2/build/microstrain_inertial_rqt/microstrain_inertial_rqt_common/resource/icons/icon-yellow-checked.png -> /home/chienle/Desktop/skid_robot_v2/install/microstrain_inertial_rqt/share/microstrain_inertial_rqt/microstrain_inertial_rqt_common/resource/icons
[1.072s] symbolically linking /home/chienle/Desktop/skid_robot_v2/build/microstrain_inertial_rqt/microstrain_inertial_rqt_common/resource/icons/icon-green-unchecked.png -> /home/chienle/Desktop/skid_robot_v2/install/microstrain_inertial_rqt/share/microstrain_inertial_rqt/microstrain_inertial_rqt_common/resource/icons
[1.100s] Invoked command in '/home/chienle/Desktop/skid_robot_v2/build/microstrain_inertial_rqt' returned '0': AMENT_PREFIX_PATH=/home/chienle/Desktop/skid_robot_v2/install/microstrain_inertial_msgs:${AMENT_PREFIX_PATH} CMAKE_PREFIX_PATH=/home/chienle/Desktop/skid_robot_v2/install/microstrain_inertial_msgs LD_LIBRARY_PATH=/home/chienle/Desktop/skid_robot_v2/install/microstrain_inertial_msgs/lib:/usr/lib/x86_64-linux-gnu/gazebo-11/plugins:/opt/ros/humble/opt/rviz_ogre_vendor/lib:/opt/ros/humble/lib/x86_64-linux-gnu:/opt/ros/humble/lib:/usr/lib/x86_64-linux-gnu/gazebo-11/plugins PYTHONPATH=/home/chienle/Desktop/skid_robot_v2/build/microstrain_inertial_rqt/prefix_override:/usr/lib/python3/dist-packages/colcon_core/task/python/colcon_distutils_commands:/home/chienle/Desktop/skid_robot_v2/install/microstrain_inertial_rqt/lib/python3.10/site-packages:/home/chienle/Desktop/skid_robot_v2/install/microstrain_inertial_msgs/local/lib/python3.10/dist-packages:${PYTHONPATH} /usr/bin/python3 -W ignore:setup.py install is deprecated -W ignore:easy_install command is deprecated setup.py develop --editable --build-directory /home/chienle/Desktop/skid_robot_v2/build/microstrain_inertial_rqt/build --no-deps symlink_data
