[01m[Kc++:[m[K [01;31m[Kfatal error: [m[KKilled signal terminated program cc1plus
compilation terminated.
gmake[2]: *** [CMakeFiles/microstrain_inertial_driver_node.dir/build.make:104: CMakeFiles/microstrain_inertial_driver_node.dir/microstrain_inertial_driver_common/src/subscribers.cpp.o] Error 1
gmake[2]: *** Waiting for unfinished jobs....
[01m[Kc++:[m[K [01;31m[Kfatal error: [m[KKilled signal terminated program cc1plus
compilation terminated.
gmake[2]: *** [CMakeFiles/microstrain_inertial_driver_lifecycle_node.dir/build.make:160: CMakeFiles/microstrain_inertial_driver_lifecycle_node.dir/microstrain_inertial_driver_common/src/config.cpp.o] Error 1
gmake[2]: *** Waiting for unfinished jobs....
[01m[Kc++:[m[K [01;31m[Kfatal error: [m[KKilled signal terminated program cc1plus
compilation terminated.
gmake[2]: *** [CMakeFiles/microstrain_inertial_driver_node.dir/build.make:160: CMakeFiles/microstrain_inertial_driver_node.dir/microstrain_inertial_driver_common/src/config.cpp.o] Error 1
[01m[Kc++:[m[K [01;31m[Kfatal error: [m[KKilled signal terminated program cc1plus
compilation terminated.
gmake[2]: *** [CMakeFiles/microstrain_inertial_driver_node.dir/build.make:118: CMakeFiles/microstrain_inertial_driver_node.dir/microstrain_inertial_driver_common/src/publishers.cpp.o] Error 1
[01m[Kc++:[m[K [01;31m[Kfatal error: [m[KKilled signal terminated program cc1plus
compilation terminated.
gmake[2]: *** [CMakeFiles/microstrain_inertial_driver_node.dir/build.make:76: CMakeFiles/microstrain_inertial_driver_node.dir/src/microstrain_inertial_driver.cpp.o] Error 1
gmake[1]: *** [CMakeFiles/Makefile2:394: CMakeFiles/microstrain_inertial_driver_node.dir/all] Error 2
gmake[1]: *** Waiting for unfinished jobs....
gmake[1]: *** [CMakeFiles/Makefile2:423: CMakeFiles/microstrain_inertial_driver_lifecycle_node.dir/all] Error 2
gmake: *** [Makefile:146: all] Error 2
