running develop
Removing /home/chienle/Desktop/skid_robot_v2/install/odom/lib/python3.10/site-packages/odom.egg-link (link to .)
running egg_info
writing ../../../build/odom/odom.egg-info/PKG-INFO
writing dependency_links to ../../../build/odom/odom.egg-info/dependency_links.txt
writing entry points to ../../../build/odom/odom.egg-info/entry_points.txt
writing requirements to ../../../build/odom/odom.egg-info/requires.txt
writing top-level names to ../../../build/odom/odom.egg-info/top_level.txt
reading manifest file '../../../build/odom/odom.egg-info/SOURCES.txt'
writing manifest file '../../../build/odom/odom.egg-info/SOURCES.txt'
running build
running build_py
creating /home/chienle/Desktop/skid_robot_v2/build/odom/build
creating /home/chienle/Desktop/skid_robot_v2/build/odom/build/lib
creating /home/chienle/Desktop/skid_robot_v2/build/odom/build/lib/odom
copying odom/odom.py -> /home/chienle/Desktop/skid_robot_v2/build/odom/build/lib/odom
copying odom/__init__.py -> /home/chienle/Desktop/skid_robot_v2/build/odom/build/lib/odom
running install
running install_lib
creating /home/chienle/Desktop/skid_robot_v2/install/odom/lib/python3.10/site-packages/odom
copying /home/chienle/Desktop/skid_robot_v2/build/odom/build/lib/odom/odom.py -> /home/chienle/Desktop/skid_robot_v2/install/odom/lib/python3.10/site-packages/odom
copying /home/chienle/Desktop/skid_robot_v2/build/odom/build/lib/odom/__init__.py -> /home/chienle/Desktop/skid_robot_v2/install/odom/lib/python3.10/site-packages/odom
byte-compiling /home/chienle/Desktop/skid_robot_v2/install/odom/lib/python3.10/site-packages/odom/odom.py to odom.cpython-310.pyc
byte-compiling /home/chienle/Desktop/skid_robot_v2/install/odom/lib/python3.10/site-packages/odom/__init__.py to __init__.cpython-310.pyc
running install_data
copying resource/odom -> /home/chienle/Desktop/skid_robot_v2/install/odom/share/ament_index/resource_index/packages
copying package.xml -> /home/chienle/Desktop/skid_robot_v2/install/odom/share/odom
running install_egg_info
Copying ../../../build/odom/odom.egg-info to /home/chienle/Desktop/skid_robot_v2/install/odom/lib/python3.10/site-packages/odom-0.0.0-py3.10.egg-info
running install_scripts
Installing odom script to /home/chienle/Desktop/skid_robot_v2/install/odom/lib/odom
writing list of installed files to '/home/chienle/Desktop/skid_robot_v2/build/odom/install.log'
