running develop
running egg_info
creating odom.egg-info
writing odom.egg-info/PKG-INFO
writing dependency_links to odom.egg-info/dependency_links.txt
writing entry points to odom.egg-info/entry_points.txt
writing requirements to odom.egg-info/requires.txt
writing top-level names to odom.egg-info/top_level.txt
writing manifest file 'odom.egg-info/SOURCES.txt'
reading manifest file 'odom.egg-info/SOURCES.txt'
writing manifest file 'odom.egg-info/SOURCES.txt'
running build_ext
Creating /home/chienle/Desktop/skid_robot_v2/install/odom/lib/python3.10/site-packages/odom.egg-link (link to .)
Installing odom script to /home/chienle/Desktop/skid_robot_v2/install/odom/lib/odom

Installed /home/chienle/Desktop/skid_robot_v2/build/odom
running symlink_data
creating /home/chienle/Desktop/skid_robot_v2/install/odom/share/ament_index
creating /home/chienle/Desktop/skid_robot_v2/install/odom/share/ament_index/resource_index
creating /home/chienle/Desktop/skid_robot_v2/install/odom/share/ament_index/resource_index/packages
symbolically linking /home/chienle/Desktop/skid_robot_v2/build/odom/resource/odom -> /home/chienle/Desktop/skid_robot_v2/install/odom/share/ament_index/resource_index/packages
symbolically linking /home/chienle/Desktop/skid_robot_v2/build/odom/package.xml -> /home/chienle/Desktop/skid_robot_v2/install/odom/share/odom
