running develop
Removing /home/chienle/Desktop/skid_robot_v2/install/bringup/lib/python3.10/site-packages/bringup.egg-link (link to .)
running egg_info
writing ../../build/bringup/bringup.egg-info/PKG-INFO
writing dependency_links to ../../build/bringup/bringup.egg-info/dependency_links.txt
writing entry points to ../../build/bringup/bringup.egg-info/entry_points.txt
writing requirements to ../../build/bringup/bringup.egg-info/requires.txt
writing top-level names to ../../build/bringup/bringup.egg-info/top_level.txt
reading manifest file '../../build/bringup/bringup.egg-info/SOURCES.txt'
writing manifest file '../../build/bringup/bringup.egg-info/SOURCES.txt'
running build
running install
running install_data
copying resource/bringup -> /home/chienle/Desktop/skid_robot_v2/install/bringup/share/ament_index/resource_index/packages
copying package.xml -> /home/chienle/Desktop/skid_robot_v2/install/bringup/share/bringup
copying launch/bringup_launch.py -> /home/chienle/Desktop/skid_robot_v2/install/bringup/share/bringup/launch
running install_egg_info
Copying ../../build/bringup/bringup.egg-info to /home/chienle/Desktop/skid_robot_v2/install/bringup/lib/python3.10/site-packages/bringup-0.0.0-py3.10.egg-info
running install_scripts
writing list of installed files to '/home/chienle/Desktop/skid_robot_v2/build/bringup/install.log'
