[0.434s] Invoking command in '/home/chienle/Desktop/skid_robot_v2/build/bringup': PYTHONPATH=/home/chienle/Desktop/skid_robot_v2/build/bringup/prefix_override:/usr/lib/python3/dist-packages/colcon_core/task/python/colcon_distutils_commands:/home/chienle/Desktop/skid_robot_v2/install/bringup/lib/python3.10/site-packages:${PYTHONPATH} /usr/bin/python3 -W ignore:setup.py install is deprecated -W ignore:easy_install command is deprecated setup.py develop --uninstall --editable --build-directory /home/chienle/Desktop/skid_robot_v2/build/bringup/build
[0.629s] running develop
[0.758s] Removing /home/chienle/Desktop/skid_robot_v2/install/bringup/lib/python3.10/site-packages/bringup.egg-link (link to .)
[0.778s] Invoked command in '/home/chienle/Desktop/skid_robot_v2/build/bringup' returned '0': PYTHONPATH=/home/chienle/Desktop/skid_robot_v2/build/bringup/prefix_override:/usr/lib/python3/dist-packages/colcon_core/task/python/colcon_distutils_commands:/home/chienle/Desktop/skid_robot_v2/install/bringup/lib/python3.10/site-packages:${PYTHONPATH} /usr/bin/python3 -W ignore:setup.py install is deprecated -W ignore:easy_install command is deprecated setup.py develop --uninstall --editable --build-directory /home/chienle/Desktop/skid_robot_v2/build/bringup/build
[0.779s] Invoking command in '/home/chienle/Desktop/skid_robot_v2/src/bringup': PYTHONPATH=/home/chienle/Desktop/skid_robot_v2/build/bringup/prefix_override:/usr/lib/python3/dist-packages/colcon_core/task/python/colcon_distutils_commands:/home/chienle/Desktop/skid_robot_v2/install/bringup/lib/python3.10/site-packages:${PYTHONPATH} /usr/bin/python3 -W ignore:setup.py install is deprecated -W ignore:easy_install command is deprecated setup.py egg_info --egg-base ../../build/bringup build --build-base /home/chienle/Desktop/skid_robot_v2/build/bringup/build install --record /home/chienle/Desktop/skid_robot_v2/build/bringup/install.log --single-version-externally-managed install_data --force
[0.926s] running egg_info
[0.927s] writing ../../build/bringup/bringup.egg-info/PKG-INFO
[0.927s] writing dependency_links to ../../build/bringup/bringup.egg-info/dependency_links.txt
[0.927s] writing entry points to ../../build/bringup/bringup.egg-info/entry_points.txt
[0.927s] writing requirements to ../../build/bringup/bringup.egg-info/requires.txt
[0.927s] writing top-level names to ../../build/bringup/bringup.egg-info/top_level.txt
[0.927s] reading manifest file '../../build/bringup/bringup.egg-info/SOURCES.txt'
[0.930s] writing manifest file '../../build/bringup/bringup.egg-info/SOURCES.txt'
[0.930s] running build
[0.930s] running install
[0.930s] running install_data
[0.930s] copying resource/bringup -> /home/chienle/Desktop/skid_robot_v2/install/bringup/share/ament_index/resource_index/packages
[0.930s] copying package.xml -> /home/chienle/Desktop/skid_robot_v2/install/bringup/share/bringup
[0.930s] copying launch/bringup_launch.py -> /home/chienle/Desktop/skid_robot_v2/install/bringup/share/bringup/launch
[0.930s] running install_egg_info
[0.932s] Copying ../../build/bringup/bringup.egg-info to /home/chienle/Desktop/skid_robot_v2/install/bringup/lib/python3.10/site-packages/bringup-0.0.0-py3.10.egg-info
[0.932s] running install_scripts
[0.945s] writing list of installed files to '/home/chienle/Desktop/skid_robot_v2/build/bringup/install.log'
[0.960s] Invoked command in '/home/chienle/Desktop/skid_robot_v2/src/bringup' returned '0': PYTHONPATH=/home/chienle/Desktop/skid_robot_v2/build/bringup/prefix_override:/usr/lib/python3/dist-packages/colcon_core/task/python/colcon_distutils_commands:/home/chienle/Desktop/skid_robot_v2/install/bringup/lib/python3.10/site-packages:${PYTHONPATH} /usr/bin/python3 -W ignore:setup.py install is deprecated -W ignore:easy_install command is deprecated setup.py egg_info --egg-base ../../build/bringup build --build-base /home/chienle/Desktop/skid_robot_v2/build/bringup/build install --record /home/chienle/Desktop/skid_robot_v2/build/bringup/install.log --single-version-externally-managed install_data --force
