[0.014s] Invoking command in '/home/chienle/Desktop/skid_robot_v2/build/velodyne_driver': CMAKE_PREFIX_PATH=/home/chienle/Desktop/skid_robot_v2/install/velodyne_msgs:/home/chienle/Desktop/skid_robot_v2/install/velodyne:/home/chienle/Desktop/skid_robot_v2/install/velodyne_pointcloud:/home/chienle/Desktop/skid_robot_v2/install/velodyne_driver:/home/chienle/Desktop/skid_robot_v2/install/velodyne_laserscan:/home/chienle/Desktop/skid_robot_v2/install/microstrain_inertial_examples:/home/chienle/Desktop/skid_robot_v2/install/microstrain_inertial_driver:/home/chienle/Desktop/skid_robot_v2/install/microstrain_inertial_msgs:/home/chienle/Desktop/skid_robot_v2/install/microstrain_inertial_description:/home/chienle/Desktop/skid_robot_v2/install/simulation:/home/chienle/Desktop/skid_robot_v2/install/ps3:/home/chienle/Desktop/skid_robot_v2/install/odom:/home/chienle/Desktop/skid_robot_v2/install/microstrain_inertial_rqt:/home/chienle/Desktop/skid_robot_v2/install/mapping:/home/chienle/Desktop/skid_robot_v2/install/low_control:/home/chienle/Desktop/skid_robot_v2/install/ekf:/home/chienle/Desktop/skid_robot_v2/install/bringup:/opt/ros/humble LD_LIBRARY_PATH=/home/chienle/Desktop/skid_robot_v2/install/velodyne_msgs/lib:/home/chienle/Desktop/skid_robot_v2/install/velodyne_pointcloud/lib:/home/chienle/Desktop/skid_robot_v2/install/velodyne_driver/lib:/home/chienle/Desktop/skid_robot_v2/install/velodyne_laserscan/lib:/home/chienle/Desktop/skid_robot_v2/install/microstrain_inertial_msgs/lib:/usr/lib/x86_64-linux-gnu/gazebo-11/plugins:/opt/ros/humble/opt/rviz_ogre_vendor/lib:/opt/ros/humble/lib/x86_64-linux-gnu:/opt/ros/humble/lib:/usr/lib/x86_64-linux-gnu/gazebo-11/plugins /usr/bin/cmake --build /home/chienle/Desktop/skid_robot_v2/build/velodyne_driver -- -j20 -l20
[0.067s] [35m[1mConsolidate compiler generated dependencies of target velodyne_input[0m
[0.067s] [35m[1mConsolidate compiler generated dependencies of target gtest[0m
[0.067s] [35m[1mConsolidate compiler generated dependencies of target gtest_main[0m
[0.088s] [ 16%] Built target gtest
[0.088s] [ 33%] Built target gtest_main
[0.090s] [ 50%] Built target velodyne_input
[0.106s] [35m[1mConsolidate compiler generated dependencies of target velodyne_driver[0m
[0.107s] [35m[1mConsolidate compiler generated dependencies of target time_test[0m
[0.130s] [ 66%] Built target time_test
[0.133s] [ 83%] Built target velodyne_driver
[0.148s] [35m[1mConsolidate compiler generated dependencies of target velodyne_driver_node[0m
[0.172s] [100%] Built target velodyne_driver_node
[0.185s] Invoked command in '/home/chienle/Desktop/skid_robot_v2/build/velodyne_driver' returned '0': CMAKE_PREFIX_PATH=/home/chienle/Desktop/skid_robot_v2/install/velodyne_msgs:/home/chienle/Desktop/skid_robot_v2/install/velodyne:/home/chienle/Desktop/skid_robot_v2/install/velodyne_pointcloud:/home/chienle/Desktop/skid_robot_v2/install/velodyne_driver:/home/chienle/Desktop/skid_robot_v2/install/velodyne_laserscan:/home/chienle/Desktop/skid_robot_v2/install/microstrain_inertial_examples:/home/chienle/Desktop/skid_robot_v2/install/microstrain_inertial_driver:/home/chienle/Desktop/skid_robot_v2/install/microstrain_inertial_msgs:/home/chienle/Desktop/skid_robot_v2/install/microstrain_inertial_description:/home/chienle/Desktop/skid_robot_v2/install/simulation:/home/chienle/Desktop/skid_robot_v2/install/ps3:/home/chienle/Desktop/skid_robot_v2/install/odom:/home/chienle/Desktop/skid_robot_v2/install/microstrain_inertial_rqt:/home/chienle/Desktop/skid_robot_v2/install/mapping:/home/chienle/Desktop/skid_robot_v2/install/low_control:/home/chienle/Desktop/skid_robot_v2/install/ekf:/home/chienle/Desktop/skid_robot_v2/install/bringup:/opt/ros/humble LD_LIBRARY_PATH=/home/chienle/Desktop/skid_robot_v2/install/velodyne_msgs/lib:/home/chienle/Desktop/skid_robot_v2/install/velodyne_pointcloud/lib:/home/chienle/Desktop/skid_robot_v2/install/velodyne_driver/lib:/home/chienle/Desktop/skid_robot_v2/install/velodyne_laserscan/lib:/home/chienle/Desktop/skid_robot_v2/install/microstrain_inertial_msgs/lib:/usr/lib/x86_64-linux-gnu/gazebo-11/plugins:/opt/ros/humble/opt/rviz_ogre_vendor/lib:/opt/ros/humble/lib/x86_64-linux-gnu:/opt/ros/humble/lib:/usr/lib/x86_64-linux-gnu/gazebo-11/plugins /usr/bin/cmake --build /home/chienle/Desktop/skid_robot_v2/build/velodyne_driver -- -j20 -l20
[0.188s] Invoking command in '/home/chienle/Desktop/skid_robot_v2/build/velodyne_driver': CMAKE_PREFIX_PATH=/home/chienle/Desktop/skid_robot_v2/install/velodyne_msgs:/home/chienle/Desktop/skid_robot_v2/install/velodyne:/home/chienle/Desktop/skid_robot_v2/install/velodyne_pointcloud:/home/chienle/Desktop/skid_robot_v2/install/velodyne_driver:/home/chienle/Desktop/skid_robot_v2/install/velodyne_laserscan:/home/chienle/Desktop/skid_robot_v2/install/microstrain_inertial_examples:/home/chienle/Desktop/skid_robot_v2/install/microstrain_inertial_driver:/home/chienle/Desktop/skid_robot_v2/install/microstrain_inertial_msgs:/home/chienle/Desktop/skid_robot_v2/install/microstrain_inertial_description:/home/chienle/Desktop/skid_robot_v2/install/simulation:/home/chienle/Desktop/skid_robot_v2/install/ps3:/home/chienle/Desktop/skid_robot_v2/install/odom:/home/chienle/Desktop/skid_robot_v2/install/microstrain_inertial_rqt:/home/chienle/Desktop/skid_robot_v2/install/mapping:/home/chienle/Desktop/skid_robot_v2/install/low_control:/home/chienle/Desktop/skid_robot_v2/install/ekf:/home/chienle/Desktop/skid_robot_v2/install/bringup:/opt/ros/humble LD_LIBRARY_PATH=/home/chienle/Desktop/skid_robot_v2/install/velodyne_msgs/lib:/home/chienle/Desktop/skid_robot_v2/install/velodyne_pointcloud/lib:/home/chienle/Desktop/skid_robot_v2/install/velodyne_driver/lib:/home/chienle/Desktop/skid_robot_v2/install/velodyne_laserscan/lib:/home/chienle/Desktop/skid_robot_v2/install/microstrain_inertial_msgs/lib:/usr/lib/x86_64-linux-gnu/gazebo-11/plugins:/opt/ros/humble/opt/rviz_ogre_vendor/lib:/opt/ros/humble/lib/x86_64-linux-gnu:/opt/ros/humble/lib:/usr/lib/x86_64-linux-gnu/gazebo-11/plugins /usr/bin/cmake --install /home/chienle/Desktop/skid_robot_v2/build/velodyne_driver
[0.196s] -- Install configuration: ""
[0.197s] -- Execute custom install script
[0.198s] -- Up-to-date symlink: /home/chienle/Desktop/skid_robot_v2/install/velodyne_driver/lib/velodyne_driver/velodyne_driver_node
[0.198s] -- Up-to-date symlink: /home/chienle/Desktop/skid_robot_v2/install/velodyne_driver/include/velodyne_driver/driver.hpp
[0.198s] -- Up-to-date symlink: /home/chienle/Desktop/skid_robot_v2/install/velodyne_driver/include/velodyne_driver/input.hpp
[0.198s] -- Up-to-date symlink: /home/chienle/Desktop/skid_robot_v2/install/velodyne_driver/include/velodyne_driver/time_conversion.hpp
[0.198s] -- Up-to-date symlink: /home/chienle/Desktop/skid_robot_v2/install/velodyne_driver/share/velodyne_driver/config/VLP16-velodyne_driver_node-params.yaml
[0.199s] -- Up-to-date symlink: /home/chienle/Desktop/skid_robot_v2/install/velodyne_driver/share/velodyne_driver/config/VLP32C-velodyne_driver_node-params.yaml
[0.199s] -- Up-to-date symlink: /home/chienle/Desktop/skid_robot_v2/install/velodyne_driver/share/velodyne_driver/config/VLS128-velodyne_driver_node-params.yaml
[0.199s] -- Up-to-date symlink: /home/chienle/Desktop/skid_robot_v2/install/velodyne_driver/share/velodyne_driver/launch/velodyne_driver_node-VLP16-composed-launch.py
[0.199s] -- Up-to-date symlink: /home/chienle/Desktop/skid_robot_v2/install/velodyne_driver/share/velodyne_driver/launch/velodyne_driver_node-VLP16-launch.py
[0.199s] -- Up-to-date symlink: /home/chienle/Desktop/skid_robot_v2/install/velodyne_driver/share/velodyne_driver/launch/velodyne_driver_node-VLP32C-composed-launch.py
[0.199s] -- Up-to-date symlink: /home/chienle/Desktop/skid_robot_v2/install/velodyne_driver/share/velodyne_driver/launch/velodyne_driver_node-VLP32C-launch.py
[0.199s] -- Up-to-date symlink: /home/chienle/Desktop/skid_robot_v2/install/velodyne_driver/share/velodyne_driver/launch/velodyne_driver_node-VLS128-composed-launch.py
[0.199s] -- Up-to-date symlink: /home/chienle/Desktop/skid_robot_v2/install/velodyne_driver/share/velodyne_driver/launch/velodyne_driver_node-VLS128-launch.py
[0.200s] -- Up-to-date symlink: /home/chienle/Desktop/skid_robot_v2/install/velodyne_driver/lib/velodyne_driver/vdump
[0.200s] -- Up-to-date symlink: /home/chienle/Desktop/skid_robot_v2/install/velodyne_driver/share/ament_index/resource_index/package_run_dependencies/velodyne_driver
[0.200s] -- Up-to-date symlink: /home/chienle/Desktop/skid_robot_v2/install/velodyne_driver/share/ament_index/resource_index/parent_prefix_path/velodyne_driver
[0.200s] -- Up-to-date symlink: /home/chienle/Desktop/skid_robot_v2/install/velodyne_driver/share/velodyne_driver/environment/ament_prefix_path.sh
[0.200s] -- Up-to-date symlink: /home/chienle/Desktop/skid_robot_v2/install/velodyne_driver/share/velodyne_driver/environment/ament_prefix_path.dsv
[0.200s] -- Up-to-date symlink: /home/chienle/Desktop/skid_robot_v2/install/velodyne_driver/share/velodyne_driver/environment/path.sh
[0.201s] -- Up-to-date symlink: /home/chienle/Desktop/skid_robot_v2/install/velodyne_driver/share/velodyne_driver/environment/path.dsv
[0.201s] -- Up-to-date symlink: /home/chienle/Desktop/skid_robot_v2/install/velodyne_driver/share/velodyne_driver/local_setup.bash
[0.201s] -- Up-to-date symlink: /home/chienle/Desktop/skid_robot_v2/install/velodyne_driver/share/velodyne_driver/local_setup.sh
[0.201s] -- Up-to-date symlink: /home/chienle/Desktop/skid_robot_v2/install/velodyne_driver/share/velodyne_driver/local_setup.zsh
[0.201s] -- Up-to-date symlink: /home/chienle/Desktop/skid_robot_v2/install/velodyne_driver/share/velodyne_driver/local_setup.dsv
[0.201s] -- Symlinking: /home/chienle/Desktop/skid_robot_v2/install/velodyne_driver/share/velodyne_driver/package.dsv
[0.212s] -- Up-to-date symlink: /home/chienle/Desktop/skid_robot_v2/install/velodyne_driver/share/ament_index/resource_index/packages/velodyne_driver
[0.213s] -- Up-to-date symlink: /home/chienle/Desktop/skid_robot_v2/install/velodyne_driver/share/ament_index/resource_index/rclcpp_components/velodyne_driver
[0.213s] -- Up-to-date symlink: /home/chienle/Desktop/skid_robot_v2/install/velodyne_driver/share/velodyne_driver/cmake/ament_cmake_export_include_directories-extras.cmake
[0.213s] -- Up-to-date symlink: /home/chienle/Desktop/skid_robot_v2/install/velodyne_driver/share/velodyne_driver/cmake/ament_cmake_export_targets-extras.cmake
[0.213s] -- Up-to-date symlink: /home/chienle/Desktop/skid_robot_v2/install/velodyne_driver/share/velodyne_driver/cmake/ament_cmake_export_dependencies-extras.cmake
[0.213s] -- Up-to-date symlink: /home/chienle/Desktop/skid_robot_v2/install/velodyne_driver/share/velodyne_driver/cmake/velodyne_driverConfig.cmake
[0.214s] -- Up-to-date symlink: /home/chienle/Desktop/skid_robot_v2/install/velodyne_driver/share/velodyne_driver/cmake/velodyne_driverConfig-version.cmake
[0.214s] -- Up-to-date symlink: /home/chienle/Desktop/skid_robot_v2/install/velodyne_driver/share/velodyne_driver/package.xml
[0.214s] -- Up-to-date: /home/chienle/Desktop/skid_robot_v2/install/velodyne_driver/lib/libvelodyne_input.so
[0.214s] -- Up-to-date: /home/chienle/Desktop/skid_robot_v2/install/velodyne_driver/lib/libvelodyne_driver.so
[0.214s] -- Up-to-date: /home/chienle/Desktop/skid_robot_v2/install/velodyne_driver/share/velodyne_driver/cmake/velodyne_driverExport.cmake
[0.214s] -- Up-to-date: /home/chienle/Desktop/skid_robot_v2/install/velodyne_driver/share/velodyne_driver/cmake/velodyne_driverExport-noconfig.cmake
[0.217s] Invoked command in '/home/chienle/Desktop/skid_robot_v2/build/velodyne_driver' returned '0': CMAKE_PREFIX_PATH=/home/chienle/Desktop/skid_robot_v2/install/velodyne_msgs:/home/chienle/Desktop/skid_robot_v2/install/velodyne:/home/chienle/Desktop/skid_robot_v2/install/velodyne_pointcloud:/home/chienle/Desktop/skid_robot_v2/install/velodyne_driver:/home/chienle/Desktop/skid_robot_v2/install/velodyne_laserscan:/home/chienle/Desktop/skid_robot_v2/install/microstrain_inertial_examples:/home/chienle/Desktop/skid_robot_v2/install/microstrain_inertial_driver:/home/chienle/Desktop/skid_robot_v2/install/microstrain_inertial_msgs:/home/chienle/Desktop/skid_robot_v2/install/microstrain_inertial_description:/home/chienle/Desktop/skid_robot_v2/install/simulation:/home/chienle/Desktop/skid_robot_v2/install/ps3:/home/chienle/Desktop/skid_robot_v2/install/odom:/home/chienle/Desktop/skid_robot_v2/install/microstrain_inertial_rqt:/home/chienle/Desktop/skid_robot_v2/install/mapping:/home/chienle/Desktop/skid_robot_v2/install/low_control:/home/chienle/Desktop/skid_robot_v2/install/ekf:/home/chienle/Desktop/skid_robot_v2/install/bringup:/opt/ros/humble LD_LIBRARY_PATH=/home/chienle/Desktop/skid_robot_v2/install/velodyne_msgs/lib:/home/chienle/Desktop/skid_robot_v2/install/velodyne_pointcloud/lib:/home/chienle/Desktop/skid_robot_v2/install/velodyne_driver/lib:/home/chienle/Desktop/skid_robot_v2/install/velodyne_laserscan/lib:/home/chienle/Desktop/skid_robot_v2/install/microstrain_inertial_msgs/lib:/usr/lib/x86_64-linux-gnu/gazebo-11/plugins:/opt/ros/humble/opt/rviz_ogre_vendor/lib:/opt/ros/humble/lib/x86_64-linux-gnu:/opt/ros/humble/lib:/usr/lib/x86_64-linux-gnu/gazebo-11/plugins /usr/bin/cmake --install /home/chienle/Desktop/skid_robot_v2/build/velodyne_driver
