[0.633s] Invoking command in '/home/chienle/Desktop/skid_robot_v2/build/low_control': PYTHONPATH=/home/chienle/Desktop/skid_robot_v2/build/low_control/prefix_override:/usr/lib/python3/dist-packages/colcon_core/task/python/colcon_distutils_commands:/home/chienle/Desktop/skid_robot_v2/install/low_control/lib/python3.10/site-packages:${PYTHONPATH} /usr/bin/python3 -W ignore:setup.py install is deprecated -W ignore:easy_install command is deprecated setup.py develop --editable --build-directory /home/chienle/Desktop/skid_robot_v2/build/low_control/build --no-deps symlink_data
[0.886s] running develop
[1.042s] running egg_info
[1.042s] creating low_control.egg-info
[1.042s] writing low_control.egg-info/PKG-INFO
[1.042s] writing dependency_links to low_control.egg-info/dependency_links.txt
[1.042s] writing entry points to low_control.egg-info/entry_points.txt
[1.042s] writing requirements to low_control.egg-info/requires.txt
[1.043s] writing top-level names to low_control.egg-info/top_level.txt
[1.043s] writing manifest file 'low_control.egg-info/SOURCES.txt'
[1.044s] reading manifest file 'low_control.egg-info/SOURCES.txt'
[1.044s] writing manifest file 'low_control.egg-info/SOURCES.txt'
[1.046s] running build_ext
[1.046s] Creating /home/chienle/Desktop/skid_robot_v2/install/low_control/lib/python3.10/site-packages/low-control.egg-link (link to .)
[1.047s] Installing ZLA8015D_pub script to /home/chienle/Desktop/skid_robot_v2/install/low_control/lib/low_control
[1.047s] Installing kinematic script to /home/chienle/Desktop/skid_robot_v2/install/low_control/lib/low_control
[1.047s] 
[1.047s] Installed /home/chienle/Desktop/skid_robot_v2/build/low_control
[1.047s] running symlink_data
[1.047s] creating /home/chienle/Desktop/skid_robot_v2/install/low_control/share/ament_index
[1.047s] creating /home/chienle/Desktop/skid_robot_v2/install/low_control/share/ament_index/resource_index
[1.047s] creating /home/chienle/Desktop/skid_robot_v2/install/low_control/share/ament_index/resource_index/packages
[1.047s] symbolically linking /home/chienle/Desktop/skid_robot_v2/build/low_control/resource/low_control -> /home/chienle/Desktop/skid_robot_v2/install/low_control/share/ament_index/resource_index/packages
[1.047s] symbolically linking /home/chienle/Desktop/skid_robot_v2/build/low_control/package.xml -> /home/chienle/Desktop/skid_robot_v2/install/low_control/share/low_control
[1.047s] creating /home/chienle/Desktop/skid_robot_v2/install/low_control/share/low_control/launch
[1.047s] symbolically linking /home/chienle/Desktop/skid_robot_v2/build/low_control/launch/ps3.launch.xml -> /home/chienle/Desktop/skid_robot_v2/install/low_control/share/low_control/launch
[1.047s] symbolically linking /home/chienle/Desktop/skid_robot_v2/build/low_control/launch/low_level_control.launch.xml -> /home/chienle/Desktop/skid_robot_v2/install/low_control/share/low_control/launch
[1.075s] Invoked command in '/home/chienle/Desktop/skid_robot_v2/build/low_control' returned '0': PYTHONPATH=/home/chienle/Desktop/skid_robot_v2/build/low_control/prefix_override:/usr/lib/python3/dist-packages/colcon_core/task/python/colcon_distutils_commands:/home/chienle/Desktop/skid_robot_v2/install/low_control/lib/python3.10/site-packages:${PYTHONPATH} /usr/bin/python3 -W ignore:setup.py install is deprecated -W ignore:easy_install command is deprecated setup.py develop --editable --build-directory /home/chienle/Desktop/skid_robot_v2/build/low_control/build --no-deps symlink_data
