[0.010s] Invoking command in '/home/chienle/Desktop/skid_robot_v2/build/velodyne_msgs': CMAKE_PREFIX_PATH=/opt/ros/humble /usr/bin/cmake --build /home/chienle/Desktop/skid_robot_v2/build/velodyne_msgs -- -j20 -l20
[0.072s] [35m[1mConsolidate compiler generated dependencies of target velodyne_msgs__rosidl_generator_c[0m
[0.086s] [  2%] Built target velodyne_msgs__cpp
[0.086s] [  5%] Built target velodyne_msgs__rs
[0.090s] [ 15%] Built target velodyne_msgs__rosidl_generator_c
[0.099s] [ 15%] Built target ament_cmake_python_symlink_velodyne_msgs
[0.102s] [35m[1mConsolidate compiler generated dependencies of target velodyne_msgs__rosidl_typesupport_cpp[0m
[0.104s] [35m[1mConsolidate compiler generated dependencies of target velodyne_msgs__rosidl_typesupport_fastrtps_cpp[0m
[0.104s] [35m[1mConsolidate compiler generated dependencies of target velodyne_msgs__rosidl_typesupport_introspection_cpp[0m
[0.106s] [35m[1mConsolidate compiler generated dependencies of target velodyne_msgs__rosidl_typesupport_c[0m
[0.107s] [35m[1mConsolidate compiler generated dependencies of target velodyne_msgs__rosidl_typesupport_introspection_c[0m
[0.108s] [35m[1mConsolidate compiler generated dependencies of target velodyne_msgs__rosidl_typesupport_fastrtps_c[0m
[0.121s] [ 25%] Built target velodyne_msgs__rosidl_typesupport_cpp
[0.124s] [ 35%] Built target velodyne_msgs__rosidl_typesupport_introspection_c
[0.124s] [ 45%] Built target velodyne_msgs__rosidl_typesupport_c
[0.127s] [ 57%] Built target velodyne_msgs__rosidl_typesupport_fastrtps_cpp
[0.127s] [ 65%] Built target velodyne_msgs__rosidl_typesupport_introspection_cpp
[0.129s] [ 75%] Built target velodyne_msgs__rosidl_typesupport_fastrtps_c
[0.162s] [ 75%] Built target velodyne_msgs
[0.192s] [ 77%] Built target velodyne_msgs__py
[0.210s] [35m[1mConsolidate compiler generated dependencies of target velodyne_msgs__rosidl_generator_py[0m
[0.230s] [ 85%] Built target velodyne_msgs__rosidl_generator_py
[0.248s] [35m[1mConsolidate compiler generated dependencies of target velodyne_msgs__rosidl_typesupport_introspection_c__pyext[0m
[0.248s] [35m[1mConsolidate compiler generated dependencies of target velodyne_msgs__rosidl_typesupport_fastrtps_c__pyext[0m
[0.249s] [35m[1mConsolidate compiler generated dependencies of target velodyne_msgs__rosidl_typesupport_c__pyext[0m
[0.268s] [ 90%] Built target velodyne_msgs__rosidl_typesupport_fastrtps_c__pyext
[0.269s] [ 95%] Built target velodyne_msgs__rosidl_typesupport_introspection_c__pyext
[0.269s] [100%] Built target velodyne_msgs__rosidl_typesupport_c__pyext
[0.411s] running egg_info
[0.412s] writing velodyne_msgs.egg-info/PKG-INFO
[0.413s] writing dependency_links to velodyne_msgs.egg-info/dependency_links.txt
[0.413s] writing top-level names to velodyne_msgs.egg-info/top_level.txt
[0.415s] reading manifest file 'velodyne_msgs.egg-info/SOURCES.txt'
[0.416s] writing manifest file 'velodyne_msgs.egg-info/SOURCES.txt'
[0.446s] [100%] Built target ament_cmake_python_build_velodyne_msgs_egg
[0.462s] Invoked command in '/home/chienle/Desktop/skid_robot_v2/build/velodyne_msgs' returned '0': CMAKE_PREFIX_PATH=/opt/ros/humble /usr/bin/cmake --build /home/chienle/Desktop/skid_robot_v2/build/velodyne_msgs -- -j20 -l20
[0.466s] Invoking command in '/home/chienle/Desktop/skid_robot_v2/build/velodyne_msgs': CMAKE_PREFIX_PATH=/opt/ros/humble /usr/bin/cmake --install /home/chienle/Desktop/skid_robot_v2/build/velodyne_msgs
[0.477s] -- Install configuration: ""
[0.478s] -- Execute custom install script
[0.479s] -- Up-to-date symlink: /home/chienle/Desktop/skid_robot_v2/install/velodyne_msgs/share/ament_index/resource_index/rosidl_interfaces/velodyne_msgs
[0.479s] -- Up-to-date symlink: /home/chienle/Desktop/skid_robot_v2/install/velodyne_msgs/include/velodyne_msgs/velodyne_msgs/msg/detail/velodyne_packet__functions.h
[0.479s] -- Up-to-date symlink: /home/chienle/Desktop/skid_robot_v2/install/velodyne_msgs/include/velodyne_msgs/velodyne_msgs/msg/detail/velodyne_packet__struct.h
[0.480s] -- Up-to-date symlink: /home/chienle/Desktop/skid_robot_v2/install/velodyne_msgs/include/velodyne_msgs/velodyne_msgs/msg/detail/velodyne_packet__type_support.h
[0.480s] -- Up-to-date symlink: /home/chienle/Desktop/skid_robot_v2/install/velodyne_msgs/include/velodyne_msgs/velodyne_msgs/msg/detail/velodyne_scan__functions.h
[0.480s] -- Up-to-date symlink: /home/chienle/Desktop/skid_robot_v2/install/velodyne_msgs/include/velodyne_msgs/velodyne_msgs/msg/detail/velodyne_scan__struct.h
[0.480s] -- Up-to-date symlink: /home/chienle/Desktop/skid_robot_v2/install/velodyne_msgs/include/velodyne_msgs/velodyne_msgs/msg/detail/velodyne_scan__type_support.h
[0.480s] -- Up-to-date symlink: /home/chienle/Desktop/skid_robot_v2/install/velodyne_msgs/include/velodyne_msgs/velodyne_msgs/msg/rosidl_generator_c__visibility_control.h
[0.480s] -- Up-to-date symlink: /home/chienle/Desktop/skid_robot_v2/install/velodyne_msgs/include/velodyne_msgs/velodyne_msgs/msg/velodyne_packet.h
[0.480s] -- Up-to-date symlink: /home/chienle/Desktop/skid_robot_v2/install/velodyne_msgs/include/velodyne_msgs/velodyne_msgs/msg/velodyne_scan.h
[0.481s] -- Up-to-date symlink: /home/chienle/Desktop/skid_robot_v2/install/velodyne_msgs/share/velodyne_msgs/environment/library_path.sh
[0.481s] -- Up-to-date symlink: /home/chienle/Desktop/skid_robot_v2/install/velodyne_msgs/share/velodyne_msgs/environment/library_path.dsv
[0.481s] -- Up-to-date symlink: /home/chienle/Desktop/skid_robot_v2/install/velodyne_msgs/include/velodyne_msgs/velodyne_msgs/msg/detail/velodyne_packet__rosidl_typesupport_fastrtps_c.h
[0.481s] -- Up-to-date symlink: /home/chienle/Desktop/skid_robot_v2/install/velodyne_msgs/include/velodyne_msgs/velodyne_msgs/msg/detail/velodyne_scan__rosidl_typesupport_fastrtps_c.h
[0.481s] -- Up-to-date symlink: /home/chienle/Desktop/skid_robot_v2/install/velodyne_msgs/include/velodyne_msgs/velodyne_msgs/msg/rosidl_typesupport_fastrtps_c__visibility_control.h
[0.482s] -- Up-to-date symlink: /home/chienle/Desktop/skid_robot_v2/install/velodyne_msgs/include/velodyne_msgs/velodyne_msgs/msg/detail/velodyne_packet__builder.hpp
[0.482s] -- Up-to-date symlink: /home/chienle/Desktop/skid_robot_v2/install/velodyne_msgs/include/velodyne_msgs/velodyne_msgs/msg/detail/velodyne_packet__struct.hpp
[0.482s] -- Up-to-date symlink: /home/chienle/Desktop/skid_robot_v2/install/velodyne_msgs/include/velodyne_msgs/velodyne_msgs/msg/detail/velodyne_packet__traits.hpp
[0.482s] -- Up-to-date symlink: /home/chienle/Desktop/skid_robot_v2/install/velodyne_msgs/include/velodyne_msgs/velodyne_msgs/msg/detail/velodyne_packet__type_support.hpp
[0.482s] -- Up-to-date symlink: /home/chienle/Desktop/skid_robot_v2/install/velodyne_msgs/include/velodyne_msgs/velodyne_msgs/msg/detail/velodyne_scan__builder.hpp
[0.482s] -- Up-to-date symlink: /home/chienle/Desktop/skid_robot_v2/install/velodyne_msgs/include/velodyne_msgs/velodyne_msgs/msg/detail/velodyne_scan__struct.hpp
[0.482s] -- Up-to-date symlink: /home/chienle/Desktop/skid_robot_v2/install/velodyne_msgs/include/velodyne_msgs/velodyne_msgs/msg/detail/velodyne_scan__traits.hpp
[0.482s] -- Up-to-date symlink: /home/chienle/Desktop/skid_robot_v2/install/velodyne_msgs/include/velodyne_msgs/velodyne_msgs/msg/detail/velodyne_scan__type_support.hpp
[0.482s] -- Up-to-date symlink: /home/chienle/Desktop/skid_robot_v2/install/velodyne_msgs/include/velodyne_msgs/velodyne_msgs/msg/rosidl_generator_cpp__visibility_control.hpp
[0.483s] -- Up-to-date symlink: /home/chienle/Desktop/skid_robot_v2/install/velodyne_msgs/include/velodyne_msgs/velodyne_msgs/msg/velodyne_packet.hpp
[0.483s] -- Up-to-date symlink: /home/chienle/Desktop/skid_robot_v2/install/velodyne_msgs/include/velodyne_msgs/velodyne_msgs/msg/velodyne_scan.hpp
[0.483s] -- Up-to-date symlink: /home/chienle/Desktop/skid_robot_v2/install/velodyne_msgs/include/velodyne_msgs/velodyne_msgs/msg/detail/velodyne_packet__rosidl_typesupport_fastrtps_cpp.hpp
[0.483s] -- Up-to-date symlink: /home/chienle/Desktop/skid_robot_v2/install/velodyne_msgs/include/velodyne_msgs/velodyne_msgs/msg/detail/velodyne_scan__rosidl_typesupport_fastrtps_cpp.hpp
[0.483s] -- Up-to-date symlink: /home/chienle/Desktop/skid_robot_v2/install/velodyne_msgs/include/velodyne_msgs/velodyne_msgs/msg/rosidl_typesupport_fastrtps_cpp__visibility_control.h
[0.483s] -- Up-to-date symlink: /home/chienle/Desktop/skid_robot_v2/install/velodyne_msgs/include/velodyne_msgs/velodyne_msgs/msg/detail/velodyne_packet__rosidl_typesupport_introspection_c.h
[0.483s] -- Up-to-date symlink: /home/chienle/Desktop/skid_robot_v2/install/velodyne_msgs/include/velodyne_msgs/velodyne_msgs/msg/detail/velodyne_scan__rosidl_typesupport_introspection_c.h
[0.483s] -- Up-to-date symlink: /home/chienle/Desktop/skid_robot_v2/install/velodyne_msgs/include/velodyne_msgs/velodyne_msgs/msg/rosidl_typesupport_introspection_c__visibility_control.h
[0.484s] -- Up-to-date symlink: /home/chienle/Desktop/skid_robot_v2/install/velodyne_msgs/include/velodyne_msgs/velodyne_msgs/msg/detail/velodyne_packet__rosidl_typesupport_introspection_cpp.hpp
[0.484s] -- Up-to-date symlink: /home/chienle/Desktop/skid_robot_v2/install/velodyne_msgs/include/velodyne_msgs/velodyne_msgs/msg/detail/velodyne_scan__rosidl_typesupport_introspection_cpp.hpp
[0.484s] -- Up-to-date symlink: /home/chienle/Desktop/skid_robot_v2/install/velodyne_msgs/share/velodyne_msgs/environment/pythonpath.sh
[0.484s] -- Up-to-date symlink: /home/chienle/Desktop/skid_robot_v2/install/velodyne_msgs/share/velodyne_msgs/environment/pythonpath.dsv
[0.484s] -- Up-to-date symlink: /home/chienle/Desktop/skid_robot_v2/install/velodyne_msgs/local/lib/python3.10/dist-packages/velodyne_msgs-2.5.1-py3.10.egg-info/PKG-INFO
[0.485s] -- Up-to-date symlink: /home/chienle/Desktop/skid_robot_v2/install/velodyne_msgs/local/lib/python3.10/dist-packages/velodyne_msgs-2.5.1-py3.10.egg-info/SOURCES.txt
[0.485s] -- Up-to-date symlink: /home/chienle/Desktop/skid_robot_v2/install/velodyne_msgs/local/lib/python3.10/dist-packages/velodyne_msgs-2.5.1-py3.10.egg-info/dependency_links.txt
[0.485s] -- Up-to-date symlink: /home/chienle/Desktop/skid_robot_v2/install/velodyne_msgs/local/lib/python3.10/dist-packages/velodyne_msgs-2.5.1-py3.10.egg-info/top_level.txt
[0.486s] -- Up-to-date symlink: /home/chienle/Desktop/skid_robot_v2/install/velodyne_msgs/local/lib/python3.10/dist-packages/velodyne_msgs/__init__.py
[0.486s] -- Up-to-date symlink: /home/chienle/Desktop/skid_robot_v2/install/velodyne_msgs/local/lib/python3.10/dist-packages/velodyne_msgs/_velodyne_msgs_s.ep.rosidl_typesupport_c.c
[0.486s] -- Up-to-date symlink: /home/chienle/Desktop/skid_robot_v2/install/velodyne_msgs/local/lib/python3.10/dist-packages/velodyne_msgs/_velodyne_msgs_s.ep.rosidl_typesupport_fastrtps_c.c
[0.486s] -- Up-to-date symlink: /home/chienle/Desktop/skid_robot_v2/install/velodyne_msgs/local/lib/python3.10/dist-packages/velodyne_msgs/_velodyne_msgs_s.ep.rosidl_typesupport_introspection_c.c
[0.486s] -- Up-to-date symlink: /home/chienle/Desktop/skid_robot_v2/install/velodyne_msgs/local/lib/python3.10/dist-packages/velodyne_msgs/libvelodyne_msgs__rosidl_generator_py.so
[0.486s] -- Up-to-date symlink: /home/chienle/Desktop/skid_robot_v2/install/velodyne_msgs/local/lib/python3.10/dist-packages/velodyne_msgs/msg/__init__.py
[0.486s] -- Up-to-date symlink: /home/chienle/Desktop/skid_robot_v2/install/velodyne_msgs/local/lib/python3.10/dist-packages/velodyne_msgs/msg/_velodyne_packet.py
[0.486s] -- Up-to-date symlink: /home/chienle/Desktop/skid_robot_v2/install/velodyne_msgs/local/lib/python3.10/dist-packages/velodyne_msgs/msg/_velodyne_packet_s.c
[0.486s] -- Up-to-date symlink: /home/chienle/Desktop/skid_robot_v2/install/velodyne_msgs/local/lib/python3.10/dist-packages/velodyne_msgs/msg/_velodyne_scan.py
[0.486s] -- Up-to-date symlink: /home/chienle/Desktop/skid_robot_v2/install/velodyne_msgs/local/lib/python3.10/dist-packages/velodyne_msgs/msg/_velodyne_scan_s.c
[0.487s] -- Up-to-date symlink: /home/chienle/Desktop/skid_robot_v2/install/velodyne_msgs/local/lib/python3.10/dist-packages/velodyne_msgs/velodyne_msgs_s__rosidl_typesupport_c.cpython-310-x86_64-linux-gnu.so
[0.487s] -- Up-to-date symlink: /home/chienle/Desktop/skid_robot_v2/install/velodyne_msgs/local/lib/python3.10/dist-packages/velodyne_msgs/velodyne_msgs_s__rosidl_typesupport_fastrtps_c.cpython-310-x86_64-linux-gnu.so
[0.487s] -- Up-to-date symlink: /home/chienle/Desktop/skid_robot_v2/install/velodyne_msgs/local/lib/python3.10/dist-packages/velodyne_msgs/velodyne_msgs_s__rosidl_typesupport_introspection_c.cpython-310-x86_64-linux-gnu.so
[0.488s] -- Up-to-date symlink: /home/chienle/Desktop/skid_robot_v2/install/velodyne_msgs/local/lib/python3.10/dist-packages/velodyne_msgs/velodyne_msgs_s__rosidl_typesupport_fastrtps_c.cpython-310-x86_64-linux-gnu.so
[0.489s] -- Up-to-date symlink: /home/chienle/Desktop/skid_robot_v2/install/velodyne_msgs/local/lib/python3.10/dist-packages/velodyne_msgs/velodyne_msgs_s__rosidl_typesupport_introspection_c.cpython-310-x86_64-linux-gnu.so
[0.489s] -- Up-to-date symlink: /home/chienle/Desktop/skid_robot_v2/install/velodyne_msgs/local/lib/python3.10/dist-packages/velodyne_msgs/velodyne_msgs_s__rosidl_typesupport_c.cpython-310-x86_64-linux-gnu.so
[0.489s] -- Up-to-date symlink: /home/chienle/Desktop/skid_robot_v2/install/velodyne_msgs/share/ament_index/resource_index/rust_packages/velodyne_msgs
[0.490s] -- Up-to-date symlink: /home/chienle/Desktop/skid_robot_v2/install/velodyne_msgs/share/velodyne_msgs/rust/Cargo.toml
[0.490s] -- Up-to-date symlink: /home/chienle/Desktop/skid_robot_v2/install/velodyne_msgs/share/velodyne_msgs/rust/build.rs
[0.490s] -- Up-to-date symlink: /home/chienle/Desktop/skid_robot_v2/install/velodyne_msgs/share/velodyne_msgs/rust/src/lib.rs
[0.490s] -- Up-to-date symlink: /home/chienle/Desktop/skid_robot_v2/install/velodyne_msgs/share/velodyne_msgs/rust/src/msg.rs
[0.490s] -- Up-to-date symlink: /home/chienle/Desktop/skid_robot_v2/install/velodyne_msgs/share/velodyne_msgs/rust/src/msg/rmw.rs
[0.490s] -- Up-to-date symlink: /home/chienle/Desktop/skid_robot_v2/install/velodyne_msgs/share/velodyne_msgs/msg/VelodynePacket.idl
[0.491s] -- Up-to-date symlink: /home/chienle/Desktop/skid_robot_v2/install/velodyne_msgs/share/velodyne_msgs/msg/VelodyneScan.idl
[0.491s] -- Up-to-date symlink: /home/chienle/Desktop/skid_robot_v2/install/velodyne_msgs/share/velodyne_msgs/msg/VelodynePacket.msg
[0.491s] -- Up-to-date symlink: /home/chienle/Desktop/skid_robot_v2/install/velodyne_msgs/share/velodyne_msgs/msg/VelodyneScan.msg
[0.491s] -- Up-to-date symlink: /home/chienle/Desktop/skid_robot_v2/install/velodyne_msgs/share/ament_index/resource_index/package_run_dependencies/velodyne_msgs
[0.491s] -- Up-to-date symlink: /home/chienle/Desktop/skid_robot_v2/install/velodyne_msgs/share/ament_index/resource_index/parent_prefix_path/velodyne_msgs
[0.491s] -- Up-to-date symlink: /home/chienle/Desktop/skid_robot_v2/install/velodyne_msgs/share/velodyne_msgs/environment/ament_prefix_path.sh
[0.492s] -- Up-to-date symlink: /home/chienle/Desktop/skid_robot_v2/install/velodyne_msgs/share/velodyne_msgs/environment/ament_prefix_path.dsv
[0.492s] -- Up-to-date symlink: /home/chienle/Desktop/skid_robot_v2/install/velodyne_msgs/share/velodyne_msgs/environment/path.sh
[0.492s] -- Up-to-date symlink: /home/chienle/Desktop/skid_robot_v2/install/velodyne_msgs/share/velodyne_msgs/environment/path.dsv
[0.492s] -- Up-to-date symlink: /home/chienle/Desktop/skid_robot_v2/install/velodyne_msgs/share/velodyne_msgs/local_setup.bash
[0.492s] -- Up-to-date symlink: /home/chienle/Desktop/skid_robot_v2/install/velodyne_msgs/share/velodyne_msgs/local_setup.sh
[0.492s] -- Up-to-date symlink: /home/chienle/Desktop/skid_robot_v2/install/velodyne_msgs/share/velodyne_msgs/local_setup.zsh
[0.492s] -- Up-to-date symlink: /home/chienle/Desktop/skid_robot_v2/install/velodyne_msgs/share/velodyne_msgs/local_setup.dsv
[0.493s] -- Symlinking: /home/chienle/Desktop/skid_robot_v2/install/velodyne_msgs/share/velodyne_msgs/package.dsv
[0.507s] -- Up-to-date symlink: /home/chienle/Desktop/skid_robot_v2/install/velodyne_msgs/share/ament_index/resource_index/packages/velodyne_msgs
[0.507s] -- Up-to-date symlink: /home/chienle/Desktop/skid_robot_v2/install/velodyne_msgs/share/velodyne_msgs/cmake/rosidl_cmake-extras.cmake
[0.507s] -- Up-to-date symlink: /home/chienle/Desktop/skid_robot_v2/install/velodyne_msgs/share/velodyne_msgs/cmake/ament_cmake_export_dependencies-extras.cmake
[0.507s] -- Up-to-date symlink: /home/chienle/Desktop/skid_robot_v2/install/velodyne_msgs/share/velodyne_msgs/cmake/ament_cmake_export_include_directories-extras.cmake
[0.508s] -- Up-to-date symlink: /home/chienle/Desktop/skid_robot_v2/install/velodyne_msgs/share/velodyne_msgs/cmake/ament_cmake_export_libraries-extras.cmake
[0.508s] -- Up-to-date symlink: /home/chienle/Desktop/skid_robot_v2/install/velodyne_msgs/share/velodyne_msgs/cmake/ament_cmake_export_targets-extras.cmake
[0.508s] -- Up-to-date symlink: /home/chienle/Desktop/skid_robot_v2/install/velodyne_msgs/share/velodyne_msgs/cmake/rosidl_cmake_export_typesupport_targets-extras.cmake
[0.508s] -- Up-to-date symlink: /home/chienle/Desktop/skid_robot_v2/install/velodyne_msgs/share/velodyne_msgs/cmake/rosidl_cmake_export_typesupport_libraries-extras.cmake
[0.508s] -- Up-to-date symlink: /home/chienle/Desktop/skid_robot_v2/install/velodyne_msgs/share/velodyne_msgs/cmake/velodyne_msgsConfig.cmake
[0.508s] -- Up-to-date symlink: /home/chienle/Desktop/skid_robot_v2/install/velodyne_msgs/share/velodyne_msgs/cmake/velodyne_msgsConfig-version.cmake
[0.509s] -- Up-to-date symlink: /home/chienle/Desktop/skid_robot_v2/install/velodyne_msgs/share/velodyne_msgs/package.xml
[0.509s] -- Up-to-date: /home/chienle/Desktop/skid_robot_v2/install/velodyne_msgs/lib/libvelodyne_msgs__rosidl_generator_c.so
[0.509s] -- Up-to-date: /home/chienle/Desktop/skid_robot_v2/install/velodyne_msgs/lib/libvelodyne_msgs__rosidl_typesupport_fastrtps_c.so
[0.509s] -- Up-to-date: /home/chienle/Desktop/skid_robot_v2/install/velodyne_msgs/lib/libvelodyne_msgs__rosidl_typesupport_fastrtps_cpp.so
[0.510s] -- Up-to-date: /home/chienle/Desktop/skid_robot_v2/install/velodyne_msgs/lib/libvelodyne_msgs__rosidl_typesupport_introspection_c.so
[0.510s] -- Up-to-date: /home/chienle/Desktop/skid_robot_v2/install/velodyne_msgs/lib/libvelodyne_msgs__rosidl_typesupport_c.so
[0.511s] -- Up-to-date: /home/chienle/Desktop/skid_robot_v2/install/velodyne_msgs/lib/libvelodyne_msgs__rosidl_typesupport_introspection_cpp.so
[0.511s] -- Up-to-date: /home/chienle/Desktop/skid_robot_v2/install/velodyne_msgs/lib/libvelodyne_msgs__rosidl_typesupport_cpp.so
[0.549s] Listing '/home/chienle/Desktop/skid_robot_v2/install/velodyne_msgs/local/lib/python3.10/dist-packages/velodyne_msgs'...
[0.549s] Listing '/home/chienle/Desktop/skid_robot_v2/install/velodyne_msgs/local/lib/python3.10/dist-packages/velodyne_msgs/msg'...
[0.555s] -- Up-to-date: /home/chienle/Desktop/skid_robot_v2/install/velodyne_msgs/lib/libvelodyne_msgs__rosidl_generator_py.so
[0.555s] -- Up-to-date: /home/chienle/Desktop/skid_robot_v2/install/velodyne_msgs/share/velodyne_msgs/cmake/export_velodyne_msgs__rosidl_generator_cExport.cmake
[0.556s] -- Up-to-date: /home/chienle/Desktop/skid_robot_v2/install/velodyne_msgs/share/velodyne_msgs/cmake/export_velodyne_msgs__rosidl_generator_cExport-noconfig.cmake
[0.556s] -- Up-to-date: /home/chienle/Desktop/skid_robot_v2/install/velodyne_msgs/share/velodyne_msgs/cmake/export_velodyne_msgs__rosidl_typesupport_fastrtps_cExport.cmake
[0.556s] -- Up-to-date: /home/chienle/Desktop/skid_robot_v2/install/velodyne_msgs/share/velodyne_msgs/cmake/export_velodyne_msgs__rosidl_typesupport_fastrtps_cExport-noconfig.cmake
[0.556s] -- Up-to-date: /home/chienle/Desktop/skid_robot_v2/install/velodyne_msgs/share/velodyne_msgs/cmake/export_velodyne_msgs__rosidl_generator_cppExport.cmake
[0.556s] -- Up-to-date: /home/chienle/Desktop/skid_robot_v2/install/velodyne_msgs/share/velodyne_msgs/cmake/export_velodyne_msgs__rosidl_typesupport_fastrtps_cppExport.cmake
[0.557s] -- Up-to-date: /home/chienle/Desktop/skid_robot_v2/install/velodyne_msgs/share/velodyne_msgs/cmake/export_velodyne_msgs__rosidl_typesupport_fastrtps_cppExport-noconfig.cmake
[0.557s] -- Up-to-date: /home/chienle/Desktop/skid_robot_v2/install/velodyne_msgs/share/velodyne_msgs/cmake/velodyne_msgs__rosidl_typesupport_introspection_cExport.cmake
[0.557s] -- Up-to-date: /home/chienle/Desktop/skid_robot_v2/install/velodyne_msgs/share/velodyne_msgs/cmake/velodyne_msgs__rosidl_typesupport_introspection_cExport-noconfig.cmake
[0.557s] -- Up-to-date: /home/chienle/Desktop/skid_robot_v2/install/velodyne_msgs/share/velodyne_msgs/cmake/velodyne_msgs__rosidl_typesupport_cExport.cmake
[0.557s] -- Up-to-date: /home/chienle/Desktop/skid_robot_v2/install/velodyne_msgs/share/velodyne_msgs/cmake/velodyne_msgs__rosidl_typesupport_cExport-noconfig.cmake
[0.558s] -- Up-to-date: /home/chienle/Desktop/skid_robot_v2/install/velodyne_msgs/share/velodyne_msgs/cmake/velodyne_msgs__rosidl_typesupport_introspection_cppExport.cmake
[0.558s] -- Up-to-date: /home/chienle/Desktop/skid_robot_v2/install/velodyne_msgs/share/velodyne_msgs/cmake/velodyne_msgs__rosidl_typesupport_introspection_cppExport-noconfig.cmake
[0.558s] -- Up-to-date: /home/chienle/Desktop/skid_robot_v2/install/velodyne_msgs/share/velodyne_msgs/cmake/velodyne_msgs__rosidl_typesupport_cppExport.cmake
[0.558s] -- Up-to-date: /home/chienle/Desktop/skid_robot_v2/install/velodyne_msgs/share/velodyne_msgs/cmake/velodyne_msgs__rosidl_typesupport_cppExport-noconfig.cmake
[0.558s] -- Up-to-date: /home/chienle/Desktop/skid_robot_v2/install/velodyne_msgs/share/velodyne_msgs/cmake/export_velodyne_msgs__rosidl_generator_pyExport.cmake
[0.558s] -- Up-to-date: /home/chienle/Desktop/skid_robot_v2/install/velodyne_msgs/share/velodyne_msgs/cmake/export_velodyne_msgs__rosidl_generator_pyExport-noconfig.cmake
[0.563s] Invoked command in '/home/chienle/Desktop/skid_robot_v2/build/velodyne_msgs' returned '0': CMAKE_PREFIX_PATH=/opt/ros/humble /usr/bin/cmake --install /home/chienle/Desktop/skid_robot_v2/build/velodyne_msgs
