[0.014s] Invoking command in '/home/chienle/Desktop/skid_robot_v2/build/microstrain_inertial_driver': CMAKE_PREFIX_PATH=/home/chienle/Desktop/skid_robot_v2/install/microstrain_inertial_msgs:/home/chienle/Desktop/skid_robot_v2/install/velodyne:/home/chienle/Desktop/skid_robot_v2/install/velodyne_pointcloud:/home/chienle/Desktop/skid_robot_v2/install/velodyne_driver:/home/chienle/Desktop/skid_robot_v2/install/velodyne_msgs:/home/chienle/Desktop/skid_robot_v2/install/velodyne_laserscan:/home/chienle/Desktop/skid_robot_v2/install/microstrain_inertial_examples:/home/chienle/Desktop/skid_robot_v2/install/microstrain_inertial_driver:/home/chienle/Desktop/skid_robot_v2/install/simulation:/home/chienle/Desktop/skid_robot_v2/install/ps3:/home/chienle/Desktop/skid_robot_v2/install/odom:/home/chienle/Desktop/skid_robot_v2/install/microstrain_inertial_rqt:/home/chienle/Desktop/skid_robot_v2/install/microstrain_inertial_description:/home/chienle/Desktop/skid_robot_v2/install/mapping:/home/chienle/Desktop/skid_robot_v2/install/low_control:/home/chienle/Desktop/skid_robot_v2/install/ekf:/home/chienle/Desktop/skid_robot_v2/install/bringup:/opt/ros/humble LD_LIBRARY_PATH=/home/chienle/Desktop/skid_robot_v2/install/microstrain_inertial_msgs/lib:/home/chienle/Desktop/skid_robot_v2/install/velodyne_pointcloud/lib:/home/chienle/Desktop/skid_robot_v2/install/velodyne_driver/lib:/home/chienle/Desktop/skid_robot_v2/install/velodyne_msgs/lib:/home/chienle/Desktop/skid_robot_v2/install/velodyne_laserscan/lib:/usr/lib/x86_64-linux-gnu/gazebo-11/plugins:/opt/ros/humble/opt/rviz_ogre_vendor/lib:/opt/ros/humble/lib/x86_64-linux-gnu:/opt/ros/humble/lib:/usr/lib/x86_64-linux-gnu/gazebo-11/plugins /usr/bin/cmake /home/chienle/Desktop/skid_robot_v2/src/hardware/microstrain_inertial/microstrain_inertial_driver -DAMENT_CMAKE_SYMLINK_INSTALL=1 -DCMAKE_INSTALL_PREFIX=/home/chienle/Desktop/skid_robot_v2/install/microstrain_inertial_driver
[0.099s] -- The C compiler identification is GNU 11.4.0
[0.176s] -- The CXX compiler identification is GNU 11.4.0
[0.186s] -- Detecting C compiler ABI info
[0.282s] -- Detecting C compiler ABI info - done
[0.293s] -- Check for working C compiler: /usr/bin/cc - skipped
[0.293s] -- Detecting C compile features
[0.294s] -- Detecting C compile features - done
[0.298s] -- Detecting CXX compiler ABI info
[0.417s] -- Detecting CXX compiler ABI info - done
[0.429s] -- Check for working CXX compiler: /usr/bin/c++ - skipped
[0.429s] -- Detecting CXX compile features
[0.430s] -- Detecting CXX compile features - done
[0.441s] -- Found Git: /usr/bin/git (found version "2.34.1") 
[0.460s] -- Microstrain Driver Version: ros2-4.8.0
[0.463s] -- Looking for C++ include span
[0.682s] -- Looking for C++ include span - found
[0.683s] -- Looking for C++ include bit
[0.816s] -- Looking for C++ include bit - found
[0.818s] -- Performing Test MIP_COMPILER_SUPPORTS_METADATA
[0.939s] -- Performing Test MIP_COMPILER_SUPPORTS_METADATA - Success
[0.939s] -- MIP_ENABLE_METADATA not set - compiler support: 1
[0.974s] -- Determined version from Git: v3.0.0-192-g8bd79339
[0.976s] [0mMicroStrain logging is enabled. Max level = 'MICROSTRAIN_LOG_LEVEL_INFO'[0m
[1.024s] -- Determined version from Git: v3.0.0-192-g8bd79339
[1.027s] [0mC definitions = definitions/commands_3dm.c;definitions/commands_aiding.c;definitions/commands_base.c;definitions/commands_filter.c;definitions/commands_gnss.c;definitions/commands_rtk.c;definitions/commands_system.c;definitions/data_filter.c;definitions/data_gnss.c;definitions/data_sensor.c;definitions/data_shared.c;definitions/data_system.c;definitions/commands_3dm.h;definitions/commands_aiding.h;definitions/commands_base.h;definitions/commands_filter.h;definitions/commands_gnss.h;definitions/commands_rtk.h;definitions/commands_system.h;definitions/data_filter.h;definitions/data_gnss.h;definitions/data_sensor.h;definitions/data_shared.h;definitions/data_system.h[0m
[1.060s] [0mC++ definitions = definitions/commands_3dm.cpp;definitions/commands_aiding.cpp;definitions/commands_base.cpp;definitions/commands_filter.cpp;definitions/commands_gnss.cpp;definitions/commands_rtk.cpp;definitions/commands_system.cpp;definitions/data_filter.cpp;definitions/data_gnss.cpp;definitions/data_sensor.cpp;definitions/data_shared.cpp;definitions/data_system.cpp;definitions/commands_3dm.hpp;definitions/commands_aiding.hpp;definitions/commands_base.hpp;definitions/commands_filter.hpp;definitions/commands_gnss.hpp;definitions/commands_rtk.hpp;definitions/commands_system.hpp;definitions/data_filter.hpp;definitions/data_gnss.hpp;definitions/data_sensor.hpp;definitions/data_shared.hpp;definitions/data_system.hpp[0m
[1.060s] [0mC++ metadata definitions = definitions/commands_3dm.hpp;definitions/commands_aiding.hpp;definitions/commands_base.hpp;definitions/commands_filter.hpp;definitions/commands_gnss.hpp;definitions/commands_rtk.hpp;definitions/commands_system.hpp;definitions/data_filter.hpp;definitions/data_gnss.hpp;definitions/data_sensor.hpp;definitions/data_shared.hpp;definitions/data_system.hpp[0m
[1.082s] -- Found ament_cmake: 1.3.14 (/opt/ros/humble/share/ament_cmake/cmake)
[1.252s] -- Found Python3: /usr/bin/python3 (found version "3.10.12") found components: Interpreter 
[1.329s] -- Override CMake install command with custom implementation using symlinks instead of copying resources
[1.362s] -- Found rclcpp_lifecycle: 16.0.18 (/opt/ros/humble/share/rclcpp_lifecycle/cmake)
[1.415s] -- Found rosidl_generator_c: 3.1.8 (/opt/ros/humble/share/rosidl_generator_c/cmake)
[1.421s] -- Found rosidl_adapter: 3.1.8 (/opt/ros/humble/share/rosidl_adapter/cmake)
[1.430s] -- Found rosidl_generator_cpp: 3.1.8 (/opt/ros/humble/share/rosidl_generator_cpp/cmake)
[1.443s] -- Using all available rosidl_typesupport_c: rosidl_typesupport_fastrtps_c;rosidl_typesupport_introspection_c
[1.461s] -- Using all available rosidl_typesupport_cpp: rosidl_typesupport_fastrtps_cpp;rosidl_typesupport_introspection_cpp
[1.507s] -- Found rmw_implementation_cmake: 6.1.2 (/opt/ros/humble/share/rmw_implementation_cmake/cmake)
[1.511s] -- Found rmw_cyclonedds_cpp: 1.3.4 (/opt/ros/humble/share/rmw_cyclonedds_cpp/cmake)
[1.533s] -- Using RMW implementation 'rmw_cyclonedds_cpp' as default
[1.542s] -- Looking for pthread.h
[1.621s] -- Looking for pthread.h - found
[1.622s] -- Performing Test CMAKE_HAVE_LIBC_PTHREAD
[1.705s] -- Performing Test CMAKE_HAVE_LIBC_PTHREAD - Success
[1.706s] -- Found Threads: TRUE  
[1.806s] -- Found rosidl_default_generators: 1.2.1 (/opt/ros/humble/share/rosidl_default_generators/cmake)
[1.826s] -- Found geometry_msgs: 4.9.1 (/opt/ros/humble/share/geometry_msgs/cmake)
[1.844s] -- Found nav_msgs: 4.9.1 (/opt/ros/humble/share/nav_msgs/cmake)
[1.871s] -- Found nmea_msgs: 2.0.0 (/opt/ros/humble/share/nmea_msgs/cmake)
[1.895s] -- Found rtcm_msgs: 1.1.6 (/opt/ros/humble/share/rtcm_msgs/cmake)
[1.919s] -- Found rclcpp_components: 16.0.18 (/opt/ros/humble/share/rclcpp_components/cmake)
[1.954s] -- Found sensor_msgs: 4.9.1 (/opt/ros/humble/share/sensor_msgs/cmake)
[1.978s] -- Found std_srvs: 4.9.1 (/opt/ros/humble/share/std_srvs/cmake)
[1.996s] -- Found tf2: 0.25.19 (/opt/ros/humble/share/tf2/cmake)
[2.003s] -- Found tf2_ros: 0.25.19 (/opt/ros/humble/share/tf2_ros/cmake)
[2.115s] -- Found tf2_geometry_msgs: 0.25.19 (/opt/ros/humble/share/tf2_geometry_msgs/cmake)
[2.143s] -- Found eigen3_cmake_module: 0.1.1 (/opt/ros/humble/share/eigen3_cmake_module/cmake)
[2.145s] -- Found Eigen3: TRUE (found version "3.4.0") 
[2.145s] -- Ensuring Eigen3 include directory is part of orocos-kdl CMake target
[2.148s] -- Found microstrain_inertial_msgs: 4.8.0 (/home/chienle/Desktop/skid_robot_v2/install/microstrain_inertial_msgs/share/microstrain_inertial_msgs/cmake)
[2.172s] -- Found GeographicLib: /usr/lib/x86_64-linux-gnu  
[2.269s] -- Configuring done
[2.341s] -- Generating done
[2.365s] -- Build files have been written to: /home/chienle/Desktop/skid_robot_v2/build/microstrain_inertial_driver
[2.380s] Invoked command in '/home/chienle/Desktop/skid_robot_v2/build/microstrain_inertial_driver' returned '0': CMAKE_PREFIX_PATH=/home/chienle/Desktop/skid_robot_v2/install/microstrain_inertial_msgs:/home/chienle/Desktop/skid_robot_v2/install/velodyne:/home/chienle/Desktop/skid_robot_v2/install/velodyne_pointcloud:/home/chienle/Desktop/skid_robot_v2/install/velodyne_driver:/home/chienle/Desktop/skid_robot_v2/install/velodyne_msgs:/home/chienle/Desktop/skid_robot_v2/install/velodyne_laserscan:/home/chienle/Desktop/skid_robot_v2/install/microstrain_inertial_examples:/home/chienle/Desktop/skid_robot_v2/install/microstrain_inertial_driver:/home/chienle/Desktop/skid_robot_v2/install/simulation:/home/chienle/Desktop/skid_robot_v2/install/ps3:/home/chienle/Desktop/skid_robot_v2/install/odom:/home/chienle/Desktop/skid_robot_v2/install/microstrain_inertial_rqt:/home/chienle/Desktop/skid_robot_v2/install/microstrain_inertial_description:/home/chienle/Desktop/skid_robot_v2/install/mapping:/home/chienle/Desktop/skid_robot_v2/install/low_control:/home/chienle/Desktop/skid_robot_v2/install/ekf:/home/chienle/Desktop/skid_robot_v2/install/bringup:/opt/ros/humble LD_LIBRARY_PATH=/home/chienle/Desktop/skid_robot_v2/install/microstrain_inertial_msgs/lib:/home/chienle/Desktop/skid_robot_v2/install/velodyne_pointcloud/lib:/home/chienle/Desktop/skid_robot_v2/install/velodyne_driver/lib:/home/chienle/Desktop/skid_robot_v2/install/velodyne_msgs/lib:/home/chienle/Desktop/skid_robot_v2/install/velodyne_laserscan/lib:/usr/lib/x86_64-linux-gnu/gazebo-11/plugins:/opt/ros/humble/opt/rviz_ogre_vendor/lib:/opt/ros/humble/lib/x86_64-linux-gnu:/opt/ros/humble/lib:/usr/lib/x86_64-linux-gnu/gazebo-11/plugins /usr/bin/cmake /home/chienle/Desktop/skid_robot_v2/src/hardware/microstrain_inertial/microstrain_inertial_driver -DAMENT_CMAKE_SYMLINK_INSTALL=1 -DCMAKE_INSTALL_PREFIX=/home/chienle/Desktop/skid_robot_v2/install/microstrain_inertial_driver
[2.382s] Invoking command in '/home/chienle/Desktop/skid_robot_v2/build/microstrain_inertial_driver': CMAKE_PREFIX_PATH=/home/chienle/Desktop/skid_robot_v2/install/microstrain_inertial_msgs:/home/chienle/Desktop/skid_robot_v2/install/velodyne:/home/chienle/Desktop/skid_robot_v2/install/velodyne_pointcloud:/home/chienle/Desktop/skid_robot_v2/install/velodyne_driver:/home/chienle/Desktop/skid_robot_v2/install/velodyne_msgs:/home/chienle/Desktop/skid_robot_v2/install/velodyne_laserscan:/home/chienle/Desktop/skid_robot_v2/install/microstrain_inertial_examples:/home/chienle/Desktop/skid_robot_v2/install/microstrain_inertial_driver:/home/chienle/Desktop/skid_robot_v2/install/simulation:/home/chienle/Desktop/skid_robot_v2/install/ps3:/home/chienle/Desktop/skid_robot_v2/install/odom:/home/chienle/Desktop/skid_robot_v2/install/microstrain_inertial_rqt:/home/chienle/Desktop/skid_robot_v2/install/microstrain_inertial_description:/home/chienle/Desktop/skid_robot_v2/install/mapping:/home/chienle/Desktop/skid_robot_v2/install/low_control:/home/chienle/Desktop/skid_robot_v2/install/ekf:/home/chienle/Desktop/skid_robot_v2/install/bringup:/opt/ros/humble LD_LIBRARY_PATH=/home/chienle/Desktop/skid_robot_v2/install/microstrain_inertial_msgs/lib:/home/chienle/Desktop/skid_robot_v2/install/velodyne_pointcloud/lib:/home/chienle/Desktop/skid_robot_v2/install/velodyne_driver/lib:/home/chienle/Desktop/skid_robot_v2/install/velodyne_msgs/lib:/home/chienle/Desktop/skid_robot_v2/install/velodyne_laserscan/lib:/usr/lib/x86_64-linux-gnu/gazebo-11/plugins:/opt/ros/humble/opt/rviz_ogre_vendor/lib:/opt/ros/humble/lib/x86_64-linux-gnu:/opt/ros/humble/lib:/usr/lib/x86_64-linux-gnu/gazebo-11/plugins /usr/bin/cmake --build /home/chienle/Desktop/skid_robot_v2/build/microstrain_inertial_driver -- -j20 -l20
[2.453s] [  1%] [32mBuilding C object microstrain_inertial_driver_common/mip_sdk/src/c/microstrain/CMakeFiles/microstrain.dir/logging.c.o[0m
[2.454s] [  2%] [32mBuilding C object microstrain_inertial_driver_common/mip_sdk/src/c/microstrain/CMakeFiles/microstrain.dir/serialization.c.o[0m
[2.518s] [  4%] [32m[1mLinking C static library libmicrostrain.a[0m
[2.569s] [  4%] Built target microstrain
[2.606s] [  5%] [32mBuilding CXX object microstrain_inertial_driver_common/mip_sdk/src/cpp/microstrain/connections/recording/CMakeFiles/microstrain_recording_connection.dir/recording_connection.cpp.o[0m
[2.606s] [  6%] [32mBuilding C object microstrain_inertial_driver_common/mip_sdk/src/c/microstrain/connections/serial/CMakeFiles/microstrain_serial.dir/serial_port.c.o[0m
[2.606s] [  8%] [32mBuilding CXX object microstrain_inertial_driver_common/mip_sdk/src/c/microstrain/connections/serial/CMakeFiles/microstrain_serial.dir/__/__/__/__/cpp/microstrain/connections/serial/serial_connection.cpp.o[0m
[2.606s] [  9%] [32mBuilding C object microstrain_inertial_driver_common/mip_sdk/src/c/mip/CMakeFiles/mip.dir/mip_field.c.o[0m
[2.607s] [ 13%] [32mBuilding C object microstrain_inertial_driver_common/mip_sdk/src/c/mip/CMakeFiles/mip.dir/mip_device_models.c.o[0m
[2.607s] [ 13%] [32mBuilding C object microstrain_inertial_driver_common/mip_sdk/src/c/mip/CMakeFiles/mip.dir/mip_descriptors.c.o[0m
[2.608s] [ 13%] [32mBuilding C object microstrain_inertial_driver_common/mip_sdk/src/c/mip/CMakeFiles/mip.dir/mip_cmdqueue.c.o[0m
[2.608s] [ 14%] [32mBuilding C object microstrain_inertial_driver_common/mip_sdk/src/c/mip/CMakeFiles/mip.dir/mip_dispatch.c.o[0m
[2.610s] [ 16%] [32mBuilding C object microstrain_inertial_driver_common/mip_sdk/src/c/mip/CMakeFiles/mip.dir/mip_parser.c.o[0m
[2.610s] [ 17%] [32mBuilding C object microstrain_inertial_driver_common/mip_sdk/src/c/mip/CMakeFiles/mip.dir/mip_packet.c.o[0m
[2.610s] [ 18%] [32mBuilding C object microstrain_inertial_driver_common/mip_sdk/src/c/mip/CMakeFiles/mip.dir/definitions/common.c.o[0m
[2.611s] [ 20%] [32mBuilding C object microstrain_inertial_driver_common/mip_sdk/src/c/mip/CMakeFiles/mip.dir/mip_result.c.o[0m
[2.612s] [ 21%] [32mBuilding C object microstrain_inertial_driver_common/mip_sdk/src/c/mip/CMakeFiles/mip.dir/mip_serialization.c.o[0m
[2.612s] [ 22%] [32mBuilding C object microstrain_inertial_driver_common/mip_sdk/src/c/mip/CMakeFiles/mip.dir/mip_interface.c.o[0m
[2.612s] [ 24%] [32mBuilding C object microstrain_inertial_driver_common/mip_sdk/src/c/mip/CMakeFiles/mip.dir/definitions/commands_3dm.c.o[0m
[2.616s] [ 25%] [32mBuilding C object microstrain_inertial_driver_common/mip_sdk/src/c/mip/CMakeFiles/mip.dir/definitions/commands_aiding.c.o[0m
[2.616s] [ 26%] [32mBuilding C object microstrain_inertial_driver_common/mip_sdk/src/c/mip/CMakeFiles/mip.dir/definitions/commands_base.c.o[0m
[2.618s] [ 28%] [32mBuilding C object microstrain_inertial_driver_common/mip_sdk/src/c/mip/CMakeFiles/mip.dir/definitions/commands_filter.c.o[0m
[2.619s] [ 29%] [32mBuilding C object microstrain_inertial_driver_common/mip_sdk/src/c/mip/CMakeFiles/mip.dir/definitions/commands_gnss.c.o[0m
[2.625s] [ 30%] [32mBuilding C object microstrain_inertial_driver_common/mip_sdk/src/c/mip/CMakeFiles/mip.dir/definitions/commands_rtk.c.o[0m
[2.677s] [ 32%] [32mBuilding C object microstrain_inertial_driver_common/mip_sdk/src/c/mip/CMakeFiles/mip.dir/definitions/data_filter.c.o[0m
[2.677s] [ 33%] [32mBuilding C object microstrain_inertial_driver_common/mip_sdk/src/c/mip/CMakeFiles/mip.dir/definitions/commands_system.c.o[0m
[2.679s] [ 34%] [32mBuilding C object microstrain_inertial_driver_common/mip_sdk/src/c/mip/CMakeFiles/mip.dir/definitions/data_gnss.c.o[0m
[2.680s] [ 36%] [32mBuilding C object microstrain_inertial_driver_common/mip_sdk/src/c/mip/CMakeFiles/mip.dir/definitions/data_sensor.c.o[0m
[2.699s] [ 38%] [32mBuilding C object microstrain_inertial_driver_common/mip_sdk/src/c/mip/CMakeFiles/mip.dir/definitions/data_shared.c.o[0m
[2.699s] [ 38%] [32mBuilding CXX object microstrain_inertial_driver_common/mip_sdk/src/c/mip/CMakeFiles/mip.dir/__/__/cpp/mip/mip_interface.cpp.o[0m
[2.700s] [ 40%] [32mBuilding C object microstrain_inertial_driver_common/mip_sdk/src/c/mip/CMakeFiles/mip.dir/definitions/data_system.c.o[0m
[2.701s] [ 41%] [32mBuilding CXX object microstrain_inertial_driver_common/mip_sdk/src/c/mip/CMakeFiles/mip.dir/__/__/cpp/mip/definitions/commands_base.cpp.o[0m
[2.704s] [ 42%] [32mBuilding CXX object microstrain_inertial_driver_common/mip_sdk/src/c/mip/CMakeFiles/mip.dir/__/__/cpp/mip/definitions/commands_3dm.cpp.o[0m
[2.708s] [ 44%] [32mBuilding CXX object microstrain_inertial_driver_common/mip_sdk/src/c/mip/CMakeFiles/mip.dir/__/__/cpp/mip/definitions/commands_filter.cpp.o[0m
[2.711s] [ 45%] [32mBuilding CXX object microstrain_inertial_driver_common/mip_sdk/src/c/mip/CMakeFiles/mip.dir/__/__/cpp/mip/definitions/commands_aiding.cpp.o[0m
[2.730s] [ 46%] [32mBuilding CXX object microstrain_inertial_driver_common/mip_sdk/src/c/mip/CMakeFiles/mip.dir/__/__/cpp/mip/definitions/commands_gnss.cpp.o[0m
[2.732s] [ 48%] [32mBuilding CXX object microstrain_inertial_driver_common/mip_sdk/src/c/mip/CMakeFiles/mip.dir/__/__/cpp/mip/definitions/commands_rtk.cpp.o[0m
[2.776s] [ 49%] [32mBuilding CXX object microstrain_inertial_driver_common/mip_sdk/src/c/mip/CMakeFiles/mip.dir/__/__/cpp/mip/definitions/data_filter.cpp.o[0m
[2.777s] [ 50%] [32mBuilding CXX object microstrain_inertial_driver_common/mip_sdk/src/c/mip/CMakeFiles/mip.dir/__/__/cpp/mip/definitions/data_gnss.cpp.o[0m
[2.779s] [ 52%] [32mBuilding CXX object microstrain_inertial_driver_common/mip_sdk/src/c/mip/CMakeFiles/mip.dir/__/__/cpp/mip/definitions/commands_system.cpp.o[0m
[2.797s] [ 53%] [32mBuilding CXX object microstrain_inertial_driver_common/mip_sdk/src/c/mip/CMakeFiles/mip.dir/__/__/cpp/mip/definitions/data_sensor.cpp.o[0m
[2.810s] [ 54%] [32mBuilding CXX object microstrain_inertial_driver_common/mip_sdk/src/c/mip/CMakeFiles/mip.dir/__/__/cpp/mip/definitions/data_shared.cpp.o[0m
[2.820s] [ 56%] [32mBuilding CXX object microstrain_inertial_driver_common/mip_sdk/src/c/mip/CMakeFiles/mip.dir/__/__/cpp/mip/definitions/data_system.cpp.o[0m
[3.561s] [ 57%] [32m[1mLinking CXX static library libmicrostrain_serial.a[0m
[3.638s] [ 57%] Built target microstrain_serial
[3.841s] [ 58%] [32m[1mLinking CXX static library libmicrostrain_recording_connection.a[0m
[3.895s] [ 58%] Built target microstrain_recording_connection
[5.388s] [ 60%] [32m[1mLinking CXX static library libmip.a[0m
[5.452s] [ 60%] Built target mip
[5.483s] [ 65%] [32mBuilding CXX object CMakeFiles/microstrain_inertial_driver_lifecycle_node.dir/src/microstrain_inertial_driver_lifecycle_node.cpp.o[0m
[5.483s] [ 65%] [32mBuilding CXX object CMakeFiles/microstrain_inertial_driver_lifecycle_node.dir/microstrain_inertial_driver_common/src/subscribers.cpp.o[0m
[5.483s] [ 65%] [32mBuilding CXX object CMakeFiles/microstrain_inertial_driver_node.dir/microstrain_inertial_driver_common/src/subscribers.cpp.o[0m
[5.483s] [ 65%] [32mBuilding CXX object CMakeFiles/microstrain_inertial_driver_node.dir/src/microstrain_inertial_driver.cpp.o[0m
[5.483s] [ 66%] [32mBuilding CXX object CMakeFiles/microstrain_inertial_driver_node.dir/microstrain_inertial_driver_common/src/publishers.cpp.o[0m
[5.484s] [ 68%] [32mBuilding CXX object CMakeFiles/microstrain_inertial_driver_node.dir/microstrain_inertial_driver_common/src/config.cpp.o[0m
[5.484s] [ 69%] [32mBuilding CXX object CMakeFiles/microstrain_inertial_driver_lifecycle_node.dir/microstrain_inertial_driver_common/src/publishers.cpp.o[0m
[5.484s] [ 70%] [32mBuilding CXX object CMakeFiles/microstrain_inertial_driver_lifecycle_node.dir/src/microstrain_inertial_driver_lifecycle.cpp.o[0m
[5.485s] [ 73%] [32mBuilding CXX object CMakeFiles/microstrain_inertial_driver_lifecycle_node.dir/microstrain_inertial_driver_common/src/node_common.cpp.o[0m
[5.485s] [ 73%] [32mBuilding CXX object CMakeFiles/microstrain_inertial_driver_lifecycle_node.dir/microstrain_inertial_driver_common/src/services.cpp.o[0m
[5.485s] [ 74%] [32mBuilding CXX object CMakeFiles/microstrain_inertial_driver_lifecycle_node.dir/microstrain_inertial_driver_common/src/config.cpp.o[0m
[5.486s] [ 76%] [32mBuilding CXX object CMakeFiles/microstrain_inertial_driver_node.dir/microstrain_inertial_driver_common/src/utils/clock_bias_monitor.cpp.o[0m
[5.486s] [ 77%] [32mBuilding CXX object CMakeFiles/microstrain_inertial_driver_lifecycle_node.dir/microstrain_inertial_driver_common/src/utils/mappings/mip_publisher_mapping.cpp.o[0m
[5.486s] [ 80%] [32mBuilding CXX object CMakeFiles/microstrain_inertial_driver_node.dir/microstrain_inertial_driver_common/src/node_common.cpp.o[0m
[5.488s] [ 80%] [32mBuilding CXX object CMakeFiles/microstrain_inertial_driver_node.dir/microstrain_inertial_driver_common/src/utils/mappings/mip_publisher_mapping.cpp.o[0m
[5.488s] [ 82%] [32mBuilding CXX object CMakeFiles/microstrain_inertial_driver_node.dir/microstrain_inertial_driver_common/src/utils/mappings/mip_mapping.cpp.o[0m
[5.488s] [ 82%] [32mBuilding CXX object CMakeFiles/microstrain_inertial_driver_node.dir/src/microstrain_inertial_driver_node.cpp.o[0m
[5.489s] [ 84%] [32mBuilding CXX object CMakeFiles/microstrain_inertial_driver_node.dir/microstrain_inertial_driver_common/src/services.cpp.o[0m
[5.489s] [ 85%] [32mBuilding CXX object CMakeFiles/microstrain_inertial_driver_lifecycle_node.dir/microstrain_inertial_driver_common/src/utils/mappings/mip_mapping.cpp.o[0m
[5.490s] [ 86%] [32mBuilding CXX object CMakeFiles/microstrain_inertial_driver_lifecycle_node.dir/microstrain_inertial_driver_common/src/utils/clock_bias_monitor.cpp.o[0m
[15.225s] [ 88%] [32mBuilding CXX object CMakeFiles/microstrain_inertial_driver_node.dir/microstrain_inertial_driver_common/src/utils/mip/ros_mip_device.cpp.o[0m
[15.410s] [ 89%] [32mBuilding CXX object CMakeFiles/microstrain_inertial_driver_node.dir/microstrain_inertial_driver_common/src/utils/mip/ros_mip_device_main.cpp.o[0m
[16.860s] [ 90%] [32mBuilding CXX object CMakeFiles/microstrain_inertial_driver_node.dir/microstrain_inertial_driver_common/src/utils/mip/ros_mip_device_aux.cpp.o[0m
[17.106s] [ 92%] [32mBuilding CXX object CMakeFiles/microstrain_inertial_driver_node.dir/microstrain_inertial_driver_common/src/utils/mip/ros_connection.cpp.o[0m
