[0.012s] Invoking command in '/home/chienle/Desktop/skid_robot_v2/build/velodyne_pointcloud': AMENT_PREFIX_PATH=/home/chienle/Desktop/skid_robot_v2/install/velodyne_msgs:${AMENT_PREFIX_PATH} CMAKE_PREFIX_PATH=/home/chienle/Desktop/skid_robot_v2/install/velodyne_msgs:/opt/ros/humble LD_LIBRARY_PATH=/home/chienle/Desktop/skid_robot_v2/install/velodyne_msgs/lib:/usr/lib/x86_64-linux-gnu/gazebo-11/plugins:/opt/ros/humble/opt/rviz_ogre_vendor/lib:/opt/ros/humble/lib/x86_64-linux-gnu:/opt/ros/humble/lib:/usr/lib/x86_64-linux-gnu/gazebo-11/plugins PYTHONPATH=/home/chienle/Desktop/skid_robot_v2/install/velodyne_msgs/local/lib/python3.10/dist-packages:${PYTHONPATH} /usr/bin/cmake --build /home/chienle/Desktop/skid_robot_v2/build/velodyne_pointcloud -- -j20 -l20
[0.086s] [ 11%] Built target gtest_main
[0.086s] [ 22%] Built target gtest
[0.096s] [ 38%] Built target velodyne_cloud_types
[0.097s] [ 55%] Built target velodyne_rawdata
[0.128s] [ 66%] Built target test_row_step
[0.134s] [ 77%] Built target test_calibration
[0.141s] [ 88%] Built target transform
[0.184s] [100%] Built target velodyne_transform_node
[0.198s] Invoked command in '/home/chienle/Desktop/skid_robot_v2/build/velodyne_pointcloud' returned '0': AMENT_PREFIX_PATH=/home/chienle/Desktop/skid_robot_v2/install/velodyne_msgs:${AMENT_PREFIX_PATH} CMAKE_PREFIX_PATH=/home/chienle/Desktop/skid_robot_v2/install/velodyne_msgs:/opt/ros/humble LD_LIBRARY_PATH=/home/chienle/Desktop/skid_robot_v2/install/velodyne_msgs/lib:/usr/lib/x86_64-linux-gnu/gazebo-11/plugins:/opt/ros/humble/opt/rviz_ogre_vendor/lib:/opt/ros/humble/lib/x86_64-linux-gnu:/opt/ros/humble/lib:/usr/lib/x86_64-linux-gnu/gazebo-11/plugins PYTHONPATH=/home/chienle/Desktop/skid_robot_v2/install/velodyne_msgs/local/lib/python3.10/dist-packages:${PYTHONPATH} /usr/bin/cmake --build /home/chienle/Desktop/skid_robot_v2/build/velodyne_pointcloud -- -j20 -l20
[0.200s] Invoking command in '/home/chienle/Desktop/skid_robot_v2/build/velodyne_pointcloud': AMENT_PREFIX_PATH=/home/chienle/Desktop/skid_robot_v2/install/velodyne_msgs:${AMENT_PREFIX_PATH} CMAKE_PREFIX_PATH=/home/chienle/Desktop/skid_robot_v2/install/velodyne_msgs:/opt/ros/humble LD_LIBRARY_PATH=/home/chienle/Desktop/skid_robot_v2/install/velodyne_msgs/lib:/usr/lib/x86_64-linux-gnu/gazebo-11/plugins:/opt/ros/humble/opt/rviz_ogre_vendor/lib:/opt/ros/humble/lib/x86_64-linux-gnu:/opt/ros/humble/lib:/usr/lib/x86_64-linux-gnu/gazebo-11/plugins PYTHONPATH=/home/chienle/Desktop/skid_robot_v2/install/velodyne_msgs/local/lib/python3.10/dist-packages:${PYTHONPATH} /usr/bin/cmake --install /home/chienle/Desktop/skid_robot_v2/build/velodyne_pointcloud
[0.210s] -- Install configuration: ""
[0.211s] -- Execute custom install script
[0.212s] -- Up-to-date symlink: /home/chienle/Desktop/skid_robot_v2/install/velodyne_pointcloud/lib/velodyne_pointcloud/velodyne_transform_node
[0.212s] -- Up-to-date symlink: /home/chienle/Desktop/skid_robot_v2/install/velodyne_pointcloud/include/velodyne_pointcloud/calibration.hpp
[0.212s] -- Up-to-date symlink: /home/chienle/Desktop/skid_robot_v2/install/velodyne_pointcloud/include/velodyne_pointcloud/datacontainerbase.hpp
[0.212s] -- Up-to-date symlink: /home/chienle/Desktop/skid_robot_v2/install/velodyne_pointcloud/include/velodyne_pointcloud/organized_cloudXYZIRT.hpp
[0.212s] -- Up-to-date symlink: /home/chienle/Desktop/skid_robot_v2/install/velodyne_pointcloud/include/velodyne_pointcloud/pointcloudXYZIRT.hpp
[0.213s] -- Up-to-date symlink: /home/chienle/Desktop/skid_robot_v2/install/velodyne_pointcloud/include/velodyne_pointcloud/rawdata.hpp
[0.213s] -- Up-to-date symlink: /home/chienle/Desktop/skid_robot_v2/install/velodyne_pointcloud/include/velodyne_pointcloud/transform.hpp
[0.213s] -- Up-to-date symlink: /home/chienle/Desktop/skid_robot_v2/install/velodyne_pointcloud/share/velodyne_pointcloud/config/VLP16-velodyne_transform_node-params.yaml
[0.213s] -- Up-to-date symlink: /home/chienle/Desktop/skid_robot_v2/install/velodyne_pointcloud/share/velodyne_pointcloud/config/VLP32C-velodyne_transform_node-params.yaml
[0.213s] -- Up-to-date symlink: /home/chienle/Desktop/skid_robot_v2/install/velodyne_pointcloud/share/velodyne_pointcloud/config/VLS128-velodyne_transform_node-params.yaml
[0.213s] -- Up-to-date symlink: /home/chienle/Desktop/skid_robot_v2/install/velodyne_pointcloud/share/velodyne_pointcloud/launch/velodyne_transform_node-VLP16-composed-launch.py
[0.213s] -- Up-to-date symlink: /home/chienle/Desktop/skid_robot_v2/install/velodyne_pointcloud/share/velodyne_pointcloud/launch/velodyne_transform_node-VLP16-launch.py
[0.213s] -- Up-to-date symlink: /home/chienle/Desktop/skid_robot_v2/install/velodyne_pointcloud/share/velodyne_pointcloud/launch/velodyne_transform_node-VLP32C-composed-launch.py
[0.214s] -- Up-to-date symlink: /home/chienle/Desktop/skid_robot_v2/install/velodyne_pointcloud/share/velodyne_pointcloud/launch/velodyne_transform_node-VLP32C-launch.py
[0.214s] -- Up-to-date symlink: /home/chienle/Desktop/skid_robot_v2/install/velodyne_pointcloud/share/velodyne_pointcloud/launch/velodyne_transform_node-VLS128-composed-launch.py
[0.214s] -- Up-to-date symlink: /home/chienle/Desktop/skid_robot_v2/install/velodyne_pointcloud/share/velodyne_pointcloud/launch/velodyne_transform_node-VLS128-launch.py
[0.214s] -- Up-to-date symlink: /home/chienle/Desktop/skid_robot_v2/install/velodyne_pointcloud/share/velodyne_pointcloud/params/32db.yaml
[0.214s] -- Up-to-date symlink: /home/chienle/Desktop/skid_robot_v2/install/velodyne_pointcloud/share/velodyne_pointcloud/params/64e_s2.1-sztaki.yaml
[0.214s] -- Up-to-date symlink: /home/chienle/Desktop/skid_robot_v2/install/velodyne_pointcloud/share/velodyne_pointcloud/params/64e_s3-xiesc.yaml
[0.214s] -- Up-to-date symlink: /home/chienle/Desktop/skid_robot_v2/install/velodyne_pointcloud/share/velodyne_pointcloud/params/64e_utexas.yaml
[0.214s] -- Up-to-date symlink: /home/chienle/Desktop/skid_robot_v2/install/velodyne_pointcloud/share/velodyne_pointcloud/params/VLP16_hires_db.yaml
[0.215s] -- Up-to-date symlink: /home/chienle/Desktop/skid_robot_v2/install/velodyne_pointcloud/share/velodyne_pointcloud/params/VLP16db.yaml
[0.215s] -- Up-to-date symlink: /home/chienle/Desktop/skid_robot_v2/install/velodyne_pointcloud/share/velodyne_pointcloud/params/VLS128.yaml
[0.215s] -- Up-to-date symlink: /home/chienle/Desktop/skid_robot_v2/install/velodyne_pointcloud/share/velodyne_pointcloud/params/VeloView-VLP-32C.yaml
[0.215s] -- Up-to-date symlink: /home/chienle/Desktop/skid_robot_v2/install/velodyne_pointcloud/share/velodyne_pointcloud/params/issue_84_float_intensities.yaml
[0.215s] -- Up-to-date symlink: /home/chienle/Desktop/skid_robot_v2/install/velodyne_pointcloud/share/velodyne_pointcloud/params/rviz_points.vcg
[0.215s] -- Up-to-date symlink: /home/chienle/Desktop/skid_robot_v2/install/velodyne_pointcloud/share/velodyne_pointcloud/environment/library_path.sh
[0.215s] -- Up-to-date symlink: /home/chienle/Desktop/skid_robot_v2/install/velodyne_pointcloud/share/velodyne_pointcloud/environment/library_path.dsv
[0.216s] -- Up-to-date symlink: /home/chienle/Desktop/skid_robot_v2/install/velodyne_pointcloud/share/ament_index/resource_index/package_run_dependencies/velodyne_pointcloud
[0.216s] -- Up-to-date symlink: /home/chienle/Desktop/skid_robot_v2/install/velodyne_pointcloud/share/ament_index/resource_index/parent_prefix_path/velodyne_pointcloud
[0.216s] -- Up-to-date symlink: /home/chienle/Desktop/skid_robot_v2/install/velodyne_pointcloud/share/velodyne_pointcloud/environment/ament_prefix_path.sh
[0.216s] -- Up-to-date symlink: /home/chienle/Desktop/skid_robot_v2/install/velodyne_pointcloud/share/velodyne_pointcloud/environment/ament_prefix_path.dsv
[0.216s] -- Up-to-date symlink: /home/chienle/Desktop/skid_robot_v2/install/velodyne_pointcloud/share/velodyne_pointcloud/environment/path.sh
[0.216s] -- Up-to-date symlink: /home/chienle/Desktop/skid_robot_v2/install/velodyne_pointcloud/share/velodyne_pointcloud/environment/path.dsv
[0.216s] -- Up-to-date symlink: /home/chienle/Desktop/skid_robot_v2/install/velodyne_pointcloud/share/velodyne_pointcloud/local_setup.bash
[0.217s] -- Up-to-date symlink: /home/chienle/Desktop/skid_robot_v2/install/velodyne_pointcloud/share/velodyne_pointcloud/local_setup.sh
[0.217s] -- Up-to-date symlink: /home/chienle/Desktop/skid_robot_v2/install/velodyne_pointcloud/share/velodyne_pointcloud/local_setup.zsh
[0.217s] -- Up-to-date symlink: /home/chienle/Desktop/skid_robot_v2/install/velodyne_pointcloud/share/velodyne_pointcloud/local_setup.dsv
[0.217s] -- Symlinking: /home/chienle/Desktop/skid_robot_v2/install/velodyne_pointcloud/share/velodyne_pointcloud/package.dsv
[0.230s] -- Up-to-date symlink: /home/chienle/Desktop/skid_robot_v2/install/velodyne_pointcloud/share/ament_index/resource_index/packages/velodyne_pointcloud
[0.230s] -- Up-to-date symlink: /home/chienle/Desktop/skid_robot_v2/install/velodyne_pointcloud/share/ament_index/resource_index/rclcpp_components/velodyne_pointcloud
[0.230s] -- Up-to-date symlink: /home/chienle/Desktop/skid_robot_v2/install/velodyne_pointcloud/share/velodyne_pointcloud/cmake/ament_cmake_export_include_directories-extras.cmake
[0.230s] -- Up-to-date symlink: /home/chienle/Desktop/skid_robot_v2/install/velodyne_pointcloud/share/velodyne_pointcloud/cmake/ament_cmake_export_dependencies-extras.cmake
[0.231s] -- Up-to-date symlink: /home/chienle/Desktop/skid_robot_v2/install/velodyne_pointcloud/share/velodyne_pointcloud/cmake/ament_cmake_export_libraries-extras.cmake
[0.231s] -- Up-to-date symlink: /home/chienle/Desktop/skid_robot_v2/install/velodyne_pointcloud/share/velodyne_pointcloud/cmake/ament_cmake_export_targets-extras.cmake
[0.231s] -- Up-to-date symlink: /home/chienle/Desktop/skid_robot_v2/install/velodyne_pointcloud/share/velodyne_pointcloud/cmake/velodyne_pointcloudConfig.cmake
[0.231s] -- Up-to-date symlink: /home/chienle/Desktop/skid_robot_v2/install/velodyne_pointcloud/share/velodyne_pointcloud/cmake/velodyne_pointcloudConfig-version.cmake
[0.231s] -- Up-to-date symlink: /home/chienle/Desktop/skid_robot_v2/install/velodyne_pointcloud/share/velodyne_pointcloud/package.xml
[0.232s] -- Up-to-date: /home/chienle/Desktop/skid_robot_v2/install/velodyne_pointcloud/lib/libvelodyne_cloud_types.so
[0.232s] -- Up-to-date: /home/chienle/Desktop/skid_robot_v2/install/velodyne_pointcloud/lib/libvelodyne_rawdata.so
[0.232s] -- Up-to-date: /home/chienle/Desktop/skid_robot_v2/install/velodyne_pointcloud/lib/libtransform.so
[0.233s] -- Up-to-date: /home/chienle/Desktop/skid_robot_v2/install/velodyne_pointcloud/share/velodyne_pointcloud/cmake/velodyne_pointcloudExport.cmake
[0.233s] -- Up-to-date: /home/chienle/Desktop/skid_robot_v2/install/velodyne_pointcloud/share/velodyne_pointcloud/cmake/velodyne_pointcloudExport-noconfig.cmake
[0.236s] Invoked command in '/home/chienle/Desktop/skid_robot_v2/build/velodyne_pointcloud' returned '0': AMENT_PREFIX_PATH=/home/chienle/Desktop/skid_robot_v2/install/velodyne_msgs:${AMENT_PREFIX_PATH} CMAKE_PREFIX_PATH=/home/chienle/Desktop/skid_robot_v2/install/velodyne_msgs:/opt/ros/humble LD_LIBRARY_PATH=/home/chienle/Desktop/skid_robot_v2/install/velodyne_msgs/lib:/usr/lib/x86_64-linux-gnu/gazebo-11/plugins:/opt/ros/humble/opt/rviz_ogre_vendor/lib:/opt/ros/humble/lib/x86_64-linux-gnu:/opt/ros/humble/lib:/usr/lib/x86_64-linux-gnu/gazebo-11/plugins PYTHONPATH=/home/chienle/Desktop/skid_robot_v2/install/velodyne_msgs/local/lib/python3.10/dist-packages:${PYTHONPATH} /usr/bin/cmake --install /home/chienle/Desktop/skid_robot_v2/build/velodyne_pointcloud
