running develop
Removing /home/chienle/Desktop/skid_robot_v2/install/mapping/lib/python3.10/site-packages/mapping.egg-link (link to .)
running egg_info
writing ../../build/mapping/mapping.egg-info/PKG-INFO
writing dependency_links to ../../build/mapping/mapping.egg-info/dependency_links.txt
writing entry points to ../../build/mapping/mapping.egg-info/entry_points.txt
writing requirements to ../../build/mapping/mapping.egg-info/requires.txt
writing top-level names to ../../build/mapping/mapping.egg-info/top_level.txt
reading manifest file '../../build/mapping/mapping.egg-info/SOURCES.txt'
writing manifest file '../../build/mapping/mapping.egg-info/SOURCES.txt'
running build
running build_py
creating /home/chienle/Desktop/skid_robot_v2/build/mapping/build
creating /home/chienle/Desktop/skid_robot_v2/build/mapping/build/lib
creating /home/chienle/Desktop/skid_robot_v2/build/mapping/build/lib/mapping
copying mapping/__init__.py -> /home/chienle/Desktop/skid_robot_v2/build/mapping/build/lib/mapping
running install
running install_lib
creating /home/chienle/Desktop/skid_robot_v2/install/mapping/lib/python3.10/site-packages/mapping
copying /home/chienle/Desktop/skid_robot_v2/build/mapping/build/lib/mapping/__init__.py -> /home/chienle/Desktop/skid_robot_v2/install/mapping/lib/python3.10/site-packages/mapping
byte-compiling /home/chienle/Desktop/skid_robot_v2/install/mapping/lib/python3.10/site-packages/mapping/__init__.py to __init__.cpython-310.pyc
running install_data
copying resource/mapping -> /home/chienle/Desktop/skid_robot_v2/install/mapping/share/ament_index/resource_index/packages
copying package.xml -> /home/chienle/Desktop/skid_robot_v2/install/mapping/share/mapping
copying launch/cartographer_velodyne_launch.py -> /home/chienle/Desktop/skid_robot_v2/install/mapping/share/mapping/launch
running install_egg_info
Copying ../../build/mapping/mapping.egg-info to /home/chienle/Desktop/skid_robot_v2/install/mapping/lib/python3.10/site-packages/mapping-0.0.0-py3.10.egg-info
running install_scripts
writing list of installed files to '/home/chienle/Desktop/skid_robot_v2/build/mapping/install.log'
