[0.426s] Invoking command in '/home/chienle/Desktop/skid_robot_v2/build/mapping': PYTHONPATH=/home/chienle/Desktop/skid_robot_v2/build/mapping/prefix_override:/usr/lib/python3/dist-packages/colcon_core/task/python/colcon_distutils_commands:/home/chienle/Desktop/skid_robot_v2/install/mapping/lib/python3.10/site-packages:${PYTHONPATH} /usr/bin/python3 -W ignore:setup.py install is deprecated -W ignore:easy_install command is deprecated setup.py develop --uninstall --editable --build-directory /home/chienle/Desktop/skid_robot_v2/build/mapping/build
[0.601s] running develop
[0.716s] Removing /home/chienle/Desktop/skid_robot_v2/install/mapping/lib/python3.10/site-packages/mapping.egg-link (link to .)
[0.731s] Invoked command in '/home/chienle/Desktop/skid_robot_v2/build/mapping' returned '0': PYTHONPATH=/home/chienle/Desktop/skid_robot_v2/build/mapping/prefix_override:/usr/lib/python3/dist-packages/colcon_core/task/python/colcon_distutils_commands:/home/chienle/Desktop/skid_robot_v2/install/mapping/lib/python3.10/site-packages:${PYTHONPATH} /usr/bin/python3 -W ignore:setup.py install is deprecated -W ignore:easy_install command is deprecated setup.py develop --uninstall --editable --build-directory /home/chienle/Desktop/skid_robot_v2/build/mapping/build
[0.733s] Invoking command in '/home/chienle/Desktop/skid_robot_v2/src/mapping': PYTHONPATH=/home/chienle/Desktop/skid_robot_v2/build/mapping/prefix_override:/usr/lib/python3/dist-packages/colcon_core/task/python/colcon_distutils_commands:/home/chienle/Desktop/skid_robot_v2/install/mapping/lib/python3.10/site-packages:${PYTHONPATH} /usr/bin/python3 -W ignore:setup.py install is deprecated -W ignore:easy_install command is deprecated setup.py egg_info --egg-base ../../build/mapping build --build-base /home/chienle/Desktop/skid_robot_v2/build/mapping/build install --record /home/chienle/Desktop/skid_robot_v2/build/mapping/install.log --single-version-externally-managed install_data --force
[0.896s] running egg_info
[0.897s] writing ../../build/mapping/mapping.egg-info/PKG-INFO
[0.897s] writing dependency_links to ../../build/mapping/mapping.egg-info/dependency_links.txt
[0.897s] writing entry points to ../../build/mapping/mapping.egg-info/entry_points.txt
[0.897s] writing requirements to ../../build/mapping/mapping.egg-info/requires.txt
[0.897s] writing top-level names to ../../build/mapping/mapping.egg-info/top_level.txt
[0.898s] reading manifest file '../../build/mapping/mapping.egg-info/SOURCES.txt'
[0.899s] writing manifest file '../../build/mapping/mapping.egg-info/SOURCES.txt'
[0.899s] running build
[0.899s] running build_py
[0.899s] creating /home/chienle/Desktop/skid_robot_v2/build/mapping/build
[0.899s] creating /home/chienle/Desktop/skid_robot_v2/build/mapping/build/lib
[0.899s] creating /home/chienle/Desktop/skid_robot_v2/build/mapping/build/lib/mapping
[0.899s] copying mapping/__init__.py -> /home/chienle/Desktop/skid_robot_v2/build/mapping/build/lib/mapping
[0.899s] running install
[0.899s] running install_lib
[0.900s] creating /home/chienle/Desktop/skid_robot_v2/install/mapping/lib/python3.10/site-packages/mapping
[0.900s] copying /home/chienle/Desktop/skid_robot_v2/build/mapping/build/lib/mapping/__init__.py -> /home/chienle/Desktop/skid_robot_v2/install/mapping/lib/python3.10/site-packages/mapping
[0.900s] byte-compiling /home/chienle/Desktop/skid_robot_v2/install/mapping/lib/python3.10/site-packages/mapping/__init__.py to __init__.cpython-310.pyc
[0.900s] running install_data
[0.900s] copying resource/mapping -> /home/chienle/Desktop/skid_robot_v2/install/mapping/share/ament_index/resource_index/packages
[0.900s] copying package.xml -> /home/chienle/Desktop/skid_robot_v2/install/mapping/share/mapping
[0.900s] copying launch/cartographer_velodyne_launch.py -> /home/chienle/Desktop/skid_robot_v2/install/mapping/share/mapping/launch
[0.900s] running install_egg_info
[0.902s] Copying ../../build/mapping/mapping.egg-info to /home/chienle/Desktop/skid_robot_v2/install/mapping/lib/python3.10/site-packages/mapping-0.0.0-py3.10.egg-info
[0.902s] running install_scripts
[0.916s] writing list of installed files to '/home/chienle/Desktop/skid_robot_v2/build/mapping/install.log'
[0.930s] Invoked command in '/home/chienle/Desktop/skid_robot_v2/src/mapping' returned '0': PYTHONPATH=/home/chienle/Desktop/skid_robot_v2/build/mapping/prefix_override:/usr/lib/python3/dist-packages/colcon_core/task/python/colcon_distutils_commands:/home/chienle/Desktop/skid_robot_v2/install/mapping/lib/python3.10/site-packages:${PYTHONPATH} /usr/bin/python3 -W ignore:setup.py install is deprecated -W ignore:easy_install command is deprecated setup.py egg_info --egg-base ../../build/mapping build --build-base /home/chienle/Desktop/skid_robot_v2/build/mapping/build install --record /home/chienle/Desktop/skid_robot_v2/build/mapping/install.log --single-version-externally-managed install_data --force
