[0.013s] Invoking command in '/home/chienle/Desktop/skid_robot_v2/build/velodyne_driver': AMENT_PREFIX_PATH=/home/chienle/Desktop/skid_robot_v2/install/velodyne_msgs:${AMENT_PREFIX_PATH} CMAKE_PREFIX_PATH=/home/chienle/Desktop/skid_robot_v2/install/velodyne_msgs:/opt/ros/humble LD_LIBRARY_PATH=/home/chienle/Desktop/skid_robot_v2/install/velodyne_msgs/lib:/usr/lib/x86_64-linux-gnu/gazebo-11/plugins:/opt/ros/humble/opt/rviz_ogre_vendor/lib:/opt/ros/humble/lib/x86_64-linux-gnu:/opt/ros/humble/lib:/usr/lib/x86_64-linux-gnu/gazebo-11/plugins PYTHONPATH=/home/chienle/Desktop/skid_robot_v2/install/velodyne_msgs/local/lib/python3.10/dist-packages:${PYTHONPATH} /usr/bin/cmake --build /home/chienle/Desktop/skid_robot_v2/build/velodyne_driver -- -j20 -l20
[0.080s] [ 16%] Built target gtest
[0.081s] [ 33%] Built target gtest_main
[0.085s] [ 50%] Built target velodyne_input
[0.119s] [ 66%] Built target time_test
[0.124s] [ 83%] Built target velodyne_driver
[0.155s] [100%] Built target velodyne_driver_node
[0.169s] Invoked command in '/home/chienle/Desktop/skid_robot_v2/build/velodyne_driver' returned '0': AMENT_PREFIX_PATH=/home/chienle/Desktop/skid_robot_v2/install/velodyne_msgs:${AMENT_PREFIX_PATH} CMAKE_PREFIX_PATH=/home/chienle/Desktop/skid_robot_v2/install/velodyne_msgs:/opt/ros/humble LD_LIBRARY_PATH=/home/chienle/Desktop/skid_robot_v2/install/velodyne_msgs/lib:/usr/lib/x86_64-linux-gnu/gazebo-11/plugins:/opt/ros/humble/opt/rviz_ogre_vendor/lib:/opt/ros/humble/lib/x86_64-linux-gnu:/opt/ros/humble/lib:/usr/lib/x86_64-linux-gnu/gazebo-11/plugins PYTHONPATH=/home/chienle/Desktop/skid_robot_v2/install/velodyne_msgs/local/lib/python3.10/dist-packages:${PYTHONPATH} /usr/bin/cmake --build /home/chienle/Desktop/skid_robot_v2/build/velodyne_driver -- -j20 -l20
[0.173s] Invoking command in '/home/chienle/Desktop/skid_robot_v2/build/velodyne_driver': AMENT_PREFIX_PATH=/home/chienle/Desktop/skid_robot_v2/install/velodyne_msgs:${AMENT_PREFIX_PATH} CMAKE_PREFIX_PATH=/home/chienle/Desktop/skid_robot_v2/install/velodyne_msgs:/opt/ros/humble LD_LIBRARY_PATH=/home/chienle/Desktop/skid_robot_v2/install/velodyne_msgs/lib:/usr/lib/x86_64-linux-gnu/gazebo-11/plugins:/opt/ros/humble/opt/rviz_ogre_vendor/lib:/opt/ros/humble/lib/x86_64-linux-gnu:/opt/ros/humble/lib:/usr/lib/x86_64-linux-gnu/gazebo-11/plugins PYTHONPATH=/home/chienle/Desktop/skid_robot_v2/install/velodyne_msgs/local/lib/python3.10/dist-packages:${PYTHONPATH} /usr/bin/cmake --install /home/chienle/Desktop/skid_robot_v2/build/velodyne_driver
[0.180s] -- Install configuration: ""
[0.181s] -- Execute custom install script
[0.181s] -- Up-to-date symlink: /home/chienle/Desktop/skid_robot_v2/install/velodyne_driver/lib/velodyne_driver/velodyne_driver_node
[0.181s] -- Up-to-date symlink: /home/chienle/Desktop/skid_robot_v2/install/velodyne_driver/include/velodyne_driver/driver.hpp
[0.181s] -- Up-to-date symlink: /home/chienle/Desktop/skid_robot_v2/install/velodyne_driver/include/velodyne_driver/input.hpp
[0.182s] -- Up-to-date symlink: /home/chienle/Desktop/skid_robot_v2/install/velodyne_driver/include/velodyne_driver/time_conversion.hpp
[0.182s] -- Up-to-date symlink: /home/chienle/Desktop/skid_robot_v2/install/velodyne_driver/share/velodyne_driver/config/VLP16-velodyne_driver_node-params.yaml
[0.182s] -- Up-to-date symlink: /home/chienle/Desktop/skid_robot_v2/install/velodyne_driver/share/velodyne_driver/config/VLP32C-velodyne_driver_node-params.yaml
[0.182s] -- Up-to-date symlink: /home/chienle/Desktop/skid_robot_v2/install/velodyne_driver/share/velodyne_driver/config/VLS128-velodyne_driver_node-params.yaml
[0.182s] -- Up-to-date symlink: /home/chienle/Desktop/skid_robot_v2/install/velodyne_driver/share/velodyne_driver/launch/velodyne_driver_node-VLP16-composed-launch.py
[0.182s] -- Up-to-date symlink: /home/chienle/Desktop/skid_robot_v2/install/velodyne_driver/share/velodyne_driver/launch/velodyne_driver_node-VLP16-launch.py
[0.183s] -- Up-to-date symlink: /home/chienle/Desktop/skid_robot_v2/install/velodyne_driver/share/velodyne_driver/launch/velodyne_driver_node-VLP32C-composed-launch.py
[0.183s] -- Up-to-date symlink: /home/chienle/Desktop/skid_robot_v2/install/velodyne_driver/share/velodyne_driver/launch/velodyne_driver_node-VLP32C-launch.py
[0.183s] -- Up-to-date symlink: /home/chienle/Desktop/skid_robot_v2/install/velodyne_driver/share/velodyne_driver/launch/velodyne_driver_node-VLS128-composed-launch.py
[0.183s] -- Up-to-date symlink: /home/chienle/Desktop/skid_robot_v2/install/velodyne_driver/share/velodyne_driver/launch/velodyne_driver_node-VLS128-launch.py
[0.183s] -- Up-to-date symlink: /home/chienle/Desktop/skid_robot_v2/install/velodyne_driver/lib/velodyne_driver/vdump
[0.184s] -- Up-to-date symlink: /home/chienle/Desktop/skid_robot_v2/install/velodyne_driver/share/ament_index/resource_index/package_run_dependencies/velodyne_driver
[0.184s] -- Up-to-date symlink: /home/chienle/Desktop/skid_robot_v2/install/velodyne_driver/share/ament_index/resource_index/parent_prefix_path/velodyne_driver
[0.184s] -- Up-to-date symlink: /home/chienle/Desktop/skid_robot_v2/install/velodyne_driver/share/velodyne_driver/environment/ament_prefix_path.sh
[0.184s] -- Up-to-date symlink: /home/chienle/Desktop/skid_robot_v2/install/velodyne_driver/share/velodyne_driver/environment/ament_prefix_path.dsv
[0.184s] -- Up-to-date symlink: /home/chienle/Desktop/skid_robot_v2/install/velodyne_driver/share/velodyne_driver/environment/path.sh
[0.185s] -- Up-to-date symlink: /home/chienle/Desktop/skid_robot_v2/install/velodyne_driver/share/velodyne_driver/environment/path.dsv
[0.185s] -- Up-to-date symlink: /home/chienle/Desktop/skid_robot_v2/install/velodyne_driver/share/velodyne_driver/local_setup.bash
[0.185s] -- Up-to-date symlink: /home/chienle/Desktop/skid_robot_v2/install/velodyne_driver/share/velodyne_driver/local_setup.sh
[0.185s] -- Up-to-date symlink: /home/chienle/Desktop/skid_robot_v2/install/velodyne_driver/share/velodyne_driver/local_setup.zsh
[0.185s] -- Up-to-date symlink: /home/chienle/Desktop/skid_robot_v2/install/velodyne_driver/share/velodyne_driver/local_setup.dsv
[0.185s] -- Symlinking: /home/chienle/Desktop/skid_robot_v2/install/velodyne_driver/share/velodyne_driver/package.dsv
[0.195s] -- Up-to-date symlink: /home/chienle/Desktop/skid_robot_v2/install/velodyne_driver/share/ament_index/resource_index/packages/velodyne_driver
[0.196s] -- Up-to-date symlink: /home/chienle/Desktop/skid_robot_v2/install/velodyne_driver/share/ament_index/resource_index/rclcpp_components/velodyne_driver
[0.196s] -- Up-to-date symlink: /home/chienle/Desktop/skid_robot_v2/install/velodyne_driver/share/velodyne_driver/cmake/ament_cmake_export_include_directories-extras.cmake
[0.196s] -- Up-to-date symlink: /home/chienle/Desktop/skid_robot_v2/install/velodyne_driver/share/velodyne_driver/cmake/ament_cmake_export_targets-extras.cmake
[0.196s] -- Up-to-date symlink: /home/chienle/Desktop/skid_robot_v2/install/velodyne_driver/share/velodyne_driver/cmake/ament_cmake_export_dependencies-extras.cmake
[0.196s] -- Up-to-date symlink: /home/chienle/Desktop/skid_robot_v2/install/velodyne_driver/share/velodyne_driver/cmake/velodyne_driverConfig.cmake
[0.196s] -- Up-to-date symlink: /home/chienle/Desktop/skid_robot_v2/install/velodyne_driver/share/velodyne_driver/cmake/velodyne_driverConfig-version.cmake
[0.196s] -- Up-to-date symlink: /home/chienle/Desktop/skid_robot_v2/install/velodyne_driver/share/velodyne_driver/package.xml
[0.197s] -- Up-to-date: /home/chienle/Desktop/skid_robot_v2/install/velodyne_driver/lib/libvelodyne_input.so
[0.197s] -- Up-to-date: /home/chienle/Desktop/skid_robot_v2/install/velodyne_driver/lib/libvelodyne_driver.so
[0.197s] -- Up-to-date: /home/chienle/Desktop/skid_robot_v2/install/velodyne_driver/share/velodyne_driver/cmake/velodyne_driverExport.cmake
[0.197s] -- Up-to-date: /home/chienle/Desktop/skid_robot_v2/install/velodyne_driver/share/velodyne_driver/cmake/velodyne_driverExport-noconfig.cmake
[0.200s] Invoked command in '/home/chienle/Desktop/skid_robot_v2/build/velodyne_driver' returned '0': AMENT_PREFIX_PATH=/home/chienle/Desktop/skid_robot_v2/install/velodyne_msgs:${AMENT_PREFIX_PATH} CMAKE_PREFIX_PATH=/home/chienle/Desktop/skid_robot_v2/install/velodyne_msgs:/opt/ros/humble LD_LIBRARY_PATH=/home/chienle/Desktop/skid_robot_v2/install/velodyne_msgs/lib:/usr/lib/x86_64-linux-gnu/gazebo-11/plugins:/opt/ros/humble/opt/rviz_ogre_vendor/lib:/opt/ros/humble/lib/x86_64-linux-gnu:/opt/ros/humble/lib:/usr/lib/x86_64-linux-gnu/gazebo-11/plugins PYTHONPATH=/home/chienle/Desktop/skid_robot_v2/install/velodyne_msgs/local/lib/python3.10/dist-packages:${PYTHONPATH} /usr/bin/cmake --install /home/chienle/Desktop/skid_robot_v2/build/velodyne_driver
