running develop
running egg_info
creating ekf.egg-info
writing ekf.egg-info/PKG-INFO
writing dependency_links to ekf.egg-info/dependency_links.txt
writing entry points to ekf.egg-info/entry_points.txt
writing requirements to ekf.egg-info/requires.txt
writing top-level names to ekf.egg-info/top_level.txt
writing manifest file 'ekf.egg-info/SOURCES.txt'
reading manifest file 'ekf.egg-info/SOURCES.txt'
writing manifest file 'ekf.egg-info/SOURCES.txt'
running build_ext
Creating /home/chienle/Desktop/skid_robot_v2/install/ekf/lib/python3.10/site-packages/ekf.egg-link (link to .)
Installing listener script to /home/chienle/Desktop/skid_robot_v2/install/ekf/lib/ekf
Installing talker script to /home/chienle/Desktop/skid_robot_v2/install/ekf/lib/ekf

Installed /home/chienle/Desktop/skid_robot_v2/build/ekf
running symlink_data
creating /home/chienle/Desktop/skid_robot_v2/install/ekf/share/ament_index
creating /home/chienle/Desktop/skid_robot_v2/install/ekf/share/ament_index/resource_index
creating /home/chienle/Desktop/skid_robot_v2/install/ekf/share/ament_index/resource_index/packages
symbolically linking /home/chienle/Desktop/skid_robot_v2/build/ekf/resource/ekf -> /home/chienle/Desktop/skid_robot_v2/install/ekf/share/ament_index/resource_index/packages
symbolically linking /home/chienle/Desktop/skid_robot_v2/build/ekf/package.xml -> /home/chienle/Desktop/skid_robot_v2/install/ekf/share/ekf
creating /home/chienle/Desktop/skid_robot_v2/install/ekf/share/ekf/launch
symbolically linking /home/chienle/Desktop/skid_robot_v2/build/ekf/launch/ekf_launch.py -> /home/chienle/Desktop/skid_robot_v2/install/ekf/share/ekf/launch
creating /home/chienle/Desktop/skid_robot_v2/install/ekf/share/ekf/config
symbolically linking /home/chienle/Desktop/skid_robot_v2/build/ekf/config/ekf.yaml -> /home/chienle/Desktop/skid_robot_v2/install/ekf/share/ekf/config
