[0.639s] Invoking command in '/home/chienle/Desktop/skid_robot_v2/build/ekf': PYTHONPATH=/home/chienle/Desktop/skid_robot_v2/build/ekf/prefix_override:/usr/lib/python3/dist-packages/colcon_core/task/python/colcon_distutils_commands:/home/chienle/Desktop/skid_robot_v2/install/ekf/lib/python3.10/site-packages:${PYTHONPATH} /usr/bin/python3 -W ignore:setup.py install is deprecated -W ignore:easy_install command is deprecated setup.py develop --editable --build-directory /home/chienle/Desktop/skid_robot_v2/build/ekf/build --no-deps symlink_data
[0.894s] running develop
[1.051s] running egg_info
[1.051s] creating ekf.egg-info
[1.051s] writing ekf.egg-info/PKG-INFO
[1.051s] writing dependency_links to ekf.egg-info/dependency_links.txt
[1.051s] writing entry points to ekf.egg-info/entry_points.txt
[1.051s] writing requirements to ekf.egg-info/requires.txt
[1.051s] writing top-level names to ekf.egg-info/top_level.txt
[1.051s] writing manifest file 'ekf.egg-info/SOURCES.txt'
[1.053s] reading manifest file 'ekf.egg-info/SOURCES.txt'
[1.053s] writing manifest file 'ekf.egg-info/SOURCES.txt'
[1.055s] running build_ext
[1.055s] Creating /home/chienle/Desktop/skid_robot_v2/install/ekf/lib/python3.10/site-packages/ekf.egg-link (link to .)
[1.055s] Installing listener script to /home/chienle/Desktop/skid_robot_v2/install/ekf/lib/ekf
[1.056s] Installing talker script to /home/chienle/Desktop/skid_robot_v2/install/ekf/lib/ekf
[1.056s] 
[1.056s] Installed /home/chienle/Desktop/skid_robot_v2/build/ekf
[1.056s] running symlink_data
[1.056s] creating /home/chienle/Desktop/skid_robot_v2/install/ekf/share/ament_index
[1.056s] creating /home/chienle/Desktop/skid_robot_v2/install/ekf/share/ament_index/resource_index
[1.056s] creating /home/chienle/Desktop/skid_robot_v2/install/ekf/share/ament_index/resource_index/packages
[1.056s] symbolically linking /home/chienle/Desktop/skid_robot_v2/build/ekf/resource/ekf -> /home/chienle/Desktop/skid_robot_v2/install/ekf/share/ament_index/resource_index/packages
[1.056s] symbolically linking /home/chienle/Desktop/skid_robot_v2/build/ekf/package.xml -> /home/chienle/Desktop/skid_robot_v2/install/ekf/share/ekf
[1.056s] creating /home/chienle/Desktop/skid_robot_v2/install/ekf/share/ekf/launch
[1.056s] symbolically linking /home/chienle/Desktop/skid_robot_v2/build/ekf/launch/ekf_launch.py -> /home/chienle/Desktop/skid_robot_v2/install/ekf/share/ekf/launch
[1.056s] creating /home/chienle/Desktop/skid_robot_v2/install/ekf/share/ekf/config
[1.056s] symbolically linking /home/chienle/Desktop/skid_robot_v2/build/ekf/config/ekf.yaml -> /home/chienle/Desktop/skid_robot_v2/install/ekf/share/ekf/config
[1.083s] Invoked command in '/home/chienle/Desktop/skid_robot_v2/build/ekf' returned '0': PYTHONPATH=/home/chienle/Desktop/skid_robot_v2/build/ekf/prefix_override:/usr/lib/python3/dist-packages/colcon_core/task/python/colcon_distutils_commands:/home/chienle/Desktop/skid_robot_v2/install/ekf/lib/python3.10/site-packages:${PYTHONPATH} /usr/bin/python3 -W ignore:setup.py install is deprecated -W ignore:easy_install command is deprecated setup.py develop --editable --build-directory /home/chienle/Desktop/skid_robot_v2/build/ekf/build --no-deps symlink_data
