running develop
Removing /home/chienle/Desktop/skid_robot_v2/install/ekf/lib/python3.10/site-packages/ekf.egg-link (link to .)
running egg_info
writing ../../../build/ekf/ekf.egg-info/PKG-INFO
writing dependency_links to ../../../build/ekf/ekf.egg-info/dependency_links.txt
writing entry points to ../../../build/ekf/ekf.egg-info/entry_points.txt
writing requirements to ../../../build/ekf/ekf.egg-info/requires.txt
writing top-level names to ../../../build/ekf/ekf.egg-info/top_level.txt
reading manifest file '../../../build/ekf/ekf.egg-info/SOURCES.txt'
writing manifest file '../../../build/ekf/ekf.egg-info/SOURCES.txt'
running build
running build_py
creating /home/chienle/Desktop/skid_robot_v2/build/ekf/build
creating /home/chienle/Desktop/skid_robot_v2/build/ekf/build/lib
creating /home/chienle/Desktop/skid_robot_v2/build/ekf/build/lib/ekf
copying ekf/minimal_publisher.py -> /home/chienle/Desktop/skid_robot_v2/build/ekf/build/lib/ekf
copying ekf/__init__.py -> /home/chienle/Desktop/skid_robot_v2/build/ekf/build/lib/ekf
copying ekf/minimal_subscriber.py -> /home/chienle/Desktop/skid_robot_v2/build/ekf/build/lib/ekf
running install
running install_lib
creating /home/chienle/Desktop/skid_robot_v2/install/ekf/lib/python3.10/site-packages/ekf
copying /home/chienle/Desktop/skid_robot_v2/build/ekf/build/lib/ekf/minimal_publisher.py -> /home/chienle/Desktop/skid_robot_v2/install/ekf/lib/python3.10/site-packages/ekf
copying /home/chienle/Desktop/skid_robot_v2/build/ekf/build/lib/ekf/__init__.py -> /home/chienle/Desktop/skid_robot_v2/install/ekf/lib/python3.10/site-packages/ekf
copying /home/chienle/Desktop/skid_robot_v2/build/ekf/build/lib/ekf/minimal_subscriber.py -> /home/chienle/Desktop/skid_robot_v2/install/ekf/lib/python3.10/site-packages/ekf
byte-compiling /home/chienle/Desktop/skid_robot_v2/install/ekf/lib/python3.10/site-packages/ekf/minimal_publisher.py to minimal_publisher.cpython-310.pyc
byte-compiling /home/chienle/Desktop/skid_robot_v2/install/ekf/lib/python3.10/site-packages/ekf/__init__.py to __init__.cpython-310.pyc
byte-compiling /home/chienle/Desktop/skid_robot_v2/install/ekf/lib/python3.10/site-packages/ekf/minimal_subscriber.py to minimal_subscriber.cpython-310.pyc
running install_data
copying resource/ekf -> /home/chienle/Desktop/skid_robot_v2/install/ekf/share/ament_index/resource_index/packages
copying package.xml -> /home/chienle/Desktop/skid_robot_v2/install/ekf/share/ekf
copying launch/ekf_launch.py -> /home/chienle/Desktop/skid_robot_v2/install/ekf/share/ekf/launch
copying config/ekf.yaml -> /home/chienle/Desktop/skid_robot_v2/install/ekf/share/ekf/config
running install_egg_info
Copying ../../../build/ekf/ekf.egg-info to /home/chienle/Desktop/skid_robot_v2/install/ekf/lib/python3.10/site-packages/ekf-0.0.0-py3.10.egg-info
running install_scripts
Installing listener script to /home/chienle/Desktop/skid_robot_v2/install/ekf/lib/ekf
Installing talker script to /home/chienle/Desktop/skid_robot_v2/install/ekf/lib/ekf
writing list of installed files to '/home/chienle/Desktop/skid_robot_v2/build/ekf/install.log'
