[0.010s] Invoking command in '/home/chienle/Desktop/skid_robot_v2/build/velodyne_laserscan': CMAKE_PREFIX_PATH=${CMAKE_PREFIX_PATH}:/home/chienle/Desktop/skid_robot_v2/install/simulation:/home/chienle/Desktop/skid_robot_v2/install/ps3:/home/chienle/Desktop/skid_robot_v2/install/odom:/home/chienle/Desktop/skid_robot_v2/install/microstrain_inertial_rqt:/home/chienle/Desktop/skid_robot_v2/install/microstrain_inertial_description:/home/chienle/Desktop/skid_robot_v2/install/mapping:/home/chienle/Desktop/skid_robot_v2/install/low_control:/home/chienle/Desktop/skid_robot_v2/install/ekf:/home/chienle/Desktop/skid_robot_v2/install/bringup:/opt/ros/humble /usr/bin/cmake /home/chienle/Desktop/skid_robot_v2/src/hardware/velodyne/velodyne_laserscan -DAMENT_CMAKE_SYMLINK_INSTALL=1 -DCMAKE_INSTALL_PREFIX=/home/chienle/Desktop/skid_robot_v2/install/velodyne_laserscan
[0.089s] -- The C compiler identification is GNU 11.4.0
[0.166s] -- The CXX compiler identification is GNU 11.4.0
[0.176s] -- Detecting C compiler ABI info
[0.276s] -- Detecting C compiler ABI info - done
[0.286s] -- Check for working C compiler: /usr/bin/cc - skipped
[0.286s] -- Detecting C compile features
[0.287s] -- Detecting C compile features - done
[0.291s] -- Detecting CXX compiler ABI info
[0.410s] -- Detecting CXX compiler ABI info - done
[0.421s] -- Check for working CXX compiler: /usr/bin/c++ - skipped
[0.421s] -- Detecting CXX compile features
[0.422s] -- Detecting CXX compile features - done
[0.425s] -- Found ament_cmake_ros: 0.10.0 (/opt/ros/humble/share/ament_cmake_ros/cmake)
[0.662s] -- Found Python3: /usr/bin/python3 (found version "3.10.12") found components: Interpreter 
[0.740s] -- Override CMake install command with custom implementation using symlinks instead of copying resources
[0.785s] -- Found rclcpp: 16.0.18 (/opt/ros/humble/share/rclcpp/cmake)
[0.844s] -- Found rosidl_generator_c: 3.1.8 (/opt/ros/humble/share/rosidl_generator_c/cmake)
[0.851s] -- Found rosidl_adapter: 3.1.8 (/opt/ros/humble/share/rosidl_adapter/cmake)
[0.862s] -- Found rosidl_generator_cpp: 3.1.8 (/opt/ros/humble/share/rosidl_generator_cpp/cmake)
[0.878s] -- Using all available rosidl_typesupport_c: rosidl_typesupport_fastrtps_c;rosidl_typesupport_introspection_c
[0.900s] -- Using all available rosidl_typesupport_cpp: rosidl_typesupport_fastrtps_cpp;rosidl_typesupport_introspection_cpp
[0.955s] -- Found rmw_implementation_cmake: 6.1.2 (/opt/ros/humble/share/rmw_implementation_cmake/cmake)
[0.959s] -- Found rmw_cyclonedds_cpp: 1.3.4 (/opt/ros/humble/share/rmw_cyclonedds_cpp/cmake)
[0.980s] -- Using RMW implementation 'rmw_cyclonedds_cpp' as default
[0.990s] -- Looking for pthread.h
[1.083s] -- Looking for pthread.h - found
[1.083s] -- Performing Test CMAKE_HAVE_LIBC_PTHREAD
[1.186s] -- Performing Test CMAKE_HAVE_LIBC_PTHREAD - Success
[1.187s] -- Found Threads: TRUE  
[1.271s] -- Found rclcpp_components: 16.0.18 (/opt/ros/humble/share/rclcpp_components/cmake)
[1.317s] -- Found sensor_msgs: 4.9.1 (/opt/ros/humble/share/sensor_msgs/cmake)
[1.374s] -- Found ament_lint_auto: 0.12.15 (/opt/ros/humble/share/ament_lint_auto/cmake)
[1.503s] -- Added test 'copyright' to check source files copyright and LICENSE
[1.504s] -- Added test 'cppcheck' to perform static code analysis on C / C++ code
[1.505s] -- Configured cppcheck include dirs: $<BUILD_INTERFACE:/home/chienle/Desktop/skid_robot_v2/src/hardware/velodyne/velodyne_laserscan/include>
[1.505s] -- Configured cppcheck exclude dirs and/or files: 
[1.506s] -- Added test 'cpplint' to check C / C++ code against the Google style
[1.506s] -- Configured cpplint exclude dirs and/or files: 
[1.507s] -- Added test 'flake8' to check Python code syntax and style conventions
[1.508s] -- Added test 'lint_cmake' to check CMake code style
[1.509s] -- Added test 'pep257' to check Python code against some of the docstring style conventions in PEP 257
[1.510s] -- Added test 'uncrustify' to check C / C++ code style
[1.510s] -- Configured uncrustify additional arguments: 
[1.511s] -- Added test 'xmllint' to check XML markup files
[1.515s] -- Configuring done
[1.530s] -- Generating done
[1.536s] -- Build files have been written to: /home/chienle/Desktop/skid_robot_v2/build/velodyne_laserscan
[1.547s] Invoked command in '/home/chienle/Desktop/skid_robot_v2/build/velodyne_laserscan' returned '0': CMAKE_PREFIX_PATH=${CMAKE_PREFIX_PATH}:/home/chienle/Desktop/skid_robot_v2/install/simulation:/home/chienle/Desktop/skid_robot_v2/install/ps3:/home/chienle/Desktop/skid_robot_v2/install/odom:/home/chienle/Desktop/skid_robot_v2/install/microstrain_inertial_rqt:/home/chienle/Desktop/skid_robot_v2/install/microstrain_inertial_description:/home/chienle/Desktop/skid_robot_v2/install/mapping:/home/chienle/Desktop/skid_robot_v2/install/low_control:/home/chienle/Desktop/skid_robot_v2/install/ekf:/home/chienle/Desktop/skid_robot_v2/install/bringup:/opt/ros/humble /usr/bin/cmake /home/chienle/Desktop/skid_robot_v2/src/hardware/velodyne/velodyne_laserscan -DAMENT_CMAKE_SYMLINK_INSTALL=1 -DCMAKE_INSTALL_PREFIX=/home/chienle/Desktop/skid_robot_v2/install/velodyne_laserscan
[1.549s] Invoking command in '/home/chienle/Desktop/skid_robot_v2/build/velodyne_laserscan': CMAKE_PREFIX_PATH=${CMAKE_PREFIX_PATH}:/home/chienle/Desktop/skid_robot_v2/install/simulation:/home/chienle/Desktop/skid_robot_v2/install/ps3:/home/chienle/Desktop/skid_robot_v2/install/odom:/home/chienle/Desktop/skid_robot_v2/install/microstrain_inertial_rqt:/home/chienle/Desktop/skid_robot_v2/install/microstrain_inertial_description:/home/chienle/Desktop/skid_robot_v2/install/mapping:/home/chienle/Desktop/skid_robot_v2/install/low_control:/home/chienle/Desktop/skid_robot_v2/install/ekf:/home/chienle/Desktop/skid_robot_v2/install/bringup:/opt/ros/humble /usr/bin/cmake --build /home/chienle/Desktop/skid_robot_v2/build/velodyne_laserscan -- -j20 -l20
[1.617s] [ 25%] [32mBuilding CXX object CMakeFiles/velodyne_laserscan.dir/src/velodyne_laserscan.cpp.o[0m
[10.179s] [ 50%] [32m[1mLinking CXX shared library libvelodyne_laserscan.so[0m
[10.696s] [ 50%] Built target velodyne_laserscan
[10.726s] [ 75%] [32mBuilding CXX object CMakeFiles/velodyne_laserscan_node.dir/src/node.cpp.o[0m
[13.759s] [100%] [32m[1mLinking CXX executable velodyne_laserscan_node[0m
[13.971s] [100%] Built target velodyne_laserscan_node
[13.988s] Invoked command in '/home/chienle/Desktop/skid_robot_v2/build/velodyne_laserscan' returned '0': CMAKE_PREFIX_PATH=${CMAKE_PREFIX_PATH}:/home/chienle/Desktop/skid_robot_v2/install/simulation:/home/chienle/Desktop/skid_robot_v2/install/ps3:/home/chienle/Desktop/skid_robot_v2/install/odom:/home/chienle/Desktop/skid_robot_v2/install/microstrain_inertial_rqt:/home/chienle/Desktop/skid_robot_v2/install/microstrain_inertial_description:/home/chienle/Desktop/skid_robot_v2/install/mapping:/home/chienle/Desktop/skid_robot_v2/install/low_control:/home/chienle/Desktop/skid_robot_v2/install/ekf:/home/chienle/Desktop/skid_robot_v2/install/bringup:/opt/ros/humble /usr/bin/cmake --build /home/chienle/Desktop/skid_robot_v2/build/velodyne_laserscan -- -j20 -l20
[13.991s] Invoking command in '/home/chienle/Desktop/skid_robot_v2/build/velodyne_laserscan': CMAKE_PREFIX_PATH=${CMAKE_PREFIX_PATH}:/home/chienle/Desktop/skid_robot_v2/install/simulation:/home/chienle/Desktop/skid_robot_v2/install/ps3:/home/chienle/Desktop/skid_robot_v2/install/odom:/home/chienle/Desktop/skid_robot_v2/install/microstrain_inertial_rqt:/home/chienle/Desktop/skid_robot_v2/install/microstrain_inertial_description:/home/chienle/Desktop/skid_robot_v2/install/mapping:/home/chienle/Desktop/skid_robot_v2/install/low_control:/home/chienle/Desktop/skid_robot_v2/install/ekf:/home/chienle/Desktop/skid_robot_v2/install/bringup:/opt/ros/humble /usr/bin/cmake --install /home/chienle/Desktop/skid_robot_v2/build/velodyne_laserscan
[14.000s] -- Install configuration: ""
[14.001s] -- Execute custom install script
[14.001s] -- Symlinking: /home/chienle/Desktop/skid_robot_v2/install/velodyne_laserscan/lib/velodyne_laserscan/velodyne_laserscan_node
[14.015s] -- Symlinking: /home/chienle/Desktop/skid_robot_v2/install/velodyne_laserscan/include/velodyne_laserscan/velodyne_laserscan.hpp
[14.030s] -- Symlinking: /home/chienle/Desktop/skid_robot_v2/install/velodyne_laserscan/share/velodyne_laserscan/config/default-velodyne_laserscan_node-params.yaml
[14.044s] -- Symlinking: /home/chienle/Desktop/skid_robot_v2/install/velodyne_laserscan/share/velodyne_laserscan/launch/velodyne_laserscan_node-composed-launch.py
[14.057s] -- Symlinking: /home/chienle/Desktop/skid_robot_v2/install/velodyne_laserscan/share/velodyne_laserscan/launch/velodyne_laserscan_node-launch.py
[14.069s] -- Symlinking: /home/chienle/Desktop/skid_robot_v2/install/velodyne_laserscan/share/ament_index/resource_index/package_run_dependencies/velodyne_laserscan
[14.082s] -- Symlinking: /home/chienle/Desktop/skid_robot_v2/install/velodyne_laserscan/share/ament_index/resource_index/parent_prefix_path/velodyne_laserscan
[14.096s] -- Symlinking: /home/chienle/Desktop/skid_robot_v2/install/velodyne_laserscan/share/velodyne_laserscan/environment/ament_prefix_path.sh
[14.107s] -- Symlinking: /home/chienle/Desktop/skid_robot_v2/install/velodyne_laserscan/share/velodyne_laserscan/environment/ament_prefix_path.dsv
[14.118s] -- Symlinking: /home/chienle/Desktop/skid_robot_v2/install/velodyne_laserscan/share/velodyne_laserscan/environment/path.sh
[14.131s] -- Symlinking: /home/chienle/Desktop/skid_robot_v2/install/velodyne_laserscan/share/velodyne_laserscan/environment/path.dsv
[14.143s] -- Symlinking: /home/chienle/Desktop/skid_robot_v2/install/velodyne_laserscan/share/velodyne_laserscan/local_setup.bash
[14.154s] -- Symlinking: /home/chienle/Desktop/skid_robot_v2/install/velodyne_laserscan/share/velodyne_laserscan/local_setup.sh
[14.168s] -- Symlinking: /home/chienle/Desktop/skid_robot_v2/install/velodyne_laserscan/share/velodyne_laserscan/local_setup.zsh
[14.180s] -- Symlinking: /home/chienle/Desktop/skid_robot_v2/install/velodyne_laserscan/share/velodyne_laserscan/local_setup.dsv
[14.192s] -- Symlinking: /home/chienle/Desktop/skid_robot_v2/install/velodyne_laserscan/share/velodyne_laserscan/package.dsv
[14.205s] -- Symlinking: /home/chienle/Desktop/skid_robot_v2/install/velodyne_laserscan/share/ament_index/resource_index/packages/velodyne_laserscan
[14.218s] -- Symlinking: /home/chienle/Desktop/skid_robot_v2/install/velodyne_laserscan/share/ament_index/resource_index/rclcpp_components/velodyne_laserscan
[14.230s] -- Symlinking: /home/chienle/Desktop/skid_robot_v2/install/velodyne_laserscan/share/velodyne_laserscan/cmake/ament_cmake_export_include_directories-extras.cmake
[14.242s] -- Symlinking: /home/chienle/Desktop/skid_robot_v2/install/velodyne_laserscan/share/velodyne_laserscan/cmake/ament_cmake_export_targets-extras.cmake
[14.255s] -- Symlinking: /home/chienle/Desktop/skid_robot_v2/install/velodyne_laserscan/share/velodyne_laserscan/cmake/ament_cmake_export_dependencies-extras.cmake
[14.268s] -- Symlinking: /home/chienle/Desktop/skid_robot_v2/install/velodyne_laserscan/share/velodyne_laserscan/cmake/velodyne_laserscanConfig.cmake
[14.281s] -- Symlinking: /home/chienle/Desktop/skid_robot_v2/install/velodyne_laserscan/share/velodyne_laserscan/cmake/velodyne_laserscanConfig-version.cmake
[14.294s] -- Symlinking: /home/chienle/Desktop/skid_robot_v2/install/velodyne_laserscan/share/velodyne_laserscan/package.xml
[14.305s] -- Installing: /home/chienle/Desktop/skid_robot_v2/install/velodyne_laserscan/lib/libvelodyne_laserscan.so
[14.315s] -- Set runtime path of "/home/chienle/Desktop/skid_robot_v2/install/velodyne_laserscan/lib/libvelodyne_laserscan.so" to ""
[14.316s] -- Installing: /home/chienle/Desktop/skid_robot_v2/install/velodyne_laserscan/share/velodyne_laserscan/cmake/velodyne_laserscanExport.cmake
[14.316s] -- Installing: /home/chienle/Desktop/skid_robot_v2/install/velodyne_laserscan/share/velodyne_laserscan/cmake/velodyne_laserscanExport-noconfig.cmake
[14.320s] Invoked command in '/home/chienle/Desktop/skid_robot_v2/build/velodyne_laserscan' returned '0': CMAKE_PREFIX_PATH=${CMAKE_PREFIX_PATH}:/home/chienle/Desktop/skid_robot_v2/install/simulation:/home/chienle/Desktop/skid_robot_v2/install/ps3:/home/chienle/Desktop/skid_robot_v2/install/odom:/home/chienle/Desktop/skid_robot_v2/install/microstrain_inertial_rqt:/home/chienle/Desktop/skid_robot_v2/install/microstrain_inertial_description:/home/chienle/Desktop/skid_robot_v2/install/mapping:/home/chienle/Desktop/skid_robot_v2/install/low_control:/home/chienle/Desktop/skid_robot_v2/install/ekf:/home/chienle/Desktop/skid_robot_v2/install/bringup:/opt/ros/humble /usr/bin/cmake --install /home/chienle/Desktop/skid_robot_v2/build/velodyne_laserscan
