-- The C compiler identification is GNU 11.4.0
-- The CXX compiler identification is GNU 11.4.0
-- Detecting C compiler ABI info
-- Detecting C compiler ABI info - done
-- Check for working C compiler: /usr/bin/cc - skipped
-- Detecting C compile features
-- Detecting C compile features - done
-- Detecting CXX compiler ABI info
-- Detecting CXX compiler ABI info - done
-- Check for working CXX compiler: /usr/bin/c++ - skipped
-- Detecting CXX compile features
-- Detecting CXX compile features - done
-- Found ament_cmake: 1.3.14 (/opt/ros/humble/share/ament_cmake/cmake)
-- Found Python3: /usr/bin/python3 (found version "3.10.12") found components: Interpreter 
-- Override CMake install command with custom implementation using symlinks instead of copying resources
-- Found builtin_interfaces: 1.2.2 (/opt/ros/humble/share/builtin_interfaces/cmake)
-- Found rosidl_generator_c: 3.1.8 (/opt/ros/humble/share/rosidl_generator_c/cmake)
-- Found rosidl_adapter: 3.1.8 (/opt/ros/humble/share/rosidl_adapter/cmake)
-- Found rosidl_generator_cpp: 3.1.8 (/opt/ros/humble/share/rosidl_generator_cpp/cmake)
-- Using all available rosidl_typesupport_c: rosidl_typesupport_fastrtps_c;rosidl_typesupport_introspection_c
-- Using all available rosidl_typesupport_cpp: rosidl_typesupport_fastrtps_cpp;rosidl_typesupport_introspection_cpp
-- Found rosidl_default_generators: 1.2.1 (/opt/ros/humble/share/rosidl_default_generators/cmake)
-- Found std_msgs: 4.9.1 (/opt/ros/humble/share/std_msgs/cmake)
-- Found ament_cmake_cppcheck: 0.12.15 (/opt/ros/humble/share/ament_cmake_cppcheck/cmake)
-- Found ament_cmake_cpplint: 0.12.15 (/opt/ros/humble/share/ament_cmake_cpplint/cmake)
-- Found ament_cmake_uncrustify: 0.12.15 (/opt/ros/humble/share/ament_cmake_uncrustify/cmake)
-- Found ament_cmake_ros: 0.10.0 (/opt/ros/humble/share/ament_cmake_ros/cmake)
-- Using all available rosidl_typesupport_c: rosidl_typesupport_fastrtps_c;rosidl_typesupport_introspection_c
-- Using all available rosidl_typesupport_cpp: rosidl_typesupport_fastrtps_cpp;rosidl_typesupport_introspection_cpp
-- Found PythonInterp: /usr/bin/python3 (found suitable version "3.10.12", minimum required is "3.6") 
-- Found python_cmake_module: 0.10.0 (/opt/ros/humble/share/python_cmake_module/cmake)
-- Found PythonLibs: /usr/lib/x86_64-linux-gnu/libpython3.10.so (found suitable version "3.10.12", minimum required is "3.5") 
-- Using PYTHON_EXECUTABLE: /usr/bin/python3
-- Using PYTHON_INCLUDE_DIRS: /usr/include/python3.10
-- Using PYTHON_LIBRARIES: /usr/lib/x86_64-linux-gnu/libpython3.10.so
-- Found PythonExtra: .so  
-- Found ament_cmake_flake8: 0.12.15 (/opt/ros/humble/share/ament_cmake_flake8/cmake)
-- Found ament_cmake_pep257: 0.12.15 (/opt/ros/humble/share/ament_cmake_pep257/cmake)
-- Found ament_lint_auto: 0.12.15 (/opt/ros/humble/share/ament_lint_auto/cmake)
-- Added test 'copyright' to check source files copyright and LICENSE
-- Added test 'lint_cmake' to check CMake code style
-- Added test 'xmllint' to check XML markup files
-- Configuring done
-- Generating done
-- Build files have been written to: /home/chienle/Desktop/skid_robot_v2/build/velodyne_msgs
[  2%] [34m[1mGenerating C code for ROS interfaces[0m
[  5%] [34m[1mGenerating Rust code for ROS interfaces[0m
[  7%] [34m[1mGenerating C++ code for ROS interfaces[0m
[  7%] Built target ament_cmake_python_symlink_velodyne_msgs
[  7%] Built target velodyne_msgs__rs
running egg_info
creating velodyne_msgs.egg-info
writing velodyne_msgs.egg-info/PKG-INFO
writing dependency_links to velodyne_msgs.egg-info/dependency_links.txt
writing top-level names to velodyne_msgs.egg-info/top_level.txt
writing manifest file 'velodyne_msgs.egg-info/SOURCES.txt'
reading manifest file 'velodyne_msgs.egg-info/SOURCES.txt'
writing manifest file 'velodyne_msgs.egg-info/SOURCES.txt'
[  7%] Built target velodyne_msgs__cpp
[ 10%] [32mBuilding C object CMakeFiles/velodyne_msgs__rosidl_generator_c.dir/rosidl_generator_c/velodyne_msgs/msg/detail/velodyne_packet__functions.c.o[0m
[ 12%] [32mBuilding C object CMakeFiles/velodyne_msgs__rosidl_generator_c.dir/rosidl_generator_c/velodyne_msgs/msg/detail/velodyne_scan__functions.c.o[0m
[ 12%] Built target ament_cmake_python_build_velodyne_msgs_egg
[ 15%] [34m[1mGenerating C++ type support for eProsima Fast-RTPS[0m
[ 17%] [34m[1mGenerating C++ introspection for ROS interfaces[0m
[ 20%] [34m[1mGenerating C++ type support dispatch for ROS interfaces[0m
[ 22%] [32m[1mLinking C shared library libvelodyne_msgs__rosidl_generator_c.so[0m
[ 22%] Built target velodyne_msgs__rosidl_generator_c
[ 27%] [34m[1mGenerating C introspection for ROS interfaces[0m
[ 27%] [34m[1mGenerating C type support for eProsima Fast-RTPS[0m
[ 30%] [34m[1mGenerating C type support dispatch for ROS interfaces[0m
[ 32%] [32mBuilding CXX object CMakeFiles/velodyne_msgs__rosidl_typesupport_cpp.dir/rosidl_typesupport_cpp/velodyne_msgs/msg/velodyne_packet__type_support.cpp.o[0m
[ 35%] [32mBuilding CXX object CMakeFiles/velodyne_msgs__rosidl_typesupport_cpp.dir/rosidl_typesupport_cpp/velodyne_msgs/msg/velodyne_scan__type_support.cpp.o[0m
[ 37%] [32mBuilding CXX object CMakeFiles/velodyne_msgs__rosidl_typesupport_fastrtps_cpp.dir/rosidl_typesupport_fastrtps_cpp/velodyne_msgs/msg/detail/dds_fastrtps/velodyne_packet__type_support.cpp.o[0m
[ 40%] [32mBuilding CXX object CMakeFiles/velodyne_msgs__rosidl_typesupport_fastrtps_cpp.dir/rosidl_typesupport_fastrtps_cpp/velodyne_msgs/msg/detail/dds_fastrtps/velodyne_scan__type_support.cpp.o[0m
[ 42%] [32mBuilding CXX object CMakeFiles/velodyne_msgs__rosidl_typesupport_introspection_cpp.dir/rosidl_typesupport_introspection_cpp/velodyne_msgs/msg/detail/velodyne_scan__type_support.cpp.o[0m
[ 45%] [32mBuilding CXX object CMakeFiles/velodyne_msgs__rosidl_typesupport_introspection_cpp.dir/rosidl_typesupport_introspection_cpp/velodyne_msgs/msg/detail/velodyne_packet__type_support.cpp.o[0m
[ 47%] [32mBuilding C object CMakeFiles/velodyne_msgs__rosidl_typesupport_introspection_c.dir/rosidl_typesupport_introspection_c/velodyne_msgs/msg/detail/velodyne_packet__type_support.c.o[0m
[ 50%] [32mBuilding C object CMakeFiles/velodyne_msgs__rosidl_typesupport_introspection_c.dir/rosidl_typesupport_introspection_c/velodyne_msgs/msg/detail/velodyne_scan__type_support.c.o[0m
[ 52%] [32mBuilding CXX object CMakeFiles/velodyne_msgs__rosidl_typesupport_fastrtps_c.dir/rosidl_typesupport_fastrtps_c/velodyne_msgs/msg/detail/velodyne_packet__type_support_c.cpp.o[0m
[ 55%] [32mBuilding CXX object CMakeFiles/velodyne_msgs__rosidl_typesupport_fastrtps_c.dir/rosidl_typesupport_fastrtps_c/velodyne_msgs/msg/detail/velodyne_scan__type_support_c.cpp.o[0m
[ 57%] [32mBuilding CXX object CMakeFiles/velodyne_msgs__rosidl_typesupport_c.dir/rosidl_typesupport_c/velodyne_msgs/msg/velodyne_packet__type_support.cpp.o[0m
[ 60%] [32mBuilding CXX object CMakeFiles/velodyne_msgs__rosidl_typesupport_c.dir/rosidl_typesupport_c/velodyne_msgs/msg/velodyne_scan__type_support.cpp.o[0m
[ 62%] [32m[1mLinking C shared library libvelodyne_msgs__rosidl_typesupport_introspection_c.so[0m
[ 65%] [32m[1mLinking CXX shared library libvelodyne_msgs__rosidl_typesupport_c.so[0m
[ 65%] Built target velodyne_msgs__rosidl_typesupport_introspection_c
[ 65%] Built target velodyne_msgs__rosidl_typesupport_c
[ 67%] [32m[1mLinking CXX shared library libvelodyne_msgs__rosidl_typesupport_cpp.so[0m
[ 67%] Built target velodyne_msgs__rosidl_typesupport_cpp
[ 70%] [32m[1mLinking CXX shared library libvelodyne_msgs__rosidl_typesupport_fastrtps_c.so[0m
[ 72%] [32m[1mLinking CXX shared library libvelodyne_msgs__rosidl_typesupport_introspection_cpp.so[0m
[ 72%] Built target velodyne_msgs__rosidl_typesupport_fastrtps_c
[ 75%] [32m[1mLinking CXX shared library libvelodyne_msgs__rosidl_typesupport_fastrtps_cpp.so[0m
[ 75%] Built target velodyne_msgs__rosidl_typesupport_introspection_cpp
[ 75%] Built target velodyne_msgs__rosidl_typesupport_fastrtps_cpp
[ 75%] Built target velodyne_msgs
[ 77%] [34m[1mGenerating Python code for ROS interfaces[0m
[ 77%] Built target velodyne_msgs__py
[ 80%] [32mBuilding C object CMakeFiles/velodyne_msgs__rosidl_generator_py.dir/rosidl_generator_py/velodyne_msgs/msg/_velodyne_scan_s.c.o[0m
[ 82%] [32mBuilding C object CMakeFiles/velodyne_msgs__rosidl_generator_py.dir/rosidl_generator_py/velodyne_msgs/msg/_velodyne_packet_s.c.o[0m
[ 85%] [32m[1mLinking C shared library rosidl_generator_py/velodyne_msgs/libvelodyne_msgs__rosidl_generator_py.so[0m
[ 85%] Built target velodyne_msgs__rosidl_generator_py
[ 87%] [32mBuilding C object CMakeFiles/velodyne_msgs__rosidl_typesupport_c__pyext.dir/rosidl_generator_py/velodyne_msgs/_velodyne_msgs_s.ep.rosidl_typesupport_c.c.o[0m
[ 90%] [32mBuilding C object CMakeFiles/velodyne_msgs__rosidl_typesupport_fastrtps_c__pyext.dir/rosidl_generator_py/velodyne_msgs/_velodyne_msgs_s.ep.rosidl_typesupport_fastrtps_c.c.o[0m
[ 92%] [32mBuilding C object CMakeFiles/velodyne_msgs__rosidl_typesupport_introspection_c__pyext.dir/rosidl_generator_py/velodyne_msgs/_velodyne_msgs_s.ep.rosidl_typesupport_introspection_c.c.o[0m
[ 95%] [32m[1mLinking C shared library rosidl_generator_py/velodyne_msgs/velodyne_msgs_s__rosidl_typesupport_c.cpython-310-x86_64-linux-gnu.so[0m
[ 97%] [32m[1mLinking C shared library rosidl_generator_py/velodyne_msgs/velodyne_msgs_s__rosidl_typesupport_introspection_c.cpython-310-x86_64-linux-gnu.so[0m
[100%] [32m[1mLinking C shared library rosidl_generator_py/velodyne_msgs/velodyne_msgs_s__rosidl_typesupport_fastrtps_c.cpython-310-x86_64-linux-gnu.so[0m
[100%] Built target velodyne_msgs__rosidl_typesupport_introspection_c__pyext
[100%] Built target velodyne_msgs__rosidl_typesupport_c__pyext
[100%] Built target velodyne_msgs__rosidl_typesupport_fastrtps_c__pyext
-- Install configuration: ""
-- Execute custom install script
-- Symlinking: /home/chienle/Desktop/skid_robot_v2/install/velodyne_msgs/share/ament_index/resource_index/rosidl_interfaces/velodyne_msgs
-- Symlinking: /home/chienle/Desktop/skid_robot_v2/install/velodyne_msgs/include/velodyne_msgs/velodyne_msgs/msg/detail/velodyne_packet__functions.h
-- Symlinking: /home/chienle/Desktop/skid_robot_v2/install/velodyne_msgs/include/velodyne_msgs/velodyne_msgs/msg/detail/velodyne_packet__struct.h
-- Symlinking: /home/chienle/Desktop/skid_robot_v2/install/velodyne_msgs/include/velodyne_msgs/velodyne_msgs/msg/detail/velodyne_packet__type_support.h
-- Symlinking: /home/chienle/Desktop/skid_robot_v2/install/velodyne_msgs/include/velodyne_msgs/velodyne_msgs/msg/detail/velodyne_scan__functions.h
-- Symlinking: /home/chienle/Desktop/skid_robot_v2/install/velodyne_msgs/include/velodyne_msgs/velodyne_msgs/msg/detail/velodyne_scan__struct.h
-- Symlinking: /home/chienle/Desktop/skid_robot_v2/install/velodyne_msgs/include/velodyne_msgs/velodyne_msgs/msg/detail/velodyne_scan__type_support.h
-- Symlinking: /home/chienle/Desktop/skid_robot_v2/install/velodyne_msgs/include/velodyne_msgs/velodyne_msgs/msg/rosidl_generator_c__visibility_control.h
-- Symlinking: /home/chienle/Desktop/skid_robot_v2/install/velodyne_msgs/include/velodyne_msgs/velodyne_msgs/msg/velodyne_packet.h
-- Symlinking: /home/chienle/Desktop/skid_robot_v2/install/velodyne_msgs/include/velodyne_msgs/velodyne_msgs/msg/velodyne_scan.h
-- Symlinking: /home/chienle/Desktop/skid_robot_v2/install/velodyne_msgs/share/velodyne_msgs/environment/library_path.sh
-- Symlinking: /home/chienle/Desktop/skid_robot_v2/install/velodyne_msgs/share/velodyne_msgs/environment/library_path.dsv
-- Symlinking: /home/chienle/Desktop/skid_robot_v2/install/velodyne_msgs/include/velodyne_msgs/velodyne_msgs/msg/detail/velodyne_packet__rosidl_typesupport_fastrtps_c.h
-- Symlinking: /home/chienle/Desktop/skid_robot_v2/install/velodyne_msgs/include/velodyne_msgs/velodyne_msgs/msg/detail/velodyne_scan__rosidl_typesupport_fastrtps_c.h
-- Symlinking: /home/chienle/Desktop/skid_robot_v2/install/velodyne_msgs/include/velodyne_msgs/velodyne_msgs/msg/rosidl_typesupport_fastrtps_c__visibility_control.h
-- Symlinking: /home/chienle/Desktop/skid_robot_v2/install/velodyne_msgs/include/velodyne_msgs/velodyne_msgs/msg/detail/velodyne_packet__builder.hpp
-- Symlinking: /home/chienle/Desktop/skid_robot_v2/install/velodyne_msgs/include/velodyne_msgs/velodyne_msgs/msg/detail/velodyne_packet__struct.hpp
-- Symlinking: /home/chienle/Desktop/skid_robot_v2/install/velodyne_msgs/include/velodyne_msgs/velodyne_msgs/msg/detail/velodyne_packet__traits.hpp
-- Symlinking: /home/chienle/Desktop/skid_robot_v2/install/velodyne_msgs/include/velodyne_msgs/velodyne_msgs/msg/detail/velodyne_packet__type_support.hpp
-- Symlinking: /home/chienle/Desktop/skid_robot_v2/install/velodyne_msgs/include/velodyne_msgs/velodyne_msgs/msg/detail/velodyne_scan__builder.hpp
-- Symlinking: /home/chienle/Desktop/skid_robot_v2/install/velodyne_msgs/include/velodyne_msgs/velodyne_msgs/msg/detail/velodyne_scan__struct.hpp
-- Symlinking: /home/chienle/Desktop/skid_robot_v2/install/velodyne_msgs/include/velodyne_msgs/velodyne_msgs/msg/detail/velodyne_scan__traits.hpp
-- Symlinking: /home/chienle/Desktop/skid_robot_v2/install/velodyne_msgs/include/velodyne_msgs/velodyne_msgs/msg/detail/velodyne_scan__type_support.hpp
-- Symlinking: /home/chienle/Desktop/skid_robot_v2/install/velodyne_msgs/include/velodyne_msgs/velodyne_msgs/msg/rosidl_generator_cpp__visibility_control.hpp
-- Symlinking: /home/chienle/Desktop/skid_robot_v2/install/velodyne_msgs/include/velodyne_msgs/velodyne_msgs/msg/velodyne_packet.hpp
-- Symlinking: /home/chienle/Desktop/skid_robot_v2/install/velodyne_msgs/include/velodyne_msgs/velodyne_msgs/msg/velodyne_scan.hpp
-- Symlinking: /home/chienle/Desktop/skid_robot_v2/install/velodyne_msgs/include/velodyne_msgs/velodyne_msgs/msg/detail/velodyne_packet__rosidl_typesupport_fastrtps_cpp.hpp
-- Symlinking: /home/chienle/Desktop/skid_robot_v2/install/velodyne_msgs/include/velodyne_msgs/velodyne_msgs/msg/detail/velodyne_scan__rosidl_typesupport_fastrtps_cpp.hpp
-- Symlinking: /home/chienle/Desktop/skid_robot_v2/install/velodyne_msgs/include/velodyne_msgs/velodyne_msgs/msg/rosidl_typesupport_fastrtps_cpp__visibility_control.h
-- Symlinking: /home/chienle/Desktop/skid_robot_v2/install/velodyne_msgs/include/velodyne_msgs/velodyne_msgs/msg/detail/velodyne_packet__rosidl_typesupport_introspection_c.h
-- Symlinking: /home/chienle/Desktop/skid_robot_v2/install/velodyne_msgs/include/velodyne_msgs/velodyne_msgs/msg/detail/velodyne_scan__rosidl_typesupport_introspection_c.h
-- Symlinking: /home/chienle/Desktop/skid_robot_v2/install/velodyne_msgs/include/velodyne_msgs/velodyne_msgs/msg/rosidl_typesupport_introspection_c__visibility_control.h
-- Symlinking: /home/chienle/Desktop/skid_robot_v2/install/velodyne_msgs/include/velodyne_msgs/velodyne_msgs/msg/detail/velodyne_packet__rosidl_typesupport_introspection_cpp.hpp
-- Symlinking: /home/chienle/Desktop/skid_robot_v2/install/velodyne_msgs/include/velodyne_msgs/velodyne_msgs/msg/detail/velodyne_scan__rosidl_typesupport_introspection_cpp.hpp
-- Symlinking: /home/chienle/Desktop/skid_robot_v2/install/velodyne_msgs/share/velodyne_msgs/environment/pythonpath.sh
-- Symlinking: /home/chienle/Desktop/skid_robot_v2/install/velodyne_msgs/share/velodyne_msgs/environment/pythonpath.dsv
-- Symlinking: /home/chienle/Desktop/skid_robot_v2/install/velodyne_msgs/local/lib/python3.10/dist-packages/velodyne_msgs-2.5.1-py3.10.egg-info/PKG-INFO
-- Symlinking: /home/chienle/Desktop/skid_robot_v2/install/velodyne_msgs/local/lib/python3.10/dist-packages/velodyne_msgs-2.5.1-py3.10.egg-info/SOURCES.txt
-- Symlinking: /home/chienle/Desktop/skid_robot_v2/install/velodyne_msgs/local/lib/python3.10/dist-packages/velodyne_msgs-2.5.1-py3.10.egg-info/dependency_links.txt
-- Symlinking: /home/chienle/Desktop/skid_robot_v2/install/velodyne_msgs/local/lib/python3.10/dist-packages/velodyne_msgs-2.5.1-py3.10.egg-info/top_level.txt
-- Symlinking: /home/chienle/Desktop/skid_robot_v2/install/velodyne_msgs/local/lib/python3.10/dist-packages/velodyne_msgs/__init__.py
-- Symlinking: /home/chienle/Desktop/skid_robot_v2/install/velodyne_msgs/local/lib/python3.10/dist-packages/velodyne_msgs/_velodyne_msgs_s.ep.rosidl_typesupport_c.c
-- Symlinking: /home/chienle/Desktop/skid_robot_v2/install/velodyne_msgs/local/lib/python3.10/dist-packages/velodyne_msgs/_velodyne_msgs_s.ep.rosidl_typesupport_fastrtps_c.c
-- Symlinking: /home/chienle/Desktop/skid_robot_v2/install/velodyne_msgs/local/lib/python3.10/dist-packages/velodyne_msgs/_velodyne_msgs_s.ep.rosidl_typesupport_introspection_c.c
-- Symlinking: /home/chienle/Desktop/skid_robot_v2/install/velodyne_msgs/local/lib/python3.10/dist-packages/velodyne_msgs/libvelodyne_msgs__rosidl_generator_py.so
-- Symlinking: /home/chienle/Desktop/skid_robot_v2/install/velodyne_msgs/local/lib/python3.10/dist-packages/velodyne_msgs/msg/__init__.py
-- Symlinking: /home/chienle/Desktop/skid_robot_v2/install/velodyne_msgs/local/lib/python3.10/dist-packages/velodyne_msgs/msg/_velodyne_packet.py
-- Symlinking: /home/chienle/Desktop/skid_robot_v2/install/velodyne_msgs/local/lib/python3.10/dist-packages/velodyne_msgs/msg/_velodyne_packet_s.c
-- Symlinking: /home/chienle/Desktop/skid_robot_v2/install/velodyne_msgs/local/lib/python3.10/dist-packages/velodyne_msgs/msg/_velodyne_scan.py
-- Symlinking: /home/chienle/Desktop/skid_robot_v2/install/velodyne_msgs/local/lib/python3.10/dist-packages/velodyne_msgs/msg/_velodyne_scan_s.c
-- Symlinking: /home/chienle/Desktop/skid_robot_v2/install/velodyne_msgs/local/lib/python3.10/dist-packages/velodyne_msgs/velodyne_msgs_s__rosidl_typesupport_c.cpython-310-x86_64-linux-gnu.so
-- Symlinking: /home/chienle/Desktop/skid_robot_v2/install/velodyne_msgs/local/lib/python3.10/dist-packages/velodyne_msgs/velodyne_msgs_s__rosidl_typesupport_fastrtps_c.cpython-310-x86_64-linux-gnu.so
-- Symlinking: /home/chienle/Desktop/skid_robot_v2/install/velodyne_msgs/local/lib/python3.10/dist-packages/velodyne_msgs/velodyne_msgs_s__rosidl_typesupport_introspection_c.cpython-310-x86_64-linux-gnu.so
-- Up-to-date symlink: /home/chienle/Desktop/skid_robot_v2/install/velodyne_msgs/local/lib/python3.10/dist-packages/velodyne_msgs/velodyne_msgs_s__rosidl_typesupport_fastrtps_c.cpython-310-x86_64-linux-gnu.so
-- Up-to-date symlink: /home/chienle/Desktop/skid_robot_v2/install/velodyne_msgs/local/lib/python3.10/dist-packages/velodyne_msgs/velodyne_msgs_s__rosidl_typesupport_introspection_c.cpython-310-x86_64-linux-gnu.so
-- Up-to-date symlink: /home/chienle/Desktop/skid_robot_v2/install/velodyne_msgs/local/lib/python3.10/dist-packages/velodyne_msgs/velodyne_msgs_s__rosidl_typesupport_c.cpython-310-x86_64-linux-gnu.so
-- Symlinking: /home/chienle/Desktop/skid_robot_v2/install/velodyne_msgs/share/ament_index/resource_index/rust_packages/velodyne_msgs
-- Symlinking: /home/chienle/Desktop/skid_robot_v2/install/velodyne_msgs/share/velodyne_msgs/rust/Cargo.toml
-- Symlinking: /home/chienle/Desktop/skid_robot_v2/install/velodyne_msgs/share/velodyne_msgs/rust/build.rs
-- Symlinking: /home/chienle/Desktop/skid_robot_v2/install/velodyne_msgs/share/velodyne_msgs/rust/src/lib.rs
-- Symlinking: /home/chienle/Desktop/skid_robot_v2/install/velodyne_msgs/share/velodyne_msgs/rust/src/msg.rs
-- Symlinking: /home/chienle/Desktop/skid_robot_v2/install/velodyne_msgs/share/velodyne_msgs/rust/src/msg/rmw.rs
-- Symlinking: /home/chienle/Desktop/skid_robot_v2/install/velodyne_msgs/share/velodyne_msgs/msg/VelodynePacket.idl
-- Symlinking: /home/chienle/Desktop/skid_robot_v2/install/velodyne_msgs/share/velodyne_msgs/msg/VelodyneScan.idl
-- Symlinking: /home/chienle/Desktop/skid_robot_v2/install/velodyne_msgs/share/velodyne_msgs/msg/VelodynePacket.msg
-- Symlinking: /home/chienle/Desktop/skid_robot_v2/install/velodyne_msgs/share/velodyne_msgs/msg/VelodyneScan.msg
-- Symlinking: /home/chienle/Desktop/skid_robot_v2/install/velodyne_msgs/share/ament_index/resource_index/package_run_dependencies/velodyne_msgs
-- Symlinking: /home/chienle/Desktop/skid_robot_v2/install/velodyne_msgs/share/ament_index/resource_index/parent_prefix_path/velodyne_msgs
-- Symlinking: /home/chienle/Desktop/skid_robot_v2/install/velodyne_msgs/share/velodyne_msgs/environment/ament_prefix_path.sh
-- Symlinking: /home/chienle/Desktop/skid_robot_v2/install/velodyne_msgs/share/velodyne_msgs/environment/ament_prefix_path.dsv
-- Symlinking: /home/chienle/Desktop/skid_robot_v2/install/velodyne_msgs/share/velodyne_msgs/environment/path.sh
-- Symlinking: /home/chienle/Desktop/skid_robot_v2/install/velodyne_msgs/share/velodyne_msgs/environment/path.dsv
-- Symlinking: /home/chienle/Desktop/skid_robot_v2/install/velodyne_msgs/share/velodyne_msgs/local_setup.bash
-- Symlinking: /home/chienle/Desktop/skid_robot_v2/install/velodyne_msgs/share/velodyne_msgs/local_setup.sh
-- Symlinking: /home/chienle/Desktop/skid_robot_v2/install/velodyne_msgs/share/velodyne_msgs/local_setup.zsh
-- Symlinking: /home/chienle/Desktop/skid_robot_v2/install/velodyne_msgs/share/velodyne_msgs/local_setup.dsv
-- Symlinking: /home/chienle/Desktop/skid_robot_v2/install/velodyne_msgs/share/velodyne_msgs/package.dsv
-- Symlinking: /home/chienle/Desktop/skid_robot_v2/install/velodyne_msgs/share/ament_index/resource_index/packages/velodyne_msgs
-- Symlinking: /home/chienle/Desktop/skid_robot_v2/install/velodyne_msgs/share/velodyne_msgs/cmake/rosidl_cmake-extras.cmake
-- Symlinking: /home/chienle/Desktop/skid_robot_v2/install/velodyne_msgs/share/velodyne_msgs/cmake/ament_cmake_export_dependencies-extras.cmake
-- Symlinking: /home/chienle/Desktop/skid_robot_v2/install/velodyne_msgs/share/velodyne_msgs/cmake/ament_cmake_export_include_directories-extras.cmake
-- Symlinking: /home/chienle/Desktop/skid_robot_v2/install/velodyne_msgs/share/velodyne_msgs/cmake/ament_cmake_export_libraries-extras.cmake
-- Symlinking: /home/chienle/Desktop/skid_robot_v2/install/velodyne_msgs/share/velodyne_msgs/cmake/ament_cmake_export_targets-extras.cmake
-- Symlinking: /home/chienle/Desktop/skid_robot_v2/install/velodyne_msgs/share/velodyne_msgs/cmake/rosidl_cmake_export_typesupport_targets-extras.cmake
-- Symlinking: /home/chienle/Desktop/skid_robot_v2/install/velodyne_msgs/share/velodyne_msgs/cmake/rosidl_cmake_export_typesupport_libraries-extras.cmake
-- Symlinking: /home/chienle/Desktop/skid_robot_v2/install/velodyne_msgs/share/velodyne_msgs/cmake/velodyne_msgsConfig.cmake
-- Symlinking: /home/chienle/Desktop/skid_robot_v2/install/velodyne_msgs/share/velodyne_msgs/cmake/velodyne_msgsConfig-version.cmake
-- Symlinking: /home/chienle/Desktop/skid_robot_v2/install/velodyne_msgs/share/velodyne_msgs/package.xml
-- Installing: /home/chienle/Desktop/skid_robot_v2/install/velodyne_msgs/lib/libvelodyne_msgs__rosidl_generator_c.so
-- Set runtime path of "/home/chienle/Desktop/skid_robot_v2/install/velodyne_msgs/lib/libvelodyne_msgs__rosidl_generator_c.so" to ""
-- Installing: /home/chienle/Desktop/skid_robot_v2/install/velodyne_msgs/lib/libvelodyne_msgs__rosidl_typesupport_fastrtps_c.so
-- Set runtime path of "/home/chienle/Desktop/skid_robot_v2/install/velodyne_msgs/lib/libvelodyne_msgs__rosidl_typesupport_fastrtps_c.so" to ""
-- Installing: /home/chienle/Desktop/skid_robot_v2/install/velodyne_msgs/lib/libvelodyne_msgs__rosidl_typesupport_fastrtps_cpp.so
-- Set runtime path of "/home/chienle/Desktop/skid_robot_v2/install/velodyne_msgs/lib/libvelodyne_msgs__rosidl_typesupport_fastrtps_cpp.so" to ""
-- Installing: /home/chienle/Desktop/skid_robot_v2/install/velodyne_msgs/lib/libvelodyne_msgs__rosidl_typesupport_introspection_c.so
-- Set runtime path of "/home/chienle/Desktop/skid_robot_v2/install/velodyne_msgs/lib/libvelodyne_msgs__rosidl_typesupport_introspection_c.so" to ""
-- Installing: /home/chienle/Desktop/skid_robot_v2/install/velodyne_msgs/lib/libvelodyne_msgs__rosidl_typesupport_c.so
-- Set runtime path of "/home/chienle/Desktop/skid_robot_v2/install/velodyne_msgs/lib/libvelodyne_msgs__rosidl_typesupport_c.so" to ""
-- Installing: /home/chienle/Desktop/skid_robot_v2/install/velodyne_msgs/lib/libvelodyne_msgs__rosidl_typesupport_introspection_cpp.so
-- Set runtime path of "/home/chienle/Desktop/skid_robot_v2/install/velodyne_msgs/lib/libvelodyne_msgs__rosidl_typesupport_introspection_cpp.so" to ""
-- Installing: /home/chienle/Desktop/skid_robot_v2/install/velodyne_msgs/lib/libvelodyne_msgs__rosidl_typesupport_cpp.so
-- Set runtime path of "/home/chienle/Desktop/skid_robot_v2/install/velodyne_msgs/lib/libvelodyne_msgs__rosidl_typesupport_cpp.so" to ""
Listing '/home/chienle/Desktop/skid_robot_v2/install/velodyne_msgs/local/lib/python3.10/dist-packages/velodyne_msgs'...
Compiling '/home/chienle/Desktop/skid_robot_v2/install/velodyne_msgs/local/lib/python3.10/dist-packages/velodyne_msgs/__init__.py'...
Listing '/home/chienle/Desktop/skid_robot_v2/install/velodyne_msgs/local/lib/python3.10/dist-packages/velodyne_msgs/msg'...
Compiling '/home/chienle/Desktop/skid_robot_v2/install/velodyne_msgs/local/lib/python3.10/dist-packages/velodyne_msgs/msg/__init__.py'...
Compiling '/home/chienle/Desktop/skid_robot_v2/install/velodyne_msgs/local/lib/python3.10/dist-packages/velodyne_msgs/msg/_velodyne_packet.py'...
Compiling '/home/chienle/Desktop/skid_robot_v2/install/velodyne_msgs/local/lib/python3.10/dist-packages/velodyne_msgs/msg/_velodyne_scan.py'...
-- Installing: /home/chienle/Desktop/skid_robot_v2/install/velodyne_msgs/lib/libvelodyne_msgs__rosidl_generator_py.so
-- Set runtime path of "/home/chienle/Desktop/skid_robot_v2/install/velodyne_msgs/lib/libvelodyne_msgs__rosidl_generator_py.so" to ""
-- Installing: /home/chienle/Desktop/skid_robot_v2/install/velodyne_msgs/share/velodyne_msgs/cmake/export_velodyne_msgs__rosidl_generator_cExport.cmake
-- Installing: /home/chienle/Desktop/skid_robot_v2/install/velodyne_msgs/share/velodyne_msgs/cmake/export_velodyne_msgs__rosidl_generator_cExport-noconfig.cmake
-- Installing: /home/chienle/Desktop/skid_robot_v2/install/velodyne_msgs/share/velodyne_msgs/cmake/export_velodyne_msgs__rosidl_typesupport_fastrtps_cExport.cmake
-- Installing: /home/chienle/Desktop/skid_robot_v2/install/velodyne_msgs/share/velodyne_msgs/cmake/export_velodyne_msgs__rosidl_typesupport_fastrtps_cExport-noconfig.cmake
-- Installing: /home/chienle/Desktop/skid_robot_v2/install/velodyne_msgs/share/velodyne_msgs/cmake/export_velodyne_msgs__rosidl_generator_cppExport.cmake
-- Installing: /home/chienle/Desktop/skid_robot_v2/install/velodyne_msgs/share/velodyne_msgs/cmake/export_velodyne_msgs__rosidl_typesupport_fastrtps_cppExport.cmake
-- Installing: /home/chienle/Desktop/skid_robot_v2/install/velodyne_msgs/share/velodyne_msgs/cmake/export_velodyne_msgs__rosidl_typesupport_fastrtps_cppExport-noconfig.cmake
-- Installing: /home/chienle/Desktop/skid_robot_v2/install/velodyne_msgs/share/velodyne_msgs/cmake/velodyne_msgs__rosidl_typesupport_introspection_cExport.cmake
-- Installing: /home/chienle/Desktop/skid_robot_v2/install/velodyne_msgs/share/velodyne_msgs/cmake/velodyne_msgs__rosidl_typesupport_introspection_cExport-noconfig.cmake
-- Installing: /home/chienle/Desktop/skid_robot_v2/install/velodyne_msgs/share/velodyne_msgs/cmake/velodyne_msgs__rosidl_typesupport_cExport.cmake
-- Installing: /home/chienle/Desktop/skid_robot_v2/install/velodyne_msgs/share/velodyne_msgs/cmake/velodyne_msgs__rosidl_typesupport_cExport-noconfig.cmake
-- Installing: /home/chienle/Desktop/skid_robot_v2/install/velodyne_msgs/share/velodyne_msgs/cmake/velodyne_msgs__rosidl_typesupport_introspection_cppExport.cmake
-- Installing: /home/chienle/Desktop/skid_robot_v2/install/velodyne_msgs/share/velodyne_msgs/cmake/velodyne_msgs__rosidl_typesupport_introspection_cppExport-noconfig.cmake
-- Installing: /home/chienle/Desktop/skid_robot_v2/install/velodyne_msgs/share/velodyne_msgs/cmake/velodyne_msgs__rosidl_typesupport_cppExport.cmake
-- Installing: /home/chienle/Desktop/skid_robot_v2/install/velodyne_msgs/share/velodyne_msgs/cmake/velodyne_msgs__rosidl_typesupport_cppExport-noconfig.cmake
-- Installing: /home/chienle/Desktop/skid_robot_v2/install/velodyne_msgs/share/velodyne_msgs/cmake/export_velodyne_msgs__rosidl_generator_pyExport.cmake
-- Installing: /home/chienle/Desktop/skid_robot_v2/install/velodyne_msgs/share/velodyne_msgs/cmake/export_velodyne_msgs__rosidl_generator_pyExport-noconfig.cmake
