[0.008s] Invoking command in '/home/chienle/Desktop/skid_robot_v2/build/velodyne_laserscan': CMAKE_PREFIX_PATH=${CMAKE_PREFIX_PATH}:/home/chienle/Desktop/skid_robot_v2/install/simulation:/home/chienle/Desktop/skid_robot_v2/install/ps3:/home/chienle/Desktop/skid_robot_v2/install/odom:/home/chienle/Desktop/skid_robot_v2/install/microstrain_inertial_rqt:/home/chienle/Desktop/skid_robot_v2/install/mapping:/home/chienle/Desktop/skid_robot_v2/install/low_control:/home/chienle/Desktop/skid_robot_v2/install/ekf:/home/chienle/Desktop/skid_robot_v2/install/bringup:/opt/ros/humble /usr/bin/cmake --build /home/chienle/Desktop/skid_robot_v2/build/velodyne_laserscan -- -j20 -l20
[0.075s] [ 50%] Built target velodyne_laserscan
[0.107s] [100%] Built target velodyne_laserscan_node
[0.120s] Invoked command in '/home/chienle/Desktop/skid_robot_v2/build/velodyne_laserscan' returned '0': CMAKE_PREFIX_PATH=${CMAKE_PREFIX_PATH}:/home/chienle/Desktop/skid_robot_v2/install/simulation:/home/chienle/Desktop/skid_robot_v2/install/ps3:/home/chienle/Desktop/skid_robot_v2/install/odom:/home/chienle/Desktop/skid_robot_v2/install/microstrain_inertial_rqt:/home/chienle/Desktop/skid_robot_v2/install/mapping:/home/chienle/Desktop/skid_robot_v2/install/low_control:/home/chienle/Desktop/skid_robot_v2/install/ekf:/home/chienle/Desktop/skid_robot_v2/install/bringup:/opt/ros/humble /usr/bin/cmake --build /home/chienle/Desktop/skid_robot_v2/build/velodyne_laserscan -- -j20 -l20
[0.123s] Invoking command in '/home/chienle/Desktop/skid_robot_v2/build/velodyne_laserscan': CMAKE_PREFIX_PATH=${CMAKE_PREFIX_PATH}:/home/chienle/Desktop/skid_robot_v2/install/simulation:/home/chienle/Desktop/skid_robot_v2/install/ps3:/home/chienle/Desktop/skid_robot_v2/install/odom:/home/chienle/Desktop/skid_robot_v2/install/microstrain_inertial_rqt:/home/chienle/Desktop/skid_robot_v2/install/mapping:/home/chienle/Desktop/skid_robot_v2/install/low_control:/home/chienle/Desktop/skid_robot_v2/install/ekf:/home/chienle/Desktop/skid_robot_v2/install/bringup:/opt/ros/humble /usr/bin/cmake --install /home/chienle/Desktop/skid_robot_v2/build/velodyne_laserscan
[0.132s] -- Install configuration: ""
[0.132s] -- Execute custom install script
[0.133s] -- Up-to-date symlink: /home/chienle/Desktop/skid_robot_v2/install/velodyne_laserscan/lib/velodyne_laserscan/velodyne_laserscan_node
[0.133s] -- Up-to-date symlink: /home/chienle/Desktop/skid_robot_v2/install/velodyne_laserscan/include/velodyne_laserscan/velodyne_laserscan.hpp
[0.133s] -- Up-to-date symlink: /home/chienle/Desktop/skid_robot_v2/install/velodyne_laserscan/share/velodyne_laserscan/config/default-velodyne_laserscan_node-params.yaml
[0.133s] -- Up-to-date symlink: /home/chienle/Desktop/skid_robot_v2/install/velodyne_laserscan/share/velodyne_laserscan/launch/velodyne_laserscan_node-composed-launch.py
[0.134s] -- Up-to-date symlink: /home/chienle/Desktop/skid_robot_v2/install/velodyne_laserscan/share/velodyne_laserscan/launch/velodyne_laserscan_node-launch.py
[0.134s] -- Up-to-date symlink: /home/chienle/Desktop/skid_robot_v2/install/velodyne_laserscan/share/ament_index/resource_index/package_run_dependencies/velodyne_laserscan
[0.134s] -- Up-to-date symlink: /home/chienle/Desktop/skid_robot_v2/install/velodyne_laserscan/share/ament_index/resource_index/parent_prefix_path/velodyne_laserscan
[0.134s] -- Up-to-date symlink: /home/chienle/Desktop/skid_robot_v2/install/velodyne_laserscan/share/velodyne_laserscan/environment/ament_prefix_path.sh
[0.134s] -- Up-to-date symlink: /home/chienle/Desktop/skid_robot_v2/install/velodyne_laserscan/share/velodyne_laserscan/environment/ament_prefix_path.dsv
[0.134s] -- Up-to-date symlink: /home/chienle/Desktop/skid_robot_v2/install/velodyne_laserscan/share/velodyne_laserscan/environment/path.sh
[0.134s] -- Up-to-date symlink: /home/chienle/Desktop/skid_robot_v2/install/velodyne_laserscan/share/velodyne_laserscan/environment/path.dsv
[0.134s] -- Up-to-date symlink: /home/chienle/Desktop/skid_robot_v2/install/velodyne_laserscan/share/velodyne_laserscan/local_setup.bash
[0.135s] -- Up-to-date symlink: /home/chienle/Desktop/skid_robot_v2/install/velodyne_laserscan/share/velodyne_laserscan/local_setup.sh
[0.135s] -- Up-to-date symlink: /home/chienle/Desktop/skid_robot_v2/install/velodyne_laserscan/share/velodyne_laserscan/local_setup.zsh
[0.135s] -- Up-to-date symlink: /home/chienle/Desktop/skid_robot_v2/install/velodyne_laserscan/share/velodyne_laserscan/local_setup.dsv
[0.135s] -- Symlinking: /home/chienle/Desktop/skid_robot_v2/install/velodyne_laserscan/share/velodyne_laserscan/package.dsv
[0.145s] -- Up-to-date symlink: /home/chienle/Desktop/skid_robot_v2/install/velodyne_laserscan/share/ament_index/resource_index/packages/velodyne_laserscan
[0.145s] -- Up-to-date symlink: /home/chienle/Desktop/skid_robot_v2/install/velodyne_laserscan/share/ament_index/resource_index/rclcpp_components/velodyne_laserscan
[0.145s] -- Up-to-date symlink: /home/chienle/Desktop/skid_robot_v2/install/velodyne_laserscan/share/velodyne_laserscan/cmake/ament_cmake_export_include_directories-extras.cmake
[0.145s] -- Up-to-date symlink: /home/chienle/Desktop/skid_robot_v2/install/velodyne_laserscan/share/velodyne_laserscan/cmake/ament_cmake_export_targets-extras.cmake
[0.145s] -- Up-to-date symlink: /home/chienle/Desktop/skid_robot_v2/install/velodyne_laserscan/share/velodyne_laserscan/cmake/ament_cmake_export_dependencies-extras.cmake
[0.146s] -- Up-to-date symlink: /home/chienle/Desktop/skid_robot_v2/install/velodyne_laserscan/share/velodyne_laserscan/cmake/velodyne_laserscanConfig.cmake
[0.146s] -- Up-to-date symlink: /home/chienle/Desktop/skid_robot_v2/install/velodyne_laserscan/share/velodyne_laserscan/cmake/velodyne_laserscanConfig-version.cmake
[0.146s] -- Up-to-date symlink: /home/chienle/Desktop/skid_robot_v2/install/velodyne_laserscan/share/velodyne_laserscan/package.xml
[0.146s] -- Up-to-date: /home/chienle/Desktop/skid_robot_v2/install/velodyne_laserscan/lib/libvelodyne_laserscan.so
[0.146s] -- Up-to-date: /home/chienle/Desktop/skid_robot_v2/install/velodyne_laserscan/share/velodyne_laserscan/cmake/velodyne_laserscanExport.cmake
[0.146s] -- Up-to-date: /home/chienle/Desktop/skid_robot_v2/install/velodyne_laserscan/share/velodyne_laserscan/cmake/velodyne_laserscanExport-noconfig.cmake
[0.148s] Invoked command in '/home/chienle/Desktop/skid_robot_v2/build/velodyne_laserscan' returned '0': CMAKE_PREFIX_PATH=${CMAKE_PREFIX_PATH}:/home/chienle/Desktop/skid_robot_v2/install/simulation:/home/chienle/Desktop/skid_robot_v2/install/ps3:/home/chienle/Desktop/skid_robot_v2/install/odom:/home/chienle/Desktop/skid_robot_v2/install/microstrain_inertial_rqt:/home/chienle/Desktop/skid_robot_v2/install/mapping:/home/chienle/Desktop/skid_robot_v2/install/low_control:/home/chienle/Desktop/skid_robot_v2/install/ekf:/home/chienle/Desktop/skid_robot_v2/install/bringup:/opt/ros/humble /usr/bin/cmake --install /home/chienle/Desktop/skid_robot_v2/build/velodyne_laserscan
