[0.011s] Invoking command in '/home/chienle/Desktop/skid_robot_v2/build/microstrain_inertial_driver': AMENT_PREFIX_PATH=/home/chienle/Desktop/skid_robot_v2/install/microstrain_inertial_msgs:${AMENT_PREFIX_PATH} CMAKE_PREFIX_PATH=/home/chienle/Desktop/skid_robot_v2/install/microstrain_inertial_msgs:/opt/ros/humble LD_LIBRARY_PATH=/home/chienle/Desktop/skid_robot_v2/install/microstrain_inertial_msgs/lib:/usr/lib/x86_64-linux-gnu/gazebo-11/plugins:/opt/ros/humble/opt/rviz_ogre_vendor/lib:/opt/ros/humble/lib/x86_64-linux-gnu:/opt/ros/humble/lib:/usr/lib/x86_64-linux-gnu/gazebo-11/plugins PYTHONPATH=/home/chienle/Desktop/skid_robot_v2/install/microstrain_inertial_msgs/local/lib/python3.10/dist-packages:${PYTHONPATH} /usr/bin/cmake --build /home/chienle/Desktop/skid_robot_v2/build/microstrain_inertial_driver -- -j20 -l20
[0.075s] [  4%] Built target microstrain
[0.103s] [  6%] Built target microstrain_recording_connection
[0.103s] [ 10%] Built target microstrain_serial
[0.114s] [ 60%] Built target mip
[0.194s] [ 80%] Built target microstrain_inertial_driver_node
[0.199s] [100%] Built target microstrain_inertial_driver_lifecycle_node
[0.212s] Invoked command in '/home/chienle/Desktop/skid_robot_v2/build/microstrain_inertial_driver' returned '0': AMENT_PREFIX_PATH=/home/chienle/Desktop/skid_robot_v2/install/microstrain_inertial_msgs:${AMENT_PREFIX_PATH} CMAKE_PREFIX_PATH=/home/chienle/Desktop/skid_robot_v2/install/microstrain_inertial_msgs:/opt/ros/humble LD_LIBRARY_PATH=/home/chienle/Desktop/skid_robot_v2/install/microstrain_inertial_msgs/lib:/usr/lib/x86_64-linux-gnu/gazebo-11/plugins:/opt/ros/humble/opt/rviz_ogre_vendor/lib:/opt/ros/humble/lib/x86_64-linux-gnu:/opt/ros/humble/lib:/usr/lib/x86_64-linux-gnu/gazebo-11/plugins PYTHONPATH=/home/chienle/Desktop/skid_robot_v2/install/microstrain_inertial_msgs/local/lib/python3.10/dist-packages:${PYTHONPATH} /usr/bin/cmake --build /home/chienle/Desktop/skid_robot_v2/build/microstrain_inertial_driver -- -j20 -l20
[0.214s] Invoking command in '/home/chienle/Desktop/skid_robot_v2/build/microstrain_inertial_driver': AMENT_PREFIX_PATH=/home/chienle/Desktop/skid_robot_v2/install/microstrain_inertial_msgs:${AMENT_PREFIX_PATH} CMAKE_PREFIX_PATH=/home/chienle/Desktop/skid_robot_v2/install/microstrain_inertial_msgs:/opt/ros/humble LD_LIBRARY_PATH=/home/chienle/Desktop/skid_robot_v2/install/microstrain_inertial_msgs/lib:/usr/lib/x86_64-linux-gnu/gazebo-11/plugins:/opt/ros/humble/opt/rviz_ogre_vendor/lib:/opt/ros/humble/lib/x86_64-linux-gnu:/opt/ros/humble/lib:/usr/lib/x86_64-linux-gnu/gazebo-11/plugins PYTHONPATH=/home/chienle/Desktop/skid_robot_v2/install/microstrain_inertial_msgs/local/lib/python3.10/dist-packages:${PYTHONPATH} /usr/bin/cmake --install /home/chienle/Desktop/skid_robot_v2/build/microstrain_inertial_driver
[0.221s] -- Install configuration: ""
[0.221s] -- Execute custom install script
[0.222s] -- Up-to-date symlink: /home/chienle/Desktop/skid_robot_v2/install/microstrain_inertial_driver/lib/microstrain_inertial_driver/microstrain_inertial_driver_lifecycle_node
[0.222s] -- Up-to-date symlink: /home/chienle/Desktop/skid_robot_v2/install/microstrain_inertial_driver/lib/microstrain_inertial_driver/microstrain_inertial_driver_node
[0.223s] -- Up-to-date symlink: /home/chienle/Desktop/skid_robot_v2/install/microstrain_inertial_driver/share/microstrain_inertial_driver/launch/microstrain_launch.py
[0.223s] -- Up-to-date symlink: /home/chienle/Desktop/skid_robot_v2/install/microstrain_inertial_driver/share/microstrain_inertial_driver/launch/microstrain_lifecycle_launch.py
[0.223s] -- Up-to-date symlink: /home/chienle/Desktop/skid_robot_v2/install/microstrain_inertial_driver/share/microstrain_inertial_driver/config/empty.yml
[0.223s] -- Up-to-date symlink: /home/chienle/Desktop/skid_robot_v2/install/microstrain_inertial_driver/share/microstrain_inertial_driver/microstrain_inertial_driver_common/config/params.yml
[0.223s] -- Up-to-date symlink: /home/chienle/Desktop/skid_robot_v2/install/microstrain_inertial_driver/share/ament_index/resource_index/package_run_dependencies/microstrain_inertial_driver
[0.223s] -- Up-to-date symlink: /home/chienle/Desktop/skid_robot_v2/install/microstrain_inertial_driver/share/ament_index/resource_index/parent_prefix_path/microstrain_inertial_driver
[0.224s] -- Up-to-date symlink: /home/chienle/Desktop/skid_robot_v2/install/microstrain_inertial_driver/share/microstrain_inertial_driver/environment/ament_prefix_path.sh
[0.224s] -- Up-to-date symlink: /home/chienle/Desktop/skid_robot_v2/install/microstrain_inertial_driver/share/microstrain_inertial_driver/environment/ament_prefix_path.dsv
[0.224s] -- Up-to-date symlink: /home/chienle/Desktop/skid_robot_v2/install/microstrain_inertial_driver/share/microstrain_inertial_driver/environment/path.sh
[0.224s] -- Up-to-date symlink: /home/chienle/Desktop/skid_robot_v2/install/microstrain_inertial_driver/share/microstrain_inertial_driver/environment/path.dsv
[0.224s] -- Up-to-date symlink: /home/chienle/Desktop/skid_robot_v2/install/microstrain_inertial_driver/share/microstrain_inertial_driver/local_setup.bash
[0.224s] -- Up-to-date symlink: /home/chienle/Desktop/skid_robot_v2/install/microstrain_inertial_driver/share/microstrain_inertial_driver/local_setup.sh
[0.224s] -- Up-to-date symlink: /home/chienle/Desktop/skid_robot_v2/install/microstrain_inertial_driver/share/microstrain_inertial_driver/local_setup.zsh
[0.225s] -- Up-to-date symlink: /home/chienle/Desktop/skid_robot_v2/install/microstrain_inertial_driver/share/microstrain_inertial_driver/local_setup.dsv
[0.225s] -- Symlinking: /home/chienle/Desktop/skid_robot_v2/install/microstrain_inertial_driver/share/microstrain_inertial_driver/package.dsv
[0.236s] -- Up-to-date symlink: /home/chienle/Desktop/skid_robot_v2/install/microstrain_inertial_driver/share/ament_index/resource_index/packages/microstrain_inertial_driver
[0.236s] -- Up-to-date symlink: /home/chienle/Desktop/skid_robot_v2/install/microstrain_inertial_driver/share/microstrain_inertial_driver/cmake/ament_cmake_export_dependencies-extras.cmake
[0.236s] -- Up-to-date symlink: /home/chienle/Desktop/skid_robot_v2/install/microstrain_inertial_driver/share/microstrain_inertial_driver/cmake/microstrain_inertial_driverConfig.cmake
[0.236s] -- Up-to-date symlink: /home/chienle/Desktop/skid_robot_v2/install/microstrain_inertial_driver/share/microstrain_inertial_driver/cmake/microstrain_inertial_driverConfig-version.cmake
[0.236s] -- Up-to-date symlink: /home/chienle/Desktop/skid_robot_v2/install/microstrain_inertial_driver/share/microstrain_inertial_driver/package.xml
[0.239s] Invoked command in '/home/chienle/Desktop/skid_robot_v2/build/microstrain_inertial_driver' returned '0': AMENT_PREFIX_PATH=/home/chienle/Desktop/skid_robot_v2/install/microstrain_inertial_msgs:${AMENT_PREFIX_PATH} CMAKE_PREFIX_PATH=/home/chienle/Desktop/skid_robot_v2/install/microstrain_inertial_msgs:/opt/ros/humble LD_LIBRARY_PATH=/home/chienle/Desktop/skid_robot_v2/install/microstrain_inertial_msgs/lib:/usr/lib/x86_64-linux-gnu/gazebo-11/plugins:/opt/ros/humble/opt/rviz_ogre_vendor/lib:/opt/ros/humble/lib/x86_64-linux-gnu:/opt/ros/humble/lib:/usr/lib/x86_64-linux-gnu/gazebo-11/plugins PYTHONPATH=/home/chienle/Desktop/skid_robot_v2/install/microstrain_inertial_msgs/local/lib/python3.10/dist-packages:${PYTHONPATH} /usr/bin/cmake --install /home/chienle/Desktop/skid_robot_v2/build/microstrain_inertial_driver
