[0.007s] Invoking command in '/home/chienle/Desktop/skid_robot_v2/build/velodyne_msgs': CMAKE_PREFIX_PATH=/opt/ros/humble /usr/bin/cmake --build /home/chienle/Desktop/skid_robot_v2/build/velodyne_msgs -- -j20 -l20
[0.072s] [  2%] Built target velodyne_msgs__cpp
[0.073s] [ 12%] Built target velodyne_msgs__rosidl_generator_c
[0.075s] [ 15%] Built target velodyne_msgs__rs
[0.087s] [ 15%] Built target ament_cmake_python_symlink_velodyne_msgs
[0.105s] [ 27%] Built target velodyne_msgs__rosidl_typesupport_fastrtps_c
[0.105s] [ 35%] Built target velodyne_msgs__rosidl_typesupport_introspection_c
[0.105s] [ 45%] Built target velodyne_msgs__rosidl_typesupport_cpp
[0.106s] [ 55%] Built target velodyne_msgs__rosidl_typesupport_c
[0.108s] [ 65%] Built target velodyne_msgs__rosidl_typesupport_fastrtps_cpp
[0.110s] [ 75%] Built target velodyne_msgs__rosidl_typesupport_introspection_cpp
[0.138s] [ 75%] Built target velodyne_msgs
[0.167s] [ 77%] Built target velodyne_msgs__py
[0.198s] [ 85%] Built target velodyne_msgs__rosidl_generator_py
[0.229s] [ 90%] Built target velodyne_msgs__rosidl_typesupport_fastrtps_c__pyext
[0.229s] [ 95%] Built target velodyne_msgs__rosidl_typesupport_introspection_c__pyext
[0.230s] [100%] Built target velodyne_msgs__rosidl_typesupport_c__pyext
[0.372s] running egg_info
[0.373s] writing velodyne_msgs.egg-info/PKG-INFO
[0.374s] writing dependency_links to velodyne_msgs.egg-info/dependency_links.txt
[0.374s] writing top-level names to velodyne_msgs.egg-info/top_level.txt
[0.376s] reading manifest file 'velodyne_msgs.egg-info/SOURCES.txt'
[0.376s] writing manifest file 'velodyne_msgs.egg-info/SOURCES.txt'
[0.408s] [100%] Built target ament_cmake_python_build_velodyne_msgs_egg
[0.422s] Invoked command in '/home/chienle/Desktop/skid_robot_v2/build/velodyne_msgs' returned '0': CMAKE_PREFIX_PATH=/opt/ros/humble /usr/bin/cmake --build /home/chienle/Desktop/skid_robot_v2/build/velodyne_msgs -- -j20 -l20
[0.424s] Invoking command in '/home/chienle/Desktop/skid_robot_v2/build/velodyne_msgs': CMAKE_PREFIX_PATH=/opt/ros/humble /usr/bin/cmake --install /home/chienle/Desktop/skid_robot_v2/build/velodyne_msgs
[0.435s] -- Install configuration: ""
[0.436s] -- Execute custom install script
[0.436s] -- Up-to-date symlink: /home/chienle/Desktop/skid_robot_v2/install/velodyne_msgs/share/ament_index/resource_index/rosidl_interfaces/velodyne_msgs
[0.437s] -- Up-to-date symlink: /home/chienle/Desktop/skid_robot_v2/install/velodyne_msgs/include/velodyne_msgs/velodyne_msgs/msg/detail/velodyne_packet__functions.h
[0.437s] -- Up-to-date symlink: /home/chienle/Desktop/skid_robot_v2/install/velodyne_msgs/include/velodyne_msgs/velodyne_msgs/msg/detail/velodyne_packet__struct.h
[0.437s] -- Up-to-date symlink: /home/chienle/Desktop/skid_robot_v2/install/velodyne_msgs/include/velodyne_msgs/velodyne_msgs/msg/detail/velodyne_packet__type_support.h
[0.437s] -- Up-to-date symlink: /home/chienle/Desktop/skid_robot_v2/install/velodyne_msgs/include/velodyne_msgs/velodyne_msgs/msg/detail/velodyne_scan__functions.h
[0.437s] -- Up-to-date symlink: /home/chienle/Desktop/skid_robot_v2/install/velodyne_msgs/include/velodyne_msgs/velodyne_msgs/msg/detail/velodyne_scan__struct.h
[0.438s] -- Up-to-date symlink: /home/chienle/Desktop/skid_robot_v2/install/velodyne_msgs/include/velodyne_msgs/velodyne_msgs/msg/detail/velodyne_scan__type_support.h
[0.438s] -- Up-to-date symlink: /home/chienle/Desktop/skid_robot_v2/install/velodyne_msgs/include/velodyne_msgs/velodyne_msgs/msg/rosidl_generator_c__visibility_control.h
[0.438s] -- Up-to-date symlink: /home/chienle/Desktop/skid_robot_v2/install/velodyne_msgs/include/velodyne_msgs/velodyne_msgs/msg/velodyne_packet.h
[0.438s] -- Up-to-date symlink: /home/chienle/Desktop/skid_robot_v2/install/velodyne_msgs/include/velodyne_msgs/velodyne_msgs/msg/velodyne_scan.h
[0.438s] -- Up-to-date symlink: /home/chienle/Desktop/skid_robot_v2/install/velodyne_msgs/share/velodyne_msgs/environment/library_path.sh
[0.438s] -- Up-to-date symlink: /home/chienle/Desktop/skid_robot_v2/install/velodyne_msgs/share/velodyne_msgs/environment/library_path.dsv
[0.439s] -- Up-to-date symlink: /home/chienle/Desktop/skid_robot_v2/install/velodyne_msgs/include/velodyne_msgs/velodyne_msgs/msg/detail/velodyne_packet__rosidl_typesupport_fastrtps_c.h
[0.439s] -- Up-to-date symlink: /home/chienle/Desktop/skid_robot_v2/install/velodyne_msgs/include/velodyne_msgs/velodyne_msgs/msg/detail/velodyne_scan__rosidl_typesupport_fastrtps_c.h
[0.439s] -- Up-to-date symlink: /home/chienle/Desktop/skid_robot_v2/install/velodyne_msgs/include/velodyne_msgs/velodyne_msgs/msg/rosidl_typesupport_fastrtps_c__visibility_control.h
[0.439s] -- Up-to-date symlink: /home/chienle/Desktop/skid_robot_v2/install/velodyne_msgs/include/velodyne_msgs/velodyne_msgs/msg/detail/velodyne_packet__builder.hpp
[0.439s] -- Up-to-date symlink: /home/chienle/Desktop/skid_robot_v2/install/velodyne_msgs/include/velodyne_msgs/velodyne_msgs/msg/detail/velodyne_packet__struct.hpp
[0.440s] -- Up-to-date symlink: /home/chienle/Desktop/skid_robot_v2/install/velodyne_msgs/include/velodyne_msgs/velodyne_msgs/msg/detail/velodyne_packet__traits.hpp
[0.440s] -- Up-to-date symlink: /home/chienle/Desktop/skid_robot_v2/install/velodyne_msgs/include/velodyne_msgs/velodyne_msgs/msg/detail/velodyne_packet__type_support.hpp
[0.440s] -- Up-to-date symlink: /home/chienle/Desktop/skid_robot_v2/install/velodyne_msgs/include/velodyne_msgs/velodyne_msgs/msg/detail/velodyne_scan__builder.hpp
[0.440s] -- Up-to-date symlink: /home/chienle/Desktop/skid_robot_v2/install/velodyne_msgs/include/velodyne_msgs/velodyne_msgs/msg/detail/velodyne_scan__struct.hpp
[0.440s] -- Up-to-date symlink: /home/chienle/Desktop/skid_robot_v2/install/velodyne_msgs/include/velodyne_msgs/velodyne_msgs/msg/detail/velodyne_scan__traits.hpp
[0.440s] -- Up-to-date symlink: /home/chienle/Desktop/skid_robot_v2/install/velodyne_msgs/include/velodyne_msgs/velodyne_msgs/msg/detail/velodyne_scan__type_support.hpp
[0.440s] -- Up-to-date symlink: /home/chienle/Desktop/skid_robot_v2/install/velodyne_msgs/include/velodyne_msgs/velodyne_msgs/msg/rosidl_generator_cpp__visibility_control.hpp
[0.441s] -- Up-to-date symlink: /home/chienle/Desktop/skid_robot_v2/install/velodyne_msgs/include/velodyne_msgs/velodyne_msgs/msg/velodyne_packet.hpp
[0.441s] -- Up-to-date symlink: /home/chienle/Desktop/skid_robot_v2/install/velodyne_msgs/include/velodyne_msgs/velodyne_msgs/msg/velodyne_scan.hpp
[0.441s] -- Up-to-date symlink: /home/chienle/Desktop/skid_robot_v2/install/velodyne_msgs/include/velodyne_msgs/velodyne_msgs/msg/detail/velodyne_packet__rosidl_typesupport_fastrtps_cpp.hpp
[0.441s] -- Up-to-date symlink: /home/chienle/Desktop/skid_robot_v2/install/velodyne_msgs/include/velodyne_msgs/velodyne_msgs/msg/detail/velodyne_scan__rosidl_typesupport_fastrtps_cpp.hpp
[0.442s] -- Up-to-date symlink: /home/chienle/Desktop/skid_robot_v2/install/velodyne_msgs/include/velodyne_msgs/velodyne_msgs/msg/rosidl_typesupport_fastrtps_cpp__visibility_control.h
[0.442s] -- Up-to-date symlink: /home/chienle/Desktop/skid_robot_v2/install/velodyne_msgs/include/velodyne_msgs/velodyne_msgs/msg/detail/velodyne_packet__rosidl_typesupport_introspection_c.h
[0.442s] -- Up-to-date symlink: /home/chienle/Desktop/skid_robot_v2/install/velodyne_msgs/include/velodyne_msgs/velodyne_msgs/msg/detail/velodyne_scan__rosidl_typesupport_introspection_c.h
[0.442s] -- Up-to-date symlink: /home/chienle/Desktop/skid_robot_v2/install/velodyne_msgs/include/velodyne_msgs/velodyne_msgs/msg/rosidl_typesupport_introspection_c__visibility_control.h
[0.443s] -- Up-to-date symlink: /home/chienle/Desktop/skid_robot_v2/install/velodyne_msgs/include/velodyne_msgs/velodyne_msgs/msg/detail/velodyne_packet__rosidl_typesupport_introspection_cpp.hpp
[0.443s] -- Up-to-date symlink: /home/chienle/Desktop/skid_robot_v2/install/velodyne_msgs/include/velodyne_msgs/velodyne_msgs/msg/detail/velodyne_scan__rosidl_typesupport_introspection_cpp.hpp
[0.443s] -- Up-to-date symlink: /home/chienle/Desktop/skid_robot_v2/install/velodyne_msgs/share/velodyne_msgs/environment/pythonpath.sh
[0.443s] -- Up-to-date symlink: /home/chienle/Desktop/skid_robot_v2/install/velodyne_msgs/share/velodyne_msgs/environment/pythonpath.dsv
[0.444s] -- Up-to-date symlink: /home/chienle/Desktop/skid_robot_v2/install/velodyne_msgs/local/lib/python3.10/dist-packages/velodyne_msgs-2.5.1-py3.10.egg-info/PKG-INFO
[0.444s] -- Up-to-date symlink: /home/chienle/Desktop/skid_robot_v2/install/velodyne_msgs/local/lib/python3.10/dist-packages/velodyne_msgs-2.5.1-py3.10.egg-info/SOURCES.txt
[0.444s] -- Up-to-date symlink: /home/chienle/Desktop/skid_robot_v2/install/velodyne_msgs/local/lib/python3.10/dist-packages/velodyne_msgs-2.5.1-py3.10.egg-info/dependency_links.txt
[0.444s] -- Up-to-date symlink: /home/chienle/Desktop/skid_robot_v2/install/velodyne_msgs/local/lib/python3.10/dist-packages/velodyne_msgs-2.5.1-py3.10.egg-info/top_level.txt
[0.445s] -- Up-to-date symlink: /home/chienle/Desktop/skid_robot_v2/install/velodyne_msgs/local/lib/python3.10/dist-packages/velodyne_msgs/__init__.py
[0.445s] -- Up-to-date symlink: /home/chienle/Desktop/skid_robot_v2/install/velodyne_msgs/local/lib/python3.10/dist-packages/velodyne_msgs/_velodyne_msgs_s.ep.rosidl_typesupport_c.c
[0.445s] -- Up-to-date symlink: /home/chienle/Desktop/skid_robot_v2/install/velodyne_msgs/local/lib/python3.10/dist-packages/velodyne_msgs/_velodyne_msgs_s.ep.rosidl_typesupport_fastrtps_c.c
[0.445s] -- Up-to-date symlink: /home/chienle/Desktop/skid_robot_v2/install/velodyne_msgs/local/lib/python3.10/dist-packages/velodyne_msgs/_velodyne_msgs_s.ep.rosidl_typesupport_introspection_c.c
[0.445s] -- Up-to-date symlink: /home/chienle/Desktop/skid_robot_v2/install/velodyne_msgs/local/lib/python3.10/dist-packages/velodyne_msgs/libvelodyne_msgs__rosidl_generator_py.so
[0.446s] -- Up-to-date symlink: /home/chienle/Desktop/skid_robot_v2/install/velodyne_msgs/local/lib/python3.10/dist-packages/velodyne_msgs/msg/__init__.py
[0.446s] -- Up-to-date symlink: /home/chienle/Desktop/skid_robot_v2/install/velodyne_msgs/local/lib/python3.10/dist-packages/velodyne_msgs/msg/_velodyne_packet.py
[0.446s] -- Up-to-date symlink: /home/chienle/Desktop/skid_robot_v2/install/velodyne_msgs/local/lib/python3.10/dist-packages/velodyne_msgs/msg/_velodyne_packet_s.c
[0.446s] -- Up-to-date symlink: /home/chienle/Desktop/skid_robot_v2/install/velodyne_msgs/local/lib/python3.10/dist-packages/velodyne_msgs/msg/_velodyne_scan.py
[0.446s] -- Up-to-date symlink: /home/chienle/Desktop/skid_robot_v2/install/velodyne_msgs/local/lib/python3.10/dist-packages/velodyne_msgs/msg/_velodyne_scan_s.c
[0.446s] -- Up-to-date symlink: /home/chienle/Desktop/skid_robot_v2/install/velodyne_msgs/local/lib/python3.10/dist-packages/velodyne_msgs/velodyne_msgs_s__rosidl_typesupport_c.cpython-310-x86_64-linux-gnu.so
[0.446s] -- Up-to-date symlink: /home/chienle/Desktop/skid_robot_v2/install/velodyne_msgs/local/lib/python3.10/dist-packages/velodyne_msgs/velodyne_msgs_s__rosidl_typesupport_fastrtps_c.cpython-310-x86_64-linux-gnu.so
[0.447s] -- Up-to-date symlink: /home/chienle/Desktop/skid_robot_v2/install/velodyne_msgs/local/lib/python3.10/dist-packages/velodyne_msgs/velodyne_msgs_s__rosidl_typesupport_introspection_c.cpython-310-x86_64-linux-gnu.so
[0.447s] -- Up-to-date symlink: /home/chienle/Desktop/skid_robot_v2/install/velodyne_msgs/local/lib/python3.10/dist-packages/velodyne_msgs/velodyne_msgs_s__rosidl_typesupport_fastrtps_c.cpython-310-x86_64-linux-gnu.so
[0.447s] -- Up-to-date symlink: /home/chienle/Desktop/skid_robot_v2/install/velodyne_msgs/local/lib/python3.10/dist-packages/velodyne_msgs/velodyne_msgs_s__rosidl_typesupport_introspection_c.cpython-310-x86_64-linux-gnu.so
[0.448s] -- Up-to-date symlink: /home/chienle/Desktop/skid_robot_v2/install/velodyne_msgs/local/lib/python3.10/dist-packages/velodyne_msgs/velodyne_msgs_s__rosidl_typesupport_c.cpython-310-x86_64-linux-gnu.so
[0.448s] -- Up-to-date symlink: /home/chienle/Desktop/skid_robot_v2/install/velodyne_msgs/share/ament_index/resource_index/rust_packages/velodyne_msgs
[0.448s] -- Up-to-date symlink: /home/chienle/Desktop/skid_robot_v2/install/velodyne_msgs/share/velodyne_msgs/rust/Cargo.toml
[0.448s] -- Up-to-date symlink: /home/chienle/Desktop/skid_robot_v2/install/velodyne_msgs/share/velodyne_msgs/rust/build.rs
[0.449s] -- Up-to-date symlink: /home/chienle/Desktop/skid_robot_v2/install/velodyne_msgs/share/velodyne_msgs/rust/src/lib.rs
[0.449s] -- Up-to-date symlink: /home/chienle/Desktop/skid_robot_v2/install/velodyne_msgs/share/velodyne_msgs/rust/src/msg.rs
[0.449s] -- Up-to-date symlink: /home/chienle/Desktop/skid_robot_v2/install/velodyne_msgs/share/velodyne_msgs/rust/src/msg/rmw.rs
[0.449s] -- Up-to-date symlink: /home/chienle/Desktop/skid_robot_v2/install/velodyne_msgs/share/velodyne_msgs/msg/VelodynePacket.idl
[0.449s] -- Up-to-date symlink: /home/chienle/Desktop/skid_robot_v2/install/velodyne_msgs/share/velodyne_msgs/msg/VelodyneScan.idl
[0.450s] -- Up-to-date symlink: /home/chienle/Desktop/skid_robot_v2/install/velodyne_msgs/share/velodyne_msgs/msg/VelodynePacket.msg
[0.450s] -- Up-to-date symlink: /home/chienle/Desktop/skid_robot_v2/install/velodyne_msgs/share/velodyne_msgs/msg/VelodyneScan.msg
[0.450s] -- Up-to-date symlink: /home/chienle/Desktop/skid_robot_v2/install/velodyne_msgs/share/ament_index/resource_index/package_run_dependencies/velodyne_msgs
[0.450s] -- Up-to-date symlink: /home/chienle/Desktop/skid_robot_v2/install/velodyne_msgs/share/ament_index/resource_index/parent_prefix_path/velodyne_msgs
[0.450s] -- Up-to-date symlink: /home/chienle/Desktop/skid_robot_v2/install/velodyne_msgs/share/velodyne_msgs/environment/ament_prefix_path.sh
[0.451s] -- Up-to-date symlink: /home/chienle/Desktop/skid_robot_v2/install/velodyne_msgs/share/velodyne_msgs/environment/ament_prefix_path.dsv
[0.451s] -- Up-to-date symlink: /home/chienle/Desktop/skid_robot_v2/install/velodyne_msgs/share/velodyne_msgs/environment/path.sh
[0.451s] -- Up-to-date symlink: /home/chienle/Desktop/skid_robot_v2/install/velodyne_msgs/share/velodyne_msgs/environment/path.dsv
[0.451s] -- Up-to-date symlink: /home/chienle/Desktop/skid_robot_v2/install/velodyne_msgs/share/velodyne_msgs/local_setup.bash
[0.451s] -- Up-to-date symlink: /home/chienle/Desktop/skid_robot_v2/install/velodyne_msgs/share/velodyne_msgs/local_setup.sh
[0.452s] -- Up-to-date symlink: /home/chienle/Desktop/skid_robot_v2/install/velodyne_msgs/share/velodyne_msgs/local_setup.zsh
[0.452s] -- Up-to-date symlink: /home/chienle/Desktop/skid_robot_v2/install/velodyne_msgs/share/velodyne_msgs/local_setup.dsv
[0.452s] -- Symlinking: /home/chienle/Desktop/skid_robot_v2/install/velodyne_msgs/share/velodyne_msgs/package.dsv
[0.463s] -- Up-to-date symlink: /home/chienle/Desktop/skid_robot_v2/install/velodyne_msgs/share/ament_index/resource_index/packages/velodyne_msgs
[0.463s] -- Up-to-date symlink: /home/chienle/Desktop/skid_robot_v2/install/velodyne_msgs/share/velodyne_msgs/cmake/rosidl_cmake-extras.cmake
[0.463s] -- Up-to-date symlink: /home/chienle/Desktop/skid_robot_v2/install/velodyne_msgs/share/velodyne_msgs/cmake/ament_cmake_export_dependencies-extras.cmake
[0.463s] -- Up-to-date symlink: /home/chienle/Desktop/skid_robot_v2/install/velodyne_msgs/share/velodyne_msgs/cmake/ament_cmake_export_include_directories-extras.cmake
[0.463s] -- Up-to-date symlink: /home/chienle/Desktop/skid_robot_v2/install/velodyne_msgs/share/velodyne_msgs/cmake/ament_cmake_export_libraries-extras.cmake
[0.463s] -- Up-to-date symlink: /home/chienle/Desktop/skid_robot_v2/install/velodyne_msgs/share/velodyne_msgs/cmake/ament_cmake_export_targets-extras.cmake
[0.463s] -- Up-to-date symlink: /home/chienle/Desktop/skid_robot_v2/install/velodyne_msgs/share/velodyne_msgs/cmake/rosidl_cmake_export_typesupport_targets-extras.cmake
[0.464s] -- Up-to-date symlink: /home/chienle/Desktop/skid_robot_v2/install/velodyne_msgs/share/velodyne_msgs/cmake/rosidl_cmake_export_typesupport_libraries-extras.cmake
[0.464s] -- Up-to-date symlink: /home/chienle/Desktop/skid_robot_v2/install/velodyne_msgs/share/velodyne_msgs/cmake/velodyne_msgsConfig.cmake
[0.464s] -- Up-to-date symlink: /home/chienle/Desktop/skid_robot_v2/install/velodyne_msgs/share/velodyne_msgs/cmake/velodyne_msgsConfig-version.cmake
[0.464s] -- Up-to-date symlink: /home/chienle/Desktop/skid_robot_v2/install/velodyne_msgs/share/velodyne_msgs/package.xml
[0.464s] -- Up-to-date: /home/chienle/Desktop/skid_robot_v2/install/velodyne_msgs/lib/libvelodyne_msgs__rosidl_generator_c.so
[0.465s] -- Up-to-date: /home/chienle/Desktop/skid_robot_v2/install/velodyne_msgs/lib/libvelodyne_msgs__rosidl_typesupport_fastrtps_c.so
[0.465s] -- Up-to-date: /home/chienle/Desktop/skid_robot_v2/install/velodyne_msgs/lib/libvelodyne_msgs__rosidl_typesupport_fastrtps_cpp.so
[0.465s] -- Up-to-date: /home/chienle/Desktop/skid_robot_v2/install/velodyne_msgs/lib/libvelodyne_msgs__rosidl_typesupport_introspection_c.so
[0.465s] -- Up-to-date: /home/chienle/Desktop/skid_robot_v2/install/velodyne_msgs/lib/libvelodyne_msgs__rosidl_typesupport_c.so
[0.466s] -- Up-to-date: /home/chienle/Desktop/skid_robot_v2/install/velodyne_msgs/lib/libvelodyne_msgs__rosidl_typesupport_introspection_cpp.so
[0.466s] -- Up-to-date: /home/chienle/Desktop/skid_robot_v2/install/velodyne_msgs/lib/libvelodyne_msgs__rosidl_typesupport_cpp.so
[0.506s] Listing '/home/chienle/Desktop/skid_robot_v2/install/velodyne_msgs/local/lib/python3.10/dist-packages/velodyne_msgs'...
[0.506s] Listing '/home/chienle/Desktop/skid_robot_v2/install/velodyne_msgs/local/lib/python3.10/dist-packages/velodyne_msgs/msg'...
[0.512s] -- Up-to-date: /home/chienle/Desktop/skid_robot_v2/install/velodyne_msgs/lib/libvelodyne_msgs__rosidl_generator_py.so
[0.512s] -- Up-to-date: /home/chienle/Desktop/skid_robot_v2/install/velodyne_msgs/share/velodyne_msgs/cmake/export_velodyne_msgs__rosidl_generator_cExport.cmake
[0.512s] -- Up-to-date: /home/chienle/Desktop/skid_robot_v2/install/velodyne_msgs/share/velodyne_msgs/cmake/export_velodyne_msgs__rosidl_generator_cExport-noconfig.cmake
[0.512s] -- Up-to-date: /home/chienle/Desktop/skid_robot_v2/install/velodyne_msgs/share/velodyne_msgs/cmake/export_velodyne_msgs__rosidl_typesupport_fastrtps_cExport.cmake
[0.512s] -- Up-to-date: /home/chienle/Desktop/skid_robot_v2/install/velodyne_msgs/share/velodyne_msgs/cmake/export_velodyne_msgs__rosidl_typesupport_fastrtps_cExport-noconfig.cmake
[0.512s] -- Up-to-date: /home/chienle/Desktop/skid_robot_v2/install/velodyne_msgs/share/velodyne_msgs/cmake/export_velodyne_msgs__rosidl_generator_cppExport.cmake
[0.513s] -- Up-to-date: /home/chienle/Desktop/skid_robot_v2/install/velodyne_msgs/share/velodyne_msgs/cmake/export_velodyne_msgs__rosidl_typesupport_fastrtps_cppExport.cmake
[0.513s] -- Up-to-date: /home/chienle/Desktop/skid_robot_v2/install/velodyne_msgs/share/velodyne_msgs/cmake/export_velodyne_msgs__rosidl_typesupport_fastrtps_cppExport-noconfig.cmake
[0.513s] -- Up-to-date: /home/chienle/Desktop/skid_robot_v2/install/velodyne_msgs/share/velodyne_msgs/cmake/velodyne_msgs__rosidl_typesupport_introspection_cExport.cmake
[0.513s] -- Up-to-date: /home/chienle/Desktop/skid_robot_v2/install/velodyne_msgs/share/velodyne_msgs/cmake/velodyne_msgs__rosidl_typesupport_introspection_cExport-noconfig.cmake
[0.513s] -- Up-to-date: /home/chienle/Desktop/skid_robot_v2/install/velodyne_msgs/share/velodyne_msgs/cmake/velodyne_msgs__rosidl_typesupport_cExport.cmake
[0.513s] -- Up-to-date: /home/chienle/Desktop/skid_robot_v2/install/velodyne_msgs/share/velodyne_msgs/cmake/velodyne_msgs__rosidl_typesupport_cExport-noconfig.cmake
[0.513s] -- Up-to-date: /home/chienle/Desktop/skid_robot_v2/install/velodyne_msgs/share/velodyne_msgs/cmake/velodyne_msgs__rosidl_typesupport_introspection_cppExport.cmake
[0.513s] -- Up-to-date: /home/chienle/Desktop/skid_robot_v2/install/velodyne_msgs/share/velodyne_msgs/cmake/velodyne_msgs__rosidl_typesupport_introspection_cppExport-noconfig.cmake
[0.513s] -- Up-to-date: /home/chienle/Desktop/skid_robot_v2/install/velodyne_msgs/share/velodyne_msgs/cmake/velodyne_msgs__rosidl_typesupport_cppExport.cmake
[0.513s] -- Up-to-date: /home/chienle/Desktop/skid_robot_v2/install/velodyne_msgs/share/velodyne_msgs/cmake/velodyne_msgs__rosidl_typesupport_cppExport-noconfig.cmake
[0.513s] -- Up-to-date: /home/chienle/Desktop/skid_robot_v2/install/velodyne_msgs/share/velodyne_msgs/cmake/export_velodyne_msgs__rosidl_generator_pyExport.cmake
[0.513s] -- Up-to-date: /home/chienle/Desktop/skid_robot_v2/install/velodyne_msgs/share/velodyne_msgs/cmake/export_velodyne_msgs__rosidl_generator_pyExport-noconfig.cmake
[0.515s] Invoked command in '/home/chienle/Desktop/skid_robot_v2/build/velodyne_msgs' returned '0': CMAKE_PREFIX_PATH=/opt/ros/humble /usr/bin/cmake --install /home/chienle/Desktop/skid_robot_v2/build/velodyne_msgs
