[0.014s] Invoking command in '/home/chienle/Desktop/skid_robot_v2/build/microstrain_inertial_examples': AMENT_PREFIX_PATH=/home/chienle/Desktop/skid_robot_v2/install/microstrain_inertial_driver:/home/chienle/Desktop/skid_robot_v2/install/microstrain_inertial_msgs:${AMENT_PREFIX_PATH} CMAKE_PREFIX_PATH=/home/chienle/Desktop/skid_robot_v2/install/microstrain_inertial_driver:/home/chienle/Desktop/skid_robot_v2/install/microstrain_inertial_msgs:/opt/ros/humble LD_LIBRARY_PATH=/home/chienle/Desktop/skid_robot_v2/install/microstrain_inertial_msgs/lib:/usr/lib/x86_64-linux-gnu/gazebo-11/plugins:/opt/ros/humble/opt/rviz_ogre_vendor/lib:/opt/ros/humble/lib/x86_64-linux-gnu:/opt/ros/humble/lib:/usr/lib/x86_64-linux-gnu/gazebo-11/plugins PYTHONPATH=/home/chienle/Desktop/skid_robot_v2/install/microstrain_inertial_msgs/local/lib/python3.10/dist-packages:${PYTHONPATH} /usr/bin/cmake /home/chienle/Desktop/skid_robot_v2/src/hardware/microstrain_inertial/microstrain_inertial_examples -DAMENT_CMAKE_SYMLINK_INSTALL=1 -DCMAKE_INSTALL_PREFIX=/home/chienle/Desktop/skid_robot_v2/install/microstrain_inertial_examples
[0.087s] -- The C compiler identification is GNU 11.4.0
[0.157s] -- The CXX compiler identification is GNU 11.4.0
[0.167s] -- Detecting C compiler ABI info
[0.261s] -- Detecting C compiler ABI info - done
[0.271s] -- Check for working C compiler: /usr/bin/cc - skipped
[0.271s] -- Detecting C compile features
[0.272s] -- Detecting C compile features - done
[0.276s] -- Detecting CXX compiler ABI info
[0.387s] -- Detecting CXX compiler ABI info - done
[0.398s] -- Check for working CXX compiler: /usr/bin/c++ - skipped
[0.398s] -- Detecting CXX compile features
[0.399s] -- Detecting CXX compile features - done
[0.403s] -- Found ament_cmake: 1.3.14 (/opt/ros/humble/share/ament_cmake/cmake)
[0.594s] -- Found Python3: /usr/bin/python3 (found version "3.10.12") found components: Interpreter 
[0.669s] -- Override CMake install command with custom implementation using symlinks instead of copying resources
[0.775s] -- Configuring done
[0.777s] -- Generating done
[0.779s] -- Build files have been written to: /home/chienle/Desktop/skid_robot_v2/build/microstrain_inertial_examples
[0.785s] Invoked command in '/home/chienle/Desktop/skid_robot_v2/build/microstrain_inertial_examples' returned '0': AMENT_PREFIX_PATH=/home/chienle/Desktop/skid_robot_v2/install/microstrain_inertial_driver:/home/chienle/Desktop/skid_robot_v2/install/microstrain_inertial_msgs:${AMENT_PREFIX_PATH} CMAKE_PREFIX_PATH=/home/chienle/Desktop/skid_robot_v2/install/microstrain_inertial_driver:/home/chienle/Desktop/skid_robot_v2/install/microstrain_inertial_msgs:/opt/ros/humble LD_LIBRARY_PATH=/home/chienle/Desktop/skid_robot_v2/install/microstrain_inertial_msgs/lib:/usr/lib/x86_64-linux-gnu/gazebo-11/plugins:/opt/ros/humble/opt/rviz_ogre_vendor/lib:/opt/ros/humble/lib/x86_64-linux-gnu:/opt/ros/humble/lib:/usr/lib/x86_64-linux-gnu/gazebo-11/plugins PYTHONPATH=/home/chienle/Desktop/skid_robot_v2/install/microstrain_inertial_msgs/local/lib/python3.10/dist-packages:${PYTHONPATH} /usr/bin/cmake /home/chienle/Desktop/skid_robot_v2/src/hardware/microstrain_inertial/microstrain_inertial_examples -DAMENT_CMAKE_SYMLINK_INSTALL=1 -DCMAKE_INSTALL_PREFIX=/home/chienle/Desktop/skid_robot_v2/install/microstrain_inertial_examples
[0.785s] Invoking command in '/home/chienle/Desktop/skid_robot_v2/build/microstrain_inertial_examples': AMENT_PREFIX_PATH=/home/chienle/Desktop/skid_robot_v2/install/microstrain_inertial_driver:/home/chienle/Desktop/skid_robot_v2/install/microstrain_inertial_msgs:${AMENT_PREFIX_PATH} CMAKE_PREFIX_PATH=/home/chienle/Desktop/skid_robot_v2/install/microstrain_inertial_driver:/home/chienle/Desktop/skid_robot_v2/install/microstrain_inertial_msgs:/opt/ros/humble LD_LIBRARY_PATH=/home/chienle/Desktop/skid_robot_v2/install/microstrain_inertial_msgs/lib:/usr/lib/x86_64-linux-gnu/gazebo-11/plugins:/opt/ros/humble/opt/rviz_ogre_vendor/lib:/opt/ros/humble/lib/x86_64-linux-gnu:/opt/ros/humble/lib:/usr/lib/x86_64-linux-gnu/gazebo-11/plugins PYTHONPATH=/home/chienle/Desktop/skid_robot_v2/install/microstrain_inertial_msgs/local/lib/python3.10/dist-packages:${PYTHONPATH} /usr/bin/cmake --build /home/chienle/Desktop/skid_robot_v2/build/microstrain_inertial_examples -- -j20 -l20
[0.832s] Invoked command in '/home/chienle/Desktop/skid_robot_v2/build/microstrain_inertial_examples' returned '0': AMENT_PREFIX_PATH=/home/chienle/Desktop/skid_robot_v2/install/microstrain_inertial_driver:/home/chienle/Desktop/skid_robot_v2/install/microstrain_inertial_msgs:${AMENT_PREFIX_PATH} CMAKE_PREFIX_PATH=/home/chienle/Desktop/skid_robot_v2/install/microstrain_inertial_driver:/home/chienle/Desktop/skid_robot_v2/install/microstrain_inertial_msgs:/opt/ros/humble LD_LIBRARY_PATH=/home/chienle/Desktop/skid_robot_v2/install/microstrain_inertial_msgs/lib:/usr/lib/x86_64-linux-gnu/gazebo-11/plugins:/opt/ros/humble/opt/rviz_ogre_vendor/lib:/opt/ros/humble/lib/x86_64-linux-gnu:/opt/ros/humble/lib:/usr/lib/x86_64-linux-gnu/gazebo-11/plugins PYTHONPATH=/home/chienle/Desktop/skid_robot_v2/install/microstrain_inertial_msgs/local/lib/python3.10/dist-packages:${PYTHONPATH} /usr/bin/cmake --build /home/chienle/Desktop/skid_robot_v2/build/microstrain_inertial_examples -- -j20 -l20
[0.835s] Invoking command in '/home/chienle/Desktop/skid_robot_v2/build/microstrain_inertial_examples': AMENT_PREFIX_PATH=/home/chienle/Desktop/skid_robot_v2/install/microstrain_inertial_driver:/home/chienle/Desktop/skid_robot_v2/install/microstrain_inertial_msgs:${AMENT_PREFIX_PATH} CMAKE_PREFIX_PATH=/home/chienle/Desktop/skid_robot_v2/install/microstrain_inertial_driver:/home/chienle/Desktop/skid_robot_v2/install/microstrain_inertial_msgs:/opt/ros/humble LD_LIBRARY_PATH=/home/chienle/Desktop/skid_robot_v2/install/microstrain_inertial_msgs/lib:/usr/lib/x86_64-linux-gnu/gazebo-11/plugins:/opt/ros/humble/opt/rviz_ogre_vendor/lib:/opt/ros/humble/lib/x86_64-linux-gnu:/opt/ros/humble/lib:/usr/lib/x86_64-linux-gnu/gazebo-11/plugins PYTHONPATH=/home/chienle/Desktop/skid_robot_v2/install/microstrain_inertial_msgs/local/lib/python3.10/dist-packages:${PYTHONPATH} /usr/bin/cmake --install /home/chienle/Desktop/skid_robot_v2/build/microstrain_inertial_examples
[0.843s] -- Install configuration: ""
[0.844s] -- Execute custom install script
[0.846s] -- Symlinking: /home/chienle/Desktop/skid_robot_v2/install/microstrain_inertial_examples/share/microstrain_inertial_examples/launch/cv7_gnss_ins_launch.py
[0.856s] -- Symlinking: /home/chienle/Desktop/skid_robot_v2/install/microstrain_inertial_examples/share/microstrain_inertial_examples/launch/cv7_ins_launch.py
[0.868s] -- Symlinking: /home/chienle/Desktop/skid_robot_v2/install/microstrain_inertial_examples/share/microstrain_inertial_examples/launch/cv7_ins_nmea_aux_launch.py
[0.879s] -- Symlinking: /home/chienle/Desktop/skid_robot_v2/install/microstrain_inertial_examples/share/microstrain_inertial_examples/launch/cv7_launch.py
[0.890s] -- Symlinking: /home/chienle/Desktop/skid_robot_v2/install/microstrain_inertial_examples/share/microstrain_inertial_examples/launch/gq7_launch.py
[0.900s] -- Symlinking: /home/chienle/Desktop/skid_robot_v2/install/microstrain_inertial_examples/share/microstrain_inertial_examples/launch/gx5_15_launch.py
[0.910s] -- Symlinking: /home/chienle/Desktop/skid_robot_v2/install/microstrain_inertial_examples/share/microstrain_inertial_examples/launch/gx5_25_launch.py
[0.920s] -- Symlinking: /home/chienle/Desktop/skid_robot_v2/install/microstrain_inertial_examples/share/microstrain_inertial_examples/launch/gx5_45_launch.py
[0.933s] -- Symlinking: /home/chienle/Desktop/skid_robot_v2/install/microstrain_inertial_examples/share/microstrain_inertial_examples/config/cv7/cv7.yml
[0.943s] -- Symlinking: /home/chienle/Desktop/skid_robot_v2/install/microstrain_inertial_examples/share/microstrain_inertial_examples/config/cv7/display.rviz
[0.955s] -- Symlinking: /home/chienle/Desktop/skid_robot_v2/install/microstrain_inertial_examples/share/microstrain_inertial_examples/config/cv7_gnss_ins/cv7_gnss_ins.yml
[0.967s] -- Symlinking: /home/chienle/Desktop/skid_robot_v2/install/microstrain_inertial_examples/share/microstrain_inertial_examples/config/cv7_gnss_ins/display.rviz
[0.978s] -- Symlinking: /home/chienle/Desktop/skid_robot_v2/install/microstrain_inertial_examples/share/microstrain_inertial_examples/config/cv7_ins/cv7_ins.yml
[0.989s] -- Symlinking: /home/chienle/Desktop/skid_robot_v2/install/microstrain_inertial_examples/share/microstrain_inertial_examples/config/cv7_ins/display.rviz
[1.000s] -- Symlinking: /home/chienle/Desktop/skid_robot_v2/install/microstrain_inertial_examples/share/microstrain_inertial_examples/config/cv7_ins_nmea_aux/cv7_ins.yml
[1.011s] -- Symlinking: /home/chienle/Desktop/skid_robot_v2/install/microstrain_inertial_examples/share/microstrain_inertial_examples/config/cv7_ins_nmea_aux/display.rviz
[1.023s] -- Symlinking: /home/chienle/Desktop/skid_robot_v2/install/microstrain_inertial_examples/share/microstrain_inertial_examples/config/gq7/display.rviz
[1.034s] -- Symlinking: /home/chienle/Desktop/skid_robot_v2/install/microstrain_inertial_examples/share/microstrain_inertial_examples/config/gq7/gq7.yml
[1.045s] -- Symlinking: /home/chienle/Desktop/skid_robot_v2/install/microstrain_inertial_examples/share/microstrain_inertial_examples/config/gx5_15/display.rviz
[1.057s] -- Symlinking: /home/chienle/Desktop/skid_robot_v2/install/microstrain_inertial_examples/share/microstrain_inertial_examples/config/gx5_15/gx5_15.yml
[1.068s] -- Symlinking: /home/chienle/Desktop/skid_robot_v2/install/microstrain_inertial_examples/share/microstrain_inertial_examples/config/gx5_25/display.rviz
[1.081s] -- Symlinking: /home/chienle/Desktop/skid_robot_v2/install/microstrain_inertial_examples/share/microstrain_inertial_examples/config/gx5_25/gx5_25.yml
[1.091s] -- Symlinking: /home/chienle/Desktop/skid_robot_v2/install/microstrain_inertial_examples/share/microstrain_inertial_examples/config/gx5_45/display.rviz
[1.102s] -- Symlinking: /home/chienle/Desktop/skid_robot_v2/install/microstrain_inertial_examples/share/microstrain_inertial_examples/config/gx5_45/gx5_45.yml
[1.113s] -- Symlinking: /home/chienle/Desktop/skid_robot_v2/install/microstrain_inertial_examples/share/ament_index/resource_index/package_run_dependencies/microstrain_inertial_examples
[1.125s] -- Symlinking: /home/chienle/Desktop/skid_robot_v2/install/microstrain_inertial_examples/share/ament_index/resource_index/parent_prefix_path/microstrain_inertial_examples
[1.137s] -- Symlinking: /home/chienle/Desktop/skid_robot_v2/install/microstrain_inertial_examples/share/microstrain_inertial_examples/environment/ament_prefix_path.sh
[1.150s] -- Symlinking: /home/chienle/Desktop/skid_robot_v2/install/microstrain_inertial_examples/share/microstrain_inertial_examples/environment/ament_prefix_path.dsv
[1.163s] -- Symlinking: /home/chienle/Desktop/skid_robot_v2/install/microstrain_inertial_examples/share/microstrain_inertial_examples/environment/path.sh
[1.174s] -- Symlinking: /home/chienle/Desktop/skid_robot_v2/install/microstrain_inertial_examples/share/microstrain_inertial_examples/environment/path.dsv
[1.185s] -- Symlinking: /home/chienle/Desktop/skid_robot_v2/install/microstrain_inertial_examples/share/microstrain_inertial_examples/local_setup.bash
[1.195s] -- Symlinking: /home/chienle/Desktop/skid_robot_v2/install/microstrain_inertial_examples/share/microstrain_inertial_examples/local_setup.sh
[1.206s] -- Symlinking: /home/chienle/Desktop/skid_robot_v2/install/microstrain_inertial_examples/share/microstrain_inertial_examples/local_setup.zsh
[1.217s] -- Symlinking: /home/chienle/Desktop/skid_robot_v2/install/microstrain_inertial_examples/share/microstrain_inertial_examples/local_setup.dsv
[1.228s] -- Symlinking: /home/chienle/Desktop/skid_robot_v2/install/microstrain_inertial_examples/share/microstrain_inertial_examples/package.dsv
[1.239s] -- Symlinking: /home/chienle/Desktop/skid_robot_v2/install/microstrain_inertial_examples/share/ament_index/resource_index/packages/microstrain_inertial_examples
[1.250s] -- Symlinking: /home/chienle/Desktop/skid_robot_v2/install/microstrain_inertial_examples/share/microstrain_inertial_examples/cmake/microstrain_inertial_examplesConfig.cmake
[1.260s] -- Symlinking: /home/chienle/Desktop/skid_robot_v2/install/microstrain_inertial_examples/share/microstrain_inertial_examples/cmake/microstrain_inertial_examplesConfig-version.cmake
[1.270s] -- Symlinking: /home/chienle/Desktop/skid_robot_v2/install/microstrain_inertial_examples/share/microstrain_inertial_examples/package.xml
[1.284s] Invoked command in '/home/chienle/Desktop/skid_robot_v2/build/microstrain_inertial_examples' returned '0': AMENT_PREFIX_PATH=/home/chienle/Desktop/skid_robot_v2/install/microstrain_inertial_driver:/home/chienle/Desktop/skid_robot_v2/install/microstrain_inertial_msgs:${AMENT_PREFIX_PATH} CMAKE_PREFIX_PATH=/home/chienle/Desktop/skid_robot_v2/install/microstrain_inertial_driver:/home/chienle/Desktop/skid_robot_v2/install/microstrain_inertial_msgs:/opt/ros/humble LD_LIBRARY_PATH=/home/chienle/Desktop/skid_robot_v2/install/microstrain_inertial_msgs/lib:/usr/lib/x86_64-linux-gnu/gazebo-11/plugins:/opt/ros/humble/opt/rviz_ogre_vendor/lib:/opt/ros/humble/lib/x86_64-linux-gnu:/opt/ros/humble/lib:/usr/lib/x86_64-linux-gnu/gazebo-11/plugins PYTHONPATH=/home/chienle/Desktop/skid_robot_v2/install/microstrain_inertial_msgs/local/lib/python3.10/dist-packages:${PYTHONPATH} /usr/bin/cmake --install /home/chienle/Desktop/skid_robot_v2/build/microstrain_inertial_examples
