running develop
running egg_info
creating ps3.egg-info
writing ps3.egg-info/PKG-INFO
writing dependency_links to ps3.egg-info/dependency_links.txt
writing entry points to ps3.egg-info/entry_points.txt
writing requirements to ps3.egg-info/requires.txt
writing top-level names to ps3.egg-info/top_level.txt
writing manifest file 'ps3.egg-info/SOURCES.txt'
reading manifest file 'ps3.egg-info/SOURCES.txt'
writing manifest file 'ps3.egg-info/SOURCES.txt'
running build_ext
Creating /home/chienle/Desktop/skid_robot_v2/install/ps3/lib/python3.10/site-packages/ps3.egg-link (link to .)
Installing ps3 script to /home/chienle/Desktop/skid_robot_v2/install/ps3/lib/ps3

Installed /home/chienle/Desktop/skid_robot_v2/build/ps3
running symlink_data
creating /home/chienle/Desktop/skid_robot_v2/install/ps3/share/ament_index
creating /home/chienle/Desktop/skid_robot_v2/install/ps3/share/ament_index/resource_index
creating /home/chienle/Desktop/skid_robot_v2/install/ps3/share/ament_index/resource_index/packages
symbolically linking /home/chienle/Desktop/skid_robot_v2/build/ps3/resource/ps3 -> /home/chienle/Desktop/skid_robot_v2/install/ps3/share/ament_index/resource_index/packages
symbolically linking /home/chienle/Desktop/skid_robot_v2/build/ps3/package.xml -> /home/chienle/Desktop/skid_robot_v2/install/ps3/share/ps3
creating /home/chienle/Desktop/skid_robot_v2/install/ps3/share/ps3/launch
symbolically linking /home/chienle/Desktop/skid_robot_v2/build/ps3/launch/ps3.launch.xml -> /home/chienle/Desktop/skid_robot_v2/install/ps3/share/ps3/launch
