[0.015s] Invoking command in '/home/chienle/Desktop/skid_robot_v2/build/velodyne_driver': AMENT_PREFIX_PATH=/home/chienle/Desktop/skid_robot_v2/install/velodyne_msgs:${AMENT_PREFIX_PATH} CMAKE_PREFIX_PATH=/home/chienle/Desktop/skid_robot_v2/install/velodyne_msgs:/opt/ros/humble LD_LIBRARY_PATH=/home/chienle/Desktop/skid_robot_v2/install/velodyne_msgs/lib:/usr/lib/x86_64-linux-gnu/gazebo-11/plugins:/opt/ros/humble/opt/rviz_ogre_vendor/lib:/opt/ros/humble/lib/x86_64-linux-gnu:/opt/ros/humble/lib:/usr/lib/x86_64-linux-gnu/gazebo-11/plugins PYTHONPATH=/home/chienle/Desktop/skid_robot_v2/install/velodyne_msgs/local/lib/python3.10/dist-packages:${PYTHONPATH} /usr/bin/cmake /home/chienle/Desktop/skid_robot_v2/src/hardware/velodyne/velodyne_driver -DAMENT_CMAKE_SYMLINK_INSTALL=1 -DCMAKE_INSTALL_PREFIX=/home/chienle/Desktop/skid_robot_v2/install/velodyne_driver
[0.113s] -- The C compiler identification is GNU 11.4.0
[0.193s] -- The CXX compiler identification is GNU 11.4.0
[0.211s] -- Detecting C compiler ABI info
[0.304s] -- Detecting C compiler ABI info - done
[0.315s] -- Check for working C compiler: /usr/bin/cc - skipped
[0.316s] -- Detecting C compile features
[0.317s] -- Detecting C compile features - done
[0.323s] -- Detecting CXX compiler ABI info
[0.435s] -- Detecting CXX compiler ABI info - done
[0.447s] -- Check for working CXX compiler: /usr/bin/c++ - skipped
[0.447s] -- Detecting CXX compile features
[0.448s] -- Detecting CXX compile features - done
[0.452s] -- Found ament_cmake_ros: 0.10.0 (/opt/ros/humble/share/ament_cmake_ros/cmake)
[0.645s] -- Found Python3: /usr/bin/python3 (found version "3.10.12") found components: Interpreter 
[0.724s] -- Override CMake install command with custom implementation using symlinks instead of copying resources
[0.766s] -- Found diagnostic_updater: 4.0.6 (/opt/ros/humble/share/diagnostic_updater/cmake)
[0.822s] -- Found rosidl_generator_c: 3.1.8 (/opt/ros/humble/share/rosidl_generator_c/cmake)
[0.829s] -- Found rosidl_adapter: 3.1.8 (/opt/ros/humble/share/rosidl_adapter/cmake)
[0.840s] -- Found rosidl_generator_cpp: 3.1.8 (/opt/ros/humble/share/rosidl_generator_cpp/cmake)
[0.857s] -- Using all available rosidl_typesupport_c: rosidl_typesupport_fastrtps_c;rosidl_typesupport_introspection_c
[0.880s] -- Using all available rosidl_typesupport_cpp: rosidl_typesupport_fastrtps_cpp;rosidl_typesupport_introspection_cpp
[0.984s] -- Found rmw_implementation_cmake: 6.1.2 (/opt/ros/humble/share/rmw_implementation_cmake/cmake)
[0.987s] -- Found rmw_cyclonedds_cpp: 1.3.4 (/opt/ros/humble/share/rmw_cyclonedds_cpp/cmake)
[1.017s] -- Using RMW implementation 'rmw_cyclonedds_cpp' as default
[1.029s] -- Looking for pthread.h
[1.109s] -- Looking for pthread.h - found
[1.110s] -- Performing Test CMAKE_HAVE_LIBC_PTHREAD
[1.194s] -- Performing Test CMAKE_HAVE_LIBC_PTHREAD - Success
[1.195s] -- Found Threads: TRUE  
[1.255s] -- Found rclcpp_components: 16.0.18 (/opt/ros/humble/share/rclcpp_components/cmake)
[1.291s] -- Found tf2_ros: 0.25.19 (/opt/ros/humble/share/tf2_ros/cmake)
[1.402s] -- Found velodyne_msgs: 2.5.1 (/home/chienle/Desktop/skid_robot_v2/install/velodyne_msgs/share/velodyne_msgs/cmake)
[1.423s] -- Found ament_lint_auto: 0.12.15 (/opt/ros/humble/share/ament_lint_auto/cmake)
[1.518s] -- Found gtest sources under '/opt/ros/humble/src/gtest_vendor': C++ tests using 'Google Test' will be built
[1.530s] -- Added test 'copyright' to check source files copyright and LICENSE
[1.533s] -- Added test 'cppcheck' to perform static code analysis on C / C++ code
[1.533s] -- Configured cppcheck include dirs: $<BUILD_INTERFACE:/home/chienle/Desktop/skid_robot_v2/src/hardware/velodyne/velodyne_driver/include>
[1.533s] -- Configured cppcheck exclude dirs and/or files: 
[1.535s] -- Added test 'cpplint' to check C / C++ code against the Google style
[1.535s] -- Configured cpplint exclude dirs and/or files: 
[1.536s] -- Added test 'flake8' to check Python code syntax and style conventions
[1.537s] -- Added test 'lint_cmake' to check CMake code style
[1.538s] -- Added test 'pep257' to check Python code against some of the docstring style conventions in PEP 257
[1.540s] -- Added test 'uncrustify' to check C / C++ code style
[1.540s] -- Configured uncrustify additional arguments: 
[1.541s] -- Added test 'xmllint' to check XML markup files
[1.544s] -- Configuring done
[1.572s] -- Generating done
[1.585s] -- Build files have been written to: /home/chienle/Desktop/skid_robot_v2/build/velodyne_driver
[1.598s] Invoked command in '/home/chienle/Desktop/skid_robot_v2/build/velodyne_driver' returned '0': AMENT_PREFIX_PATH=/home/chienle/Desktop/skid_robot_v2/install/velodyne_msgs:${AMENT_PREFIX_PATH} CMAKE_PREFIX_PATH=/home/chienle/Desktop/skid_robot_v2/install/velodyne_msgs:/opt/ros/humble LD_LIBRARY_PATH=/home/chienle/Desktop/skid_robot_v2/install/velodyne_msgs/lib:/usr/lib/x86_64-linux-gnu/gazebo-11/plugins:/opt/ros/humble/opt/rviz_ogre_vendor/lib:/opt/ros/humble/lib/x86_64-linux-gnu:/opt/ros/humble/lib:/usr/lib/x86_64-linux-gnu/gazebo-11/plugins PYTHONPATH=/home/chienle/Desktop/skid_robot_v2/install/velodyne_msgs/local/lib/python3.10/dist-packages:${PYTHONPATH} /usr/bin/cmake /home/chienle/Desktop/skid_robot_v2/src/hardware/velodyne/velodyne_driver -DAMENT_CMAKE_SYMLINK_INSTALL=1 -DCMAKE_INSTALL_PREFIX=/home/chienle/Desktop/skid_robot_v2/install/velodyne_driver
[1.600s] Invoking command in '/home/chienle/Desktop/skid_robot_v2/build/velodyne_driver': AMENT_PREFIX_PATH=/home/chienle/Desktop/skid_robot_v2/install/velodyne_msgs:${AMENT_PREFIX_PATH} CMAKE_PREFIX_PATH=/home/chienle/Desktop/skid_robot_v2/install/velodyne_msgs:/opt/ros/humble LD_LIBRARY_PATH=/home/chienle/Desktop/skid_robot_v2/install/velodyne_msgs/lib:/usr/lib/x86_64-linux-gnu/gazebo-11/plugins:/opt/ros/humble/opt/rviz_ogre_vendor/lib:/opt/ros/humble/lib/x86_64-linux-gnu:/opt/ros/humble/lib:/usr/lib/x86_64-linux-gnu/gazebo-11/plugins PYTHONPATH=/home/chienle/Desktop/skid_robot_v2/install/velodyne_msgs/local/lib/python3.10/dist-packages:${PYTHONPATH} /usr/bin/cmake --build /home/chienle/Desktop/skid_robot_v2/build/velodyne_driver -- -j20 -l20
[1.661s] [  8%] [32mBuilding CXX object gtest/CMakeFiles/gtest_main.dir/src/gtest_main.cc.o[0m
[1.662s] [ 16%] [32mBuilding CXX object gtest/CMakeFiles/gtest.dir/src/gtest-all.cc.o[0m
[1.662s] [ 25%] [32mBuilding CXX object CMakeFiles/velodyne_input.dir/src/lib/input.cpp.o[0m
[2.449s] [ 33%] [32m[1mLinking CXX static library libgtest_main.a[0m
[2.500s] [ 33%] Built target gtest_main
[5.107s] [ 41%] [32m[1mLinking CXX shared library libvelodyne_input.so[0m
[5.257s] [ 41%] Built target velodyne_input
[5.284s] [ 50%] [32mBuilding CXX object CMakeFiles/velodyne_driver.dir/src/driver/driver.cpp.o[0m
[5.379s] [ 58%] [32m[1mLinking CXX static library libgtest.a[0m
[5.458s] [ 58%] Built target gtest
[5.486s] [ 66%] [32mBuilding CXX object CMakeFiles/time_test.dir/tests/timeconversiontest.cpp.o[0m
[9.258s] [ 75%] [32m[1mLinking CXX executable time_test[0m
[9.490s] [ 75%] Built target time_test
[15.437s] [ 83%] [32m[1mLinking CXX shared library libvelodyne_driver.so[0m
[16.018s] [ 83%] Built target velodyne_driver
[16.039s] [ 91%] [32mBuilding CXX object CMakeFiles/velodyne_driver_node.dir/src/driver/velodyne_node.cpp.o[0m
[18.932s] [100%] [32m[1mLinking CXX executable velodyne_driver_node[0m
[19.152s] [100%] Built target velodyne_driver_node
[19.165s] Invoked command in '/home/chienle/Desktop/skid_robot_v2/build/velodyne_driver' returned '0': AMENT_PREFIX_PATH=/home/chienle/Desktop/skid_robot_v2/install/velodyne_msgs:${AMENT_PREFIX_PATH} CMAKE_PREFIX_PATH=/home/chienle/Desktop/skid_robot_v2/install/velodyne_msgs:/opt/ros/humble LD_LIBRARY_PATH=/home/chienle/Desktop/skid_robot_v2/install/velodyne_msgs/lib:/usr/lib/x86_64-linux-gnu/gazebo-11/plugins:/opt/ros/humble/opt/rviz_ogre_vendor/lib:/opt/ros/humble/lib/x86_64-linux-gnu:/opt/ros/humble/lib:/usr/lib/x86_64-linux-gnu/gazebo-11/plugins PYTHONPATH=/home/chienle/Desktop/skid_robot_v2/install/velodyne_msgs/local/lib/python3.10/dist-packages:${PYTHONPATH} /usr/bin/cmake --build /home/chienle/Desktop/skid_robot_v2/build/velodyne_driver -- -j20 -l20
[19.167s] Invoking command in '/home/chienle/Desktop/skid_robot_v2/build/velodyne_driver': AMENT_PREFIX_PATH=/home/chienle/Desktop/skid_robot_v2/install/velodyne_msgs:${AMENT_PREFIX_PATH} CMAKE_PREFIX_PATH=/home/chienle/Desktop/skid_robot_v2/install/velodyne_msgs:/opt/ros/humble LD_LIBRARY_PATH=/home/chienle/Desktop/skid_robot_v2/install/velodyne_msgs/lib:/usr/lib/x86_64-linux-gnu/gazebo-11/plugins:/opt/ros/humble/opt/rviz_ogre_vendor/lib:/opt/ros/humble/lib/x86_64-linux-gnu:/opt/ros/humble/lib:/usr/lib/x86_64-linux-gnu/gazebo-11/plugins PYTHONPATH=/home/chienle/Desktop/skid_robot_v2/install/velodyne_msgs/local/lib/python3.10/dist-packages:${PYTHONPATH} /usr/bin/cmake --install /home/chienle/Desktop/skid_robot_v2/build/velodyne_driver
[19.175s] -- Install configuration: ""
[19.175s] -- Execute custom install script
[19.177s] -- Symlinking: /home/chienle/Desktop/skid_robot_v2/install/velodyne_driver/lib/velodyne_driver/velodyne_driver_node
[19.187s] -- Symlinking: /home/chienle/Desktop/skid_robot_v2/install/velodyne_driver/include/velodyne_driver/driver.hpp
[19.198s] -- Symlinking: /home/chienle/Desktop/skid_robot_v2/install/velodyne_driver/include/velodyne_driver/input.hpp
[19.206s] -- Symlinking: /home/chienle/Desktop/skid_robot_v2/install/velodyne_driver/include/velodyne_driver/time_conversion.hpp
[19.216s] -- Symlinking: /home/chienle/Desktop/skid_robot_v2/install/velodyne_driver/share/velodyne_driver/config/VLP16-velodyne_driver_node-params.yaml
[19.225s] -- Symlinking: /home/chienle/Desktop/skid_robot_v2/install/velodyne_driver/share/velodyne_driver/config/VLP32C-velodyne_driver_node-params.yaml
[19.232s] -- Symlinking: /home/chienle/Desktop/skid_robot_v2/install/velodyne_driver/share/velodyne_driver/config/VLS128-velodyne_driver_node-params.yaml
[19.243s] -- Symlinking: /home/chienle/Desktop/skid_robot_v2/install/velodyne_driver/share/velodyne_driver/launch/velodyne_driver_node-VLP16-composed-launch.py
[19.251s] -- Symlinking: /home/chienle/Desktop/skid_robot_v2/install/velodyne_driver/share/velodyne_driver/launch/velodyne_driver_node-VLP16-launch.py
[19.259s] -- Symlinking: /home/chienle/Desktop/skid_robot_v2/install/velodyne_driver/share/velodyne_driver/launch/velodyne_driver_node-VLP32C-composed-launch.py
[19.267s] -- Symlinking: /home/chienle/Desktop/skid_robot_v2/install/velodyne_driver/share/velodyne_driver/launch/velodyne_driver_node-VLP32C-launch.py
[19.275s] -- Symlinking: /home/chienle/Desktop/skid_robot_v2/install/velodyne_driver/share/velodyne_driver/launch/velodyne_driver_node-VLS128-composed-launch.py
[19.283s] -- Symlinking: /home/chienle/Desktop/skid_robot_v2/install/velodyne_driver/share/velodyne_driver/launch/velodyne_driver_node-VLS128-launch.py
[19.292s] -- Symlinking: /home/chienle/Desktop/skid_robot_v2/install/velodyne_driver/lib/velodyne_driver/vdump
[19.300s] -- Symlinking: /home/chienle/Desktop/skid_robot_v2/install/velodyne_driver/share/ament_index/resource_index/package_run_dependencies/velodyne_driver
[19.308s] -- Symlinking: /home/chienle/Desktop/skid_robot_v2/install/velodyne_driver/share/ament_index/resource_index/parent_prefix_path/velodyne_driver
[19.317s] -- Symlinking: /home/chienle/Desktop/skid_robot_v2/install/velodyne_driver/share/velodyne_driver/environment/ament_prefix_path.sh
[19.326s] -- Symlinking: /home/chienle/Desktop/skid_robot_v2/install/velodyne_driver/share/velodyne_driver/environment/ament_prefix_path.dsv
[19.334s] -- Symlinking: /home/chienle/Desktop/skid_robot_v2/install/velodyne_driver/share/velodyne_driver/environment/path.sh
[19.342s] -- Symlinking: /home/chienle/Desktop/skid_robot_v2/install/velodyne_driver/share/velodyne_driver/environment/path.dsv
[19.349s] -- Symlinking: /home/chienle/Desktop/skid_robot_v2/install/velodyne_driver/share/velodyne_driver/local_setup.bash
[19.357s] -- Symlinking: /home/chienle/Desktop/skid_robot_v2/install/velodyne_driver/share/velodyne_driver/local_setup.sh
[19.365s] -- Symlinking: /home/chienle/Desktop/skid_robot_v2/install/velodyne_driver/share/velodyne_driver/local_setup.zsh
[19.373s] -- Symlinking: /home/chienle/Desktop/skid_robot_v2/install/velodyne_driver/share/velodyne_driver/local_setup.dsv
[19.382s] -- Symlinking: /home/chienle/Desktop/skid_robot_v2/install/velodyne_driver/share/velodyne_driver/package.dsv
[19.390s] -- Symlinking: /home/chienle/Desktop/skid_robot_v2/install/velodyne_driver/share/ament_index/resource_index/packages/velodyne_driver
[19.399s] -- Symlinking: /home/chienle/Desktop/skid_robot_v2/install/velodyne_driver/share/ament_index/resource_index/rclcpp_components/velodyne_driver
[19.408s] -- Symlinking: /home/chienle/Desktop/skid_robot_v2/install/velodyne_driver/share/velodyne_driver/cmake/ament_cmake_export_include_directories-extras.cmake
[19.415s] -- Symlinking: /home/chienle/Desktop/skid_robot_v2/install/velodyne_driver/share/velodyne_driver/cmake/ament_cmake_export_targets-extras.cmake
[19.424s] -- Symlinking: /home/chienle/Desktop/skid_robot_v2/install/velodyne_driver/share/velodyne_driver/cmake/ament_cmake_export_dependencies-extras.cmake
[19.433s] -- Symlinking: /home/chienle/Desktop/skid_robot_v2/install/velodyne_driver/share/velodyne_driver/cmake/velodyne_driverConfig.cmake
[19.440s] -- Symlinking: /home/chienle/Desktop/skid_robot_v2/install/velodyne_driver/share/velodyne_driver/cmake/velodyne_driverConfig-version.cmake
[19.449s] -- Symlinking: /home/chienle/Desktop/skid_robot_v2/install/velodyne_driver/share/velodyne_driver/package.xml
[19.456s] -- Installing: /home/chienle/Desktop/skid_robot_v2/install/velodyne_driver/lib/libvelodyne_input.so
[19.456s] -- Set runtime path of "/home/chienle/Desktop/skid_robot_v2/install/velodyne_driver/lib/libvelodyne_input.so" to ""
[19.456s] -- Installing: /home/chienle/Desktop/skid_robot_v2/install/velodyne_driver/lib/libvelodyne_driver.so
[19.462s] -- Set runtime path of "/home/chienle/Desktop/skid_robot_v2/install/velodyne_driver/lib/libvelodyne_driver.so" to ""
[19.462s] -- Installing: /home/chienle/Desktop/skid_robot_v2/install/velodyne_driver/share/velodyne_driver/cmake/velodyne_driverExport.cmake
[19.462s] -- Installing: /home/chienle/Desktop/skid_robot_v2/install/velodyne_driver/share/velodyne_driver/cmake/velodyne_driverExport-noconfig.cmake
[19.465s] Invoked command in '/home/chienle/Desktop/skid_robot_v2/build/velodyne_driver' returned '0': AMENT_PREFIX_PATH=/home/chienle/Desktop/skid_robot_v2/install/velodyne_msgs:${AMENT_PREFIX_PATH} CMAKE_PREFIX_PATH=/home/chienle/Desktop/skid_robot_v2/install/velodyne_msgs:/opt/ros/humble LD_LIBRARY_PATH=/home/chienle/Desktop/skid_robot_v2/install/velodyne_msgs/lib:/usr/lib/x86_64-linux-gnu/gazebo-11/plugins:/opt/ros/humble/opt/rviz_ogre_vendor/lib:/opt/ros/humble/lib/x86_64-linux-gnu:/opt/ros/humble/lib:/usr/lib/x86_64-linux-gnu/gazebo-11/plugins PYTHONPATH=/home/chienle/Desktop/skid_robot_v2/install/velodyne_msgs/local/lib/python3.10/dist-packages:${PYTHONPATH} /usr/bin/cmake --install /home/chienle/Desktop/skid_robot_v2/build/velodyne_driver
