running develop
running egg_info
creating mapping.egg-info
writing mapping.egg-info/PKG-INFO
writing dependency_links to mapping.egg-info/dependency_links.txt
writing entry points to mapping.egg-info/entry_points.txt
writing requirements to mapping.egg-info/requires.txt
writing top-level names to mapping.egg-info/top_level.txt
writing manifest file 'mapping.egg-info/SOURCES.txt'
reading manifest file 'mapping.egg-info/SOURCES.txt'
writing manifest file 'mapping.egg-info/SOURCES.txt'
running build_ext
Creating /home/chienle/Desktop/skid_robot_v2/install/mapping/lib/python3.10/site-packages/mapping.egg-link (link to .)

Installed /home/chienle/Desktop/skid_robot_v2/build/mapping
running symlink_data
creating /home/chienle/Desktop/skid_robot_v2/install/mapping/share/ament_index
creating /home/chienle/Desktop/skid_robot_v2/install/mapping/share/ament_index/resource_index
creating /home/chienle/Desktop/skid_robot_v2/install/mapping/share/ament_index/resource_index/packages
symbolically linking /home/chienle/Desktop/skid_robot_v2/build/mapping/resource/mapping -> /home/chienle/Desktop/skid_robot_v2/install/mapping/share/ament_index/resource_index/packages
symbolically linking /home/chienle/Desktop/skid_robot_v2/build/mapping/package.xml -> /home/chienle/Desktop/skid_robot_v2/install/mapping/share/mapping
creating /home/chienle/Desktop/skid_robot_v2/install/mapping/share/mapping/launch
symbolically linking /home/chienle/Desktop/skid_robot_v2/build/mapping/launch/cartographer_velodyne_launch.py -> /home/chienle/Desktop/skid_robot_v2/install/mapping/share/mapping/launch
